<?xml version="1.0" encoding="UTF-8" ?>
<testsuite failures="24" time="22,311.302" errors="0" skipped="54" tests="86" name="TestSuite">
  <properties>
    <property name="PROCESSOR_ARCHITECTURE" value="x86"/>
    <property name="file.encoding.pkg" value="sun.io"/>
    <property name="ProgramData" value="C:\ProgramData"/>
    <property name="java.home" value="C:\Program Files\Java\jdk1.7.0_80\jre"/>
    <property name="NODE_NAME" value="master"/>
    <property name="TVT" value="C:\Program Files (x86)\Lenovo"/>
    <property name="JENKINS_URL" value="http://localhost:8080/"/>
    <property name="ALLUSERSPROFILE" value="C:\ProgramData"/>
    <property name="java.endorsed.dirs" value="C:\Program Files\Java\jdk1.7.0_80\jre\lib\endorsed"/>
    <property name="PSModulePath" value="C:\Windows\system32\WindowsPowerShell\v1.0\Modules\;C:\Program Files (x86)\AutoIt3\AutoItX"/>
    <property name="Chrome" value="D:\\Driver\\chromedriver.exe"/>
    <property name="USERDOMAIN" value="USGBC"/>
    <property name="sun.os.patch.level" value="Service Pack 1"/>
    <property name="java.vendor.url" value="http://java.oracle.com/"/>
    <property name="CommonProgramFiles(x86)" value="C:\Program Files (x86)\Common Files"/>
    <property name="java.version" value="1.7.0_80"/>
    <property name="JOB_NAME" value="Arc"/>
    <property name="COMPUTERNAME" value="G10CHLT003"/>
    <property name="windows_tracing_logfile" value="C:\BVTBin\Tests\installpackage\csilogfile.log"/>
    <property name="READYAPPS" value="C:\SWTOOLS\ReadyApps"/>
    <property name="java.vendor.url.bug" value="http://bugreport.sun.com/bugreport/"/>
    <property name="PUBLIC" value="C:\Users\Public"/>
    <property name="user.name" value="G10CHLT003$"/>
    <property name="sun.io.unicode.encoding" value="UnicodeLittle"/>
    <property name="sun.jnu.encoding" value="Cp1252"/>
    <property name="java.runtime.name" value="Java(TM) SE Runtime Environment"/>
    <property name="windir" value="C:\Windows"/>
    <property name="PROCESSOR_IDENTIFIER" value="Intel64 Family 6 Model 58 Stepping 9, GenuineIntel"/>
    <property name="GIT_COMMITTER_EMAIL" value="saurav.amca@gmail.com"/>
    <property name="java.specification.name" value="Java Platform API Specification"/>
    <property name="LOCALAPPDATA" value="C:\Windows\system32\config\systemprofile\AppData\Local"/>
    <property name="RUN_CHANGES_DISPLAY_URL" value="http://localhost:8080/job/Arc/52/display/redirect?page=changes"/>
    <property name="user.timezone" value="Asia/Calcutta"/>
    <property name="PROCESSOR_ARCHITEW6432" value="AMD64"/>
    <property name="user.script" value=""/>
    <property name="path.separator" value=";"/>
    <property name="NUMBER_OF_PROCESSORS" value="4"/>
    <property name="BUILD_TAG" value="jenkins-Arc-52"/>
    <property name="windows_tracing_flags" value="3"/>
    <property name="file.encoding" value="Cp1252"/>
    <property name="TVTCOMMON" value="C:\Program Files (x86)\Common Files\Lenovo"/>
    <property name="sun.java.command" value="jenkins.maven3.agent.Maven35Main C:\Program Files (x86)\apache-maven-3.5.2-bin\apache-maven-3.5.2 C:\Program Files (x86)\Jenkins\war\WEB-INF\lib\remoting-3.7.jar C:\Program Files (x86)\Jenkins\plugins\maven-plugin\WEB-INF\lib\maven35-interceptor-1.12-alpha-1.jar C:\Program Files (x86)\Jenkins\plugins\maven-plugin\WEB-INF\lib\maven3-interceptor-commons-1.12-alpha-1.jar 57723"/>
    <property name="HUDSON_URL" value="http://localhost:8080/"/>
    <property name="JENKINS_SERVER_COOKIE" value="e75c7b91c3bb39e9"/>
    <property name="EXECUTOR_NUMBER" value="1"/>
    <property name="Path" value="C:\Program Files\Java\jdk1.7.0_80\/bin;C:\Program Files\Java\jre7\bin;C:\JMeter\bin;\bin;C:\Program Files (x86)\Skype\Phone\;"/>
    <property name="GIT_COMMIT" value="2f224ee25c747200dde241dea7110903f319026a"/>
    <property name="BASE" value="C:\Program Files (x86)\Jenkins"/>
    <property name="GIT_COMMITTER_NAME" value="saurav1501"/>
    <property name="java.io.tmpdir" value="C:\Windows\TEMP\"/>
    <property name="APPDATA" value="C:\Windows\system32\config\systemprofile\AppData\Roaming"/>
    <property name="user.language" value="en"/>
    <property name="line.separator" value="
"/>
    <property name="BUILD_URL" value="http://localhost:8080/job/Arc/52/"/>
    <property name="M2_HOME" value="C:\Program Files (x86)\apache-maven-3.5.2-bin\apache-maven-3.5.2"/>
    <property name="java.vm.info" value="mixed mode"/>
    <property name="sun.desktop" value="windows"/>
    <property name="java.vm.specification.name" value="Java Virtual Machine Specification"/>
    <property name="BUILD_DISPLAY_NAME" value="#52"/>
    <property name="OS" value="Windows_NT"/>
    <property name="guice.disable.misplaced.annotation.check" value="true"/>
    <property name="HUDSON_SERVER_COOKIE" value="e75c7b91c3bb39e9"/>
    <property name="MAVEN_HOME" value="C:\Program Files (x86)\apache-maven-3.5.2-bin\apache-maven-3.5.2"/>
    <property name="PATHEXT" value=".COM;.EXE;.BAT;.CMD;.VBS;.VBE;.JS;.JSE;.WSF;.WSH;.MSC"/>
    <property name="java.awt.printerjob" value="sun.awt.windows.WPrinterJob"/>
    <property name="PLMVIS_61_LIBPATH" value="C:\Program Files (x86)\SAP\FrontEnd\SapGui"/>
    <property name="maven3.interceptor.common" value="C:\Program Files (x86)\Jenkins\plugins\maven-plugin\WEB-INF\lib\maven3-interceptor-commons-1.12-alpha-1.jar"/>
    <property name="CLASSPATH" value=""/>
    <property name="os.name" value="Windows 7"/>
    <property name="java.specification.vendor" value="Oracle Corporation"/>
    <property name="FP_NO_HOST_CHECK" value="NO"/>
    <property name="java.vm.name" value="Java HotSpot(TM) 64-Bit Server VM"/>
    <property name="BUILD_NUMBER" value="52"/>
    <property name="maven3.interceptor" value="C:\Program Files (x86)\Jenkins\plugins\maven-plugin\WEB-INF\lib\maven35-interceptor-1.12-alpha-1.jar"/>
    <property name="java.library.path" value="C:\Program Files\Java\jdk1.7.0_80\bin;C:\Windows\Sun\Java\bin;C:\Windows\system32;C:\Windows;C:\Program Files (x86)\apache-maven-3.5.2-bin\apache-maven-3.5.2/bin;C:\Program Files\Java\jdk1.7.0_80\/bin;C:\Program Files\Java\jdk1.7.0_80\/bin;C:\Program Files\Java\jre7\bin;C:\JMeter\bin;\bin;C:\Program Files (x86)\Skype\Phone\;;."/>
    <property name="GIT_AUTHOR_EMAIL" value="saurav.amca@gmail.com"/>
    <property name="WINSW_EXECUTABLE" value="C:\Program Files (x86)\Jenkins\jenkins.exe"/>
    <property name="POM_GROUPID" value="Arc"/>
    <property name="POM_ARTIFACTID" value="ARCTests"/>
    <property name="java.class.version" value="51.0"/>
    <property name="JOB_URL" value="http://localhost:8080/job/Arc/"/>
    <property name="GIT_PREVIOUS_COMMIT" value="2f224ee25c747200dde241dea7110903f319026a"/>
    <property name="GIT_BRANCH" value="origin/master"/>
    <property name="TFS_DIR" value="C:\Program Files\ThinkVantage Fingerprint Software\"/>
    <property name="RUN_DISPLAY_URL" value="http://localhost:8080/job/Arc/52/display/redirect"/>
    <property name="JENKINS_HOME" value="C:\Program Files (x86)\Jenkins"/>
    <property name="BUILD_ID" value="52"/>
    <property name="TEMP" value="C:\Windows\TEMP"/>
    <property name="sun.boot.library.path" value="C:\Program Files\Java\jdk1.7.0_80\jre\bin"/>
    <property name="sun.management.compiler" value="HotSpot 64-Bit Tiered Compilers"/>
    <property name="java.awt.graphicsenv" value="sun.awt.Win32GraphicsEnvironment"/>
    <property name="user.variant" value=""/>
    <property name="PROCESSOR_REVISION" value="3a09"/>
    <property name="POM_VERSION" value="0.0.1-SNAPSHOT"/>
    <property name="configsetroot" value="C:\Windows\ConfigSetRoot"/>
    <property name="HUDSON_HOME" value="C:\Program Files (x86)\Jenkins"/>
    <property name="GIT_PREVIOUS_SUCCESSFUL_COMMIT" value="2f224ee25c747200dde241dea7110903f319026a"/>
    <property name="ProgramFiles(x86)" value="C:\Program Files (x86)"/>
    <property name="PATH+MAVEN" value="C:\Program Files (x86)\apache-maven-3.5.2-bin\apache-maven-3.5.2/bin"/>
    <property name="window" value="C:\WINDOWS\system32"/>
    <property name="java.vm.specification.version" value="1.7"/>
    <property name="JAVA_HOME" value="C:\Program Files\Java\jdk1.7.0_80\"/>
    <property name="awt.toolkit" value="sun.awt.windows.WToolkit"/>
    <property name="NODE_LABELS" value="master"/>
    <property name="sun.cpu.isalist" value="amd64"/>
    <property name="USERPROFILE" value="C:\Windows\system32\config\systemprofile"/>
    <property name="JOB_DISPLAY_URL" value="http://localhost:8080/job/Arc/display/redirect"/>
    <property name="java.ext.dirs" value="C:\Program Files\Java\jdk1.7.0_80\jre\lib\ext;C:\Windows\Sun\Java\lib\ext"/>
    <property name="os.version" value="6.1"/>
    <property name="user.home" value="C:\"/>
    <property name="USERNAME" value="G10CHLT003$"/>
    <property name="java.vm.vendor" value="Oracle Corporation"/>
    <property name="PROCESSOR_LEVEL" value="6"/>
    <property name="CommonProgramW6432" value="C:\Program Files\Common Files"/>
    <property name="COMMPath" value="C:\Program Files\Lenovo\Communications Utility"/>
    <property name="user.dir" value="C:\Users\Group10\workspace\ARCProject"/>
    <property name="maven.conf" value="C:\Program Files (x86)\apache-maven-3.5.2-bin\apache-maven-3.5.2\conf"/>
    <property name="ProgramW6432" value="C:\Program Files"/>
    <property name="PATH7" value="C:\Program Files\Java\jdk1.7.0_80"/>
    <property name="TMP" value="C:\Windows\TEMP"/>
    <property name="sun.cpu.endian" value="little"/>
    <property name="SystemDrive" value="C:"/>
    <property name="java.vm.version" value="24.80-b11"/>
    <property name="java.class.path" value="C:\Program Files (x86)\Jenkins\plugins\maven-plugin\WEB-INF\lib\maven35-agent-1.12-alpha-1.jar;C:\Program Files (x86)\apache-maven-3.5.2-bin\apache-maven-3.5.2\boot\plexus-classworlds-2.5.2.jar;C:\Program Files (x86)\apache-maven-3.5.2-bin\apache-maven-3.5.2/conf/logging"/>
    <property name="org.slf4j.simpleLogger.defaultLogLevel" value="info"/>
    <property name="SWSHARE" value="C:\SWSHARE"/>
    <property name="os.arch" value="amd64"/>
    <property name="WORKSPACE" value="C:\Program Files (x86)\Jenkins\workspace\Arc"/>
    <property name="ComSpec" value="C:\Windows\system32\cmd.exe"/>
    <property name="sun.java.launcher" value="SUN_STANDARD"/>
    <property name="SERVICE_ID" value="Jenkins"/>
    <property name="SystemRoot" value="C:\Windows"/>
    <property name="CommonProgramFiles" value="C:\Program Files (x86)\Common Files"/>
    <property name="java.vm.specification.vendor" value="Oracle Corporation"/>
    <property name="file.separator" value="\"/>
    <property name="JMETER_HOME" value="C:\JMeter"/>
    <property name="java.runtime.version" value="1.7.0_80-b15"/>
    <property name="ProgramFiles" value="C:\Program Files (x86)"/>
    <property name="sun.boot.class.path" value="C:\Program Files\Java\jdk1.7.0_80\jre\lib\resources.jar;C:\Program Files\Java\jdk1.7.0_80\jre\lib\rt.jar;C:\Program Files\Java\jdk1.7.0_80\jre\lib\sunrsasign.jar;C:\Program Files\Java\jdk1.7.0_80\jre\lib\jsse.jar;C:\Program Files\Java\jdk1.7.0_80\jre\lib\jce.jar;C:\Program Files\Java\jdk1.7.0_80\jre\lib\charsets.jar;C:\Program Files\Java\jdk1.7.0_80\jre\lib\jfr.jar;C:\Program Files\Java\jdk1.7.0_80\jre\classes"/>
    <property name="Pathdriver" value="C:\Program Files\Realtek\Audio\HDA"/>
    <property name="PATH+JDK" value="C:\Program Files\Java\jdk1.7.0_80\/bin"/>
    <property name="user.country" value="IN"/>
    <property name="POM_PACKAGING" value="jar"/>
    <property name="maven.home" value="C:\Program Files (x86)\apache-maven-3.5.2-bin\apache-maven-3.5.2"/>
    <property name="JOB_BASE_NAME" value="Arc"/>
    <property name="PathJdk" value="C:\Program Files\Java\jre1.8.0_121\bin"/>
    <property name="java.vendor" value="Oracle Corporation"/>
    <property name="GIT_AUTHOR_NAME" value="saurav1501"/>
    <property name="POM_DISPLAYNAME" value="ARCTests"/>
    <property name="java.specification.version" value="1.7"/>
    <property name="sun.arch.data.model" value="64"/>
    <property name="GIT_URL" value="https://github.com/saurav1501/Arc.git"/>
  </properties>
  <testcase time="27.299" classname="com.arc.testcases.MyBuildings.LEED.LoginCaseTest" name="loginCase"/>
  <testcase time="147.821" classname="com.arc.testcases.MyBuildings.LEED.AddNewProjectTest" name="addNewProject"/>
  <testcase time="110.9" classname="com.arc.testcases.MyBuildings.LEED.ClickSearchedProgramTest" name="clickSearchedProgram">
    <failure message="Element is not currently visible and so may not be interacted with
Command duration or timeout: 60.06 seconds
Build info: version: &apos;2.53.1&apos;, revision: &apos;a36b8b1cd5757287168e54b817830adce9b0158d&apos;, time: &apos;2016-06-30 19:26:09&apos;
System info: host: &apos;G10CHLT003&apos;, ip: &apos;10.124.67.67&apos;, os.name: &apos;Windows 7&apos;, os.arch: &apos;amd64&apos;, os.version: &apos;6.1&apos;, java.version: &apos;1.7.0_80&apos;
Session ID: 4b3029a4-72af-4a4d-92cb-1a189de40397
Driver info: org.openqa.selenium.firefox.FirefoxDriver
Capabilities [{platform=WINDOWS, acceptSslCerts=true, javascriptEnabled=true, cssSelectorsEnabled=true, databaseEnabled=true, browserName=firefox, handlesAlerts=true, nativeEvents=false, webStorageEnabled=true, rotatable=false, locationContextEnabled=true, applicationCacheEnabled=true, takesScreenshot=true, version=46.0}]" type="java.lang.Error">java.lang.Error: Element is not currently visible and so may not be interacted with
Command duration or timeout: 60.06 seconds
Build info: version: &apos;2.53.1&apos;, revision: &apos;a36b8b1cd5757287168e54b817830adce9b0158d&apos;, time: &apos;2016-06-30 19:26:09&apos;
System info: host: &apos;G10CHLT003&apos;, ip: &apos;10.124.67.67&apos;, os.name: &apos;Windows 7&apos;, os.arch: &apos;amd64&apos;, os.version: &apos;6.1&apos;, java.version: &apos;1.7.0_80&apos;
Session ID: 4b3029a4-72af-4a4d-92cb-1a189de40397
Driver info: org.openqa.selenium.firefox.FirefoxDriver
Capabilities [{platform=WINDOWS, acceptSslCerts=true, javascriptEnabled=true, cssSelectorsEnabled=true, databaseEnabled=true, browserName=firefox, handlesAlerts=true, nativeEvents=false, webStorageEnabled=true, rotatable=false, locationContextEnabled=true, applicationCacheEnabled=true, takesScreenshot=true, version=46.0}]
	at sun.reflect.NativeConstructorAccessorImpl.newInstance0(Native Method)
	at sun.reflect.NativeConstructorAccessorImpl.newInstance(NativeConstructorAccessorImpl.java:57)
	at sun.reflect.DelegatingConstructorAccessorImpl.newInstance(DelegatingConstructorAccessorImpl.java:45)
	at java.lang.reflect.Constructor.newInstance(Constructor.java:526)
	at org.openqa.selenium.remote.ErrorHandler.createThrowable(ErrorHandler.java:206)
	at org.openqa.selenium.remote.ErrorHandler.throwIfResponseFailed(ErrorHandler.java:158)
	at org.openqa.selenium.remote.RemoteWebDriver.execute(RemoteWebDriver.java:678)
	at org.openqa.selenium.remote.RemoteWebElement.execute(RemoteWebElement.java:327)
	at org.openqa.selenium.remote.RemoteWebElement.click(RemoteWebElement.java:85)
	at com.arc.driver.CommonMethod.click(CommonMethod.java:176)
	at com.arc.ReusableMethods.ReusableMethodsSearch.VerifySearchedProgram(ReusableMethodsSearch.java:49)
	at com.arc.testcases.MyBuildings.LEED.ClickSearchedProgramTest.clickSearchedProgram(ClickSearchedProgramTest.java:34)
</failure>
    <system-out>clickSearchedProgram
id~load-menu
obj type: id
obj val: load-menu
id~load-menu
obj type: id
obj val: load-menu
id~load-menu
obj type: id
obj val: load-menu
id~edit-name
obj type: id
obj val: edit-name
id~edit-name
obj type: id
obj val: edit-name
id~edit-name
obj type: id
obj val: edit-name
id~edit-name
obj type: id
obj val: edit-name
id~edit-pass
obj type: id
obj val: edit-pass
id~edit-pass
obj type: id
obj val: edit-pass
id~edit-pass
obj type: id
obj val: edit-pass
id~edit-pass
obj type: id
obj val: edit-pass
id~edit-submit
obj type: id
obj val: edit-submit
id~edit-submit
obj type: id
obj val: edit-submit
id~edit-submit
obj type: id
obj val: edit-submit
xpath~//*[@class=&apos;page-title ng-scope&apos;]/span
obj type: xpath
obj val: //*[@class=&apos;page-title ng-scope&apos;]/span
xpath~(//input[@id=&apos;searchBar&apos;])[2]
obj type: xpath
obj val: (//input[@id=&apos;searchBar&apos;])[2]
xpath~(//input[@id=&apos;searchBar&apos;])[2]
obj type: xpath
obj val: (//input[@id=&apos;searchBar&apos;])[2]
xpath~(//input[@id=&apos;searchBar&apos;])[2]
obj type: xpath
obj val: (//input[@id=&apos;searchBar&apos;])[2]
xpath~(//input[@id=&apos;searchBar&apos;])[2]
obj type: xpath
obj val: (//input[@id=&apos;searchBar&apos;])[2]
xpath~(//input[@id=&apos;searchBar&apos;])[2]
obj type: xpath
obj val: (//input[@id=&apos;searchBar&apos;])[2]
xpath~(//input[@id=&apos;searchBar&apos;])[2]
obj type: xpath
obj val: (//input[@id=&apos;searchBar&apos;])[2]
xpath~(//div[@class=&quot;searchLabels ng-binding&quot;])[1]
obj type: xpath
obj val: (//div[@class=&quot;searchLabels ng-binding&quot;])[1]
xpath~(//div[@class=&quot;searchLabels ng-binding&quot;])[1]
obj type: xpath
obj val: (//div[@class=&quot;searchLabels ng-binding&quot;])[1]
Project (1 project)
xpath~(//div[@class=&quot;searchLabels ng-binding&quot;])[1]
obj type: xpath
obj val: (//div[@class=&quot;searchLabels ng-binding&quot;])[1]
xpath~(//div[@class=&quot;searchLabels ng-binding&quot;])[1]
obj type: xpath
obj val: (//div[@class=&quot;searchLabels ng-binding&quot;])[1]
xpath~(//td[@class=&apos;cursor-pointer vertical_align_middle&apos;])[3]
obj type: xpath
obj val: (//td[@class=&apos;cursor-pointer vertical_align_middle&apos;])[3]
xpath~(//td[@class=&apos;cursor-pointer vertical_align_middle&apos;])[3]
obj type: xpath
obj val: (//td[@class=&apos;cursor-pointer vertical_align_middle&apos;])[3]
xpath~(//td[@class=&apos;cursor-pointer vertical_align_middle&apos;])[3]
obj type: xpath
obj val: (//td[@class=&apos;cursor-pointer vertical_align_middle&apos;])[3]
xpath~(//div[@class=&quot;searchLabels ng-binding&quot;])[1]
obj type: xpath
obj val: (//div[@class=&quot;searchLabels ng-binding&quot;])[1]
xpath~(//div[@class=&quot;searchLabels ng-binding&quot;])[1]
obj type: xpath
obj val: (//div[@class=&quot;searchLabels ng-binding&quot;])[1]

xpath~(//td[@class=&apos;cursor-pointer vertical_align_middle&apos;])[3]
obj type: xpath
obj val: (//td[@class=&apos;cursor-pointer vertical_align_middle&apos;])[3]
Element is not currently visible and so may not be interacted with
Command duration or timeout: 60.06 seconds
Build info: version: &apos;2.53.1&apos;, revision: &apos;a36b8b1cd5757287168e54b817830adce9b0158d&apos;, time: &apos;2016-06-30 19:26:09&apos;
System info: host: &apos;G10CHLT003&apos;, ip: &apos;10.124.67.67&apos;, os.name: &apos;Windows 7&apos;, os.arch: &apos;amd64&apos;, os.version: &apos;6.1&apos;, java.version: &apos;1.7.0_80&apos;
Session ID: 4b3029a4-72af-4a4d-92cb-1a189de40397
Driver info: org.openqa.selenium.firefox.FirefoxDriver
Capabilities [{platform=WINDOWS, acceptSslCerts=true, javascriptEnabled=true, cssSelectorsEnabled=true, databaseEnabled=true, browserName=firefox, handlesAlerts=true, nativeEvents=false, webStorageEnabled=true, rotatable=false, locationContextEnabled=true, applicationCacheEnabled=true, takesScreenshot=true, version=46.0}]
</system-out>
  </testcase>
  <testcase time="113.251" classname="com.arc.testcases.MyBuildings.LEED.PaymentbyCCTest" name="paymentbyCC">
    <failure message="Element is not currently visible and so may not be interacted with
Command duration or timeout: 60.05 seconds
Build info: version: &apos;2.53.1&apos;, revision: &apos;a36b8b1cd5757287168e54b817830adce9b0158d&apos;, time: &apos;2016-06-30 19:26:09&apos;
System info: host: &apos;G10CHLT003&apos;, ip: &apos;10.124.67.67&apos;, os.name: &apos;Windows 7&apos;, os.arch: &apos;amd64&apos;, os.version: &apos;6.1&apos;, java.version: &apos;1.7.0_80&apos;
Session ID: a3682a45-cac7-4856-b705-81e76a45d6df
Driver info: org.openqa.selenium.firefox.FirefoxDriver
Capabilities [{platform=WINDOWS, acceptSslCerts=true, javascriptEnabled=true, cssSelectorsEnabled=true, databaseEnabled=true, browserName=firefox, handlesAlerts=true, nativeEvents=false, webStorageEnabled=true, rotatable=false, locationContextEnabled=true, applicationCacheEnabled=true, takesScreenshot=true, version=46.0}]" type="java.lang.Error">java.lang.Error: Element is not currently visible and so may not be interacted with
Command duration or timeout: 60.05 seconds
Build info: version: &apos;2.53.1&apos;, revision: &apos;a36b8b1cd5757287168e54b817830adce9b0158d&apos;, time: &apos;2016-06-30 19:26:09&apos;
System info: host: &apos;G10CHLT003&apos;, ip: &apos;10.124.67.67&apos;, os.name: &apos;Windows 7&apos;, os.arch: &apos;amd64&apos;, os.version: &apos;6.1&apos;, java.version: &apos;1.7.0_80&apos;
Session ID: a3682a45-cac7-4856-b705-81e76a45d6df
Driver info: org.openqa.selenium.firefox.FirefoxDriver
Capabilities [{platform=WINDOWS, acceptSslCerts=true, javascriptEnabled=true, cssSelectorsEnabled=true, databaseEnabled=true, browserName=firefox, handlesAlerts=true, nativeEvents=false, webStorageEnabled=true, rotatable=false, locationContextEnabled=true, applicationCacheEnabled=true, takesScreenshot=true, version=46.0}]
	at sun.reflect.NativeConstructorAccessorImpl.newInstance0(Native Method)
	at sun.reflect.NativeConstructorAccessorImpl.newInstance(NativeConstructorAccessorImpl.java:57)
	at sun.reflect.DelegatingConstructorAccessorImpl.newInstance(DelegatingConstructorAccessorImpl.java:45)
	at java.lang.reflect.Constructor.newInstance(Constructor.java:526)
	at org.openqa.selenium.remote.ErrorHandler.createThrowable(ErrorHandler.java:206)
	at org.openqa.selenium.remote.ErrorHandler.throwIfResponseFailed(ErrorHandler.java:158)
	at org.openqa.selenium.remote.RemoteWebDriver.execute(RemoteWebDriver.java:678)
	at org.openqa.selenium.remote.RemoteWebElement.execute(RemoteWebElement.java:327)
	at org.openqa.selenium.remote.RemoteWebElement.click(RemoteWebElement.java:85)
	at com.arc.driver.CommonMethod.click(CommonMethod.java:176)
	at com.arc.ReusableMethods.ReusableMethodsSearch.VerifySearchedProgram(ReusableMethodsSearch.java:49)
	at com.arc.testcases.MyBuildings.LEED.PaymentbyCCTest.paymentbyCC(PaymentbyCCTest.java:29)
</failure>
    <system-out>paymentbyCC
id~load-menu
obj type: id
obj val: load-menu
id~load-menu
obj type: id
obj val: load-menu
id~load-menu
obj type: id
obj val: load-menu
id~edit-name
obj type: id
obj val: edit-name
id~edit-name
obj type: id
obj val: edit-name
id~edit-name
obj type: id
obj val: edit-name
id~edit-name
obj type: id
obj val: edit-name
id~edit-pass
obj type: id
obj val: edit-pass
id~edit-pass
obj type: id
obj val: edit-pass
id~edit-pass
obj type: id
obj val: edit-pass
id~edit-pass
obj type: id
obj val: edit-pass
id~edit-submit
obj type: id
obj val: edit-submit
id~edit-submit
obj type: id
obj val: edit-submit
id~edit-submit
obj type: id
obj val: edit-submit
xpath~//*[@class=&apos;page-title ng-scope&apos;]/span
obj type: xpath
obj val: //*[@class=&apos;page-title ng-scope&apos;]/span
xpath~(//input[@id=&apos;searchBar&apos;])[2]
obj type: xpath
obj val: (//input[@id=&apos;searchBar&apos;])[2]
xpath~(//input[@id=&apos;searchBar&apos;])[2]
obj type: xpath
obj val: (//input[@id=&apos;searchBar&apos;])[2]
xpath~(//input[@id=&apos;searchBar&apos;])[2]
obj type: xpath
obj val: (//input[@id=&apos;searchBar&apos;])[2]
xpath~(//input[@id=&apos;searchBar&apos;])[2]
obj type: xpath
obj val: (//input[@id=&apos;searchBar&apos;])[2]
xpath~(//input[@id=&apos;searchBar&apos;])[2]
obj type: xpath
obj val: (//input[@id=&apos;searchBar&apos;])[2]
xpath~(//input[@id=&apos;searchBar&apos;])[2]
obj type: xpath
obj val: (//input[@id=&apos;searchBar&apos;])[2]
xpath~(//div[@class=&quot;searchLabels ng-binding&quot;])[1]
obj type: xpath
obj val: (//div[@class=&quot;searchLabels ng-binding&quot;])[1]
xpath~(//div[@class=&quot;searchLabels ng-binding&quot;])[1]
obj type: xpath
obj val: (//div[@class=&quot;searchLabels ng-binding&quot;])[1]
Project (1 project)
xpath~(//div[@class=&quot;searchLabels ng-binding&quot;])[1]
obj type: xpath
obj val: (//div[@class=&quot;searchLabels ng-binding&quot;])[1]
xpath~(//div[@class=&quot;searchLabels ng-binding&quot;])[1]
obj type: xpath
obj val: (//div[@class=&quot;searchLabels ng-binding&quot;])[1]
xpath~(//td[@class=&apos;cursor-pointer vertical_align_middle&apos;])[3]
obj type: xpath
obj val: (//td[@class=&apos;cursor-pointer vertical_align_middle&apos;])[3]
xpath~(//td[@class=&apos;cursor-pointer vertical_align_middle&apos;])[3]
obj type: xpath
obj val: (//td[@class=&apos;cursor-pointer vertical_align_middle&apos;])[3]
xpath~(//td[@class=&apos;cursor-pointer vertical_align_middle&apos;])[3]
obj type: xpath
obj val: (//td[@class=&apos;cursor-pointer vertical_align_middle&apos;])[3]
xpath~(//input[@id=&apos;searchBar&apos;])[2]
obj type: xpath
obj val: (//input[@id=&apos;searchBar&apos;])[2]
xpath~(//input[@id=&apos;searchBar&apos;])[2]
obj type: xpath
obj val: (//input[@id=&apos;searchBar&apos;])[2]
xpath~(//input[@id=&apos;searchBar&apos;])[2]
obj type: xpath
obj val: (//input[@id=&apos;searchBar&apos;])[2]
xpath~(//input[@id=&apos;searchBar&apos;])[2]
obj type: xpath
obj val: (//input[@id=&apos;searchBar&apos;])[2]
xpath~(//input[@id=&apos;searchBar&apos;])[2]
obj type: xpath
obj val: (//input[@id=&apos;searchBar&apos;])[2]
xpath~(//input[@id=&apos;searchBar&apos;])[2]
obj type: xpath
obj val: (//input[@id=&apos;searchBar&apos;])[2]
xpath~(//div[@class=&quot;searchLabels ng-binding&quot;])[1]
obj type: xpath
obj val: (//div[@class=&quot;searchLabels ng-binding&quot;])[1]
xpath~(//div[@class=&quot;searchLabels ng-binding&quot;])[1]
obj type: xpath
obj val: (//div[@class=&quot;searchLabels ng-binding&quot;])[1]
Project (1 project)
xpath~(//div[@class=&quot;searchLabels ng-binding&quot;])[1]
obj type: xpath
obj val: (//div[@class=&quot;searchLabels ng-binding&quot;])[1]
xpath~(//div[@class=&quot;searchLabels ng-binding&quot;])[1]
obj type: xpath
obj val: (//div[@class=&quot;searchLabels ng-binding&quot;])[1]
xpath~(//td[@class=&apos;cursor-pointer vertical_align_middle&apos;])[3]
obj type: xpath
obj val: (//td[@class=&apos;cursor-pointer vertical_align_middle&apos;])[3]
xpath~(//td[@class=&apos;cursor-pointer vertical_align_middle&apos;])[3]
obj type: xpath
obj val: (//td[@class=&apos;cursor-pointer vertical_align_middle&apos;])[3]
xpath~(//td[@class=&apos;cursor-pointer vertical_align_middle&apos;])[3]
obj type: xpath
obj val: (//td[@class=&apos;cursor-pointer vertical_align_middle&apos;])[3]
xpath~(//div[@class=&quot;searchLabels ng-binding&quot;])[1]
obj type: xpath
obj val: (//div[@class=&quot;searchLabels ng-binding&quot;])[1]
xpath~(//div[@class=&quot;searchLabels ng-binding&quot;])[1]
obj type: xpath
obj val: (//div[@class=&quot;searchLabels ng-binding&quot;])[1]

xpath~(//td[@class=&apos;cursor-pointer vertical_align_middle&apos;])[3]
obj type: xpath
obj val: (//td[@class=&apos;cursor-pointer vertical_align_middle&apos;])[3]
Element is not currently visible and so may not be interacted with
Command duration or timeout: 60.05 seconds
Build info: version: &apos;2.53.1&apos;, revision: &apos;a36b8b1cd5757287168e54b817830adce9b0158d&apos;, time: &apos;2016-06-30 19:26:09&apos;
System info: host: &apos;G10CHLT003&apos;, ip: &apos;10.124.67.67&apos;, os.name: &apos;Windows 7&apos;, os.arch: &apos;amd64&apos;, os.version: &apos;6.1&apos;, java.version: &apos;1.7.0_80&apos;
Session ID: a3682a45-cac7-4856-b705-81e76a45d6df
Driver info: org.openqa.selenium.firefox.FirefoxDriver
Capabilities [{platform=WINDOWS, acceptSslCerts=true, javascriptEnabled=true, cssSelectorsEnabled=true, databaseEnabled=true, browserName=firefox, handlesAlerts=true, nativeEvents=false, webStorageEnabled=true, rotatable=false, locationContextEnabled=true, applicationCacheEnabled=true, takesScreenshot=true, version=46.0}]
</system-out>
  </testcase>
  <testcase time="451.145" classname="com.arc.testcases.MyBuildings.LEED.BasePointPdfFileUplaod" name="baseScoreAttempt">
    <failure message="Element is not currently visible and so may not be interacted with
Command duration or timeout: 60.12 seconds
Build info: version: &apos;2.53.1&apos;, revision: &apos;a36b8b1cd5757287168e54b817830adce9b0158d&apos;, time: &apos;2016-06-30 19:26:09&apos;
System info: host: &apos;G10CHLT003&apos;, ip: &apos;10.124.67.67&apos;, os.name: &apos;Windows 7&apos;, os.arch: &apos;amd64&apos;, os.version: &apos;6.1&apos;, java.version: &apos;1.7.0_80&apos;
Session ID: de63d57d-b663-458a-a4b7-ee4acbfb5d47
Driver info: org.openqa.selenium.firefox.FirefoxDriver
Capabilities [{platform=WINDOWS, acceptSslCerts=true, javascriptEnabled=true, cssSelectorsEnabled=true, databaseEnabled=true, browserName=firefox, handlesAlerts=true, nativeEvents=false, webStorageEnabled=true, rotatable=false, locationContextEnabled=true, applicationCacheEnabled=true, takesScreenshot=true, version=46.0}]" type="java.lang.Error">java.lang.Error: Element is not currently visible and so may not be interacted with
Command duration or timeout: 60.12 seconds
Build info: version: &apos;2.53.1&apos;, revision: &apos;a36b8b1cd5757287168e54b817830adce9b0158d&apos;, time: &apos;2016-06-30 19:26:09&apos;
System info: host: &apos;G10CHLT003&apos;, ip: &apos;10.124.67.67&apos;, os.name: &apos;Windows 7&apos;, os.arch: &apos;amd64&apos;, os.version: &apos;6.1&apos;, java.version: &apos;1.7.0_80&apos;
Session ID: de63d57d-b663-458a-a4b7-ee4acbfb5d47
Driver info: org.openqa.selenium.firefox.FirefoxDriver
Capabilities [{platform=WINDOWS, acceptSslCerts=true, javascriptEnabled=true, cssSelectorsEnabled=true, databaseEnabled=true, browserName=firefox, handlesAlerts=true, nativeEvents=false, webStorageEnabled=true, rotatable=false, locationContextEnabled=true, applicationCacheEnabled=true, takesScreenshot=true, version=46.0}]
	at sun.reflect.NativeConstructorAccessorImpl.newInstance0(Native Method)
	at sun.reflect.NativeConstructorAccessorImpl.newInstance(NativeConstructorAccessorImpl.java:57)
	at sun.reflect.DelegatingConstructorAccessorImpl.newInstance(DelegatingConstructorAccessorImpl.java:45)
	at java.lang.reflect.Constructor.newInstance(Constructor.java:526)
	at org.openqa.selenium.remote.ErrorHandler.createThrowable(ErrorHandler.java:206)
	at org.openqa.selenium.remote.ErrorHandler.throwIfResponseFailed(ErrorHandler.java:158)
	at org.openqa.selenium.remote.RemoteWebDriver.execute(RemoteWebDriver.java:678)
	at org.openqa.selenium.remote.RemoteWebElement.execute(RemoteWebElement.java:327)
	at org.openqa.selenium.remote.RemoteWebElement.click(RemoteWebElement.java:85)
	at com.arc.driver.CommonMethod.click(CommonMethod.java:176)
	at com.arc.ReusableMethods.ReusableMethodsSearch.VerifySearchedProgram(ReusableMethodsSearch.java:49)
	at com.arc.testcases.MyBuildings.LEED.BasePointPdfFileUplaod.baseScoreAttempt(BasePointPdfFileUplaod.java:35)
</failure>
    <system-out>baseScoreAttempt
id~load-menu
obj type: id
obj val: load-menu
id~load-menu
obj type: id
obj val: load-menu
id~load-menu
obj type: id
obj val: load-menu
id~edit-name
obj type: id
obj val: edit-name
id~edit-name
obj type: id
obj val: edit-name
id~edit-name
obj type: id
obj val: edit-name
id~edit-name
obj type: id
obj val: edit-name
id~edit-pass
obj type: id
obj val: edit-pass
id~edit-pass
obj type: id
obj val: edit-pass
id~edit-pass
obj type: id
obj val: edit-pass
id~edit-pass
obj type: id
obj val: edit-pass
id~edit-submit
obj type: id
obj val: edit-submit
id~edit-submit
obj type: id
obj val: edit-submit
id~edit-submit
obj type: id
obj val: edit-submit
xpath~//*[@class=&apos;page-title ng-scope&apos;]/span
obj type: xpath
obj val: //*[@class=&apos;page-title ng-scope&apos;]/span
xpath~(//input[@id=&apos;searchBar&apos;])[2]
obj type: xpath
obj val: (//input[@id=&apos;searchBar&apos;])[2]
xpath~(//input[@id=&apos;searchBar&apos;])[2]
obj type: xpath
obj val: (//input[@id=&apos;searchBar&apos;])[2]
xpath~(//input[@id=&apos;searchBar&apos;])[2]
obj type: xpath
obj val: (//input[@id=&apos;searchBar&apos;])[2]
xpath~(//input[@id=&apos;searchBar&apos;])[2]
obj type: xpath
obj val: (//input[@id=&apos;searchBar&apos;])[2]
xpath~(//input[@id=&apos;searchBar&apos;])[2]
obj type: xpath
obj val: (//input[@id=&apos;searchBar&apos;])[2]
xpath~(//input[@id=&apos;searchBar&apos;])[2]
obj type: xpath
obj val: (//input[@id=&apos;searchBar&apos;])[2]
xpath~(//div[@class=&quot;searchLabels ng-binding&quot;])[1]
obj type: xpath
obj val: (//div[@class=&quot;searchLabels ng-binding&quot;])[1]
xpath~(//div[@class=&quot;searchLabels ng-binding&quot;])[1]
obj type: xpath
obj val: (//div[@class=&quot;searchLabels ng-binding&quot;])[1]
Project (1 project)
xpath~(//div[@class=&quot;searchLabels ng-binding&quot;])[1]
obj type: xpath
obj val: (//div[@class=&quot;searchLabels ng-binding&quot;])[1]
xpath~(//div[@class=&quot;searchLabels ng-binding&quot;])[1]
obj type: xpath
obj val: (//div[@class=&quot;searchLabels ng-binding&quot;])[1]
xpath~(//td[@class=&apos;cursor-pointer vertical_align_middle&apos;])[3]
obj type: xpath
obj val: (//td[@class=&apos;cursor-pointer vertical_align_middle&apos;])[3]
xpath~(//td[@class=&apos;cursor-pointer vertical_align_middle&apos;])[3]
obj type: xpath
obj val: (//td[@class=&apos;cursor-pointer vertical_align_middle&apos;])[3]
xpath~(//td[@class=&apos;cursor-pointer vertical_align_middle&apos;])[3]
obj type: xpath
obj val: (//td[@class=&apos;cursor-pointer vertical_align_middle&apos;])[3]
xpath~(//input[@id=&apos;searchBar&apos;])[2]
obj type: xpath
obj val: (//input[@id=&apos;searchBar&apos;])[2]
xpath~(//input[@id=&apos;searchBar&apos;])[2]
obj type: xpath
obj val: (//input[@id=&apos;searchBar&apos;])[2]
xpath~(//input[@id=&apos;searchBar&apos;])[2]
obj type: xpath
obj val: (//input[@id=&apos;searchBar&apos;])[2]
xpath~(//input[@id=&apos;searchBar&apos;])[2]
obj type: xpath
obj val: (//input[@id=&apos;searchBar&apos;])[2]
xpath~(//input[@id=&apos;searchBar&apos;])[2]
obj type: xpath
obj val: (//input[@id=&apos;searchBar&apos;])[2]
xpath~(//input[@id=&apos;searchBar&apos;])[2]
obj type: xpath
obj val: (//input[@id=&apos;searchBar&apos;])[2]
xpath~(//div[@class=&quot;searchLabels ng-binding&quot;])[1]
obj type: xpath
obj val: (//div[@class=&quot;searchLabels ng-binding&quot;])[1]
xpath~(//div[@class=&quot;searchLabels ng-binding&quot;])[1]
obj type: xpath
obj val: (//div[@class=&quot;searchLabels ng-binding&quot;])[1]
Project (1 project)
xpath~(//div[@class=&quot;searchLabels ng-binding&quot;])[1]
obj type: xpath
obj val: (//div[@class=&quot;searchLabels ng-binding&quot;])[1]
xpath~(//div[@class=&quot;searchLabels ng-binding&quot;])[1]
obj type: xpath
obj val: (//div[@class=&quot;searchLabels ng-binding&quot;])[1]
xpath~(//td[@class=&apos;cursor-pointer vertical_align_middle&apos;])[3]
obj type: xpath
obj val: (//td[@class=&apos;cursor-pointer vertical_align_middle&apos;])[3]
xpath~(//td[@class=&apos;cursor-pointer vertical_align_middle&apos;])[3]
obj type: xpath
obj val: (//td[@class=&apos;cursor-pointer vertical_align_middle&apos;])[3]
xpath~(//td[@class=&apos;cursor-pointer vertical_align_middle&apos;])[3]
obj type: xpath
obj val: (//td[@class=&apos;cursor-pointer vertical_align_middle&apos;])[3]
xpath~(//div[@class=&quot;searchLabels ng-binding&quot;])[1]
obj type: xpath
obj val: (//div[@class=&quot;searchLabels ng-binding&quot;])[1]
xpath~(//div[@class=&quot;searchLabels ng-binding&quot;])[1]
obj type: xpath
obj val: (//div[@class=&quot;searchLabels ng-binding&quot;])[1]

xpath~(//td[@class=&apos;cursor-pointer vertical_align_middle&apos;])[3]
obj type: xpath
obj val: (//td[@class=&apos;cursor-pointer vertical_align_middle&apos;])[3]
Element is not currently visible and so may not be interacted with
Command duration or timeout: 60.12 seconds
Build info: version: &apos;2.53.1&apos;, revision: &apos;a36b8b1cd5757287168e54b817830adce9b0158d&apos;, time: &apos;2016-06-30 19:26:09&apos;
System info: host: &apos;G10CHLT003&apos;, ip: &apos;10.124.67.67&apos;, os.name: &apos;Windows 7&apos;, os.arch: &apos;amd64&apos;, os.version: &apos;6.1&apos;, java.version: &apos;1.7.0_80&apos;
Session ID: de63d57d-b663-458a-a4b7-ee4acbfb5d47
Driver info: org.openqa.selenium.firefox.FirefoxDriver
Capabilities [{platform=WINDOWS, acceptSslCerts=true, javascriptEnabled=true, cssSelectorsEnabled=true, databaseEnabled=true, browserName=firefox, handlesAlerts=true, nativeEvents=false, webStorageEnabled=true, rotatable=false, locationContextEnabled=true, applicationCacheEnabled=true, takesScreenshot=true, version=46.0}]
</system-out>
  </testcase>
  <testcase time="478.666" classname="com.arc.testcases.MyBuildings.LEED.RenewableAllBaseScoreAttemptTest" name="baseScoreAttempt">
    <skipped/>
  </testcase>
  <testcase time="173.998" classname="com.arc.testcases.MyBuildings.LEED.PrerequisitesPdfFileUploadTest" name="prerequisitesPdfUpload">
    <failure message="Element is not currently visible and so may not be interacted with
Command duration or timeout: 60.09 seconds
Build info: version: &apos;2.53.1&apos;, revision: &apos;a36b8b1cd5757287168e54b817830adce9b0158d&apos;, time: &apos;2016-06-30 19:26:09&apos;
System info: host: &apos;G10CHLT003&apos;, ip: &apos;10.124.67.67&apos;, os.name: &apos;Windows 7&apos;, os.arch: &apos;amd64&apos;, os.version: &apos;6.1&apos;, java.version: &apos;1.7.0_80&apos;
Session ID: 46bbfb45-396f-4512-9977-7241c6086076
Driver info: org.openqa.selenium.firefox.FirefoxDriver
Capabilities [{platform=WINDOWS, acceptSslCerts=true, javascriptEnabled=true, cssSelectorsEnabled=true, databaseEnabled=true, browserName=firefox, handlesAlerts=true, nativeEvents=false, webStorageEnabled=true, rotatable=false, locationContextEnabled=true, applicationCacheEnabled=true, takesScreenshot=true, version=46.0}]" type="java.lang.Error">java.lang.Error: Element is not currently visible and so may not be interacted with
Command duration or timeout: 60.09 seconds
Build info: version: &apos;2.53.1&apos;, revision: &apos;a36b8b1cd5757287168e54b817830adce9b0158d&apos;, time: &apos;2016-06-30 19:26:09&apos;
System info: host: &apos;G10CHLT003&apos;, ip: &apos;10.124.67.67&apos;, os.name: &apos;Windows 7&apos;, os.arch: &apos;amd64&apos;, os.version: &apos;6.1&apos;, java.version: &apos;1.7.0_80&apos;
Session ID: 46bbfb45-396f-4512-9977-7241c6086076
Driver info: org.openqa.selenium.firefox.FirefoxDriver
Capabilities [{platform=WINDOWS, acceptSslCerts=true, javascriptEnabled=true, cssSelectorsEnabled=true, databaseEnabled=true, browserName=firefox, handlesAlerts=true, nativeEvents=false, webStorageEnabled=true, rotatable=false, locationContextEnabled=true, applicationCacheEnabled=true, takesScreenshot=true, version=46.0}]
	at sun.reflect.NativeConstructorAccessorImpl.newInstance0(Native Method)
	at sun.reflect.NativeConstructorAccessorImpl.newInstance(NativeConstructorAccessorImpl.java:57)
	at sun.reflect.DelegatingConstructorAccessorImpl.newInstance(DelegatingConstructorAccessorImpl.java:45)
	at java.lang.reflect.Constructor.newInstance(Constructor.java:526)
	at org.openqa.selenium.remote.ErrorHandler.createThrowable(ErrorHandler.java:206)
	at org.openqa.selenium.remote.ErrorHandler.throwIfResponseFailed(ErrorHandler.java:158)
	at org.openqa.selenium.remote.RemoteWebDriver.execute(RemoteWebDriver.java:678)
	at org.openqa.selenium.remote.RemoteWebElement.execute(RemoteWebElement.java:327)
	at org.openqa.selenium.remote.RemoteWebElement.click(RemoteWebElement.java:85)
	at com.arc.driver.CommonMethod.click(CommonMethod.java:176)
	at com.arc.ReusableMethods.ReusableMethodsSearch.VerifySearchedProgram(ReusableMethodsSearch.java:49)
	at com.arc.testcases.MyBuildings.LEED.PrerequisitesPdfFileUploadTest.prerequisitesPdfUpload(PrerequisitesPdfFileUploadTest.java:36)
</failure>
    <system-out>prerequisitesPdfUpload
id~load-menu
obj type: id
obj val: load-menu
id~load-menu
obj type: id
obj val: load-menu
id~load-menu
obj type: id
obj val: load-menu
id~edit-name
obj type: id
obj val: edit-name
id~edit-name
obj type: id
obj val: edit-name
id~edit-name
obj type: id
obj val: edit-name
id~edit-name
obj type: id
obj val: edit-name
id~edit-pass
obj type: id
obj val: edit-pass
id~edit-pass
obj type: id
obj val: edit-pass
id~edit-pass
obj type: id
obj val: edit-pass
id~edit-pass
obj type: id
obj val: edit-pass
id~edit-submit
obj type: id
obj val: edit-submit
id~edit-submit
obj type: id
obj val: edit-submit
id~edit-submit
obj type: id
obj val: edit-submit
xpath~//*[@class=&apos;page-title ng-scope&apos;]/span
obj type: xpath
obj val: //*[@class=&apos;page-title ng-scope&apos;]/span
xpath~(//input[@id=&apos;searchBar&apos;])[2]
obj type: xpath
obj val: (//input[@id=&apos;searchBar&apos;])[2]
xpath~(//input[@id=&apos;searchBar&apos;])[2]
obj type: xpath
obj val: (//input[@id=&apos;searchBar&apos;])[2]
xpath~(//input[@id=&apos;searchBar&apos;])[2]
obj type: xpath
obj val: (//input[@id=&apos;searchBar&apos;])[2]
xpath~(//input[@id=&apos;searchBar&apos;])[2]
obj type: xpath
obj val: (//input[@id=&apos;searchBar&apos;])[2]
xpath~(//input[@id=&apos;searchBar&apos;])[2]
obj type: xpath
obj val: (//input[@id=&apos;searchBar&apos;])[2]
xpath~(//input[@id=&apos;searchBar&apos;])[2]
obj type: xpath
obj val: (//input[@id=&apos;searchBar&apos;])[2]
xpath~(//div[@class=&quot;searchLabels ng-binding&quot;])[1]
obj type: xpath
obj val: (//div[@class=&quot;searchLabels ng-binding&quot;])[1]
xpath~(//div[@class=&quot;searchLabels ng-binding&quot;])[1]
obj type: xpath
obj val: (//div[@class=&quot;searchLabels ng-binding&quot;])[1]
Project (1 project)
xpath~(//div[@class=&quot;searchLabels ng-binding&quot;])[1]
obj type: xpath
obj val: (//div[@class=&quot;searchLabels ng-binding&quot;])[1]
xpath~(//div[@class=&quot;searchLabels ng-binding&quot;])[1]
obj type: xpath
obj val: (//div[@class=&quot;searchLabels ng-binding&quot;])[1]
xpath~(//td[@class=&apos;cursor-pointer vertical_align_middle&apos;])[3]
obj type: xpath
obj val: (//td[@class=&apos;cursor-pointer vertical_align_middle&apos;])[3]
xpath~(//td[@class=&apos;cursor-pointer vertical_align_middle&apos;])[3]
obj type: xpath
obj val: (//td[@class=&apos;cursor-pointer vertical_align_middle&apos;])[3]
xpath~(//td[@class=&apos;cursor-pointer vertical_align_middle&apos;])[3]
obj type: xpath
obj val: (//td[@class=&apos;cursor-pointer vertical_align_middle&apos;])[3]
xpath~(//input[@id=&apos;searchBar&apos;])[2]
obj type: xpath
obj val: (//input[@id=&apos;searchBar&apos;])[2]
xpath~(//input[@id=&apos;searchBar&apos;])[2]
obj type: xpath
obj val: (//input[@id=&apos;searchBar&apos;])[2]
xpath~(//input[@id=&apos;searchBar&apos;])[2]
obj type: xpath
obj val: (//input[@id=&apos;searchBar&apos;])[2]
xpath~(//input[@id=&apos;searchBar&apos;])[2]
obj type: xpath
obj val: (//input[@id=&apos;searchBar&apos;])[2]
xpath~(//input[@id=&apos;searchBar&apos;])[2]
obj type: xpath
obj val: (//input[@id=&apos;searchBar&apos;])[2]
xpath~(//input[@id=&apos;searchBar&apos;])[2]
obj type: xpath
obj val: (//input[@id=&apos;searchBar&apos;])[2]
xpath~(//div[@class=&quot;searchLabels ng-binding&quot;])[1]
obj type: xpath
obj val: (//div[@class=&quot;searchLabels ng-binding&quot;])[1]
xpath~(//div[@class=&quot;searchLabels ng-binding&quot;])[1]
obj type: xpath
obj val: (//div[@class=&quot;searchLabels ng-binding&quot;])[1]
Project (1 project)
xpath~(//div[@class=&quot;searchLabels ng-binding&quot;])[1]
obj type: xpath
obj val: (//div[@class=&quot;searchLabels ng-binding&quot;])[1]
xpath~(//div[@class=&quot;searchLabels ng-binding&quot;])[1]
obj type: xpath
obj val: (//div[@class=&quot;searchLabels ng-binding&quot;])[1]
xpath~(//td[@class=&apos;cursor-pointer vertical_align_middle&apos;])[3]
obj type: xpath
obj val: (//td[@class=&apos;cursor-pointer vertical_align_middle&apos;])[3]
xpath~(//td[@class=&apos;cursor-pointer vertical_align_middle&apos;])[3]
obj type: xpath
obj val: (//td[@class=&apos;cursor-pointer vertical_align_middle&apos;])[3]
xpath~(//td[@class=&apos;cursor-pointer vertical_align_middle&apos;])[3]
obj type: xpath
obj val: (//td[@class=&apos;cursor-pointer vertical_align_middle&apos;])[3]
xpath~(//div[@class=&quot;searchLabels ng-binding&quot;])[1]
obj type: xpath
obj val: (//div[@class=&quot;searchLabels ng-binding&quot;])[1]
xpath~(//div[@class=&quot;searchLabels ng-binding&quot;])[1]
obj type: xpath
obj val: (//div[@class=&quot;searchLabels ng-binding&quot;])[1]

xpath~(//td[@class=&apos;cursor-pointer vertical_align_middle&apos;])[3]
obj type: xpath
obj val: (//td[@class=&apos;cursor-pointer vertical_align_middle&apos;])[3]
Element is not currently visible and so may not be interacted with
Command duration or timeout: 60.09 seconds
Build info: version: &apos;2.53.1&apos;, revision: &apos;a36b8b1cd5757287168e54b817830adce9b0158d&apos;, time: &apos;2016-06-30 19:26:09&apos;
System info: host: &apos;G10CHLT003&apos;, ip: &apos;10.124.67.67&apos;, os.name: &apos;Windows 7&apos;, os.arch: &apos;amd64&apos;, os.version: &apos;6.1&apos;, java.version: &apos;1.7.0_80&apos;
Session ID: 46bbfb45-396f-4512-9977-7241c6086076
Driver info: org.openqa.selenium.firefox.FirefoxDriver
Capabilities [{platform=WINDOWS, acceptSslCerts=true, javascriptEnabled=true, cssSelectorsEnabled=true, databaseEnabled=true, browserName=firefox, handlesAlerts=true, nativeEvents=false, webStorageEnabled=true, rotatable=false, locationContextEnabled=true, applicationCacheEnabled=true, takesScreenshot=true, version=46.0}]
</system-out>
  </testcase>
  <testcase time="327.002" classname="com.arc.testcases.MyBuildings.LEED.PrerequisitesTextFileUploadTest" name="prerequisitesTextFileUpload">
    <failure message="Element is not currently visible and so may not be interacted with
Command duration or timeout: 60.03 seconds
Build info: version: &apos;2.53.1&apos;, revision: &apos;a36b8b1cd5757287168e54b817830adce9b0158d&apos;, time: &apos;2016-06-30 19:26:09&apos;
System info: host: &apos;G10CHLT003&apos;, ip: &apos;10.124.67.67&apos;, os.name: &apos;Windows 7&apos;, os.arch: &apos;amd64&apos;, os.version: &apos;6.1&apos;, java.version: &apos;1.7.0_80&apos;
Session ID: 6bd443fd-5fde-4c05-accf-be10faf0560c
Driver info: org.openqa.selenium.firefox.FirefoxDriver
Capabilities [{platform=WINDOWS, acceptSslCerts=true, javascriptEnabled=true, cssSelectorsEnabled=true, databaseEnabled=true, browserName=firefox, handlesAlerts=true, nativeEvents=false, webStorageEnabled=true, rotatable=false, locationContextEnabled=true, applicationCacheEnabled=true, takesScreenshot=true, version=46.0}]" type="java.lang.Error">java.lang.Error: Element is not currently visible and so may not be interacted with
Command duration or timeout: 60.03 seconds
Build info: version: &apos;2.53.1&apos;, revision: &apos;a36b8b1cd5757287168e54b817830adce9b0158d&apos;, time: &apos;2016-06-30 19:26:09&apos;
System info: host: &apos;G10CHLT003&apos;, ip: &apos;10.124.67.67&apos;, os.name: &apos;Windows 7&apos;, os.arch: &apos;amd64&apos;, os.version: &apos;6.1&apos;, java.version: &apos;1.7.0_80&apos;
Session ID: 6bd443fd-5fde-4c05-accf-be10faf0560c
Driver info: org.openqa.selenium.firefox.FirefoxDriver
Capabilities [{platform=WINDOWS, acceptSslCerts=true, javascriptEnabled=true, cssSelectorsEnabled=true, databaseEnabled=true, browserName=firefox, handlesAlerts=true, nativeEvents=false, webStorageEnabled=true, rotatable=false, locationContextEnabled=true, applicationCacheEnabled=true, takesScreenshot=true, version=46.0}]
	at sun.reflect.NativeConstructorAccessorImpl.newInstance0(Native Method)
	at sun.reflect.NativeConstructorAccessorImpl.newInstance(NativeConstructorAccessorImpl.java:57)
	at sun.reflect.DelegatingConstructorAccessorImpl.newInstance(DelegatingConstructorAccessorImpl.java:45)
	at java.lang.reflect.Constructor.newInstance(Constructor.java:526)
	at org.openqa.selenium.remote.ErrorHandler.createThrowable(ErrorHandler.java:206)
	at org.openqa.selenium.remote.ErrorHandler.throwIfResponseFailed(ErrorHandler.java:158)
	at org.openqa.selenium.remote.RemoteWebDriver.execute(RemoteWebDriver.java:678)
	at org.openqa.selenium.remote.RemoteWebElement.execute(RemoteWebElement.java:327)
	at org.openqa.selenium.remote.RemoteWebElement.click(RemoteWebElement.java:85)
	at com.arc.driver.CommonMethod.click(CommonMethod.java:176)
	at com.arc.ReusableMethods.ReusableMethodsSearch.VerifySearchedProgram(ReusableMethodsSearch.java:49)
	at com.arc.testcases.MyBuildings.LEED.PrerequisitesTextFileUploadTest.prerequisitesTextFileUpload(PrerequisitesTextFileUploadTest.java:36)
</failure>
    <system-out>prerequisitesTextFileUpload
id~load-menu
obj type: id
obj val: load-menu
id~load-menu
obj type: id
obj val: load-menu
id~load-menu
obj type: id
obj val: load-menu
id~edit-name
obj type: id
obj val: edit-name
id~edit-name
obj type: id
obj val: edit-name
id~edit-name
obj type: id
obj val: edit-name
id~edit-name
obj type: id
obj val: edit-name
id~edit-pass
obj type: id
obj val: edit-pass
id~edit-pass
obj type: id
obj val: edit-pass
id~edit-pass
obj type: id
obj val: edit-pass
id~edit-pass
obj type: id
obj val: edit-pass
id~edit-submit
obj type: id
obj val: edit-submit
id~edit-submit
obj type: id
obj val: edit-submit
id~edit-submit
obj type: id
obj val: edit-submit
xpath~//*[@class=&apos;page-title ng-scope&apos;]/span
obj type: xpath
obj val: //*[@class=&apos;page-title ng-scope&apos;]/span
xpath~(//input[@id=&apos;searchBar&apos;])[2]
obj type: xpath
obj val: (//input[@id=&apos;searchBar&apos;])[2]
xpath~(//input[@id=&apos;searchBar&apos;])[2]
obj type: xpath
obj val: (//input[@id=&apos;searchBar&apos;])[2]
xpath~(//input[@id=&apos;searchBar&apos;])[2]
obj type: xpath
obj val: (//input[@id=&apos;searchBar&apos;])[2]
xpath~(//input[@id=&apos;searchBar&apos;])[2]
obj type: xpath
obj val: (//input[@id=&apos;searchBar&apos;])[2]
xpath~(//input[@id=&apos;searchBar&apos;])[2]
obj type: xpath
obj val: (//input[@id=&apos;searchBar&apos;])[2]
xpath~(//input[@id=&apos;searchBar&apos;])[2]
obj type: xpath
obj val: (//input[@id=&apos;searchBar&apos;])[2]
xpath~(//div[@class=&quot;searchLabels ng-binding&quot;])[1]
obj type: xpath
obj val: (//div[@class=&quot;searchLabels ng-binding&quot;])[1]
xpath~(//div[@class=&quot;searchLabels ng-binding&quot;])[1]
obj type: xpath
obj val: (//div[@class=&quot;searchLabels ng-binding&quot;])[1]
Project (1 project)
xpath~(//div[@class=&quot;searchLabels ng-binding&quot;])[1]
obj type: xpath
obj val: (//div[@class=&quot;searchLabels ng-binding&quot;])[1]
xpath~(//div[@class=&quot;searchLabels ng-binding&quot;])[1]
obj type: xpath
obj val: (//div[@class=&quot;searchLabels ng-binding&quot;])[1]
xpath~(//td[@class=&apos;cursor-pointer vertical_align_middle&apos;])[3]
obj type: xpath
obj val: (//td[@class=&apos;cursor-pointer vertical_align_middle&apos;])[3]
xpath~(//td[@class=&apos;cursor-pointer vertical_align_middle&apos;])[3]
obj type: xpath
obj val: (//td[@class=&apos;cursor-pointer vertical_align_middle&apos;])[3]
xpath~(//td[@class=&apos;cursor-pointer vertical_align_middle&apos;])[3]
obj type: xpath
obj val: (//td[@class=&apos;cursor-pointer vertical_align_middle&apos;])[3]
xpath~(//input[@id=&apos;searchBar&apos;])[2]
obj type: xpath
obj val: (//input[@id=&apos;searchBar&apos;])[2]
xpath~(//input[@id=&apos;searchBar&apos;])[2]
obj type: xpath
obj val: (//input[@id=&apos;searchBar&apos;])[2]
xpath~(//input[@id=&apos;searchBar&apos;])[2]
obj type: xpath
obj val: (//input[@id=&apos;searchBar&apos;])[2]
xpath~(//input[@id=&apos;searchBar&apos;])[2]
obj type: xpath
obj val: (//input[@id=&apos;searchBar&apos;])[2]
xpath~(//input[@id=&apos;searchBar&apos;])[2]
obj type: xpath
obj val: (//input[@id=&apos;searchBar&apos;])[2]
xpath~(//input[@id=&apos;searchBar&apos;])[2]
obj type: xpath
obj val: (//input[@id=&apos;searchBar&apos;])[2]
xpath~(//div[@class=&quot;searchLabels ng-binding&quot;])[1]
obj type: xpath
obj val: (//div[@class=&quot;searchLabels ng-binding&quot;])[1]
xpath~(//div[@class=&quot;searchLabels ng-binding&quot;])[1]
obj type: xpath
obj val: (//div[@class=&quot;searchLabels ng-binding&quot;])[1]
Project (1 project)
xpath~(//div[@class=&quot;searchLabels ng-binding&quot;])[1]
obj type: xpath
obj val: (//div[@class=&quot;searchLabels ng-binding&quot;])[1]
xpath~(//div[@class=&quot;searchLabels ng-binding&quot;])[1]
obj type: xpath
obj val: (//div[@class=&quot;searchLabels ng-binding&quot;])[1]
xpath~(//td[@class=&apos;cursor-pointer vertical_align_middle&apos;])[3]
obj type: xpath
obj val: (//td[@class=&apos;cursor-pointer vertical_align_middle&apos;])[3]
xpath~(//td[@class=&apos;cursor-pointer vertical_align_middle&apos;])[3]
obj type: xpath
obj val: (//td[@class=&apos;cursor-pointer vertical_align_middle&apos;])[3]
xpath~(//td[@class=&apos;cursor-pointer vertical_align_middle&apos;])[3]
obj type: xpath
obj val: (//td[@class=&apos;cursor-pointer vertical_align_middle&apos;])[3]
xpath~(//div[@class=&quot;searchLabels ng-binding&quot;])[1]
obj type: xpath
obj val: (//div[@class=&quot;searchLabels ng-binding&quot;])[1]
xpath~(//div[@class=&quot;searchLabels ng-binding&quot;])[1]
obj type: xpath
obj val: (//div[@class=&quot;searchLabels ng-binding&quot;])[1]

xpath~(//td[@class=&apos;cursor-pointer vertical_align_middle&apos;])[3]
obj type: xpath
obj val: (//td[@class=&apos;cursor-pointer vertical_align_middle&apos;])[3]
Element is not currently visible and so may not be interacted with
Command duration or timeout: 60.03 seconds
Build info: version: &apos;2.53.1&apos;, revision: &apos;a36b8b1cd5757287168e54b817830adce9b0158d&apos;, time: &apos;2016-06-30 19:26:09&apos;
System info: host: &apos;G10CHLT003&apos;, ip: &apos;10.124.67.67&apos;, os.name: &apos;Windows 7&apos;, os.arch: &apos;amd64&apos;, os.version: &apos;6.1&apos;, java.version: &apos;1.7.0_80&apos;
Session ID: 6bd443fd-5fde-4c05-accf-be10faf0560c
Driver info: org.openqa.selenium.firefox.FirefoxDriver
Capabilities [{platform=WINDOWS, acceptSslCerts=true, javascriptEnabled=true, cssSelectorsEnabled=true, databaseEnabled=true, browserName=firefox, handlesAlerts=true, nativeEvents=false, webStorageEnabled=true, rotatable=false, locationContextEnabled=true, applicationCacheEnabled=true, takesScreenshot=true, version=46.0}]
</system-out>
  </testcase>
  <testcase time="397.864" classname="com.arc.testcases.MyBuildings.LEED.PrerequisitesAttemptTest" name="prerequisitesAttempt">
    <skipped/>
  </testcase>
  <testcase time="159.624" classname="com.arc.testcases.MyBuildings.LEED.EnergyMeterCreateTest" name="energyMeterCreate">
    <failure message="Element is not currently visible and so may not be interacted with
Command duration or timeout: 60.04 seconds
Build info: version: &apos;2.53.1&apos;, revision: &apos;a36b8b1cd5757287168e54b817830adce9b0158d&apos;, time: &apos;2016-06-30 19:26:09&apos;
System info: host: &apos;G10CHLT003&apos;, ip: &apos;10.124.67.67&apos;, os.name: &apos;Windows 7&apos;, os.arch: &apos;amd64&apos;, os.version: &apos;6.1&apos;, java.version: &apos;1.7.0_80&apos;
Session ID: c6ce9c27-0ac4-4d84-ab81-eaa005356e42
Driver info: org.openqa.selenium.firefox.FirefoxDriver
Capabilities [{platform=WINDOWS, acceptSslCerts=true, javascriptEnabled=true, cssSelectorsEnabled=true, databaseEnabled=true, browserName=firefox, handlesAlerts=true, nativeEvents=false, webStorageEnabled=true, rotatable=false, locationContextEnabled=true, applicationCacheEnabled=true, takesScreenshot=true, version=46.0}]" type="java.lang.Error">java.lang.Error: Element is not currently visible and so may not be interacted with
Command duration or timeout: 60.04 seconds
Build info: version: &apos;2.53.1&apos;, revision: &apos;a36b8b1cd5757287168e54b817830adce9b0158d&apos;, time: &apos;2016-06-30 19:26:09&apos;
System info: host: &apos;G10CHLT003&apos;, ip: &apos;10.124.67.67&apos;, os.name: &apos;Windows 7&apos;, os.arch: &apos;amd64&apos;, os.version: &apos;6.1&apos;, java.version: &apos;1.7.0_80&apos;
Session ID: c6ce9c27-0ac4-4d84-ab81-eaa005356e42
Driver info: org.openqa.selenium.firefox.FirefoxDriver
Capabilities [{platform=WINDOWS, acceptSslCerts=true, javascriptEnabled=true, cssSelectorsEnabled=true, databaseEnabled=true, browserName=firefox, handlesAlerts=true, nativeEvents=false, webStorageEnabled=true, rotatable=false, locationContextEnabled=true, applicationCacheEnabled=true, takesScreenshot=true, version=46.0}]
	at sun.reflect.NativeConstructorAccessorImpl.newInstance0(Native Method)
	at sun.reflect.NativeConstructorAccessorImpl.newInstance(NativeConstructorAccessorImpl.java:57)
	at sun.reflect.DelegatingConstructorAccessorImpl.newInstance(DelegatingConstructorAccessorImpl.java:45)
	at java.lang.reflect.Constructor.newInstance(Constructor.java:526)
	at org.openqa.selenium.remote.ErrorHandler.createThrowable(ErrorHandler.java:206)
	at org.openqa.selenium.remote.ErrorHandler.throwIfResponseFailed(ErrorHandler.java:158)
	at org.openqa.selenium.remote.RemoteWebDriver.execute(RemoteWebDriver.java:678)
	at org.openqa.selenium.remote.RemoteWebElement.execute(RemoteWebElement.java:327)
	at org.openqa.selenium.remote.RemoteWebElement.click(RemoteWebElement.java:85)
	at com.arc.driver.CommonMethod.click(CommonMethod.java:176)
	at com.arc.ReusableMethods.ReusableMethodsSearch.VerifySearchedProgram(ReusableMethodsSearch.java:49)
	at com.arc.testcases.MyBuildings.LEED.EnergyMeterCreateTest.energyMeterCreate(EnergyMeterCreateTest.java:33)
</failure>
    <system-out>energyMeterCreate
id~load-menu
obj type: id
obj val: load-menu
id~load-menu
obj type: id
obj val: load-menu
id~load-menu
obj type: id
obj val: load-menu
id~edit-name
obj type: id
obj val: edit-name
id~edit-name
obj type: id
obj val: edit-name
id~edit-name
obj type: id
obj val: edit-name
id~edit-name
obj type: id
obj val: edit-name
id~edit-pass
obj type: id
obj val: edit-pass
id~edit-pass
obj type: id
obj val: edit-pass
id~edit-pass
obj type: id
obj val: edit-pass
id~edit-pass
obj type: id
obj val: edit-pass
id~edit-submit
obj type: id
obj val: edit-submit
id~edit-submit
obj type: id
obj val: edit-submit
id~edit-submit
obj type: id
obj val: edit-submit
xpath~//*[@class=&apos;page-title ng-scope&apos;]/span
obj type: xpath
obj val: //*[@class=&apos;page-title ng-scope&apos;]/span
xpath~(//input[@id=&apos;searchBar&apos;])[2]
obj type: xpath
obj val: (//input[@id=&apos;searchBar&apos;])[2]
xpath~(//input[@id=&apos;searchBar&apos;])[2]
obj type: xpath
obj val: (//input[@id=&apos;searchBar&apos;])[2]
xpath~(//input[@id=&apos;searchBar&apos;])[2]
obj type: xpath
obj val: (//input[@id=&apos;searchBar&apos;])[2]
xpath~(//input[@id=&apos;searchBar&apos;])[2]
obj type: xpath
obj val: (//input[@id=&apos;searchBar&apos;])[2]
xpath~(//input[@id=&apos;searchBar&apos;])[2]
obj type: xpath
obj val: (//input[@id=&apos;searchBar&apos;])[2]
xpath~(//input[@id=&apos;searchBar&apos;])[2]
obj type: xpath
obj val: (//input[@id=&apos;searchBar&apos;])[2]
xpath~(//div[@class=&quot;searchLabels ng-binding&quot;])[1]
obj type: xpath
obj val: (//div[@class=&quot;searchLabels ng-binding&quot;])[1]
xpath~(//div[@class=&quot;searchLabels ng-binding&quot;])[1]
obj type: xpath
obj val: (//div[@class=&quot;searchLabels ng-binding&quot;])[1]
Project (1 project)
xpath~(//div[@class=&quot;searchLabels ng-binding&quot;])[1]
obj type: xpath
obj val: (//div[@class=&quot;searchLabels ng-binding&quot;])[1]
xpath~(//div[@class=&quot;searchLabels ng-binding&quot;])[1]
obj type: xpath
obj val: (//div[@class=&quot;searchLabels ng-binding&quot;])[1]
xpath~(//td[@class=&apos;cursor-pointer vertical_align_middle&apos;])[3]
obj type: xpath
obj val: (//td[@class=&apos;cursor-pointer vertical_align_middle&apos;])[3]
xpath~(//td[@class=&apos;cursor-pointer vertical_align_middle&apos;])[3]
obj type: xpath
obj val: (//td[@class=&apos;cursor-pointer vertical_align_middle&apos;])[3]
xpath~(//td[@class=&apos;cursor-pointer vertical_align_middle&apos;])[3]
obj type: xpath
obj val: (//td[@class=&apos;cursor-pointer vertical_align_middle&apos;])[3]
xpath~(//input[@id=&apos;searchBar&apos;])[2]
obj type: xpath
obj val: (//input[@id=&apos;searchBar&apos;])[2]
xpath~(//input[@id=&apos;searchBar&apos;])[2]
obj type: xpath
obj val: (//input[@id=&apos;searchBar&apos;])[2]
xpath~(//input[@id=&apos;searchBar&apos;])[2]
obj type: xpath
obj val: (//input[@id=&apos;searchBar&apos;])[2]
xpath~(//input[@id=&apos;searchBar&apos;])[2]
obj type: xpath
obj val: (//input[@id=&apos;searchBar&apos;])[2]
xpath~(//input[@id=&apos;searchBar&apos;])[2]
obj type: xpath
obj val: (//input[@id=&apos;searchBar&apos;])[2]
xpath~(//input[@id=&apos;searchBar&apos;])[2]
obj type: xpath
obj val: (//input[@id=&apos;searchBar&apos;])[2]
xpath~(//div[@class=&quot;searchLabels ng-binding&quot;])[1]
obj type: xpath
obj val: (//div[@class=&quot;searchLabels ng-binding&quot;])[1]
xpath~(//div[@class=&quot;searchLabels ng-binding&quot;])[1]
obj type: xpath
obj val: (//div[@class=&quot;searchLabels ng-binding&quot;])[1]
Project (1 project)
xpath~(//div[@class=&quot;searchLabels ng-binding&quot;])[1]
obj type: xpath
obj val: (//div[@class=&quot;searchLabels ng-binding&quot;])[1]
xpath~(//div[@class=&quot;searchLabels ng-binding&quot;])[1]
obj type: xpath
obj val: (//div[@class=&quot;searchLabels ng-binding&quot;])[1]
xpath~(//td[@class=&apos;cursor-pointer vertical_align_middle&apos;])[3]
obj type: xpath
obj val: (//td[@class=&apos;cursor-pointer vertical_align_middle&apos;])[3]
xpath~(//td[@class=&apos;cursor-pointer vertical_align_middle&apos;])[3]
obj type: xpath
obj val: (//td[@class=&apos;cursor-pointer vertical_align_middle&apos;])[3]
xpath~(//td[@class=&apos;cursor-pointer vertical_align_middle&apos;])[3]
obj type: xpath
obj val: (//td[@class=&apos;cursor-pointer vertical_align_middle&apos;])[3]
xpath~(//div[@class=&quot;searchLabels ng-binding&quot;])[1]
obj type: xpath
obj val: (//div[@class=&quot;searchLabels ng-binding&quot;])[1]
xpath~(//div[@class=&quot;searchLabels ng-binding&quot;])[1]
obj type: xpath
obj val: (//div[@class=&quot;searchLabels ng-binding&quot;])[1]

xpath~(//td[@class=&apos;cursor-pointer vertical_align_middle&apos;])[3]
obj type: xpath
obj val: (//td[@class=&apos;cursor-pointer vertical_align_middle&apos;])[3]
Element is not currently visible and so may not be interacted with
Command duration or timeout: 60.04 seconds
Build info: version: &apos;2.53.1&apos;, revision: &apos;a36b8b1cd5757287168e54b817830adce9b0158d&apos;, time: &apos;2016-06-30 19:26:09&apos;
System info: host: &apos;G10CHLT003&apos;, ip: &apos;10.124.67.67&apos;, os.name: &apos;Windows 7&apos;, os.arch: &apos;amd64&apos;, os.version: &apos;6.1&apos;, java.version: &apos;1.7.0_80&apos;
Session ID: c6ce9c27-0ac4-4d84-ab81-eaa005356e42
Driver info: org.openqa.selenium.firefox.FirefoxDriver
Capabilities [{platform=WINDOWS, acceptSslCerts=true, javascriptEnabled=true, cssSelectorsEnabled=true, databaseEnabled=true, browserName=firefox, handlesAlerts=true, nativeEvents=false, webStorageEnabled=true, rotatable=false, locationContextEnabled=true, applicationCacheEnabled=true, takesScreenshot=true, version=46.0}]
</system-out>
  </testcase>
  <testcase time="426.105" classname="com.arc.testcases.MyBuildings.LEED.OtherMeterCreateTest" name="energyOtherMeterCreate">
    <failure message="Element is not currently visible and so may not be interacted with
Command duration or timeout: 60.11 seconds
Build info: version: &apos;2.53.1&apos;, revision: &apos;a36b8b1cd5757287168e54b817830adce9b0158d&apos;, time: &apos;2016-06-30 19:26:09&apos;
System info: host: &apos;G10CHLT003&apos;, ip: &apos;10.124.67.67&apos;, os.name: &apos;Windows 7&apos;, os.arch: &apos;amd64&apos;, os.version: &apos;6.1&apos;, java.version: &apos;1.7.0_80&apos;
Session ID: 7b111245-7a98-4e9d-8843-6879070ead2f
Driver info: org.openqa.selenium.firefox.FirefoxDriver
Capabilities [{platform=WINDOWS, acceptSslCerts=true, javascriptEnabled=true, cssSelectorsEnabled=true, databaseEnabled=true, browserName=firefox, handlesAlerts=true, nativeEvents=false, webStorageEnabled=true, rotatable=false, locationContextEnabled=true, applicationCacheEnabled=true, takesScreenshot=true, version=46.0}]" type="java.lang.Error">java.lang.Error: Element is not currently visible and so may not be interacted with
Command duration or timeout: 60.11 seconds
Build info: version: &apos;2.53.1&apos;, revision: &apos;a36b8b1cd5757287168e54b817830adce9b0158d&apos;, time: &apos;2016-06-30 19:26:09&apos;
System info: host: &apos;G10CHLT003&apos;, ip: &apos;10.124.67.67&apos;, os.name: &apos;Windows 7&apos;, os.arch: &apos;amd64&apos;, os.version: &apos;6.1&apos;, java.version: &apos;1.7.0_80&apos;
Session ID: 7b111245-7a98-4e9d-8843-6879070ead2f
Driver info: org.openqa.selenium.firefox.FirefoxDriver
Capabilities [{platform=WINDOWS, acceptSslCerts=true, javascriptEnabled=true, cssSelectorsEnabled=true, databaseEnabled=true, browserName=firefox, handlesAlerts=true, nativeEvents=false, webStorageEnabled=true, rotatable=false, locationContextEnabled=true, applicationCacheEnabled=true, takesScreenshot=true, version=46.0}]
	at sun.reflect.NativeConstructorAccessorImpl.newInstance0(Native Method)
	at sun.reflect.NativeConstructorAccessorImpl.newInstance(NativeConstructorAccessorImpl.java:57)
	at sun.reflect.DelegatingConstructorAccessorImpl.newInstance(DelegatingConstructorAccessorImpl.java:45)
	at java.lang.reflect.Constructor.newInstance(Constructor.java:526)
	at org.openqa.selenium.remote.ErrorHandler.createThrowable(ErrorHandler.java:206)
	at org.openqa.selenium.remote.ErrorHandler.throwIfResponseFailed(ErrorHandler.java:158)
	at org.openqa.selenium.remote.RemoteWebDriver.execute(RemoteWebDriver.java:678)
	at org.openqa.selenium.remote.RemoteWebElement.execute(RemoteWebElement.java:327)
	at org.openqa.selenium.remote.RemoteWebElement.click(RemoteWebElement.java:85)
	at com.arc.driver.CommonMethod.click(CommonMethod.java:176)
	at com.arc.ReusableMethods.ReusableMethodsSearch.VerifySearchedProgram(ReusableMethodsSearch.java:49)
	at com.arc.testcases.MyBuildings.LEED.OtherMeterCreateTest.energyOtherMeterCreate(OtherMeterCreateTest.java:34)
</failure>
    <system-out>energyOtherMeterCreate
id~load-menu
obj type: id
obj val: load-menu
id~load-menu
obj type: id
obj val: load-menu
id~load-menu
obj type: id
obj val: load-menu
id~edit-name
obj type: id
obj val: edit-name
id~edit-name
obj type: id
obj val: edit-name
id~edit-name
obj type: id
obj val: edit-name
id~edit-name
obj type: id
obj val: edit-name
id~edit-pass
obj type: id
obj val: edit-pass
id~edit-pass
obj type: id
obj val: edit-pass
id~edit-pass
obj type: id
obj val: edit-pass
id~edit-pass
obj type: id
obj val: edit-pass
id~edit-submit
obj type: id
obj val: edit-submit
id~edit-submit
obj type: id
obj val: edit-submit
id~edit-submit
obj type: id
obj val: edit-submit
xpath~//*[@class=&apos;page-title ng-scope&apos;]/span
obj type: xpath
obj val: //*[@class=&apos;page-title ng-scope&apos;]/span
xpath~(//input[@id=&apos;searchBar&apos;])[2]
obj type: xpath
obj val: (//input[@id=&apos;searchBar&apos;])[2]
xpath~(//input[@id=&apos;searchBar&apos;])[2]
obj type: xpath
obj val: (//input[@id=&apos;searchBar&apos;])[2]
xpath~(//input[@id=&apos;searchBar&apos;])[2]
obj type: xpath
obj val: (//input[@id=&apos;searchBar&apos;])[2]
xpath~(//input[@id=&apos;searchBar&apos;])[2]
obj type: xpath
obj val: (//input[@id=&apos;searchBar&apos;])[2]
xpath~(//input[@id=&apos;searchBar&apos;])[2]
obj type: xpath
obj val: (//input[@id=&apos;searchBar&apos;])[2]
xpath~(//input[@id=&apos;searchBar&apos;])[2]
obj type: xpath
obj val: (//input[@id=&apos;searchBar&apos;])[2]
xpath~(//div[@class=&quot;searchLabels ng-binding&quot;])[1]
obj type: xpath
obj val: (//div[@class=&quot;searchLabels ng-binding&quot;])[1]
xpath~(//div[@class=&quot;searchLabels ng-binding&quot;])[1]
obj type: xpath
obj val: (//div[@class=&quot;searchLabels ng-binding&quot;])[1]
Project (1 project)
xpath~(//div[@class=&quot;searchLabels ng-binding&quot;])[1]
obj type: xpath
obj val: (//div[@class=&quot;searchLabels ng-binding&quot;])[1]
xpath~(//div[@class=&quot;searchLabels ng-binding&quot;])[1]
obj type: xpath
obj val: (//div[@class=&quot;searchLabels ng-binding&quot;])[1]
xpath~(//td[@class=&apos;cursor-pointer vertical_align_middle&apos;])[3]
obj type: xpath
obj val: (//td[@class=&apos;cursor-pointer vertical_align_middle&apos;])[3]
xpath~(//td[@class=&apos;cursor-pointer vertical_align_middle&apos;])[3]
obj type: xpath
obj val: (//td[@class=&apos;cursor-pointer vertical_align_middle&apos;])[3]
xpath~(//td[@class=&apos;cursor-pointer vertical_align_middle&apos;])[3]
obj type: xpath
obj val: (//td[@class=&apos;cursor-pointer vertical_align_middle&apos;])[3]
xpath~(//input[@id=&apos;searchBar&apos;])[2]
obj type: xpath
obj val: (//input[@id=&apos;searchBar&apos;])[2]
xpath~(//input[@id=&apos;searchBar&apos;])[2]
obj type: xpath
obj val: (//input[@id=&apos;searchBar&apos;])[2]
xpath~(//input[@id=&apos;searchBar&apos;])[2]
obj type: xpath
obj val: (//input[@id=&apos;searchBar&apos;])[2]
xpath~(//input[@id=&apos;searchBar&apos;])[2]
obj type: xpath
obj val: (//input[@id=&apos;searchBar&apos;])[2]
xpath~(//input[@id=&apos;searchBar&apos;])[2]
obj type: xpath
obj val: (//input[@id=&apos;searchBar&apos;])[2]
xpath~(//input[@id=&apos;searchBar&apos;])[2]
obj type: xpath
obj val: (//input[@id=&apos;searchBar&apos;])[2]
xpath~(//div[@class=&quot;searchLabels ng-binding&quot;])[1]
obj type: xpath
obj val: (//div[@class=&quot;searchLabels ng-binding&quot;])[1]
xpath~(//div[@class=&quot;searchLabels ng-binding&quot;])[1]
obj type: xpath
obj val: (//div[@class=&quot;searchLabels ng-binding&quot;])[1]
Project (1 project)
xpath~(//div[@class=&quot;searchLabels ng-binding&quot;])[1]
obj type: xpath
obj val: (//div[@class=&quot;searchLabels ng-binding&quot;])[1]
xpath~(//div[@class=&quot;searchLabels ng-binding&quot;])[1]
obj type: xpath
obj val: (//div[@class=&quot;searchLabels ng-binding&quot;])[1]
xpath~(//td[@class=&apos;cursor-pointer vertical_align_middle&apos;])[3]
obj type: xpath
obj val: (//td[@class=&apos;cursor-pointer vertical_align_middle&apos;])[3]
xpath~(//td[@class=&apos;cursor-pointer vertical_align_middle&apos;])[3]
obj type: xpath
obj val: (//td[@class=&apos;cursor-pointer vertical_align_middle&apos;])[3]
xpath~(//td[@class=&apos;cursor-pointer vertical_align_middle&apos;])[3]
obj type: xpath
obj val: (//td[@class=&apos;cursor-pointer vertical_align_middle&apos;])[3]
xpath~(//div[@class=&quot;searchLabels ng-binding&quot;])[1]
obj type: xpath
obj val: (//div[@class=&quot;searchLabels ng-binding&quot;])[1]
xpath~(//div[@class=&quot;searchLabels ng-binding&quot;])[1]
obj type: xpath
obj val: (//div[@class=&quot;searchLabels ng-binding&quot;])[1]

xpath~(//td[@class=&apos;cursor-pointer vertical_align_middle&apos;])[3]
obj type: xpath
obj val: (//td[@class=&apos;cursor-pointer vertical_align_middle&apos;])[3]
Element is not currently visible and so may not be interacted with
Command duration or timeout: 60.11 seconds
Build info: version: &apos;2.53.1&apos;, revision: &apos;a36b8b1cd5757287168e54b817830adce9b0158d&apos;, time: &apos;2016-06-30 19:26:09&apos;
System info: host: &apos;G10CHLT003&apos;, ip: &apos;10.124.67.67&apos;, os.name: &apos;Windows 7&apos;, os.arch: &apos;amd64&apos;, os.version: &apos;6.1&apos;, java.version: &apos;1.7.0_80&apos;
Session ID: 7b111245-7a98-4e9d-8843-6879070ead2f
Driver info: org.openqa.selenium.firefox.FirefoxDriver
Capabilities [{platform=WINDOWS, acceptSslCerts=true, javascriptEnabled=true, cssSelectorsEnabled=true, databaseEnabled=true, browserName=firefox, handlesAlerts=true, nativeEvents=false, webStorageEnabled=true, rotatable=false, locationContextEnabled=true, applicationCacheEnabled=true, takesScreenshot=true, version=46.0}]
</system-out>
  </testcase>
  <testcase time="374.63" classname="com.arc.testcases.MyBuildings.LEED.WaterMeterCreateTest" name="waterMeterCreate">
    <failure message="Element is not currently visible and so may not be interacted with
Command duration or timeout: 60.06 seconds
Build info: version: &apos;2.53.1&apos;, revision: &apos;a36b8b1cd5757287168e54b817830adce9b0158d&apos;, time: &apos;2016-06-30 19:26:09&apos;
System info: host: &apos;G10CHLT003&apos;, ip: &apos;10.124.67.67&apos;, os.name: &apos;Windows 7&apos;, os.arch: &apos;amd64&apos;, os.version: &apos;6.1&apos;, java.version: &apos;1.7.0_80&apos;
Session ID: 9721228f-a092-4bc3-9104-1dd6f44afb3e
Driver info: org.openqa.selenium.firefox.FirefoxDriver
Capabilities [{platform=WINDOWS, acceptSslCerts=true, javascriptEnabled=true, cssSelectorsEnabled=true, databaseEnabled=true, browserName=firefox, handlesAlerts=true, nativeEvents=false, webStorageEnabled=true, rotatable=false, locationContextEnabled=true, applicationCacheEnabled=true, takesScreenshot=true, version=46.0}]" type="java.lang.Error">java.lang.Error: Element is not currently visible and so may not be interacted with
Command duration or timeout: 60.06 seconds
Build info: version: &apos;2.53.1&apos;, revision: &apos;a36b8b1cd5757287168e54b817830adce9b0158d&apos;, time: &apos;2016-06-30 19:26:09&apos;
System info: host: &apos;G10CHLT003&apos;, ip: &apos;10.124.67.67&apos;, os.name: &apos;Windows 7&apos;, os.arch: &apos;amd64&apos;, os.version: &apos;6.1&apos;, java.version: &apos;1.7.0_80&apos;
Session ID: 9721228f-a092-4bc3-9104-1dd6f44afb3e
Driver info: org.openqa.selenium.firefox.FirefoxDriver
Capabilities [{platform=WINDOWS, acceptSslCerts=true, javascriptEnabled=true, cssSelectorsEnabled=true, databaseEnabled=true, browserName=firefox, handlesAlerts=true, nativeEvents=false, webStorageEnabled=true, rotatable=false, locationContextEnabled=true, applicationCacheEnabled=true, takesScreenshot=true, version=46.0}]
	at sun.reflect.NativeConstructorAccessorImpl.newInstance0(Native Method)
	at sun.reflect.NativeConstructorAccessorImpl.newInstance(NativeConstructorAccessorImpl.java:57)
	at sun.reflect.DelegatingConstructorAccessorImpl.newInstance(DelegatingConstructorAccessorImpl.java:45)
	at java.lang.reflect.Constructor.newInstance(Constructor.java:526)
	at org.openqa.selenium.remote.ErrorHandler.createThrowable(ErrorHandler.java:206)
	at org.openqa.selenium.remote.ErrorHandler.throwIfResponseFailed(ErrorHandler.java:158)
	at org.openqa.selenium.remote.RemoteWebDriver.execute(RemoteWebDriver.java:678)
	at org.openqa.selenium.remote.RemoteWebElement.execute(RemoteWebElement.java:327)
	at org.openqa.selenium.remote.RemoteWebElement.click(RemoteWebElement.java:85)
	at com.arc.driver.CommonMethod.click(CommonMethod.java:176)
	at com.arc.ReusableMethods.ReusableMethodsSearch.VerifySearchedProgram(ReusableMethodsSearch.java:49)
	at com.arc.testcases.MyBuildings.LEED.WaterMeterCreateTest.waterMeterCreate(WaterMeterCreateTest.java:37)
</failure>
    <system-out>waterMeterCreate
id~load-menu
obj type: id
obj val: load-menu
id~load-menu
obj type: id
obj val: load-menu
id~load-menu
obj type: id
obj val: load-menu
id~edit-name
obj type: id
obj val: edit-name
id~edit-name
obj type: id
obj val: edit-name
id~edit-name
obj type: id
obj val: edit-name
id~edit-name
obj type: id
obj val: edit-name
id~edit-pass
obj type: id
obj val: edit-pass
id~edit-pass
obj type: id
obj val: edit-pass
id~edit-pass
obj type: id
obj val: edit-pass
id~edit-pass
obj type: id
obj val: edit-pass
id~edit-submit
obj type: id
obj val: edit-submit
id~edit-submit
obj type: id
obj val: edit-submit
id~edit-submit
obj type: id
obj val: edit-submit
xpath~//*[@class=&apos;page-title ng-scope&apos;]/span
obj type: xpath
obj val: //*[@class=&apos;page-title ng-scope&apos;]/span
xpath~(//input[@id=&apos;searchBar&apos;])[2]
obj type: xpath
obj val: (//input[@id=&apos;searchBar&apos;])[2]
xpath~(//input[@id=&apos;searchBar&apos;])[2]
obj type: xpath
obj val: (//input[@id=&apos;searchBar&apos;])[2]
xpath~(//input[@id=&apos;searchBar&apos;])[2]
obj type: xpath
obj val: (//input[@id=&apos;searchBar&apos;])[2]
xpath~(//input[@id=&apos;searchBar&apos;])[2]
obj type: xpath
obj val: (//input[@id=&apos;searchBar&apos;])[2]
xpath~(//input[@id=&apos;searchBar&apos;])[2]
obj type: xpath
obj val: (//input[@id=&apos;searchBar&apos;])[2]
xpath~(//input[@id=&apos;searchBar&apos;])[2]
obj type: xpath
obj val: (//input[@id=&apos;searchBar&apos;])[2]
xpath~(//div[@class=&quot;searchLabels ng-binding&quot;])[1]
obj type: xpath
obj val: (//div[@class=&quot;searchLabels ng-binding&quot;])[1]
xpath~(//div[@class=&quot;searchLabels ng-binding&quot;])[1]
obj type: xpath
obj val: (//div[@class=&quot;searchLabels ng-binding&quot;])[1]
Project (1 project)
xpath~(//div[@class=&quot;searchLabels ng-binding&quot;])[1]
obj type: xpath
obj val: (//div[@class=&quot;searchLabels ng-binding&quot;])[1]
xpath~(//div[@class=&quot;searchLabels ng-binding&quot;])[1]
obj type: xpath
obj val: (//div[@class=&quot;searchLabels ng-binding&quot;])[1]
xpath~(//td[@class=&apos;cursor-pointer vertical_align_middle&apos;])[3]
obj type: xpath
obj val: (//td[@class=&apos;cursor-pointer vertical_align_middle&apos;])[3]
xpath~(//td[@class=&apos;cursor-pointer vertical_align_middle&apos;])[3]
obj type: xpath
obj val: (//td[@class=&apos;cursor-pointer vertical_align_middle&apos;])[3]
xpath~(//td[@class=&apos;cursor-pointer vertical_align_middle&apos;])[3]
obj type: xpath
obj val: (//td[@class=&apos;cursor-pointer vertical_align_middle&apos;])[3]
xpath~(//input[@id=&apos;searchBar&apos;])[2]
obj type: xpath
obj val: (//input[@id=&apos;searchBar&apos;])[2]
xpath~(//input[@id=&apos;searchBar&apos;])[2]
obj type: xpath
obj val: (//input[@id=&apos;searchBar&apos;])[2]
xpath~(//input[@id=&apos;searchBar&apos;])[2]
obj type: xpath
obj val: (//input[@id=&apos;searchBar&apos;])[2]
xpath~(//input[@id=&apos;searchBar&apos;])[2]
obj type: xpath
obj val: (//input[@id=&apos;searchBar&apos;])[2]
xpath~(//input[@id=&apos;searchBar&apos;])[2]
obj type: xpath
obj val: (//input[@id=&apos;searchBar&apos;])[2]
xpath~(//input[@id=&apos;searchBar&apos;])[2]
obj type: xpath
obj val: (//input[@id=&apos;searchBar&apos;])[2]
xpath~(//div[@class=&quot;searchLabels ng-binding&quot;])[1]
obj type: xpath
obj val: (//div[@class=&quot;searchLabels ng-binding&quot;])[1]
xpath~(//div[@class=&quot;searchLabels ng-binding&quot;])[1]
obj type: xpath
obj val: (//div[@class=&quot;searchLabels ng-binding&quot;])[1]
Project (1 project)
xpath~(//div[@class=&quot;searchLabels ng-binding&quot;])[1]
obj type: xpath
obj val: (//div[@class=&quot;searchLabels ng-binding&quot;])[1]
xpath~(//div[@class=&quot;searchLabels ng-binding&quot;])[1]
obj type: xpath
obj val: (//div[@class=&quot;searchLabels ng-binding&quot;])[1]
xpath~(//td[@class=&apos;cursor-pointer vertical_align_middle&apos;])[3]
obj type: xpath
obj val: (//td[@class=&apos;cursor-pointer vertical_align_middle&apos;])[3]
xpath~(//td[@class=&apos;cursor-pointer vertical_align_middle&apos;])[3]
obj type: xpath
obj val: (//td[@class=&apos;cursor-pointer vertical_align_middle&apos;])[3]
xpath~(//td[@class=&apos;cursor-pointer vertical_align_middle&apos;])[3]
obj type: xpath
obj val: (//td[@class=&apos;cursor-pointer vertical_align_middle&apos;])[3]
xpath~(//div[@class=&quot;searchLabels ng-binding&quot;])[1]
obj type: xpath
obj val: (//div[@class=&quot;searchLabels ng-binding&quot;])[1]
xpath~(//div[@class=&quot;searchLabels ng-binding&quot;])[1]
obj type: xpath
obj val: (//div[@class=&quot;searchLabels ng-binding&quot;])[1]

xpath~(//td[@class=&apos;cursor-pointer vertical_align_middle&apos;])[3]
obj type: xpath
obj val: (//td[@class=&apos;cursor-pointer vertical_align_middle&apos;])[3]
Element is not currently visible and so may not be interacted with
Command duration or timeout: 60.06 seconds
Build info: version: &apos;2.53.1&apos;, revision: &apos;a36b8b1cd5757287168e54b817830adce9b0158d&apos;, time: &apos;2016-06-30 19:26:09&apos;
System info: host: &apos;G10CHLT003&apos;, ip: &apos;10.124.67.67&apos;, os.name: &apos;Windows 7&apos;, os.arch: &apos;amd64&apos;, os.version: &apos;6.1&apos;, java.version: &apos;1.7.0_80&apos;
Session ID: 9721228f-a092-4bc3-9104-1dd6f44afb3e
Driver info: org.openqa.selenium.firefox.FirefoxDriver
Capabilities [{platform=WINDOWS, acceptSslCerts=true, javascriptEnabled=true, cssSelectorsEnabled=true, databaseEnabled=true, browserName=firefox, handlesAlerts=true, nativeEvents=false, webStorageEnabled=true, rotatable=false, locationContextEnabled=true, applicationCacheEnabled=true, takesScreenshot=true, version=46.0}]
</system-out>
  </testcase>
  <testcase time="108.734" classname="com.arc.testcases.MyBuildings.LEED.WasteMeterCreateTest" name="wasteMeterCreate">
    <failure message="Element is not currently visible and so may not be interacted with
Command duration or timeout: 60.06 seconds
Build info: version: &apos;2.53.1&apos;, revision: &apos;a36b8b1cd5757287168e54b817830adce9b0158d&apos;, time: &apos;2016-06-30 19:26:09&apos;
System info: host: &apos;G10CHLT003&apos;, ip: &apos;10.124.67.67&apos;, os.name: &apos;Windows 7&apos;, os.arch: &apos;amd64&apos;, os.version: &apos;6.1&apos;, java.version: &apos;1.7.0_80&apos;
Session ID: b8e9fe60-f28d-41e7-b4c0-827ed84791a9
Driver info: org.openqa.selenium.firefox.FirefoxDriver
Capabilities [{platform=WINDOWS, acceptSslCerts=true, javascriptEnabled=true, cssSelectorsEnabled=true, databaseEnabled=true, browserName=firefox, handlesAlerts=true, nativeEvents=false, webStorageEnabled=true, rotatable=false, locationContextEnabled=true, applicationCacheEnabled=true, takesScreenshot=true, version=46.0}]" type="java.lang.Error">java.lang.Error: Element is not currently visible and so may not be interacted with
Command duration or timeout: 60.06 seconds
Build info: version: &apos;2.53.1&apos;, revision: &apos;a36b8b1cd5757287168e54b817830adce9b0158d&apos;, time: &apos;2016-06-30 19:26:09&apos;
System info: host: &apos;G10CHLT003&apos;, ip: &apos;10.124.67.67&apos;, os.name: &apos;Windows 7&apos;, os.arch: &apos;amd64&apos;, os.version: &apos;6.1&apos;, java.version: &apos;1.7.0_80&apos;
Session ID: b8e9fe60-f28d-41e7-b4c0-827ed84791a9
Driver info: org.openqa.selenium.firefox.FirefoxDriver
Capabilities [{platform=WINDOWS, acceptSslCerts=true, javascriptEnabled=true, cssSelectorsEnabled=true, databaseEnabled=true, browserName=firefox, handlesAlerts=true, nativeEvents=false, webStorageEnabled=true, rotatable=false, locationContextEnabled=true, applicationCacheEnabled=true, takesScreenshot=true, version=46.0}]
	at sun.reflect.NativeConstructorAccessorImpl.newInstance0(Native Method)
	at sun.reflect.NativeConstructorAccessorImpl.newInstance(NativeConstructorAccessorImpl.java:57)
	at sun.reflect.DelegatingConstructorAccessorImpl.newInstance(DelegatingConstructorAccessorImpl.java:45)
	at java.lang.reflect.Constructor.newInstance(Constructor.java:526)
	at org.openqa.selenium.remote.ErrorHandler.createThrowable(ErrorHandler.java:206)
	at org.openqa.selenium.remote.ErrorHandler.throwIfResponseFailed(ErrorHandler.java:158)
	at org.openqa.selenium.remote.RemoteWebDriver.execute(RemoteWebDriver.java:678)
	at org.openqa.selenium.remote.RemoteWebElement.execute(RemoteWebElement.java:327)
	at org.openqa.selenium.remote.RemoteWebElement.click(RemoteWebElement.java:85)
	at com.arc.driver.CommonMethod.click(CommonMethod.java:176)
	at com.arc.ReusableMethods.ReusableMethodsSearch.VerifySearchedProgram(ReusableMethodsSearch.java:49)
	at com.arc.testcases.MyBuildings.LEED.WasteMeterCreateTest.wasteMeterCreate(WasteMeterCreateTest.java:36)
</failure>
    <system-out>wasteMeterCreate
id~load-menu
obj type: id
obj val: load-menu
id~load-menu
obj type: id
obj val: load-menu
id~load-menu
obj type: id
obj val: load-menu
id~edit-name
obj type: id
obj val: edit-name
id~edit-name
obj type: id
obj val: edit-name
id~edit-name
obj type: id
obj val: edit-name
id~edit-name
obj type: id
obj val: edit-name
id~edit-pass
obj type: id
obj val: edit-pass
id~edit-pass
obj type: id
obj val: edit-pass
id~edit-pass
obj type: id
obj val: edit-pass
id~edit-pass
obj type: id
obj val: edit-pass
id~edit-submit
obj type: id
obj val: edit-submit
id~edit-submit
obj type: id
obj val: edit-submit
id~edit-submit
obj type: id
obj val: edit-submit
xpath~//*[@class=&apos;page-title ng-scope&apos;]/span
obj type: xpath
obj val: //*[@class=&apos;page-title ng-scope&apos;]/span
xpath~(//input[@id=&apos;searchBar&apos;])[2]
obj type: xpath
obj val: (//input[@id=&apos;searchBar&apos;])[2]
xpath~(//input[@id=&apos;searchBar&apos;])[2]
obj type: xpath
obj val: (//input[@id=&apos;searchBar&apos;])[2]
xpath~(//input[@id=&apos;searchBar&apos;])[2]
obj type: xpath
obj val: (//input[@id=&apos;searchBar&apos;])[2]
xpath~(//input[@id=&apos;searchBar&apos;])[2]
obj type: xpath
obj val: (//input[@id=&apos;searchBar&apos;])[2]
xpath~(//input[@id=&apos;searchBar&apos;])[2]
obj type: xpath
obj val: (//input[@id=&apos;searchBar&apos;])[2]
xpath~(//input[@id=&apos;searchBar&apos;])[2]
obj type: xpath
obj val: (//input[@id=&apos;searchBar&apos;])[2]
xpath~(//div[@class=&quot;searchLabels ng-binding&quot;])[1]
obj type: xpath
obj val: (//div[@class=&quot;searchLabels ng-binding&quot;])[1]
xpath~(//div[@class=&quot;searchLabels ng-binding&quot;])[1]
obj type: xpath
obj val: (//div[@class=&quot;searchLabels ng-binding&quot;])[1]
Project (1 project)
xpath~(//div[@class=&quot;searchLabels ng-binding&quot;])[1]
obj type: xpath
obj val: (//div[@class=&quot;searchLabels ng-binding&quot;])[1]
xpath~(//div[@class=&quot;searchLabels ng-binding&quot;])[1]
obj type: xpath
obj val: (//div[@class=&quot;searchLabels ng-binding&quot;])[1]
xpath~(//td[@class=&apos;cursor-pointer vertical_align_middle&apos;])[3]
obj type: xpath
obj val: (//td[@class=&apos;cursor-pointer vertical_align_middle&apos;])[3]
xpath~(//td[@class=&apos;cursor-pointer vertical_align_middle&apos;])[3]
obj type: xpath
obj val: (//td[@class=&apos;cursor-pointer vertical_align_middle&apos;])[3]
xpath~(//td[@class=&apos;cursor-pointer vertical_align_middle&apos;])[3]
obj type: xpath
obj val: (//td[@class=&apos;cursor-pointer vertical_align_middle&apos;])[3]
xpath~(//input[@id=&apos;searchBar&apos;])[2]
obj type: xpath
obj val: (//input[@id=&apos;searchBar&apos;])[2]
xpath~(//input[@id=&apos;searchBar&apos;])[2]
obj type: xpath
obj val: (//input[@id=&apos;searchBar&apos;])[2]
xpath~(//input[@id=&apos;searchBar&apos;])[2]
obj type: xpath
obj val: (//input[@id=&apos;searchBar&apos;])[2]
xpath~(//input[@id=&apos;searchBar&apos;])[2]
obj type: xpath
obj val: (//input[@id=&apos;searchBar&apos;])[2]
xpath~(//input[@id=&apos;searchBar&apos;])[2]
obj type: xpath
obj val: (//input[@id=&apos;searchBar&apos;])[2]
xpath~(//input[@id=&apos;searchBar&apos;])[2]
obj type: xpath
obj val: (//input[@id=&apos;searchBar&apos;])[2]
xpath~(//div[@class=&quot;searchLabels ng-binding&quot;])[1]
obj type: xpath
obj val: (//div[@class=&quot;searchLabels ng-binding&quot;])[1]
xpath~(//div[@class=&quot;searchLabels ng-binding&quot;])[1]
obj type: xpath
obj val: (//div[@class=&quot;searchLabels ng-binding&quot;])[1]
Project (1 project)
xpath~(//div[@class=&quot;searchLabels ng-binding&quot;])[1]
obj type: xpath
obj val: (//div[@class=&quot;searchLabels ng-binding&quot;])[1]
xpath~(//div[@class=&quot;searchLabels ng-binding&quot;])[1]
obj type: xpath
obj val: (//div[@class=&quot;searchLabels ng-binding&quot;])[1]
xpath~(//td[@class=&apos;cursor-pointer vertical_align_middle&apos;])[3]
obj type: xpath
obj val: (//td[@class=&apos;cursor-pointer vertical_align_middle&apos;])[3]
xpath~(//td[@class=&apos;cursor-pointer vertical_align_middle&apos;])[3]
obj type: xpath
obj val: (//td[@class=&apos;cursor-pointer vertical_align_middle&apos;])[3]
xpath~(//td[@class=&apos;cursor-pointer vertical_align_middle&apos;])[3]
obj type: xpath
obj val: (//td[@class=&apos;cursor-pointer vertical_align_middle&apos;])[3]
xpath~(//div[@class=&quot;searchLabels ng-binding&quot;])[1]
obj type: xpath
obj val: (//div[@class=&quot;searchLabels ng-binding&quot;])[1]
xpath~(//div[@class=&quot;searchLabels ng-binding&quot;])[1]
obj type: xpath
obj val: (//div[@class=&quot;searchLabels ng-binding&quot;])[1]

xpath~(//td[@class=&apos;cursor-pointer vertical_align_middle&apos;])[3]
obj type: xpath
obj val: (//td[@class=&apos;cursor-pointer vertical_align_middle&apos;])[3]
Element is not currently visible and so may not be interacted with
Command duration or timeout: 60.06 seconds
Build info: version: &apos;2.53.1&apos;, revision: &apos;a36b8b1cd5757287168e54b817830adce9b0158d&apos;, time: &apos;2016-06-30 19:26:09&apos;
System info: host: &apos;G10CHLT003&apos;, ip: &apos;10.124.67.67&apos;, os.name: &apos;Windows 7&apos;, os.arch: &apos;amd64&apos;, os.version: &apos;6.1&apos;, java.version: &apos;1.7.0_80&apos;
Session ID: b8e9fe60-f28d-41e7-b4c0-827ed84791a9
Driver info: org.openqa.selenium.firefox.FirefoxDriver
Capabilities [{platform=WINDOWS, acceptSslCerts=true, javascriptEnabled=true, cssSelectorsEnabled=true, databaseEnabled=true, browserName=firefox, handlesAlerts=true, nativeEvents=false, webStorageEnabled=true, rotatable=false, locationContextEnabled=true, applicationCacheEnabled=true, takesScreenshot=true, version=46.0}]
</system-out>
  </testcase>
  <testcase time="106.076" classname="com.arc.testcases.MyBuildings.LEED.EnergyFileUploadTest" name="energyFileUpload">
    <failure message="Element is not currently visible and so may not be interacted with
Command duration or timeout: 60.07 seconds
Build info: version: &apos;2.53.1&apos;, revision: &apos;a36b8b1cd5757287168e54b817830adce9b0158d&apos;, time: &apos;2016-06-30 19:26:09&apos;
System info: host: &apos;G10CHLT003&apos;, ip: &apos;10.124.67.67&apos;, os.name: &apos;Windows 7&apos;, os.arch: &apos;amd64&apos;, os.version: &apos;6.1&apos;, java.version: &apos;1.7.0_80&apos;
Session ID: 3bf405d4-a886-438b-8400-9d70a4b97602
Driver info: org.openqa.selenium.firefox.FirefoxDriver
Capabilities [{platform=WINDOWS, acceptSslCerts=true, javascriptEnabled=true, cssSelectorsEnabled=true, databaseEnabled=true, browserName=firefox, handlesAlerts=true, nativeEvents=false, webStorageEnabled=true, rotatable=false, locationContextEnabled=true, applicationCacheEnabled=true, takesScreenshot=true, version=46.0}]" type="java.lang.Error">java.lang.Error: Element is not currently visible and so may not be interacted with
Command duration or timeout: 60.07 seconds
Build info: version: &apos;2.53.1&apos;, revision: &apos;a36b8b1cd5757287168e54b817830adce9b0158d&apos;, time: &apos;2016-06-30 19:26:09&apos;
System info: host: &apos;G10CHLT003&apos;, ip: &apos;10.124.67.67&apos;, os.name: &apos;Windows 7&apos;, os.arch: &apos;amd64&apos;, os.version: &apos;6.1&apos;, java.version: &apos;1.7.0_80&apos;
Session ID: 3bf405d4-a886-438b-8400-9d70a4b97602
Driver info: org.openqa.selenium.firefox.FirefoxDriver
Capabilities [{platform=WINDOWS, acceptSslCerts=true, javascriptEnabled=true, cssSelectorsEnabled=true, databaseEnabled=true, browserName=firefox, handlesAlerts=true, nativeEvents=false, webStorageEnabled=true, rotatable=false, locationContextEnabled=true, applicationCacheEnabled=true, takesScreenshot=true, version=46.0}]
	at sun.reflect.NativeConstructorAccessorImpl.newInstance0(Native Method)
	at sun.reflect.NativeConstructorAccessorImpl.newInstance(NativeConstructorAccessorImpl.java:57)
	at sun.reflect.DelegatingConstructorAccessorImpl.newInstance(DelegatingConstructorAccessorImpl.java:45)
	at java.lang.reflect.Constructor.newInstance(Constructor.java:526)
	at org.openqa.selenium.remote.ErrorHandler.createThrowable(ErrorHandler.java:206)
	at org.openqa.selenium.remote.ErrorHandler.throwIfResponseFailed(ErrorHandler.java:158)
	at org.openqa.selenium.remote.RemoteWebDriver.execute(RemoteWebDriver.java:678)
	at org.openqa.selenium.remote.RemoteWebElement.execute(RemoteWebElement.java:327)
	at org.openqa.selenium.remote.RemoteWebElement.click(RemoteWebElement.java:85)
	at com.arc.driver.CommonMethod.click(CommonMethod.java:176)
	at com.arc.ReusableMethods.ReusableMethodsSearch.VerifySearchedProgram(ReusableMethodsSearch.java:49)
	at com.arc.testcases.MyBuildings.LEED.EnergyFileUploadTest.energyFileUpload(EnergyFileUploadTest.java:34)
</failure>
    <system-out>energyFileUpload
id~load-menu
obj type: id
obj val: load-menu
id~load-menu
obj type: id
obj val: load-menu
id~load-menu
obj type: id
obj val: load-menu
id~edit-name
obj type: id
obj val: edit-name
id~edit-name
obj type: id
obj val: edit-name
id~edit-name
obj type: id
obj val: edit-name
id~edit-name
obj type: id
obj val: edit-name
id~edit-pass
obj type: id
obj val: edit-pass
id~edit-pass
obj type: id
obj val: edit-pass
id~edit-pass
obj type: id
obj val: edit-pass
id~edit-pass
obj type: id
obj val: edit-pass
id~edit-submit
obj type: id
obj val: edit-submit
id~edit-submit
obj type: id
obj val: edit-submit
id~edit-submit
obj type: id
obj val: edit-submit
xpath~//*[@class=&apos;page-title ng-scope&apos;]/span
obj type: xpath
obj val: //*[@class=&apos;page-title ng-scope&apos;]/span
xpath~(//input[@id=&apos;searchBar&apos;])[2]
obj type: xpath
obj val: (//input[@id=&apos;searchBar&apos;])[2]
xpath~(//input[@id=&apos;searchBar&apos;])[2]
obj type: xpath
obj val: (//input[@id=&apos;searchBar&apos;])[2]
xpath~(//input[@id=&apos;searchBar&apos;])[2]
obj type: xpath
obj val: (//input[@id=&apos;searchBar&apos;])[2]
xpath~(//input[@id=&apos;searchBar&apos;])[2]
obj type: xpath
obj val: (//input[@id=&apos;searchBar&apos;])[2]
xpath~(//input[@id=&apos;searchBar&apos;])[2]
obj type: xpath
obj val: (//input[@id=&apos;searchBar&apos;])[2]
xpath~(//input[@id=&apos;searchBar&apos;])[2]
obj type: xpath
obj val: (//input[@id=&apos;searchBar&apos;])[2]
xpath~(//div[@class=&quot;searchLabels ng-binding&quot;])[1]
obj type: xpath
obj val: (//div[@class=&quot;searchLabels ng-binding&quot;])[1]
xpath~(//div[@class=&quot;searchLabels ng-binding&quot;])[1]
obj type: xpath
obj val: (//div[@class=&quot;searchLabels ng-binding&quot;])[1]
Project (1 project)
xpath~(//div[@class=&quot;searchLabels ng-binding&quot;])[1]
obj type: xpath
obj val: (//div[@class=&quot;searchLabels ng-binding&quot;])[1]
xpath~(//div[@class=&quot;searchLabels ng-binding&quot;])[1]
obj type: xpath
obj val: (//div[@class=&quot;searchLabels ng-binding&quot;])[1]
xpath~(//td[@class=&apos;cursor-pointer vertical_align_middle&apos;])[3]
obj type: xpath
obj val: (//td[@class=&apos;cursor-pointer vertical_align_middle&apos;])[3]
xpath~(//td[@class=&apos;cursor-pointer vertical_align_middle&apos;])[3]
obj type: xpath
obj val: (//td[@class=&apos;cursor-pointer vertical_align_middle&apos;])[3]
xpath~(//td[@class=&apos;cursor-pointer vertical_align_middle&apos;])[3]
obj type: xpath
obj val: (//td[@class=&apos;cursor-pointer vertical_align_middle&apos;])[3]
xpath~(//input[@id=&apos;searchBar&apos;])[2]
obj type: xpath
obj val: (//input[@id=&apos;searchBar&apos;])[2]
xpath~(//input[@id=&apos;searchBar&apos;])[2]
obj type: xpath
obj val: (//input[@id=&apos;searchBar&apos;])[2]
xpath~(//input[@id=&apos;searchBar&apos;])[2]
obj type: xpath
obj val: (//input[@id=&apos;searchBar&apos;])[2]
xpath~(//input[@id=&apos;searchBar&apos;])[2]
obj type: xpath
obj val: (//input[@id=&apos;searchBar&apos;])[2]
xpath~(//input[@id=&apos;searchBar&apos;])[2]
obj type: xpath
obj val: (//input[@id=&apos;searchBar&apos;])[2]
xpath~(//input[@id=&apos;searchBar&apos;])[2]
obj type: xpath
obj val: (//input[@id=&apos;searchBar&apos;])[2]
xpath~(//div[@class=&quot;searchLabels ng-binding&quot;])[1]
obj type: xpath
obj val: (//div[@class=&quot;searchLabels ng-binding&quot;])[1]
xpath~(//div[@class=&quot;searchLabels ng-binding&quot;])[1]
obj type: xpath
obj val: (//div[@class=&quot;searchLabels ng-binding&quot;])[1]
Project (1 project)
xpath~(//div[@class=&quot;searchLabels ng-binding&quot;])[1]
obj type: xpath
obj val: (//div[@class=&quot;searchLabels ng-binding&quot;])[1]
xpath~(//div[@class=&quot;searchLabels ng-binding&quot;])[1]
obj type: xpath
obj val: (//div[@class=&quot;searchLabels ng-binding&quot;])[1]
xpath~(//td[@class=&apos;cursor-pointer vertical_align_middle&apos;])[3]
obj type: xpath
obj val: (//td[@class=&apos;cursor-pointer vertical_align_middle&apos;])[3]
xpath~(//td[@class=&apos;cursor-pointer vertical_align_middle&apos;])[3]
obj type: xpath
obj val: (//td[@class=&apos;cursor-pointer vertical_align_middle&apos;])[3]
xpath~(//td[@class=&apos;cursor-pointer vertical_align_middle&apos;])[3]
obj type: xpath
obj val: (//td[@class=&apos;cursor-pointer vertical_align_middle&apos;])[3]
xpath~(//div[@class=&quot;searchLabels ng-binding&quot;])[1]
obj type: xpath
obj val: (//div[@class=&quot;searchLabels ng-binding&quot;])[1]
xpath~(//div[@class=&quot;searchLabels ng-binding&quot;])[1]
obj type: xpath
obj val: (//div[@class=&quot;searchLabels ng-binding&quot;])[1]

xpath~(//td[@class=&apos;cursor-pointer vertical_align_middle&apos;])[3]
obj type: xpath
obj val: (//td[@class=&apos;cursor-pointer vertical_align_middle&apos;])[3]
Element is not currently visible and so may not be interacted with
Command duration or timeout: 60.07 seconds
Build info: version: &apos;2.53.1&apos;, revision: &apos;a36b8b1cd5757287168e54b817830adce9b0158d&apos;, time: &apos;2016-06-30 19:26:09&apos;
System info: host: &apos;G10CHLT003&apos;, ip: &apos;10.124.67.67&apos;, os.name: &apos;Windows 7&apos;, os.arch: &apos;amd64&apos;, os.version: &apos;6.1&apos;, java.version: &apos;1.7.0_80&apos;
Session ID: 3bf405d4-a886-438b-8400-9d70a4b97602
Driver info: org.openqa.selenium.firefox.FirefoxDriver
Capabilities [{platform=WINDOWS, acceptSslCerts=true, javascriptEnabled=true, cssSelectorsEnabled=true, databaseEnabled=true, browserName=firefox, handlesAlerts=true, nativeEvents=false, webStorageEnabled=true, rotatable=false, locationContextEnabled=true, applicationCacheEnabled=true, takesScreenshot=true, version=46.0}]
</system-out>
  </testcase>
  <testcase time="126.349" classname="com.arc.testcases.MyBuildings.LEED.InternationalLanguagesSpecaialCharacterMeterCreateTest" name="energyMeterCreate">
    <skipped/>
  </testcase>
  <testcase time="146.28" classname="com.arc.testcases.MyBuildings.LEED.ETotalAnalyticsTooltipTest" name="energyFileUpload">
    <skipped/>
  </testcase>
  <testcase time="167.714" classname="com.arc.testcases.MyBuildings.LEED.ProjectFieldVerificationTest" name="projectFieldVerification">
    <skipped/>
  </testcase>
  <testcase time="106.912" classname="com.arc.testcases.MyBuildings.LEED.ModifyOccOptHrsProjectDetailsTest" name="modifyProjectDetails">
    <failure message="Element is not currently visible and so may not be interacted with
Command duration or timeout: 60.07 seconds
Build info: version: &apos;2.53.1&apos;, revision: &apos;a36b8b1cd5757287168e54b817830adce9b0158d&apos;, time: &apos;2016-06-30 19:26:09&apos;
System info: host: &apos;G10CHLT003&apos;, ip: &apos;10.124.67.67&apos;, os.name: &apos;Windows 7&apos;, os.arch: &apos;amd64&apos;, os.version: &apos;6.1&apos;, java.version: &apos;1.7.0_80&apos;
Session ID: e1bcfdf9-b72b-4741-85f9-240920aa3d9a
Driver info: org.openqa.selenium.firefox.FirefoxDriver
Capabilities [{platform=WINDOWS, acceptSslCerts=true, javascriptEnabled=true, cssSelectorsEnabled=true, databaseEnabled=true, browserName=firefox, handlesAlerts=true, nativeEvents=false, webStorageEnabled=true, rotatable=false, locationContextEnabled=true, applicationCacheEnabled=true, takesScreenshot=true, version=46.0}]" type="java.lang.Error">java.lang.Error: Element is not currently visible and so may not be interacted with
Command duration or timeout: 60.07 seconds
Build info: version: &apos;2.53.1&apos;, revision: &apos;a36b8b1cd5757287168e54b817830adce9b0158d&apos;, time: &apos;2016-06-30 19:26:09&apos;
System info: host: &apos;G10CHLT003&apos;, ip: &apos;10.124.67.67&apos;, os.name: &apos;Windows 7&apos;, os.arch: &apos;amd64&apos;, os.version: &apos;6.1&apos;, java.version: &apos;1.7.0_80&apos;
Session ID: e1bcfdf9-b72b-4741-85f9-240920aa3d9a
Driver info: org.openqa.selenium.firefox.FirefoxDriver
Capabilities [{platform=WINDOWS, acceptSslCerts=true, javascriptEnabled=true, cssSelectorsEnabled=true, databaseEnabled=true, browserName=firefox, handlesAlerts=true, nativeEvents=false, webStorageEnabled=true, rotatable=false, locationContextEnabled=true, applicationCacheEnabled=true, takesScreenshot=true, version=46.0}]
	at sun.reflect.NativeConstructorAccessorImpl.newInstance0(Native Method)
	at sun.reflect.NativeConstructorAccessorImpl.newInstance(NativeConstructorAccessorImpl.java:57)
	at sun.reflect.DelegatingConstructorAccessorImpl.newInstance(DelegatingConstructorAccessorImpl.java:45)
	at java.lang.reflect.Constructor.newInstance(Constructor.java:526)
	at org.openqa.selenium.remote.ErrorHandler.createThrowable(ErrorHandler.java:206)
	at org.openqa.selenium.remote.ErrorHandler.throwIfResponseFailed(ErrorHandler.java:158)
	at org.openqa.selenium.remote.RemoteWebDriver.execute(RemoteWebDriver.java:678)
	at org.openqa.selenium.remote.RemoteWebElement.execute(RemoteWebElement.java:327)
	at org.openqa.selenium.remote.RemoteWebElement.click(RemoteWebElement.java:85)
	at com.arc.driver.CommonMethod.click(CommonMethod.java:176)
	at com.arc.ReusableMethods.ReusableMethodsSearch.VerifySearchedProgram(ReusableMethodsSearch.java:49)
	at com.arc.testcases.MyBuildings.LEED.ModifyOccOptHrsProjectDetailsTest.modifyProjectDetails(ModifyOccOptHrsProjectDetailsTest.java:37)
</failure>
    <system-out>modifyProjectDetails
id~load-menu
obj type: id
obj val: load-menu
id~load-menu
obj type: id
obj val: load-menu
id~load-menu
obj type: id
obj val: load-menu
id~edit-name
obj type: id
obj val: edit-name
id~edit-name
obj type: id
obj val: edit-name
id~edit-name
obj type: id
obj val: edit-name
id~edit-name
obj type: id
obj val: edit-name
id~edit-pass
obj type: id
obj val: edit-pass
id~edit-pass
obj type: id
obj val: edit-pass
id~edit-pass
obj type: id
obj val: edit-pass
id~edit-pass
obj type: id
obj val: edit-pass
id~edit-submit
obj type: id
obj val: edit-submit
id~edit-submit
obj type: id
obj val: edit-submit
id~edit-submit
obj type: id
obj val: edit-submit
xpath~//*[@class=&apos;page-title ng-scope&apos;]/span
obj type: xpath
obj val: //*[@class=&apos;page-title ng-scope&apos;]/span
xpath~(//input[@id=&apos;searchBar&apos;])[2]
obj type: xpath
obj val: (//input[@id=&apos;searchBar&apos;])[2]
xpath~(//input[@id=&apos;searchBar&apos;])[2]
obj type: xpath
obj val: (//input[@id=&apos;searchBar&apos;])[2]
xpath~(//input[@id=&apos;searchBar&apos;])[2]
obj type: xpath
obj val: (//input[@id=&apos;searchBar&apos;])[2]
xpath~(//input[@id=&apos;searchBar&apos;])[2]
obj type: xpath
obj val: (//input[@id=&apos;searchBar&apos;])[2]
xpath~(//input[@id=&apos;searchBar&apos;])[2]
obj type: xpath
obj val: (//input[@id=&apos;searchBar&apos;])[2]
xpath~(//input[@id=&apos;searchBar&apos;])[2]
obj type: xpath
obj val: (//input[@id=&apos;searchBar&apos;])[2]
xpath~(//div[@class=&quot;searchLabels ng-binding&quot;])[1]
obj type: xpath
obj val: (//div[@class=&quot;searchLabels ng-binding&quot;])[1]
xpath~(//div[@class=&quot;searchLabels ng-binding&quot;])[1]
obj type: xpath
obj val: (//div[@class=&quot;searchLabels ng-binding&quot;])[1]
Project (1 project)
xpath~(//div[@class=&quot;searchLabels ng-binding&quot;])[1]
obj type: xpath
obj val: (//div[@class=&quot;searchLabels ng-binding&quot;])[1]
xpath~(//div[@class=&quot;searchLabels ng-binding&quot;])[1]
obj type: xpath
obj val: (//div[@class=&quot;searchLabels ng-binding&quot;])[1]
xpath~(//td[@class=&apos;cursor-pointer vertical_align_middle&apos;])[3]
obj type: xpath
obj val: (//td[@class=&apos;cursor-pointer vertical_align_middle&apos;])[3]
xpath~(//td[@class=&apos;cursor-pointer vertical_align_middle&apos;])[3]
obj type: xpath
obj val: (//td[@class=&apos;cursor-pointer vertical_align_middle&apos;])[3]
xpath~(//td[@class=&apos;cursor-pointer vertical_align_middle&apos;])[3]
obj type: xpath
obj val: (//td[@class=&apos;cursor-pointer vertical_align_middle&apos;])[3]
xpath~(//input[@id=&apos;searchBar&apos;])[2]
obj type: xpath
obj val: (//input[@id=&apos;searchBar&apos;])[2]
xpath~(//input[@id=&apos;searchBar&apos;])[2]
obj type: xpath
obj val: (//input[@id=&apos;searchBar&apos;])[2]
xpath~(//input[@id=&apos;searchBar&apos;])[2]
obj type: xpath
obj val: (//input[@id=&apos;searchBar&apos;])[2]
xpath~(//input[@id=&apos;searchBar&apos;])[2]
obj type: xpath
obj val: (//input[@id=&apos;searchBar&apos;])[2]
xpath~(//input[@id=&apos;searchBar&apos;])[2]
obj type: xpath
obj val: (//input[@id=&apos;searchBar&apos;])[2]
xpath~(//input[@id=&apos;searchBar&apos;])[2]
obj type: xpath
obj val: (//input[@id=&apos;searchBar&apos;])[2]
xpath~(//div[@class=&quot;searchLabels ng-binding&quot;])[1]
obj type: xpath
obj val: (//div[@class=&quot;searchLabels ng-binding&quot;])[1]
xpath~(//div[@class=&quot;searchLabels ng-binding&quot;])[1]
obj type: xpath
obj val: (//div[@class=&quot;searchLabels ng-binding&quot;])[1]
Project (1 project)
xpath~(//div[@class=&quot;searchLabels ng-binding&quot;])[1]
obj type: xpath
obj val: (//div[@class=&quot;searchLabels ng-binding&quot;])[1]
xpath~(//div[@class=&quot;searchLabels ng-binding&quot;])[1]
obj type: xpath
obj val: (//div[@class=&quot;searchLabels ng-binding&quot;])[1]
xpath~(//td[@class=&apos;cursor-pointer vertical_align_middle&apos;])[3]
obj type: xpath
obj val: (//td[@class=&apos;cursor-pointer vertical_align_middle&apos;])[3]
xpath~(//td[@class=&apos;cursor-pointer vertical_align_middle&apos;])[3]
obj type: xpath
obj val: (//td[@class=&apos;cursor-pointer vertical_align_middle&apos;])[3]
xpath~(//td[@class=&apos;cursor-pointer vertical_align_middle&apos;])[3]
obj type: xpath
obj val: (//td[@class=&apos;cursor-pointer vertical_align_middle&apos;])[3]
xpath~(//div[@class=&quot;searchLabels ng-binding&quot;])[1]
obj type: xpath
obj val: (//div[@class=&quot;searchLabels ng-binding&quot;])[1]
xpath~(//div[@class=&quot;searchLabels ng-binding&quot;])[1]
obj type: xpath
obj val: (//div[@class=&quot;searchLabels ng-binding&quot;])[1]

xpath~(//td[@class=&apos;cursor-pointer vertical_align_middle&apos;])[3]
obj type: xpath
obj val: (//td[@class=&apos;cursor-pointer vertical_align_middle&apos;])[3]
Element is not currently visible and so may not be interacted with
Command duration or timeout: 60.07 seconds
Build info: version: &apos;2.53.1&apos;, revision: &apos;a36b8b1cd5757287168e54b817830adce9b0158d&apos;, time: &apos;2016-06-30 19:26:09&apos;
System info: host: &apos;G10CHLT003&apos;, ip: &apos;10.124.67.67&apos;, os.name: &apos;Windows 7&apos;, os.arch: &apos;amd64&apos;, os.version: &apos;6.1&apos;, java.version: &apos;1.7.0_80&apos;
Session ID: e1bcfdf9-b72b-4741-85f9-240920aa3d9a
Driver info: org.openqa.selenium.firefox.FirefoxDriver
Capabilities [{platform=WINDOWS, acceptSslCerts=true, javascriptEnabled=true, cssSelectorsEnabled=true, databaseEnabled=true, browserName=firefox, handlesAlerts=true, nativeEvents=false, webStorageEnabled=true, rotatable=false, locationContextEnabled=true, applicationCacheEnabled=true, takesScreenshot=true, version=46.0}]
</system-out>
  </testcase>
  <testcase time="106.183" classname="com.arc.testcases.MyBuildings.LEED.ProjectDetailsVerificationTest" name="projectDetailsVerification">
    <failure message="Element is not currently visible and so may not be interacted with
Command duration or timeout: 60.05 seconds
Build info: version: &apos;2.53.1&apos;, revision: &apos;a36b8b1cd5757287168e54b817830adce9b0158d&apos;, time: &apos;2016-06-30 19:26:09&apos;
System info: host: &apos;G10CHLT003&apos;, ip: &apos;10.124.67.67&apos;, os.name: &apos;Windows 7&apos;, os.arch: &apos;amd64&apos;, os.version: &apos;6.1&apos;, java.version: &apos;1.7.0_80&apos;
Session ID: a67d0f51-e3a7-4e40-a4ae-7faf46c68229
Driver info: org.openqa.selenium.firefox.FirefoxDriver
Capabilities [{platform=WINDOWS, acceptSslCerts=true, javascriptEnabled=true, cssSelectorsEnabled=true, databaseEnabled=true, browserName=firefox, handlesAlerts=true, nativeEvents=false, webStorageEnabled=true, rotatable=false, locationContextEnabled=true, applicationCacheEnabled=true, takesScreenshot=true, version=46.0}]" type="java.lang.Error">java.lang.Error: Element is not currently visible and so may not be interacted with
Command duration or timeout: 60.05 seconds
Build info: version: &apos;2.53.1&apos;, revision: &apos;a36b8b1cd5757287168e54b817830adce9b0158d&apos;, time: &apos;2016-06-30 19:26:09&apos;
System info: host: &apos;G10CHLT003&apos;, ip: &apos;10.124.67.67&apos;, os.name: &apos;Windows 7&apos;, os.arch: &apos;amd64&apos;, os.version: &apos;6.1&apos;, java.version: &apos;1.7.0_80&apos;
Session ID: a67d0f51-e3a7-4e40-a4ae-7faf46c68229
Driver info: org.openqa.selenium.firefox.FirefoxDriver
Capabilities [{platform=WINDOWS, acceptSslCerts=true, javascriptEnabled=true, cssSelectorsEnabled=true, databaseEnabled=true, browserName=firefox, handlesAlerts=true, nativeEvents=false, webStorageEnabled=true, rotatable=false, locationContextEnabled=true, applicationCacheEnabled=true, takesScreenshot=true, version=46.0}]
	at sun.reflect.NativeConstructorAccessorImpl.newInstance0(Native Method)
	at sun.reflect.NativeConstructorAccessorImpl.newInstance(NativeConstructorAccessorImpl.java:57)
	at sun.reflect.DelegatingConstructorAccessorImpl.newInstance(DelegatingConstructorAccessorImpl.java:45)
	at java.lang.reflect.Constructor.newInstance(Constructor.java:526)
	at org.openqa.selenium.remote.ErrorHandler.createThrowable(ErrorHandler.java:206)
	at org.openqa.selenium.remote.ErrorHandler.throwIfResponseFailed(ErrorHandler.java:158)
	at org.openqa.selenium.remote.RemoteWebDriver.execute(RemoteWebDriver.java:678)
	at org.openqa.selenium.remote.RemoteWebElement.execute(RemoteWebElement.java:327)
	at org.openqa.selenium.remote.RemoteWebElement.click(RemoteWebElement.java:85)
	at com.arc.driver.CommonMethod.click(CommonMethod.java:176)
	at com.arc.ReusableMethods.ReusableMethodsSearch.VerifySearchedProgram(ReusableMethodsSearch.java:49)
	at com.arc.testcases.MyBuildings.LEED.ProjectDetailsVerificationTest.projectDetailsVerification(ProjectDetailsVerificationTest.java:32)
</failure>
    <system-out>projectDetailsVerification
id~load-menu
obj type: id
obj val: load-menu
id~load-menu
obj type: id
obj val: load-menu
id~load-menu
obj type: id
obj val: load-menu
id~edit-name
obj type: id
obj val: edit-name
id~edit-name
obj type: id
obj val: edit-name
id~edit-name
obj type: id
obj val: edit-name
id~edit-name
obj type: id
obj val: edit-name
id~edit-pass
obj type: id
obj val: edit-pass
id~edit-pass
obj type: id
obj val: edit-pass
id~edit-pass
obj type: id
obj val: edit-pass
id~edit-pass
obj type: id
obj val: edit-pass
id~edit-submit
obj type: id
obj val: edit-submit
id~edit-submit
obj type: id
obj val: edit-submit
id~edit-submit
obj type: id
obj val: edit-submit
xpath~//*[@class=&apos;page-title ng-scope&apos;]/span
obj type: xpath
obj val: //*[@class=&apos;page-title ng-scope&apos;]/span
xpath~(//input[@id=&apos;searchBar&apos;])[2]
obj type: xpath
obj val: (//input[@id=&apos;searchBar&apos;])[2]
xpath~(//input[@id=&apos;searchBar&apos;])[2]
obj type: xpath
obj val: (//input[@id=&apos;searchBar&apos;])[2]
xpath~(//input[@id=&apos;searchBar&apos;])[2]
obj type: xpath
obj val: (//input[@id=&apos;searchBar&apos;])[2]
xpath~(//input[@id=&apos;searchBar&apos;])[2]
obj type: xpath
obj val: (//input[@id=&apos;searchBar&apos;])[2]
xpath~(//input[@id=&apos;searchBar&apos;])[2]
obj type: xpath
obj val: (//input[@id=&apos;searchBar&apos;])[2]
xpath~(//input[@id=&apos;searchBar&apos;])[2]
obj type: xpath
obj val: (//input[@id=&apos;searchBar&apos;])[2]
xpath~(//div[@class=&quot;searchLabels ng-binding&quot;])[1]
obj type: xpath
obj val: (//div[@class=&quot;searchLabels ng-binding&quot;])[1]
xpath~(//div[@class=&quot;searchLabels ng-binding&quot;])[1]
obj type: xpath
obj val: (//div[@class=&quot;searchLabels ng-binding&quot;])[1]
Project (1 project)
xpath~(//div[@class=&quot;searchLabels ng-binding&quot;])[1]
obj type: xpath
obj val: (//div[@class=&quot;searchLabels ng-binding&quot;])[1]
xpath~(//div[@class=&quot;searchLabels ng-binding&quot;])[1]
obj type: xpath
obj val: (//div[@class=&quot;searchLabels ng-binding&quot;])[1]
xpath~(//td[@class=&apos;cursor-pointer vertical_align_middle&apos;])[3]
obj type: xpath
obj val: (//td[@class=&apos;cursor-pointer vertical_align_middle&apos;])[3]
xpath~(//td[@class=&apos;cursor-pointer vertical_align_middle&apos;])[3]
obj type: xpath
obj val: (//td[@class=&apos;cursor-pointer vertical_align_middle&apos;])[3]
xpath~(//td[@class=&apos;cursor-pointer vertical_align_middle&apos;])[3]
obj type: xpath
obj val: (//td[@class=&apos;cursor-pointer vertical_align_middle&apos;])[3]
xpath~(//input[@id=&apos;searchBar&apos;])[2]
obj type: xpath
obj val: (//input[@id=&apos;searchBar&apos;])[2]
xpath~(//input[@id=&apos;searchBar&apos;])[2]
obj type: xpath
obj val: (//input[@id=&apos;searchBar&apos;])[2]
xpath~(//input[@id=&apos;searchBar&apos;])[2]
obj type: xpath
obj val: (//input[@id=&apos;searchBar&apos;])[2]
xpath~(//input[@id=&apos;searchBar&apos;])[2]
obj type: xpath
obj val: (//input[@id=&apos;searchBar&apos;])[2]
xpath~(//input[@id=&apos;searchBar&apos;])[2]
obj type: xpath
obj val: (//input[@id=&apos;searchBar&apos;])[2]
xpath~(//input[@id=&apos;searchBar&apos;])[2]
obj type: xpath
obj val: (//input[@id=&apos;searchBar&apos;])[2]
xpath~(//div[@class=&quot;searchLabels ng-binding&quot;])[1]
obj type: xpath
obj val: (//div[@class=&quot;searchLabels ng-binding&quot;])[1]
xpath~(//div[@class=&quot;searchLabels ng-binding&quot;])[1]
obj type: xpath
obj val: (//div[@class=&quot;searchLabels ng-binding&quot;])[1]
Project (1 project)
xpath~(//div[@class=&quot;searchLabels ng-binding&quot;])[1]
obj type: xpath
obj val: (//div[@class=&quot;searchLabels ng-binding&quot;])[1]
xpath~(//div[@class=&quot;searchLabels ng-binding&quot;])[1]
obj type: xpath
obj val: (//div[@class=&quot;searchLabels ng-binding&quot;])[1]
xpath~(//td[@class=&apos;cursor-pointer vertical_align_middle&apos;])[3]
obj type: xpath
obj val: (//td[@class=&apos;cursor-pointer vertical_align_middle&apos;])[3]
xpath~(//td[@class=&apos;cursor-pointer vertical_align_middle&apos;])[3]
obj type: xpath
obj val: (//td[@class=&apos;cursor-pointer vertical_align_middle&apos;])[3]
xpath~(//td[@class=&apos;cursor-pointer vertical_align_middle&apos;])[3]
obj type: xpath
obj val: (//td[@class=&apos;cursor-pointer vertical_align_middle&apos;])[3]
xpath~(//div[@class=&quot;searchLabels ng-binding&quot;])[1]
obj type: xpath
obj val: (//div[@class=&quot;searchLabels ng-binding&quot;])[1]
xpath~(//div[@class=&quot;searchLabels ng-binding&quot;])[1]
obj type: xpath
obj val: (//div[@class=&quot;searchLabels ng-binding&quot;])[1]

xpath~(//td[@class=&apos;cursor-pointer vertical_align_middle&apos;])[3]
obj type: xpath
obj val: (//td[@class=&apos;cursor-pointer vertical_align_middle&apos;])[3]
Element is not currently visible and so may not be interacted with
Command duration or timeout: 60.05 seconds
Build info: version: &apos;2.53.1&apos;, revision: &apos;a36b8b1cd5757287168e54b817830adce9b0158d&apos;, time: &apos;2016-06-30 19:26:09&apos;
System info: host: &apos;G10CHLT003&apos;, ip: &apos;10.124.67.67&apos;, os.name: &apos;Windows 7&apos;, os.arch: &apos;amd64&apos;, os.version: &apos;6.1&apos;, java.version: &apos;1.7.0_80&apos;
Session ID: a67d0f51-e3a7-4e40-a4ae-7faf46c68229
Driver info: org.openqa.selenium.firefox.FirefoxDriver
Capabilities [{platform=WINDOWS, acceptSslCerts=true, javascriptEnabled=true, cssSelectorsEnabled=true, databaseEnabled=true, browserName=firefox, handlesAlerts=true, nativeEvents=false, webStorageEnabled=true, rotatable=false, locationContextEnabled=true, applicationCacheEnabled=true, takesScreenshot=true, version=46.0}]
</system-out>
  </testcase>
  <testcase time="111.068" classname="com.arc.testcases.MyBuildings.LEED.AddTeamMemberTest" name="addTeamMember">
    <failure message="Element is not currently visible and so may not be interacted with
Command duration or timeout: 60.03 seconds
Build info: version: &apos;2.53.1&apos;, revision: &apos;a36b8b1cd5757287168e54b817830adce9b0158d&apos;, time: &apos;2016-06-30 19:26:09&apos;
System info: host: &apos;G10CHLT003&apos;, ip: &apos;10.124.67.67&apos;, os.name: &apos;Windows 7&apos;, os.arch: &apos;amd64&apos;, os.version: &apos;6.1&apos;, java.version: &apos;1.7.0_80&apos;
Session ID: b8adb7a4-c58a-48cc-b334-dbf6ce99e0b0
Driver info: org.openqa.selenium.firefox.FirefoxDriver
Capabilities [{platform=WINDOWS, acceptSslCerts=true, javascriptEnabled=true, cssSelectorsEnabled=true, databaseEnabled=true, browserName=firefox, handlesAlerts=true, nativeEvents=false, webStorageEnabled=true, rotatable=false, locationContextEnabled=true, applicationCacheEnabled=true, takesScreenshot=true, version=46.0}]" type="java.lang.Error">java.lang.Error: Element is not currently visible and so may not be interacted with
Command duration or timeout: 60.03 seconds
Build info: version: &apos;2.53.1&apos;, revision: &apos;a36b8b1cd5757287168e54b817830adce9b0158d&apos;, time: &apos;2016-06-30 19:26:09&apos;
System info: host: &apos;G10CHLT003&apos;, ip: &apos;10.124.67.67&apos;, os.name: &apos;Windows 7&apos;, os.arch: &apos;amd64&apos;, os.version: &apos;6.1&apos;, java.version: &apos;1.7.0_80&apos;
Session ID: b8adb7a4-c58a-48cc-b334-dbf6ce99e0b0
Driver info: org.openqa.selenium.firefox.FirefoxDriver
Capabilities [{platform=WINDOWS, acceptSslCerts=true, javascriptEnabled=true, cssSelectorsEnabled=true, databaseEnabled=true, browserName=firefox, handlesAlerts=true, nativeEvents=false, webStorageEnabled=true, rotatable=false, locationContextEnabled=true, applicationCacheEnabled=true, takesScreenshot=true, version=46.0}]
	at sun.reflect.NativeConstructorAccessorImpl.newInstance0(Native Method)
	at sun.reflect.NativeConstructorAccessorImpl.newInstance(NativeConstructorAccessorImpl.java:57)
	at sun.reflect.DelegatingConstructorAccessorImpl.newInstance(DelegatingConstructorAccessorImpl.java:45)
	at java.lang.reflect.Constructor.newInstance(Constructor.java:526)
	at org.openqa.selenium.remote.ErrorHandler.createThrowable(ErrorHandler.java:206)
	at org.openqa.selenium.remote.ErrorHandler.throwIfResponseFailed(ErrorHandler.java:158)
	at org.openqa.selenium.remote.RemoteWebDriver.execute(RemoteWebDriver.java:678)
	at org.openqa.selenium.remote.RemoteWebElement.execute(RemoteWebElement.java:327)
	at org.openqa.selenium.remote.RemoteWebElement.click(RemoteWebElement.java:85)
	at com.arc.driver.CommonMethod.click(CommonMethod.java:176)
	at com.arc.ReusableMethods.ReusableMethodsSearch.VerifySearchedProgram(ReusableMethodsSearch.java:49)
	at com.arc.testcases.MyBuildings.LEED.AddTeamMemberTest.addTeamMember(AddTeamMemberTest.java:35)
</failure>
    <system-out>addTeamMember
id~load-menu
obj type: id
obj val: load-menu
id~load-menu
obj type: id
obj val: load-menu
id~load-menu
obj type: id
obj val: load-menu
id~edit-name
obj type: id
obj val: edit-name
id~edit-name
obj type: id
obj val: edit-name
id~edit-name
obj type: id
obj val: edit-name
id~edit-name
obj type: id
obj val: edit-name
id~edit-pass
obj type: id
obj val: edit-pass
id~edit-pass
obj type: id
obj val: edit-pass
id~edit-pass
obj type: id
obj val: edit-pass
id~edit-pass
obj type: id
obj val: edit-pass
id~edit-submit
obj type: id
obj val: edit-submit
id~edit-submit
obj type: id
obj val: edit-submit
id~edit-submit
obj type: id
obj val: edit-submit
xpath~//*[@class=&apos;page-title ng-scope&apos;]/span
obj type: xpath
obj val: //*[@class=&apos;page-title ng-scope&apos;]/span
xpath~(//input[@id=&apos;searchBar&apos;])[2]
obj type: xpath
obj val: (//input[@id=&apos;searchBar&apos;])[2]
xpath~(//input[@id=&apos;searchBar&apos;])[2]
obj type: xpath
obj val: (//input[@id=&apos;searchBar&apos;])[2]
xpath~(//input[@id=&apos;searchBar&apos;])[2]
obj type: xpath
obj val: (//input[@id=&apos;searchBar&apos;])[2]
xpath~(//input[@id=&apos;searchBar&apos;])[2]
obj type: xpath
obj val: (//input[@id=&apos;searchBar&apos;])[2]
xpath~(//input[@id=&apos;searchBar&apos;])[2]
obj type: xpath
obj val: (//input[@id=&apos;searchBar&apos;])[2]
xpath~(//input[@id=&apos;searchBar&apos;])[2]
obj type: xpath
obj val: (//input[@id=&apos;searchBar&apos;])[2]
xpath~(//div[@class=&quot;searchLabels ng-binding&quot;])[1]
obj type: xpath
obj val: (//div[@class=&quot;searchLabels ng-binding&quot;])[1]
xpath~(//div[@class=&quot;searchLabels ng-binding&quot;])[1]
obj type: xpath
obj val: (//div[@class=&quot;searchLabels ng-binding&quot;])[1]
Project (1 project)
xpath~(//div[@class=&quot;searchLabels ng-binding&quot;])[1]
obj type: xpath
obj val: (//div[@class=&quot;searchLabels ng-binding&quot;])[1]
xpath~(//div[@class=&quot;searchLabels ng-binding&quot;])[1]
obj type: xpath
obj val: (//div[@class=&quot;searchLabels ng-binding&quot;])[1]
xpath~(//td[@class=&apos;cursor-pointer vertical_align_middle&apos;])[3]
obj type: xpath
obj val: (//td[@class=&apos;cursor-pointer vertical_align_middle&apos;])[3]
xpath~(//td[@class=&apos;cursor-pointer vertical_align_middle&apos;])[3]
obj type: xpath
obj val: (//td[@class=&apos;cursor-pointer vertical_align_middle&apos;])[3]
xpath~(//td[@class=&apos;cursor-pointer vertical_align_middle&apos;])[3]
obj type: xpath
obj val: (//td[@class=&apos;cursor-pointer vertical_align_middle&apos;])[3]
xpath~(//input[@id=&apos;searchBar&apos;])[2]
obj type: xpath
obj val: (//input[@id=&apos;searchBar&apos;])[2]
xpath~(//input[@id=&apos;searchBar&apos;])[2]
obj type: xpath
obj val: (//input[@id=&apos;searchBar&apos;])[2]
xpath~(//input[@id=&apos;searchBar&apos;])[2]
obj type: xpath
obj val: (//input[@id=&apos;searchBar&apos;])[2]
xpath~(//input[@id=&apos;searchBar&apos;])[2]
obj type: xpath
obj val: (//input[@id=&apos;searchBar&apos;])[2]
xpath~(//input[@id=&apos;searchBar&apos;])[2]
obj type: xpath
obj val: (//input[@id=&apos;searchBar&apos;])[2]
xpath~(//input[@id=&apos;searchBar&apos;])[2]
obj type: xpath
obj val: (//input[@id=&apos;searchBar&apos;])[2]
xpath~(//div[@class=&quot;searchLabels ng-binding&quot;])[1]
obj type: xpath
obj val: (//div[@class=&quot;searchLabels ng-binding&quot;])[1]
xpath~(//div[@class=&quot;searchLabels ng-binding&quot;])[1]
obj type: xpath
obj val: (//div[@class=&quot;searchLabels ng-binding&quot;])[1]
Project (1 project)
xpath~(//div[@class=&quot;searchLabels ng-binding&quot;])[1]
obj type: xpath
obj val: (//div[@class=&quot;searchLabels ng-binding&quot;])[1]
xpath~(//div[@class=&quot;searchLabels ng-binding&quot;])[1]
obj type: xpath
obj val: (//div[@class=&quot;searchLabels ng-binding&quot;])[1]
xpath~(//td[@class=&apos;cursor-pointer vertical_align_middle&apos;])[3]
obj type: xpath
obj val: (//td[@class=&apos;cursor-pointer vertical_align_middle&apos;])[3]
xpath~(//td[@class=&apos;cursor-pointer vertical_align_middle&apos;])[3]
obj type: xpath
obj val: (//td[@class=&apos;cursor-pointer vertical_align_middle&apos;])[3]
xpath~(//td[@class=&apos;cursor-pointer vertical_align_middle&apos;])[3]
obj type: xpath
obj val: (//td[@class=&apos;cursor-pointer vertical_align_middle&apos;])[3]
xpath~(//div[@class=&quot;searchLabels ng-binding&quot;])[1]
obj type: xpath
obj val: (//div[@class=&quot;searchLabels ng-binding&quot;])[1]
xpath~(//div[@class=&quot;searchLabels ng-binding&quot;])[1]
obj type: xpath
obj val: (//div[@class=&quot;searchLabels ng-binding&quot;])[1]

xpath~(//td[@class=&apos;cursor-pointer vertical_align_middle&apos;])[3]
obj type: xpath
obj val: (//td[@class=&apos;cursor-pointer vertical_align_middle&apos;])[3]
Element is not currently visible and so may not be interacted with
Command duration or timeout: 60.03 seconds
Build info: version: &apos;2.53.1&apos;, revision: &apos;a36b8b1cd5757287168e54b817830adce9b0158d&apos;, time: &apos;2016-06-30 19:26:09&apos;
System info: host: &apos;G10CHLT003&apos;, ip: &apos;10.124.67.67&apos;, os.name: &apos;Windows 7&apos;, os.arch: &apos;amd64&apos;, os.version: &apos;6.1&apos;, java.version: &apos;1.7.0_80&apos;
Session ID: b8adb7a4-c58a-48cc-b334-dbf6ce99e0b0
Driver info: org.openqa.selenium.firefox.FirefoxDriver
Capabilities [{platform=WINDOWS, acceptSslCerts=true, javascriptEnabled=true, cssSelectorsEnabled=true, databaseEnabled=true, browserName=firefox, handlesAlerts=true, nativeEvents=false, webStorageEnabled=true, rotatable=false, locationContextEnabled=true, applicationCacheEnabled=true, takesScreenshot=true, version=46.0}]
</system-out>
  </testcase>
  <testcase time="109.927" classname="com.arc.testcases.MyBuildings.LEED.EditMemberRoleManagerTest" name="editMemberRoleManager">
    <failure message="Element is not currently visible and so may not be interacted with
Command duration or timeout: 60.07 seconds
Build info: version: &apos;2.53.1&apos;, revision: &apos;a36b8b1cd5757287168e54b817830adce9b0158d&apos;, time: &apos;2016-06-30 19:26:09&apos;
System info: host: &apos;G10CHLT003&apos;, ip: &apos;10.124.67.67&apos;, os.name: &apos;Windows 7&apos;, os.arch: &apos;amd64&apos;, os.version: &apos;6.1&apos;, java.version: &apos;1.7.0_80&apos;
Session ID: ac03e3b4-5d8e-47cf-9803-eb8caea8dc71
Driver info: org.openqa.selenium.firefox.FirefoxDriver
Capabilities [{platform=WINDOWS, acceptSslCerts=true, javascriptEnabled=true, cssSelectorsEnabled=true, databaseEnabled=true, browserName=firefox, handlesAlerts=true, nativeEvents=false, webStorageEnabled=true, rotatable=false, locationContextEnabled=true, applicationCacheEnabled=true, takesScreenshot=true, version=46.0}]" type="java.lang.Error">java.lang.Error: Element is not currently visible and so may not be interacted with
Command duration or timeout: 60.07 seconds
Build info: version: &apos;2.53.1&apos;, revision: &apos;a36b8b1cd5757287168e54b817830adce9b0158d&apos;, time: &apos;2016-06-30 19:26:09&apos;
System info: host: &apos;G10CHLT003&apos;, ip: &apos;10.124.67.67&apos;, os.name: &apos;Windows 7&apos;, os.arch: &apos;amd64&apos;, os.version: &apos;6.1&apos;, java.version: &apos;1.7.0_80&apos;
Session ID: ac03e3b4-5d8e-47cf-9803-eb8caea8dc71
Driver info: org.openqa.selenium.firefox.FirefoxDriver
Capabilities [{platform=WINDOWS, acceptSslCerts=true, javascriptEnabled=true, cssSelectorsEnabled=true, databaseEnabled=true, browserName=firefox, handlesAlerts=true, nativeEvents=false, webStorageEnabled=true, rotatable=false, locationContextEnabled=true, applicationCacheEnabled=true, takesScreenshot=true, version=46.0}]
	at sun.reflect.NativeConstructorAccessorImpl.newInstance0(Native Method)
	at sun.reflect.NativeConstructorAccessorImpl.newInstance(NativeConstructorAccessorImpl.java:57)
	at sun.reflect.DelegatingConstructorAccessorImpl.newInstance(DelegatingConstructorAccessorImpl.java:45)
	at java.lang.reflect.Constructor.newInstance(Constructor.java:526)
	at org.openqa.selenium.remote.ErrorHandler.createThrowable(ErrorHandler.java:206)
	at org.openqa.selenium.remote.ErrorHandler.throwIfResponseFailed(ErrorHandler.java:158)
	at org.openqa.selenium.remote.RemoteWebDriver.execute(RemoteWebDriver.java:678)
	at org.openqa.selenium.remote.RemoteWebElement.execute(RemoteWebElement.java:327)
	at org.openqa.selenium.remote.RemoteWebElement.click(RemoteWebElement.java:85)
	at com.arc.driver.CommonMethod.click(CommonMethod.java:176)
	at com.arc.ReusableMethods.ReusableMethodsSearch.VerifySearchedProgram(ReusableMethodsSearch.java:49)
	at com.arc.testcases.MyBuildings.LEED.EditMemberRoleManagerTest.editMemberRoleManager(EditMemberRoleManagerTest.java:38)
</failure>
    <system-out>editMemberRoleManager
id~load-menu
obj type: id
obj val: load-menu
id~load-menu
obj type: id
obj val: load-menu
id~load-menu
obj type: id
obj val: load-menu
id~edit-name
obj type: id
obj val: edit-name
id~edit-name
obj type: id
obj val: edit-name
id~edit-name
obj type: id
obj val: edit-name
id~edit-name
obj type: id
obj val: edit-name
id~edit-pass
obj type: id
obj val: edit-pass
id~edit-pass
obj type: id
obj val: edit-pass
id~edit-pass
obj type: id
obj val: edit-pass
id~edit-pass
obj type: id
obj val: edit-pass
id~edit-submit
obj type: id
obj val: edit-submit
id~edit-submit
obj type: id
obj val: edit-submit
id~edit-submit
obj type: id
obj val: edit-submit
xpath~//*[@class=&apos;page-title ng-scope&apos;]/span
obj type: xpath
obj val: //*[@class=&apos;page-title ng-scope&apos;]/span
xpath~(//input[@id=&apos;searchBar&apos;])[2]
obj type: xpath
obj val: (//input[@id=&apos;searchBar&apos;])[2]
xpath~(//input[@id=&apos;searchBar&apos;])[2]
obj type: xpath
obj val: (//input[@id=&apos;searchBar&apos;])[2]
xpath~(//input[@id=&apos;searchBar&apos;])[2]
obj type: xpath
obj val: (//input[@id=&apos;searchBar&apos;])[2]
xpath~(//input[@id=&apos;searchBar&apos;])[2]
obj type: xpath
obj val: (//input[@id=&apos;searchBar&apos;])[2]
xpath~(//input[@id=&apos;searchBar&apos;])[2]
obj type: xpath
obj val: (//input[@id=&apos;searchBar&apos;])[2]
xpath~(//input[@id=&apos;searchBar&apos;])[2]
obj type: xpath
obj val: (//input[@id=&apos;searchBar&apos;])[2]
xpath~(//div[@class=&quot;searchLabels ng-binding&quot;])[1]
obj type: xpath
obj val: (//div[@class=&quot;searchLabels ng-binding&quot;])[1]
xpath~(//div[@class=&quot;searchLabels ng-binding&quot;])[1]
obj type: xpath
obj val: (//div[@class=&quot;searchLabels ng-binding&quot;])[1]
Project (1 project)
xpath~(//div[@class=&quot;searchLabels ng-binding&quot;])[1]
obj type: xpath
obj val: (//div[@class=&quot;searchLabels ng-binding&quot;])[1]
xpath~(//div[@class=&quot;searchLabels ng-binding&quot;])[1]
obj type: xpath
obj val: (//div[@class=&quot;searchLabels ng-binding&quot;])[1]
xpath~(//td[@class=&apos;cursor-pointer vertical_align_middle&apos;])[3]
obj type: xpath
obj val: (//td[@class=&apos;cursor-pointer vertical_align_middle&apos;])[3]
xpath~(//td[@class=&apos;cursor-pointer vertical_align_middle&apos;])[3]
obj type: xpath
obj val: (//td[@class=&apos;cursor-pointer vertical_align_middle&apos;])[3]
xpath~(//td[@class=&apos;cursor-pointer vertical_align_middle&apos;])[3]
obj type: xpath
obj val: (//td[@class=&apos;cursor-pointer vertical_align_middle&apos;])[3]
xpath~(//input[@id=&apos;searchBar&apos;])[2]
obj type: xpath
obj val: (//input[@id=&apos;searchBar&apos;])[2]
xpath~(//input[@id=&apos;searchBar&apos;])[2]
obj type: xpath
obj val: (//input[@id=&apos;searchBar&apos;])[2]
xpath~(//input[@id=&apos;searchBar&apos;])[2]
obj type: xpath
obj val: (//input[@id=&apos;searchBar&apos;])[2]
xpath~(//input[@id=&apos;searchBar&apos;])[2]
obj type: xpath
obj val: (//input[@id=&apos;searchBar&apos;])[2]
xpath~(//input[@id=&apos;searchBar&apos;])[2]
obj type: xpath
obj val: (//input[@id=&apos;searchBar&apos;])[2]
xpath~(//input[@id=&apos;searchBar&apos;])[2]
obj type: xpath
obj val: (//input[@id=&apos;searchBar&apos;])[2]
xpath~(//div[@class=&quot;searchLabels ng-binding&quot;])[1]
obj type: xpath
obj val: (//div[@class=&quot;searchLabels ng-binding&quot;])[1]
xpath~(//div[@class=&quot;searchLabels ng-binding&quot;])[1]
obj type: xpath
obj val: (//div[@class=&quot;searchLabels ng-binding&quot;])[1]
Project (1 project)
xpath~(//div[@class=&quot;searchLabels ng-binding&quot;])[1]
obj type: xpath
obj val: (//div[@class=&quot;searchLabels ng-binding&quot;])[1]
xpath~(//div[@class=&quot;searchLabels ng-binding&quot;])[1]
obj type: xpath
obj val: (//div[@class=&quot;searchLabels ng-binding&quot;])[1]
xpath~(//td[@class=&apos;cursor-pointer vertical_align_middle&apos;])[3]
obj type: xpath
obj val: (//td[@class=&apos;cursor-pointer vertical_align_middle&apos;])[3]
xpath~(//td[@class=&apos;cursor-pointer vertical_align_middle&apos;])[3]
obj type: xpath
obj val: (//td[@class=&apos;cursor-pointer vertical_align_middle&apos;])[3]
xpath~(//td[@class=&apos;cursor-pointer vertical_align_middle&apos;])[3]
obj type: xpath
obj val: (//td[@class=&apos;cursor-pointer vertical_align_middle&apos;])[3]
xpath~(//div[@class=&quot;searchLabels ng-binding&quot;])[1]
obj type: xpath
obj val: (//div[@class=&quot;searchLabels ng-binding&quot;])[1]
xpath~(//div[@class=&quot;searchLabels ng-binding&quot;])[1]
obj type: xpath
obj val: (//div[@class=&quot;searchLabels ng-binding&quot;])[1]

xpath~(//td[@class=&apos;cursor-pointer vertical_align_middle&apos;])[3]
obj type: xpath
obj val: (//td[@class=&apos;cursor-pointer vertical_align_middle&apos;])[3]
Element is not currently visible and so may not be interacted with
Command duration or timeout: 60.07 seconds
Build info: version: &apos;2.53.1&apos;, revision: &apos;a36b8b1cd5757287168e54b817830adce9b0158d&apos;, time: &apos;2016-06-30 19:26:09&apos;
System info: host: &apos;G10CHLT003&apos;, ip: &apos;10.124.67.67&apos;, os.name: &apos;Windows 7&apos;, os.arch: &apos;amd64&apos;, os.version: &apos;6.1&apos;, java.version: &apos;1.7.0_80&apos;
Session ID: ac03e3b4-5d8e-47cf-9803-eb8caea8dc71
Driver info: org.openqa.selenium.firefox.FirefoxDriver
Capabilities [{platform=WINDOWS, acceptSslCerts=true, javascriptEnabled=true, cssSelectorsEnabled=true, databaseEnabled=true, browserName=firefox, handlesAlerts=true, nativeEvents=false, webStorageEnabled=true, rotatable=false, locationContextEnabled=true, applicationCacheEnabled=true, takesScreenshot=true, version=46.0}]
</system-out>
  </testcase>
  <testcase time="127.361" classname="com.arc.testcases.MyBuildings.LEED.VerifyPRFileDownloadTest" name="billingStatusVerification">
    <failure message="Element is not currently visible and so may not be interacted with
Command duration or timeout: 60.04 seconds
Build info: version: &apos;2.53.1&apos;, revision: &apos;a36b8b1cd5757287168e54b817830adce9b0158d&apos;, time: &apos;2016-06-30 19:26:09&apos;
System info: host: &apos;G10CHLT003&apos;, ip: &apos;10.124.67.67&apos;, os.name: &apos;Windows 7&apos;, os.arch: &apos;amd64&apos;, os.version: &apos;6.1&apos;, java.version: &apos;1.7.0_80&apos;
Session ID: 489c0b7e-792c-44b7-8b60-5840322235fa
Driver info: org.openqa.selenium.firefox.FirefoxDriver
Capabilities [{platform=WINDOWS, acceptSslCerts=true, javascriptEnabled=true, cssSelectorsEnabled=true, databaseEnabled=true, browserName=firefox, handlesAlerts=true, nativeEvents=false, webStorageEnabled=true, rotatable=false, locationContextEnabled=true, applicationCacheEnabled=true, takesScreenshot=true, version=46.0}]" type="java.lang.Error">java.lang.Error: Element is not currently visible and so may not be interacted with
Command duration or timeout: 60.04 seconds
Build info: version: &apos;2.53.1&apos;, revision: &apos;a36b8b1cd5757287168e54b817830adce9b0158d&apos;, time: &apos;2016-06-30 19:26:09&apos;
System info: host: &apos;G10CHLT003&apos;, ip: &apos;10.124.67.67&apos;, os.name: &apos;Windows 7&apos;, os.arch: &apos;amd64&apos;, os.version: &apos;6.1&apos;, java.version: &apos;1.7.0_80&apos;
Session ID: 489c0b7e-792c-44b7-8b60-5840322235fa
Driver info: org.openqa.selenium.firefox.FirefoxDriver
Capabilities [{platform=WINDOWS, acceptSslCerts=true, javascriptEnabled=true, cssSelectorsEnabled=true, databaseEnabled=true, browserName=firefox, handlesAlerts=true, nativeEvents=false, webStorageEnabled=true, rotatable=false, locationContextEnabled=true, applicationCacheEnabled=true, takesScreenshot=true, version=46.0}]
	at sun.reflect.NativeConstructorAccessorImpl.newInstance0(Native Method)
	at sun.reflect.NativeConstructorAccessorImpl.newInstance(NativeConstructorAccessorImpl.java:57)
	at sun.reflect.DelegatingConstructorAccessorImpl.newInstance(DelegatingConstructorAccessorImpl.java:45)
	at java.lang.reflect.Constructor.newInstance(Constructor.java:526)
	at org.openqa.selenium.remote.ErrorHandler.createThrowable(ErrorHandler.java:206)
	at org.openqa.selenium.remote.ErrorHandler.throwIfResponseFailed(ErrorHandler.java:158)
	at org.openqa.selenium.remote.RemoteWebDriver.execute(RemoteWebDriver.java:678)
	at org.openqa.selenium.remote.RemoteWebElement.execute(RemoteWebElement.java:327)
	at org.openqa.selenium.remote.RemoteWebElement.click(RemoteWebElement.java:85)
	at com.arc.driver.CommonMethod.click(CommonMethod.java:176)
	at com.arc.ReusableMethods.ReusableMethodsSearch.VerifySearchedProgram(ReusableMethodsSearch.java:49)
	at com.arc.testcases.MyBuildings.LEED.VerifyPRFileDownloadTest.billingStatusVerification(VerifyPRFileDownloadTest.java:36)
</failure>
    <system-out>billingStatusVerification
id~load-menu
obj type: id
obj val: load-menu
id~load-menu
obj type: id
obj val: load-menu
id~load-menu
obj type: id
obj val: load-menu
id~edit-name
obj type: id
obj val: edit-name
id~edit-name
obj type: id
obj val: edit-name
id~edit-name
obj type: id
obj val: edit-name
id~edit-name
obj type: id
obj val: edit-name
id~edit-pass
obj type: id
obj val: edit-pass
id~edit-pass
obj type: id
obj val: edit-pass
id~edit-pass
obj type: id
obj val: edit-pass
id~edit-pass
obj type: id
obj val: edit-pass
id~edit-submit
obj type: id
obj val: edit-submit
id~edit-submit
obj type: id
obj val: edit-submit
id~edit-submit
obj type: id
obj val: edit-submit
xpath~//*[@class=&apos;page-title ng-scope&apos;]/span
obj type: xpath
obj val: //*[@class=&apos;page-title ng-scope&apos;]/span
xpath~(//input[@id=&apos;searchBar&apos;])[2]
obj type: xpath
obj val: (//input[@id=&apos;searchBar&apos;])[2]
xpath~(//input[@id=&apos;searchBar&apos;])[2]
obj type: xpath
obj val: (//input[@id=&apos;searchBar&apos;])[2]
xpath~(//input[@id=&apos;searchBar&apos;])[2]
obj type: xpath
obj val: (//input[@id=&apos;searchBar&apos;])[2]
xpath~(//input[@id=&apos;searchBar&apos;])[2]
obj type: xpath
obj val: (//input[@id=&apos;searchBar&apos;])[2]
xpath~(//input[@id=&apos;searchBar&apos;])[2]
obj type: xpath
obj val: (//input[@id=&apos;searchBar&apos;])[2]
xpath~(//input[@id=&apos;searchBar&apos;])[2]
obj type: xpath
obj val: (//input[@id=&apos;searchBar&apos;])[2]
xpath~(//div[@class=&quot;searchLabels ng-binding&quot;])[1]
obj type: xpath
obj val: (//div[@class=&quot;searchLabels ng-binding&quot;])[1]
xpath~(//div[@class=&quot;searchLabels ng-binding&quot;])[1]
obj type: xpath
obj val: (//div[@class=&quot;searchLabels ng-binding&quot;])[1]
Project (1 project)
xpath~(//div[@class=&quot;searchLabels ng-binding&quot;])[1]
obj type: xpath
obj val: (//div[@class=&quot;searchLabels ng-binding&quot;])[1]
xpath~(//div[@class=&quot;searchLabels ng-binding&quot;])[1]
obj type: xpath
obj val: (//div[@class=&quot;searchLabels ng-binding&quot;])[1]
xpath~(//td[@class=&apos;cursor-pointer vertical_align_middle&apos;])[3]
obj type: xpath
obj val: (//td[@class=&apos;cursor-pointer vertical_align_middle&apos;])[3]
xpath~(//td[@class=&apos;cursor-pointer vertical_align_middle&apos;])[3]
obj type: xpath
obj val: (//td[@class=&apos;cursor-pointer vertical_align_middle&apos;])[3]
xpath~(//td[@class=&apos;cursor-pointer vertical_align_middle&apos;])[3]
obj type: xpath
obj val: (//td[@class=&apos;cursor-pointer vertical_align_middle&apos;])[3]
xpath~(//input[@id=&apos;searchBar&apos;])[2]
obj type: xpath
obj val: (//input[@id=&apos;searchBar&apos;])[2]
xpath~(//input[@id=&apos;searchBar&apos;])[2]
obj type: xpath
obj val: (//input[@id=&apos;searchBar&apos;])[2]
xpath~(//input[@id=&apos;searchBar&apos;])[2]
obj type: xpath
obj val: (//input[@id=&apos;searchBar&apos;])[2]
xpath~(//input[@id=&apos;searchBar&apos;])[2]
obj type: xpath
obj val: (//input[@id=&apos;searchBar&apos;])[2]
xpath~(//input[@id=&apos;searchBar&apos;])[2]
obj type: xpath
obj val: (//input[@id=&apos;searchBar&apos;])[2]
xpath~(//input[@id=&apos;searchBar&apos;])[2]
obj type: xpath
obj val: (//input[@id=&apos;searchBar&apos;])[2]
xpath~(//div[@class=&quot;searchLabels ng-binding&quot;])[1]
obj type: xpath
obj val: (//div[@class=&quot;searchLabels ng-binding&quot;])[1]
xpath~(//div[@class=&quot;searchLabels ng-binding&quot;])[1]
obj type: xpath
obj val: (//div[@class=&quot;searchLabels ng-binding&quot;])[1]
Project (1 project)
xpath~(//div[@class=&quot;searchLabels ng-binding&quot;])[1]
obj type: xpath
obj val: (//div[@class=&quot;searchLabels ng-binding&quot;])[1]
xpath~(//div[@class=&quot;searchLabels ng-binding&quot;])[1]
obj type: xpath
obj val: (//div[@class=&quot;searchLabels ng-binding&quot;])[1]
xpath~(//td[@class=&apos;cursor-pointer vertical_align_middle&apos;])[3]
obj type: xpath
obj val: (//td[@class=&apos;cursor-pointer vertical_align_middle&apos;])[3]
xpath~(//td[@class=&apos;cursor-pointer vertical_align_middle&apos;])[3]
obj type: xpath
obj val: (//td[@class=&apos;cursor-pointer vertical_align_middle&apos;])[3]
xpath~(//td[@class=&apos;cursor-pointer vertical_align_middle&apos;])[3]
obj type: xpath
obj val: (//td[@class=&apos;cursor-pointer vertical_align_middle&apos;])[3]
xpath~(//div[@class=&quot;searchLabels ng-binding&quot;])[1]
obj type: xpath
obj val: (//div[@class=&quot;searchLabels ng-binding&quot;])[1]
xpath~(//div[@class=&quot;searchLabels ng-binding&quot;])[1]
obj type: xpath
obj val: (//div[@class=&quot;searchLabels ng-binding&quot;])[1]

xpath~(//td[@class=&apos;cursor-pointer vertical_align_middle&apos;])[3]
obj type: xpath
obj val: (//td[@class=&apos;cursor-pointer vertical_align_middle&apos;])[3]
Element is not currently visible and so may not be interacted with
Command duration or timeout: 60.04 seconds
Build info: version: &apos;2.53.1&apos;, revision: &apos;a36b8b1cd5757287168e54b817830adce9b0158d&apos;, time: &apos;2016-06-30 19:26:09&apos;
System info: host: &apos;G10CHLT003&apos;, ip: &apos;10.124.67.67&apos;, os.name: &apos;Windows 7&apos;, os.arch: &apos;amd64&apos;, os.version: &apos;6.1&apos;, java.version: &apos;1.7.0_80&apos;
Session ID: 489c0b7e-792c-44b7-8b60-5840322235fa
Driver info: org.openqa.selenium.firefox.FirefoxDriver
Capabilities [{platform=WINDOWS, acceptSslCerts=true, javascriptEnabled=true, cssSelectorsEnabled=true, databaseEnabled=true, browserName=firefox, handlesAlerts=true, nativeEvents=false, webStorageEnabled=true, rotatable=false, locationContextEnabled=true, applicationCacheEnabled=true, takesScreenshot=true, version=46.0}]
</system-out>
  </testcase>
  <testcase time="265.869" classname="com.arc.testcases.MyBuildings.LEED.VerifyAgreementFileDownloadTest" name="verifyAgreementFileDownload">
    <skipped/>
  </testcase>
  <testcase time="108.2" classname="com.arc.testcases.MyBuildings.LEED.InstallAllAppsTest" name="installAllApps">
    <failure message="Element is not currently visible and so may not be interacted with
Command duration or timeout: 60.04 seconds
Build info: version: &apos;2.53.1&apos;, revision: &apos;a36b8b1cd5757287168e54b817830adce9b0158d&apos;, time: &apos;2016-06-30 19:26:09&apos;
System info: host: &apos;G10CHLT003&apos;, ip: &apos;10.124.67.67&apos;, os.name: &apos;Windows 7&apos;, os.arch: &apos;amd64&apos;, os.version: &apos;6.1&apos;, java.version: &apos;1.7.0_80&apos;
Session ID: 4e3b8688-476f-4444-afa1-0f356fcb5005
Driver info: org.openqa.selenium.firefox.FirefoxDriver
Capabilities [{platform=WINDOWS, acceptSslCerts=true, javascriptEnabled=true, cssSelectorsEnabled=true, databaseEnabled=true, browserName=firefox, handlesAlerts=true, nativeEvents=false, webStorageEnabled=true, rotatable=false, locationContextEnabled=true, applicationCacheEnabled=true, takesScreenshot=true, version=46.0}]" type="java.lang.Error">java.lang.Error: Element is not currently visible and so may not be interacted with
Command duration or timeout: 60.04 seconds
Build info: version: &apos;2.53.1&apos;, revision: &apos;a36b8b1cd5757287168e54b817830adce9b0158d&apos;, time: &apos;2016-06-30 19:26:09&apos;
System info: host: &apos;G10CHLT003&apos;, ip: &apos;10.124.67.67&apos;, os.name: &apos;Windows 7&apos;, os.arch: &apos;amd64&apos;, os.version: &apos;6.1&apos;, java.version: &apos;1.7.0_80&apos;
Session ID: 4e3b8688-476f-4444-afa1-0f356fcb5005
Driver info: org.openqa.selenium.firefox.FirefoxDriver
Capabilities [{platform=WINDOWS, acceptSslCerts=true, javascriptEnabled=true, cssSelectorsEnabled=true, databaseEnabled=true, browserName=firefox, handlesAlerts=true, nativeEvents=false, webStorageEnabled=true, rotatable=false, locationContextEnabled=true, applicationCacheEnabled=true, takesScreenshot=true, version=46.0}]
	at sun.reflect.NativeConstructorAccessorImpl.newInstance0(Native Method)
	at sun.reflect.NativeConstructorAccessorImpl.newInstance(NativeConstructorAccessorImpl.java:57)
	at sun.reflect.DelegatingConstructorAccessorImpl.newInstance(DelegatingConstructorAccessorImpl.java:45)
	at java.lang.reflect.Constructor.newInstance(Constructor.java:526)
	at org.openqa.selenium.remote.ErrorHandler.createThrowable(ErrorHandler.java:206)
	at org.openqa.selenium.remote.ErrorHandler.throwIfResponseFailed(ErrorHandler.java:158)
	at org.openqa.selenium.remote.RemoteWebDriver.execute(RemoteWebDriver.java:678)
	at org.openqa.selenium.remote.RemoteWebElement.execute(RemoteWebElement.java:327)
	at org.openqa.selenium.remote.RemoteWebElement.click(RemoteWebElement.java:85)
	at com.arc.driver.CommonMethod.click(CommonMethod.java:176)
	at com.arc.ReusableMethods.ReusableMethodsSearch.VerifySearchedProgram(ReusableMethodsSearch.java:49)
	at com.arc.testcases.MyBuildings.LEED.InstallAllAppsTest.installAllApps(InstallAllAppsTest.java:35)
</failure>
    <system-out>installAllApps
id~load-menu
obj type: id
obj val: load-menu
id~load-menu
obj type: id
obj val: load-menu
id~load-menu
obj type: id
obj val: load-menu
id~edit-name
obj type: id
obj val: edit-name
id~edit-name
obj type: id
obj val: edit-name
id~edit-name
obj type: id
obj val: edit-name
id~edit-name
obj type: id
obj val: edit-name
id~edit-pass
obj type: id
obj val: edit-pass
id~edit-pass
obj type: id
obj val: edit-pass
id~edit-pass
obj type: id
obj val: edit-pass
id~edit-pass
obj type: id
obj val: edit-pass
id~edit-submit
obj type: id
obj val: edit-submit
id~edit-submit
obj type: id
obj val: edit-submit
id~edit-submit
obj type: id
obj val: edit-submit
xpath~//*[@class=&apos;page-title ng-scope&apos;]/span
obj type: xpath
obj val: //*[@class=&apos;page-title ng-scope&apos;]/span
xpath~(//input[@id=&apos;searchBar&apos;])[2]
obj type: xpath
obj val: (//input[@id=&apos;searchBar&apos;])[2]
xpath~(//input[@id=&apos;searchBar&apos;])[2]
obj type: xpath
obj val: (//input[@id=&apos;searchBar&apos;])[2]
xpath~(//input[@id=&apos;searchBar&apos;])[2]
obj type: xpath
obj val: (//input[@id=&apos;searchBar&apos;])[2]
xpath~(//input[@id=&apos;searchBar&apos;])[2]
obj type: xpath
obj val: (//input[@id=&apos;searchBar&apos;])[2]
xpath~(//input[@id=&apos;searchBar&apos;])[2]
obj type: xpath
obj val: (//input[@id=&apos;searchBar&apos;])[2]
xpath~(//input[@id=&apos;searchBar&apos;])[2]
obj type: xpath
obj val: (//input[@id=&apos;searchBar&apos;])[2]
xpath~(//div[@class=&quot;searchLabels ng-binding&quot;])[1]
obj type: xpath
obj val: (//div[@class=&quot;searchLabels ng-binding&quot;])[1]
xpath~(//div[@class=&quot;searchLabels ng-binding&quot;])[1]
obj type: xpath
obj val: (//div[@class=&quot;searchLabels ng-binding&quot;])[1]
Project (1 project)
xpath~(//div[@class=&quot;searchLabels ng-binding&quot;])[1]
obj type: xpath
obj val: (//div[@class=&quot;searchLabels ng-binding&quot;])[1]
xpath~(//div[@class=&quot;searchLabels ng-binding&quot;])[1]
obj type: xpath
obj val: (//div[@class=&quot;searchLabels ng-binding&quot;])[1]
xpath~(//td[@class=&apos;cursor-pointer vertical_align_middle&apos;])[3]
obj type: xpath
obj val: (//td[@class=&apos;cursor-pointer vertical_align_middle&apos;])[3]
xpath~(//td[@class=&apos;cursor-pointer vertical_align_middle&apos;])[3]
obj type: xpath
obj val: (//td[@class=&apos;cursor-pointer vertical_align_middle&apos;])[3]
xpath~(//td[@class=&apos;cursor-pointer vertical_align_middle&apos;])[3]
obj type: xpath
obj val: (//td[@class=&apos;cursor-pointer vertical_align_middle&apos;])[3]
xpath~(//input[@id=&apos;searchBar&apos;])[2]
obj type: xpath
obj val: (//input[@id=&apos;searchBar&apos;])[2]
xpath~(//input[@id=&apos;searchBar&apos;])[2]
obj type: xpath
obj val: (//input[@id=&apos;searchBar&apos;])[2]
xpath~(//input[@id=&apos;searchBar&apos;])[2]
obj type: xpath
obj val: (//input[@id=&apos;searchBar&apos;])[2]
xpath~(//input[@id=&apos;searchBar&apos;])[2]
obj type: xpath
obj val: (//input[@id=&apos;searchBar&apos;])[2]
xpath~(//input[@id=&apos;searchBar&apos;])[2]
obj type: xpath
obj val: (//input[@id=&apos;searchBar&apos;])[2]
xpath~(//input[@id=&apos;searchBar&apos;])[2]
obj type: xpath
obj val: (//input[@id=&apos;searchBar&apos;])[2]
xpath~(//div[@class=&quot;searchLabels ng-binding&quot;])[1]
obj type: xpath
obj val: (//div[@class=&quot;searchLabels ng-binding&quot;])[1]
xpath~(//div[@class=&quot;searchLabels ng-binding&quot;])[1]
obj type: xpath
obj val: (//div[@class=&quot;searchLabels ng-binding&quot;])[1]
Project (1 project)
xpath~(//div[@class=&quot;searchLabels ng-binding&quot;])[1]
obj type: xpath
obj val: (//div[@class=&quot;searchLabels ng-binding&quot;])[1]
xpath~(//div[@class=&quot;searchLabels ng-binding&quot;])[1]
obj type: xpath
obj val: (//div[@class=&quot;searchLabels ng-binding&quot;])[1]
xpath~(//td[@class=&apos;cursor-pointer vertical_align_middle&apos;])[3]
obj type: xpath
obj val: (//td[@class=&apos;cursor-pointer vertical_align_middle&apos;])[3]
xpath~(//td[@class=&apos;cursor-pointer vertical_align_middle&apos;])[3]
obj type: xpath
obj val: (//td[@class=&apos;cursor-pointer vertical_align_middle&apos;])[3]
xpath~(//td[@class=&apos;cursor-pointer vertical_align_middle&apos;])[3]
obj type: xpath
obj val: (//td[@class=&apos;cursor-pointer vertical_align_middle&apos;])[3]
xpath~(//div[@class=&quot;searchLabels ng-binding&quot;])[1]
obj type: xpath
obj val: (//div[@class=&quot;searchLabels ng-binding&quot;])[1]
xpath~(//div[@class=&quot;searchLabels ng-binding&quot;])[1]
obj type: xpath
obj val: (//div[@class=&quot;searchLabels ng-binding&quot;])[1]

xpath~(//td[@class=&apos;cursor-pointer vertical_align_middle&apos;])[3]
obj type: xpath
obj val: (//td[@class=&apos;cursor-pointer vertical_align_middle&apos;])[3]
Element is not currently visible and so may not be interacted with
Command duration or timeout: 60.04 seconds
Build info: version: &apos;2.53.1&apos;, revision: &apos;a36b8b1cd5757287168e54b817830adce9b0158d&apos;, time: &apos;2016-06-30 19:26:09&apos;
System info: host: &apos;G10CHLT003&apos;, ip: &apos;10.124.67.67&apos;, os.name: &apos;Windows 7&apos;, os.arch: &apos;amd64&apos;, os.version: &apos;6.1&apos;, java.version: &apos;1.7.0_80&apos;
Session ID: 4e3b8688-476f-4444-afa1-0f356fcb5005
Driver info: org.openqa.selenium.firefox.FirefoxDriver
Capabilities [{platform=WINDOWS, acceptSslCerts=true, javascriptEnabled=true, cssSelectorsEnabled=true, databaseEnabled=true, browserName=firefox, handlesAlerts=true, nativeEvents=false, webStorageEnabled=true, rotatable=false, locationContextEnabled=true, applicationCacheEnabled=true, takesScreenshot=true, version=46.0}]
</system-out>
  </testcase>
  <testcase time="261.643" classname="com.arc.testcases.MyBuildings.LEED.UnistallAllAppsTest" name="uninstallAllApps">
    <failure message="Element is not currently visible and so may not be interacted with
Command duration or timeout: 60.15 seconds
Build info: version: &apos;2.53.1&apos;, revision: &apos;a36b8b1cd5757287168e54b817830adce9b0158d&apos;, time: &apos;2016-06-30 19:26:09&apos;
System info: host: &apos;G10CHLT003&apos;, ip: &apos;10.124.67.67&apos;, os.name: &apos;Windows 7&apos;, os.arch: &apos;amd64&apos;, os.version: &apos;6.1&apos;, java.version: &apos;1.7.0_80&apos;
Session ID: 6b49cb49-e053-4af2-8b13-1bdb4bc3b9e0
Driver info: org.openqa.selenium.firefox.FirefoxDriver
Capabilities [{platform=WINDOWS, acceptSslCerts=true, javascriptEnabled=true, cssSelectorsEnabled=true, databaseEnabled=true, browserName=firefox, handlesAlerts=true, nativeEvents=false, webStorageEnabled=true, rotatable=false, locationContextEnabled=true, applicationCacheEnabled=true, takesScreenshot=true, version=46.0}]" type="java.lang.Error">java.lang.Error: Element is not currently visible and so may not be interacted with
Command duration or timeout: 60.15 seconds
Build info: version: &apos;2.53.1&apos;, revision: &apos;a36b8b1cd5757287168e54b817830adce9b0158d&apos;, time: &apos;2016-06-30 19:26:09&apos;
System info: host: &apos;G10CHLT003&apos;, ip: &apos;10.124.67.67&apos;, os.name: &apos;Windows 7&apos;, os.arch: &apos;amd64&apos;, os.version: &apos;6.1&apos;, java.version: &apos;1.7.0_80&apos;
Session ID: 6b49cb49-e053-4af2-8b13-1bdb4bc3b9e0
Driver info: org.openqa.selenium.firefox.FirefoxDriver
Capabilities [{platform=WINDOWS, acceptSslCerts=true, javascriptEnabled=true, cssSelectorsEnabled=true, databaseEnabled=true, browserName=firefox, handlesAlerts=true, nativeEvents=false, webStorageEnabled=true, rotatable=false, locationContextEnabled=true, applicationCacheEnabled=true, takesScreenshot=true, version=46.0}]
	at sun.reflect.GeneratedConstructorAccessor63.newInstance(Unknown Source)
	at sun.reflect.DelegatingConstructorAccessorImpl.newInstance(DelegatingConstructorAccessorImpl.java:45)
	at java.lang.reflect.Constructor.newInstance(Constructor.java:526)
	at org.openqa.selenium.remote.ErrorHandler.createThrowable(ErrorHandler.java:206)
	at org.openqa.selenium.remote.ErrorHandler.throwIfResponseFailed(ErrorHandler.java:158)
	at org.openqa.selenium.remote.RemoteWebDriver.execute(RemoteWebDriver.java:678)
	at org.openqa.selenium.remote.RemoteWebElement.execute(RemoteWebElement.java:327)
	at org.openqa.selenium.remote.RemoteWebElement.click(RemoteWebElement.java:85)
	at com.arc.driver.CommonMethod.click(CommonMethod.java:176)
	at com.arc.ReusableMethods.ReusableMethodsSearch.VerifySearchedProgram(ReusableMethodsSearch.java:49)
	at com.arc.testcases.MyBuildings.LEED.UnistallAllAppsTest.uninstallAllApps(UnistallAllAppsTest.java:33)
</failure>
    <system-out>uninstallAllApps
id~load-menu
obj type: id
obj val: load-menu
id~load-menu
obj type: id
obj val: load-menu
id~load-menu
obj type: id
obj val: load-menu
id~edit-name
obj type: id
obj val: edit-name
id~edit-name
obj type: id
obj val: edit-name
id~edit-name
obj type: id
obj val: edit-name
id~edit-name
obj type: id
obj val: edit-name
id~edit-pass
obj type: id
obj val: edit-pass
id~edit-pass
obj type: id
obj val: edit-pass
id~edit-pass
obj type: id
obj val: edit-pass
id~edit-pass
obj type: id
obj val: edit-pass
id~edit-submit
obj type: id
obj val: edit-submit
id~edit-submit
obj type: id
obj val: edit-submit
id~edit-submit
obj type: id
obj val: edit-submit
xpath~//*[@class=&apos;page-title ng-scope&apos;]/span
obj type: xpath
obj val: //*[@class=&apos;page-title ng-scope&apos;]/span
xpath~(//input[@id=&apos;searchBar&apos;])[2]
obj type: xpath
obj val: (//input[@id=&apos;searchBar&apos;])[2]
xpath~(//input[@id=&apos;searchBar&apos;])[2]
obj type: xpath
obj val: (//input[@id=&apos;searchBar&apos;])[2]
xpath~(//input[@id=&apos;searchBar&apos;])[2]
obj type: xpath
obj val: (//input[@id=&apos;searchBar&apos;])[2]
xpath~(//input[@id=&apos;searchBar&apos;])[2]
obj type: xpath
obj val: (//input[@id=&apos;searchBar&apos;])[2]
xpath~(//input[@id=&apos;searchBar&apos;])[2]
obj type: xpath
obj val: (//input[@id=&apos;searchBar&apos;])[2]
xpath~(//input[@id=&apos;searchBar&apos;])[2]
obj type: xpath
obj val: (//input[@id=&apos;searchBar&apos;])[2]
xpath~(//div[@class=&quot;searchLabels ng-binding&quot;])[1]
obj type: xpath
obj val: (//div[@class=&quot;searchLabels ng-binding&quot;])[1]
xpath~(//div[@class=&quot;searchLabels ng-binding&quot;])[1]
obj type: xpath
obj val: (//div[@class=&quot;searchLabels ng-binding&quot;])[1]
Project (1 project)
xpath~(//div[@class=&quot;searchLabels ng-binding&quot;])[1]
obj type: xpath
obj val: (//div[@class=&quot;searchLabels ng-binding&quot;])[1]
xpath~(//div[@class=&quot;searchLabels ng-binding&quot;])[1]
obj type: xpath
obj val: (//div[@class=&quot;searchLabels ng-binding&quot;])[1]
xpath~(//td[@class=&apos;cursor-pointer vertical_align_middle&apos;])[3]
obj type: xpath
obj val: (//td[@class=&apos;cursor-pointer vertical_align_middle&apos;])[3]
xpath~(//td[@class=&apos;cursor-pointer vertical_align_middle&apos;])[3]
obj type: xpath
obj val: (//td[@class=&apos;cursor-pointer vertical_align_middle&apos;])[3]
xpath~(//td[@class=&apos;cursor-pointer vertical_align_middle&apos;])[3]
obj type: xpath
obj val: (//td[@class=&apos;cursor-pointer vertical_align_middle&apos;])[3]
xpath~(//input[@id=&apos;searchBar&apos;])[2]
obj type: xpath
obj val: (//input[@id=&apos;searchBar&apos;])[2]
xpath~(//input[@id=&apos;searchBar&apos;])[2]
obj type: xpath
obj val: (//input[@id=&apos;searchBar&apos;])[2]
xpath~(//input[@id=&apos;searchBar&apos;])[2]
obj type: xpath
obj val: (//input[@id=&apos;searchBar&apos;])[2]
xpath~(//input[@id=&apos;searchBar&apos;])[2]
obj type: xpath
obj val: (//input[@id=&apos;searchBar&apos;])[2]
xpath~(//input[@id=&apos;searchBar&apos;])[2]
obj type: xpath
obj val: (//input[@id=&apos;searchBar&apos;])[2]
xpath~(//input[@id=&apos;searchBar&apos;])[2]
obj type: xpath
obj val: (//input[@id=&apos;searchBar&apos;])[2]
xpath~(//div[@class=&quot;searchLabels ng-binding&quot;])[1]
obj type: xpath
obj val: (//div[@class=&quot;searchLabels ng-binding&quot;])[1]
xpath~(//div[@class=&quot;searchLabels ng-binding&quot;])[1]
obj type: xpath
obj val: (//div[@class=&quot;searchLabels ng-binding&quot;])[1]
Project (1 project)
xpath~(//div[@class=&quot;searchLabels ng-binding&quot;])[1]
obj type: xpath
obj val: (//div[@class=&quot;searchLabels ng-binding&quot;])[1]
xpath~(//div[@class=&quot;searchLabels ng-binding&quot;])[1]
obj type: xpath
obj val: (//div[@class=&quot;searchLabels ng-binding&quot;])[1]
xpath~(//td[@class=&apos;cursor-pointer vertical_align_middle&apos;])[3]
obj type: xpath
obj val: (//td[@class=&apos;cursor-pointer vertical_align_middle&apos;])[3]
xpath~(//td[@class=&apos;cursor-pointer vertical_align_middle&apos;])[3]
obj type: xpath
obj val: (//td[@class=&apos;cursor-pointer vertical_align_middle&apos;])[3]
xpath~(//td[@class=&apos;cursor-pointer vertical_align_middle&apos;])[3]
obj type: xpath
obj val: (//td[@class=&apos;cursor-pointer vertical_align_middle&apos;])[3]
xpath~(//div[@class=&quot;searchLabels ng-binding&quot;])[1]
obj type: xpath
obj val: (//div[@class=&quot;searchLabels ng-binding&quot;])[1]
xpath~(//div[@class=&quot;searchLabels ng-binding&quot;])[1]
obj type: xpath
obj val: (//div[@class=&quot;searchLabels ng-binding&quot;])[1]

xpath~(//td[@class=&apos;cursor-pointer vertical_align_middle&apos;])[3]
obj type: xpath
obj val: (//td[@class=&apos;cursor-pointer vertical_align_middle&apos;])[3]
Element is not currently visible and so may not be interacted with
Command duration or timeout: 60.15 seconds
Build info: version: &apos;2.53.1&apos;, revision: &apos;a36b8b1cd5757287168e54b817830adce9b0158d&apos;, time: &apos;2016-06-30 19:26:09&apos;
System info: host: &apos;G10CHLT003&apos;, ip: &apos;10.124.67.67&apos;, os.name: &apos;Windows 7&apos;, os.arch: &apos;amd64&apos;, os.version: &apos;6.1&apos;, java.version: &apos;1.7.0_80&apos;
Session ID: 6b49cb49-e053-4af2-8b13-1bdb4bc3b9e0
Driver info: org.openqa.selenium.firefox.FirefoxDriver
Capabilities [{platform=WINDOWS, acceptSslCerts=true, javascriptEnabled=true, cssSelectorsEnabled=true, databaseEnabled=true, browserName=firefox, handlesAlerts=true, nativeEvents=false, webStorageEnabled=true, rotatable=false, locationContextEnabled=true, applicationCacheEnabled=true, takesScreenshot=true, version=46.0}]
</system-out>
  </testcase>
  <testcase time="417.013" classname="com.arc.testcases.MyBuildings.LEED.BillingDateVerificationTest" name="billingDateVerification">
    <skipped/>
  </testcase>
  <testcase time="446.951" classname="com.arc.testcases.MyBuildings.LEED.BillingRegistrationAmountVerificationTest" name="billingRegistrationAmountVerification">
    <skipped/>
  </testcase>
  <testcase time="495.388" classname="com.arc.testcases.MyBuildings.LEED.ETotalAnalyticsTest" name="energyTotalAnalytics">
    <skipped/>
  </testcase>
  <testcase time="514.777" classname="com.arc.testcases.MyBuildings.LEED.CTotalAnalyticsTest" name="carbonTotal">
    <skipped/>
  </testcase>
  <testcase time="132.873" classname="com.arc.testcases.MyBuildings.LEED.WTotalAnalyticsTest" name="verifyWDailiyMTCO2">
    <failure message="Element is not currently visible and so may not be interacted with
Command duration or timeout: 60.07 seconds
Build info: version: &apos;2.53.1&apos;, revision: &apos;a36b8b1cd5757287168e54b817830adce9b0158d&apos;, time: &apos;2016-06-30 19:26:09&apos;
System info: host: &apos;G10CHLT003&apos;, ip: &apos;10.124.67.67&apos;, os.name: &apos;Windows 7&apos;, os.arch: &apos;amd64&apos;, os.version: &apos;6.1&apos;, java.version: &apos;1.7.0_80&apos;
Session ID: b8b23d39-9690-4057-8766-472a3394a139
Driver info: org.openqa.selenium.firefox.FirefoxDriver
Capabilities [{platform=WINDOWS, acceptSslCerts=true, javascriptEnabled=true, cssSelectorsEnabled=true, databaseEnabled=true, browserName=firefox, handlesAlerts=true, nativeEvents=false, webStorageEnabled=true, rotatable=false, locationContextEnabled=true, applicationCacheEnabled=true, takesScreenshot=true, version=46.0}]" type="java.lang.Error">java.lang.Error: Element is not currently visible and so may not be interacted with
Command duration or timeout: 60.07 seconds
Build info: version: &apos;2.53.1&apos;, revision: &apos;a36b8b1cd5757287168e54b817830adce9b0158d&apos;, time: &apos;2016-06-30 19:26:09&apos;
System info: host: &apos;G10CHLT003&apos;, ip: &apos;10.124.67.67&apos;, os.name: &apos;Windows 7&apos;, os.arch: &apos;amd64&apos;, os.version: &apos;6.1&apos;, java.version: &apos;1.7.0_80&apos;
Session ID: b8b23d39-9690-4057-8766-472a3394a139
Driver info: org.openqa.selenium.firefox.FirefoxDriver
Capabilities [{platform=WINDOWS, acceptSslCerts=true, javascriptEnabled=true, cssSelectorsEnabled=true, databaseEnabled=true, browserName=firefox, handlesAlerts=true, nativeEvents=false, webStorageEnabled=true, rotatable=false, locationContextEnabled=true, applicationCacheEnabled=true, takesScreenshot=true, version=46.0}]
	at sun.reflect.GeneratedConstructorAccessor63.newInstance(Unknown Source)
	at sun.reflect.DelegatingConstructorAccessorImpl.newInstance(DelegatingConstructorAccessorImpl.java:45)
	at java.lang.reflect.Constructor.newInstance(Constructor.java:526)
	at org.openqa.selenium.remote.ErrorHandler.createThrowable(ErrorHandler.java:206)
	at org.openqa.selenium.remote.ErrorHandler.throwIfResponseFailed(ErrorHandler.java:158)
	at org.openqa.selenium.remote.RemoteWebDriver.execute(RemoteWebDriver.java:678)
	at org.openqa.selenium.remote.RemoteWebElement.execute(RemoteWebElement.java:327)
	at org.openqa.selenium.remote.RemoteWebElement.click(RemoteWebElement.java:85)
	at com.arc.driver.CommonMethod.click(CommonMethod.java:176)
	at com.arc.ReusableMethods.ReusableMethodsSearch.VerifySearchedProgram(ReusableMethodsSearch.java:49)
	at com.arc.testcases.MyBuildings.LEED.WTotalAnalyticsTest.verifyWDailiyMTCO2(WTotalAnalyticsTest.java:34)
</failure>
    <system-out>verifyWDailiyMTCO2
id~load-menu
obj type: id
obj val: load-menu
id~load-menu
obj type: id
obj val: load-menu
id~load-menu
obj type: id
obj val: load-menu
id~edit-name
obj type: id
obj val: edit-name
id~edit-name
obj type: id
obj val: edit-name
id~edit-name
obj type: id
obj val: edit-name
id~edit-name
obj type: id
obj val: edit-name
id~edit-pass
obj type: id
obj val: edit-pass
id~edit-pass
obj type: id
obj val: edit-pass
id~edit-pass
obj type: id
obj val: edit-pass
id~edit-pass
obj type: id
obj val: edit-pass
id~edit-submit
obj type: id
obj val: edit-submit
id~edit-submit
obj type: id
obj val: edit-submit
id~edit-submit
obj type: id
obj val: edit-submit
xpath~//*[@class=&apos;page-title ng-scope&apos;]/span
obj type: xpath
obj val: //*[@class=&apos;page-title ng-scope&apos;]/span
xpath~(//input[@id=&apos;searchBar&apos;])[2]
obj type: xpath
obj val: (//input[@id=&apos;searchBar&apos;])[2]
xpath~(//input[@id=&apos;searchBar&apos;])[2]
obj type: xpath
obj val: (//input[@id=&apos;searchBar&apos;])[2]
xpath~(//input[@id=&apos;searchBar&apos;])[2]
obj type: xpath
obj val: (//input[@id=&apos;searchBar&apos;])[2]
xpath~(//input[@id=&apos;searchBar&apos;])[2]
obj type: xpath
obj val: (//input[@id=&apos;searchBar&apos;])[2]
xpath~(//input[@id=&apos;searchBar&apos;])[2]
obj type: xpath
obj val: (//input[@id=&apos;searchBar&apos;])[2]
xpath~(//input[@id=&apos;searchBar&apos;])[2]
obj type: xpath
obj val: (//input[@id=&apos;searchBar&apos;])[2]
xpath~(//div[@class=&quot;searchLabels ng-binding&quot;])[1]
obj type: xpath
obj val: (//div[@class=&quot;searchLabels ng-binding&quot;])[1]
xpath~(//div[@class=&quot;searchLabels ng-binding&quot;])[1]
obj type: xpath
obj val: (//div[@class=&quot;searchLabels ng-binding&quot;])[1]
Project (1 project)
xpath~(//div[@class=&quot;searchLabels ng-binding&quot;])[1]
obj type: xpath
obj val: (//div[@class=&quot;searchLabels ng-binding&quot;])[1]
xpath~(//div[@class=&quot;searchLabels ng-binding&quot;])[1]
obj type: xpath
obj val: (//div[@class=&quot;searchLabels ng-binding&quot;])[1]
xpath~(//td[@class=&apos;cursor-pointer vertical_align_middle&apos;])[3]
obj type: xpath
obj val: (//td[@class=&apos;cursor-pointer vertical_align_middle&apos;])[3]
xpath~(//td[@class=&apos;cursor-pointer vertical_align_middle&apos;])[3]
obj type: xpath
obj val: (//td[@class=&apos;cursor-pointer vertical_align_middle&apos;])[3]
xpath~(//td[@class=&apos;cursor-pointer vertical_align_middle&apos;])[3]
obj type: xpath
obj val: (//td[@class=&apos;cursor-pointer vertical_align_middle&apos;])[3]
xpath~(//input[@id=&apos;searchBar&apos;])[2]
obj type: xpath
obj val: (//input[@id=&apos;searchBar&apos;])[2]
xpath~(//input[@id=&apos;searchBar&apos;])[2]
obj type: xpath
obj val: (//input[@id=&apos;searchBar&apos;])[2]
xpath~(//input[@id=&apos;searchBar&apos;])[2]
obj type: xpath
obj val: (//input[@id=&apos;searchBar&apos;])[2]
xpath~(//input[@id=&apos;searchBar&apos;])[2]
obj type: xpath
obj val: (//input[@id=&apos;searchBar&apos;])[2]
xpath~(//input[@id=&apos;searchBar&apos;])[2]
obj type: xpath
obj val: (//input[@id=&apos;searchBar&apos;])[2]
xpath~(//input[@id=&apos;searchBar&apos;])[2]
obj type: xpath
obj val: (//input[@id=&apos;searchBar&apos;])[2]
xpath~(//div[@class=&quot;searchLabels ng-binding&quot;])[1]
obj type: xpath
obj val: (//div[@class=&quot;searchLabels ng-binding&quot;])[1]
xpath~(//div[@class=&quot;searchLabels ng-binding&quot;])[1]
obj type: xpath
obj val: (//div[@class=&quot;searchLabels ng-binding&quot;])[1]
Project (1 project)
xpath~(//div[@class=&quot;searchLabels ng-binding&quot;])[1]
obj type: xpath
obj val: (//div[@class=&quot;searchLabels ng-binding&quot;])[1]
xpath~(//div[@class=&quot;searchLabels ng-binding&quot;])[1]
obj type: xpath
obj val: (//div[@class=&quot;searchLabels ng-binding&quot;])[1]
xpath~(//td[@class=&apos;cursor-pointer vertical_align_middle&apos;])[3]
obj type: xpath
obj val: (//td[@class=&apos;cursor-pointer vertical_align_middle&apos;])[3]
xpath~(//td[@class=&apos;cursor-pointer vertical_align_middle&apos;])[3]
obj type: xpath
obj val: (//td[@class=&apos;cursor-pointer vertical_align_middle&apos;])[3]
xpath~(//td[@class=&apos;cursor-pointer vertical_align_middle&apos;])[3]
obj type: xpath
obj val: (//td[@class=&apos;cursor-pointer vertical_align_middle&apos;])[3]
xpath~(//div[@class=&quot;searchLabels ng-binding&quot;])[1]
obj type: xpath
obj val: (//div[@class=&quot;searchLabels ng-binding&quot;])[1]
xpath~(//div[@class=&quot;searchLabels ng-binding&quot;])[1]
obj type: xpath
obj val: (//div[@class=&quot;searchLabels ng-binding&quot;])[1]

xpath~(//td[@class=&apos;cursor-pointer vertical_align_middle&apos;])[3]
obj type: xpath
obj val: (//td[@class=&apos;cursor-pointer vertical_align_middle&apos;])[3]
Element is not currently visible and so may not be interacted with
Command duration or timeout: 60.07 seconds
Build info: version: &apos;2.53.1&apos;, revision: &apos;a36b8b1cd5757287168e54b817830adce9b0158d&apos;, time: &apos;2016-06-30 19:26:09&apos;
System info: host: &apos;G10CHLT003&apos;, ip: &apos;10.124.67.67&apos;, os.name: &apos;Windows 7&apos;, os.arch: &apos;amd64&apos;, os.version: &apos;6.1&apos;, java.version: &apos;1.7.0_80&apos;
Session ID: b8b23d39-9690-4057-8766-472a3394a139
Driver info: org.openqa.selenium.firefox.FirefoxDriver
Capabilities [{platform=WINDOWS, acceptSslCerts=true, javascriptEnabled=true, cssSelectorsEnabled=true, databaseEnabled=true, browserName=firefox, handlesAlerts=true, nativeEvents=false, webStorageEnabled=true, rotatable=false, locationContextEnabled=true, applicationCacheEnabled=true, takesScreenshot=true, version=46.0}]
</system-out>
  </testcase>
  <testcase time="108.725" classname="com.arc.testcases.MyBuildings.LEED.BillingStatusVerificationTest" name="billingStatusVerification">
    <failure message="Element is not currently visible and so may not be interacted with
Command duration or timeout: 60.02 seconds
Build info: version: &apos;2.53.1&apos;, revision: &apos;a36b8b1cd5757287168e54b817830adce9b0158d&apos;, time: &apos;2016-06-30 19:26:09&apos;
System info: host: &apos;G10CHLT003&apos;, ip: &apos;10.124.67.67&apos;, os.name: &apos;Windows 7&apos;, os.arch: &apos;amd64&apos;, os.version: &apos;6.1&apos;, java.version: &apos;1.7.0_80&apos;
Session ID: 1fcaeb27-b416-4752-a8a4-a41658731fe6
Driver info: org.openqa.selenium.firefox.FirefoxDriver
Capabilities [{platform=WINDOWS, acceptSslCerts=true, javascriptEnabled=true, cssSelectorsEnabled=true, databaseEnabled=true, browserName=firefox, handlesAlerts=true, nativeEvents=false, webStorageEnabled=true, rotatable=false, locationContextEnabled=true, applicationCacheEnabled=true, takesScreenshot=true, version=46.0}]" type="java.lang.Error">java.lang.Error: Element is not currently visible and so may not be interacted with
Command duration or timeout: 60.02 seconds
Build info: version: &apos;2.53.1&apos;, revision: &apos;a36b8b1cd5757287168e54b817830adce9b0158d&apos;, time: &apos;2016-06-30 19:26:09&apos;
System info: host: &apos;G10CHLT003&apos;, ip: &apos;10.124.67.67&apos;, os.name: &apos;Windows 7&apos;, os.arch: &apos;amd64&apos;, os.version: &apos;6.1&apos;, java.version: &apos;1.7.0_80&apos;
Session ID: 1fcaeb27-b416-4752-a8a4-a41658731fe6
Driver info: org.openqa.selenium.firefox.FirefoxDriver
Capabilities [{platform=WINDOWS, acceptSslCerts=true, javascriptEnabled=true, cssSelectorsEnabled=true, databaseEnabled=true, browserName=firefox, handlesAlerts=true, nativeEvents=false, webStorageEnabled=true, rotatable=false, locationContextEnabled=true, applicationCacheEnabled=true, takesScreenshot=true, version=46.0}]
	at sun.reflect.GeneratedConstructorAccessor63.newInstance(Unknown Source)
	at sun.reflect.DelegatingConstructorAccessorImpl.newInstance(DelegatingConstructorAccessorImpl.java:45)
	at java.lang.reflect.Constructor.newInstance(Constructor.java:526)
	at org.openqa.selenium.remote.ErrorHandler.createThrowable(ErrorHandler.java:206)
	at org.openqa.selenium.remote.ErrorHandler.throwIfResponseFailed(ErrorHandler.java:158)
	at org.openqa.selenium.remote.RemoteWebDriver.execute(RemoteWebDriver.java:678)
	at org.openqa.selenium.remote.RemoteWebElement.execute(RemoteWebElement.java:327)
	at org.openqa.selenium.remote.RemoteWebElement.click(RemoteWebElement.java:85)
	at com.arc.driver.CommonMethod.click(CommonMethod.java:176)
	at com.arc.ReusableMethods.ReusableMethodsSearch.VerifySearchedProgram(ReusableMethodsSearch.java:49)
	at com.arc.testcases.MyBuildings.LEED.BillingStatusVerificationTest.billingStatusVerification(BillingStatusVerificationTest.java:37)
</failure>
    <system-out>billingStatusVerification
id~load-menu
obj type: id
obj val: load-menu
id~load-menu
obj type: id
obj val: load-menu
id~load-menu
obj type: id
obj val: load-menu
id~edit-name
obj type: id
obj val: edit-name
id~edit-name
obj type: id
obj val: edit-name
id~edit-name
obj type: id
obj val: edit-name
id~edit-name
obj type: id
obj val: edit-name
id~edit-pass
obj type: id
obj val: edit-pass
id~edit-pass
obj type: id
obj val: edit-pass
id~edit-pass
obj type: id
obj val: edit-pass
id~edit-pass
obj type: id
obj val: edit-pass
id~edit-submit
obj type: id
obj val: edit-submit
id~edit-submit
obj type: id
obj val: edit-submit
id~edit-submit
obj type: id
obj val: edit-submit
xpath~//*[@class=&apos;page-title ng-scope&apos;]/span
obj type: xpath
obj val: //*[@class=&apos;page-title ng-scope&apos;]/span
xpath~(//input[@id=&apos;searchBar&apos;])[2]
obj type: xpath
obj val: (//input[@id=&apos;searchBar&apos;])[2]
xpath~(//input[@id=&apos;searchBar&apos;])[2]
obj type: xpath
obj val: (//input[@id=&apos;searchBar&apos;])[2]
xpath~(//input[@id=&apos;searchBar&apos;])[2]
obj type: xpath
obj val: (//input[@id=&apos;searchBar&apos;])[2]
xpath~(//input[@id=&apos;searchBar&apos;])[2]
obj type: xpath
obj val: (//input[@id=&apos;searchBar&apos;])[2]
xpath~(//input[@id=&apos;searchBar&apos;])[2]
obj type: xpath
obj val: (//input[@id=&apos;searchBar&apos;])[2]
xpath~(//input[@id=&apos;searchBar&apos;])[2]
obj type: xpath
obj val: (//input[@id=&apos;searchBar&apos;])[2]
xpath~(//div[@class=&quot;searchLabels ng-binding&quot;])[1]
obj type: xpath
obj val: (//div[@class=&quot;searchLabels ng-binding&quot;])[1]
xpath~(//div[@class=&quot;searchLabels ng-binding&quot;])[1]
obj type: xpath
obj val: (//div[@class=&quot;searchLabels ng-binding&quot;])[1]
Project (1 project)
xpath~(//div[@class=&quot;searchLabels ng-binding&quot;])[1]
obj type: xpath
obj val: (//div[@class=&quot;searchLabels ng-binding&quot;])[1]
xpath~(//div[@class=&quot;searchLabels ng-binding&quot;])[1]
obj type: xpath
obj val: (//div[@class=&quot;searchLabels ng-binding&quot;])[1]
xpath~(//td[@class=&apos;cursor-pointer vertical_align_middle&apos;])[3]
obj type: xpath
obj val: (//td[@class=&apos;cursor-pointer vertical_align_middle&apos;])[3]
xpath~(//td[@class=&apos;cursor-pointer vertical_align_middle&apos;])[3]
obj type: xpath
obj val: (//td[@class=&apos;cursor-pointer vertical_align_middle&apos;])[3]
xpath~(//td[@class=&apos;cursor-pointer vertical_align_middle&apos;])[3]
obj type: xpath
obj val: (//td[@class=&apos;cursor-pointer vertical_align_middle&apos;])[3]
xpath~(//input[@id=&apos;searchBar&apos;])[2]
obj type: xpath
obj val: (//input[@id=&apos;searchBar&apos;])[2]
xpath~(//input[@id=&apos;searchBar&apos;])[2]
obj type: xpath
obj val: (//input[@id=&apos;searchBar&apos;])[2]
xpath~(//input[@id=&apos;searchBar&apos;])[2]
obj type: xpath
obj val: (//input[@id=&apos;searchBar&apos;])[2]
xpath~(//input[@id=&apos;searchBar&apos;])[2]
obj type: xpath
obj val: (//input[@id=&apos;searchBar&apos;])[2]
xpath~(//input[@id=&apos;searchBar&apos;])[2]
obj type: xpath
obj val: (//input[@id=&apos;searchBar&apos;])[2]
xpath~(//input[@id=&apos;searchBar&apos;])[2]
obj type: xpath
obj val: (//input[@id=&apos;searchBar&apos;])[2]
xpath~(//div[@class=&quot;searchLabels ng-binding&quot;])[1]
obj type: xpath
obj val: (//div[@class=&quot;searchLabels ng-binding&quot;])[1]
xpath~(//div[@class=&quot;searchLabels ng-binding&quot;])[1]
obj type: xpath
obj val: (//div[@class=&quot;searchLabels ng-binding&quot;])[1]
Project (1 project)
xpath~(//div[@class=&quot;searchLabels ng-binding&quot;])[1]
obj type: xpath
obj val: (//div[@class=&quot;searchLabels ng-binding&quot;])[1]
xpath~(//div[@class=&quot;searchLabels ng-binding&quot;])[1]
obj type: xpath
obj val: (//div[@class=&quot;searchLabels ng-binding&quot;])[1]
xpath~(//td[@class=&apos;cursor-pointer vertical_align_middle&apos;])[3]
obj type: xpath
obj val: (//td[@class=&apos;cursor-pointer vertical_align_middle&apos;])[3]
xpath~(//td[@class=&apos;cursor-pointer vertical_align_middle&apos;])[3]
obj type: xpath
obj val: (//td[@class=&apos;cursor-pointer vertical_align_middle&apos;])[3]
xpath~(//td[@class=&apos;cursor-pointer vertical_align_middle&apos;])[3]
obj type: xpath
obj val: (//td[@class=&apos;cursor-pointer vertical_align_middle&apos;])[3]
xpath~(//div[@class=&quot;searchLabels ng-binding&quot;])[1]
obj type: xpath
obj val: (//div[@class=&quot;searchLabels ng-binding&quot;])[1]
xpath~(//div[@class=&quot;searchLabels ng-binding&quot;])[1]
obj type: xpath
obj val: (//div[@class=&quot;searchLabels ng-binding&quot;])[1]

xpath~(//td[@class=&apos;cursor-pointer vertical_align_middle&apos;])[3]
obj type: xpath
obj val: (//td[@class=&apos;cursor-pointer vertical_align_middle&apos;])[3]
Element is not currently visible and so may not be interacted with
Command duration or timeout: 60.02 seconds
Build info: version: &apos;2.53.1&apos;, revision: &apos;a36b8b1cd5757287168e54b817830adce9b0158d&apos;, time: &apos;2016-06-30 19:26:09&apos;
System info: host: &apos;G10CHLT003&apos;, ip: &apos;10.124.67.67&apos;, os.name: &apos;Windows 7&apos;, os.arch: &apos;amd64&apos;, os.version: &apos;6.1&apos;, java.version: &apos;1.7.0_80&apos;
Session ID: 1fcaeb27-b416-4752-a8a4-a41658731fe6
Driver info: org.openqa.selenium.firefox.FirefoxDriver
Capabilities [{platform=WINDOWS, acceptSslCerts=true, javascriptEnabled=true, cssSelectorsEnabled=true, databaseEnabled=true, browserName=firefox, handlesAlerts=true, nativeEvents=false, webStorageEnabled=true, rotatable=false, locationContextEnabled=true, applicationCacheEnabled=true, takesScreenshot=true, version=46.0}]
</system-out>
  </testcase>
  <testcase time="161.659" classname="com.arc.testcases.MyBuildings.LEED.PreCertReviewTest" name="waterFileUpload">
    <failure message="Element is not currently visible and so may not be interacted with
Command duration or timeout: 60.09 seconds
Build info: version: &apos;2.53.1&apos;, revision: &apos;a36b8b1cd5757287168e54b817830adce9b0158d&apos;, time: &apos;2016-06-30 19:26:09&apos;
System info: host: &apos;G10CHLT003&apos;, ip: &apos;10.124.67.67&apos;, os.name: &apos;Windows 7&apos;, os.arch: &apos;amd64&apos;, os.version: &apos;6.1&apos;, java.version: &apos;1.7.0_80&apos;
Session ID: 1ebc14b8-d830-4596-9a07-f109a1d60852
Driver info: org.openqa.selenium.firefox.FirefoxDriver
Capabilities [{platform=WINDOWS, acceptSslCerts=true, javascriptEnabled=true, cssSelectorsEnabled=true, databaseEnabled=true, browserName=firefox, handlesAlerts=true, nativeEvents=false, webStorageEnabled=true, rotatable=false, locationContextEnabled=true, applicationCacheEnabled=true, takesScreenshot=true, version=46.0}]" type="java.lang.Error">java.lang.Error: Element is not currently visible and so may not be interacted with
Command duration or timeout: 60.09 seconds
Build info: version: &apos;2.53.1&apos;, revision: &apos;a36b8b1cd5757287168e54b817830adce9b0158d&apos;, time: &apos;2016-06-30 19:26:09&apos;
System info: host: &apos;G10CHLT003&apos;, ip: &apos;10.124.67.67&apos;, os.name: &apos;Windows 7&apos;, os.arch: &apos;amd64&apos;, os.version: &apos;6.1&apos;, java.version: &apos;1.7.0_80&apos;
Session ID: 1ebc14b8-d830-4596-9a07-f109a1d60852
Driver info: org.openqa.selenium.firefox.FirefoxDriver
Capabilities [{platform=WINDOWS, acceptSslCerts=true, javascriptEnabled=true, cssSelectorsEnabled=true, databaseEnabled=true, browserName=firefox, handlesAlerts=true, nativeEvents=false, webStorageEnabled=true, rotatable=false, locationContextEnabled=true, applicationCacheEnabled=true, takesScreenshot=true, version=46.0}]
	at sun.reflect.GeneratedConstructorAccessor63.newInstance(Unknown Source)
	at sun.reflect.DelegatingConstructorAccessorImpl.newInstance(DelegatingConstructorAccessorImpl.java:45)
	at java.lang.reflect.Constructor.newInstance(Constructor.java:526)
	at org.openqa.selenium.remote.ErrorHandler.createThrowable(ErrorHandler.java:206)
	at org.openqa.selenium.remote.ErrorHandler.throwIfResponseFailed(ErrorHandler.java:158)
	at org.openqa.selenium.remote.RemoteWebDriver.execute(RemoteWebDriver.java:678)
	at org.openqa.selenium.remote.RemoteWebElement.execute(RemoteWebElement.java:327)
	at org.openqa.selenium.remote.RemoteWebElement.click(RemoteWebElement.java:85)
	at com.arc.driver.CommonMethod.click(CommonMethod.java:176)
	at com.arc.ReusableMethods.ReusableMethodsSearch.VerifySearchedProgram(ReusableMethodsSearch.java:49)
	at com.arc.testcases.MyBuildings.LEED.PreCertReviewTest.waterFileUpload(PreCertReviewTest.java:29)
</failure>
    <system-out>waterFileUpload
id~load-menu
obj type: id
obj val: load-menu
id~load-menu
obj type: id
obj val: load-menu
id~load-menu
obj type: id
obj val: load-menu
id~edit-name
obj type: id
obj val: edit-name
id~edit-name
obj type: id
obj val: edit-name
id~edit-name
obj type: id
obj val: edit-name
id~edit-name
obj type: id
obj val: edit-name
id~edit-pass
obj type: id
obj val: edit-pass
id~edit-pass
obj type: id
obj val: edit-pass
id~edit-pass
obj type: id
obj val: edit-pass
id~edit-pass
obj type: id
obj val: edit-pass
id~edit-submit
obj type: id
obj val: edit-submit
id~edit-submit
obj type: id
obj val: edit-submit
id~edit-submit
obj type: id
obj val: edit-submit
xpath~//*[@class=&apos;page-title ng-scope&apos;]/span
obj type: xpath
obj val: //*[@class=&apos;page-title ng-scope&apos;]/span
xpath~(//input[@id=&apos;searchBar&apos;])[2]
obj type: xpath
obj val: (//input[@id=&apos;searchBar&apos;])[2]
xpath~(//input[@id=&apos;searchBar&apos;])[2]
obj type: xpath
obj val: (//input[@id=&apos;searchBar&apos;])[2]
xpath~(//input[@id=&apos;searchBar&apos;])[2]
obj type: xpath
obj val: (//input[@id=&apos;searchBar&apos;])[2]
xpath~(//input[@id=&apos;searchBar&apos;])[2]
obj type: xpath
obj val: (//input[@id=&apos;searchBar&apos;])[2]
xpath~(//input[@id=&apos;searchBar&apos;])[2]
obj type: xpath
obj val: (//input[@id=&apos;searchBar&apos;])[2]
xpath~(//input[@id=&apos;searchBar&apos;])[2]
obj type: xpath
obj val: (//input[@id=&apos;searchBar&apos;])[2]
xpath~(//div[@class=&quot;searchLabels ng-binding&quot;])[1]
obj type: xpath
obj val: (//div[@class=&quot;searchLabels ng-binding&quot;])[1]
xpath~(//div[@class=&quot;searchLabels ng-binding&quot;])[1]
obj type: xpath
obj val: (//div[@class=&quot;searchLabels ng-binding&quot;])[1]
Project (1 project)
xpath~(//div[@class=&quot;searchLabels ng-binding&quot;])[1]
obj type: xpath
obj val: (//div[@class=&quot;searchLabels ng-binding&quot;])[1]
xpath~(//div[@class=&quot;searchLabels ng-binding&quot;])[1]
obj type: xpath
obj val: (//div[@class=&quot;searchLabels ng-binding&quot;])[1]
xpath~(//td[@class=&apos;cursor-pointer vertical_align_middle&apos;])[3]
obj type: xpath
obj val: (//td[@class=&apos;cursor-pointer vertical_align_middle&apos;])[3]
xpath~(//td[@class=&apos;cursor-pointer vertical_align_middle&apos;])[3]
obj type: xpath
obj val: (//td[@class=&apos;cursor-pointer vertical_align_middle&apos;])[3]
xpath~(//td[@class=&apos;cursor-pointer vertical_align_middle&apos;])[3]
obj type: xpath
obj val: (//td[@class=&apos;cursor-pointer vertical_align_middle&apos;])[3]
xpath~(//input[@id=&apos;searchBar&apos;])[2]
obj type: xpath
obj val: (//input[@id=&apos;searchBar&apos;])[2]
xpath~(//input[@id=&apos;searchBar&apos;])[2]
obj type: xpath
obj val: (//input[@id=&apos;searchBar&apos;])[2]
xpath~(//input[@id=&apos;searchBar&apos;])[2]
obj type: xpath
obj val: (//input[@id=&apos;searchBar&apos;])[2]
xpath~(//input[@id=&apos;searchBar&apos;])[2]
obj type: xpath
obj val: (//input[@id=&apos;searchBar&apos;])[2]
xpath~(//input[@id=&apos;searchBar&apos;])[2]
obj type: xpath
obj val: (//input[@id=&apos;searchBar&apos;])[2]
xpath~(//input[@id=&apos;searchBar&apos;])[2]
obj type: xpath
obj val: (//input[@id=&apos;searchBar&apos;])[2]
xpath~(//div[@class=&quot;searchLabels ng-binding&quot;])[1]
obj type: xpath
obj val: (//div[@class=&quot;searchLabels ng-binding&quot;])[1]
xpath~(//div[@class=&quot;searchLabels ng-binding&quot;])[1]
obj type: xpath
obj val: (//div[@class=&quot;searchLabels ng-binding&quot;])[1]
Project (1 project)
xpath~(//div[@class=&quot;searchLabels ng-binding&quot;])[1]
obj type: xpath
obj val: (//div[@class=&quot;searchLabels ng-binding&quot;])[1]
xpath~(//div[@class=&quot;searchLabels ng-binding&quot;])[1]
obj type: xpath
obj val: (//div[@class=&quot;searchLabels ng-binding&quot;])[1]
xpath~(//td[@class=&apos;cursor-pointer vertical_align_middle&apos;])[3]
obj type: xpath
obj val: (//td[@class=&apos;cursor-pointer vertical_align_middle&apos;])[3]
xpath~(//td[@class=&apos;cursor-pointer vertical_align_middle&apos;])[3]
obj type: xpath
obj val: (//td[@class=&apos;cursor-pointer vertical_align_middle&apos;])[3]
xpath~(//td[@class=&apos;cursor-pointer vertical_align_middle&apos;])[3]
obj type: xpath
obj val: (//td[@class=&apos;cursor-pointer vertical_align_middle&apos;])[3]
xpath~(//div[@class=&quot;searchLabels ng-binding&quot;])[1]
obj type: xpath
obj val: (//div[@class=&quot;searchLabels ng-binding&quot;])[1]
xpath~(//div[@class=&quot;searchLabels ng-binding&quot;])[1]
obj type: xpath
obj val: (//div[@class=&quot;searchLabels ng-binding&quot;])[1]

xpath~(//td[@class=&apos;cursor-pointer vertical_align_middle&apos;])[3]
obj type: xpath
obj val: (//td[@class=&apos;cursor-pointer vertical_align_middle&apos;])[3]
Element is not currently visible and so may not be interacted with
Command duration or timeout: 60.09 seconds
Build info: version: &apos;2.53.1&apos;, revision: &apos;a36b8b1cd5757287168e54b817830adce9b0158d&apos;, time: &apos;2016-06-30 19:26:09&apos;
System info: host: &apos;G10CHLT003&apos;, ip: &apos;10.124.67.67&apos;, os.name: &apos;Windows 7&apos;, os.arch: &apos;amd64&apos;, os.version: &apos;6.1&apos;, java.version: &apos;1.7.0_80&apos;
Session ID: 1ebc14b8-d830-4596-9a07-f109a1d60852
Driver info: org.openqa.selenium.firefox.FirefoxDriver
Capabilities [{platform=WINDOWS, acceptSslCerts=true, javascriptEnabled=true, cssSelectorsEnabled=true, databaseEnabled=true, browserName=firefox, handlesAlerts=true, nativeEvents=false, webStorageEnabled=true, rotatable=false, locationContextEnabled=true, applicationCacheEnabled=true, takesScreenshot=true, version=46.0}]
</system-out>
  </testcase>
  <testcase time="32.699" classname="com.arc.testcases.MyBuildings.None.LoginCaseTest" name="loginCase"/>
  <testcase time="83.236" classname="com.arc.testcases.MyBuildings.None.AddNewProjectTest" name="addNewProject"/>
  <testcase time="95.666" classname="com.arc.testcases.MyBuildings.None.ClickSearchedProgramTest" name="clickSearchedProgram">
    <failure message="Element is not currently visible and so may not be interacted with
Command duration or timeout: 60.05 seconds
Build info: version: &apos;2.53.1&apos;, revision: &apos;a36b8b1cd5757287168e54b817830adce9b0158d&apos;, time: &apos;2016-06-30 19:26:09&apos;
System info: host: &apos;G10CHLT003&apos;, ip: &apos;10.124.67.67&apos;, os.name: &apos;Windows 7&apos;, os.arch: &apos;amd64&apos;, os.version: &apos;6.1&apos;, java.version: &apos;1.7.0_80&apos;
Session ID: b7681164-9346-4c7b-ad70-a212cb227257
Driver info: org.openqa.selenium.firefox.FirefoxDriver
Capabilities [{platform=WINDOWS, acceptSslCerts=true, javascriptEnabled=true, cssSelectorsEnabled=true, databaseEnabled=true, browserName=firefox, handlesAlerts=true, nativeEvents=false, webStorageEnabled=true, rotatable=false, locationContextEnabled=true, applicationCacheEnabled=true, takesScreenshot=true, version=46.0}]" type="java.lang.Error">java.lang.Error: Element is not currently visible and so may not be interacted with
Command duration or timeout: 60.05 seconds
Build info: version: &apos;2.53.1&apos;, revision: &apos;a36b8b1cd5757287168e54b817830adce9b0158d&apos;, time: &apos;2016-06-30 19:26:09&apos;
System info: host: &apos;G10CHLT003&apos;, ip: &apos;10.124.67.67&apos;, os.name: &apos;Windows 7&apos;, os.arch: &apos;amd64&apos;, os.version: &apos;6.1&apos;, java.version: &apos;1.7.0_80&apos;
Session ID: b7681164-9346-4c7b-ad70-a212cb227257
Driver info: org.openqa.selenium.firefox.FirefoxDriver
Capabilities [{platform=WINDOWS, acceptSslCerts=true, javascriptEnabled=true, cssSelectorsEnabled=true, databaseEnabled=true, browserName=firefox, handlesAlerts=true, nativeEvents=false, webStorageEnabled=true, rotatable=false, locationContextEnabled=true, applicationCacheEnabled=true, takesScreenshot=true, version=46.0}]
	at sun.reflect.GeneratedConstructorAccessor63.newInstance(Unknown Source)
	at sun.reflect.DelegatingConstructorAccessorImpl.newInstance(DelegatingConstructorAccessorImpl.java:45)
	at java.lang.reflect.Constructor.newInstance(Constructor.java:526)
	at org.openqa.selenium.remote.ErrorHandler.createThrowable(ErrorHandler.java:206)
	at org.openqa.selenium.remote.ErrorHandler.throwIfResponseFailed(ErrorHandler.java:158)
	at org.openqa.selenium.remote.RemoteWebDriver.execute(RemoteWebDriver.java:678)
	at org.openqa.selenium.remote.RemoteWebElement.execute(RemoteWebElement.java:327)
	at org.openqa.selenium.remote.RemoteWebElement.click(RemoteWebElement.java:85)
	at com.arc.driver.CommonMethod.click(CommonMethod.java:176)
	at com.arc.ReusableMethods.ReusableMethodsSearch.VerifySearchedProgram(ReusableMethodsSearch.java:49)
	at com.arc.testcases.MyBuildings.None.ClickSearchedProgramTest.clickSearchedProgram(ClickSearchedProgramTest.java:26)
</failure>
    <system-out>clickSearchedProgram
id~load-menu
obj type: id
obj val: load-menu
id~load-menu
obj type: id
obj val: load-menu
id~load-menu
obj type: id
obj val: load-menu
id~edit-name
obj type: id
obj val: edit-name
id~edit-name
obj type: id
obj val: edit-name
id~edit-name
obj type: id
obj val: edit-name
id~edit-name
obj type: id
obj val: edit-name
id~edit-pass
obj type: id
obj val: edit-pass
id~edit-pass
obj type: id
obj val: edit-pass
id~edit-pass
obj type: id
obj val: edit-pass
id~edit-pass
obj type: id
obj val: edit-pass
id~edit-submit
obj type: id
obj val: edit-submit
id~edit-submit
obj type: id
obj val: edit-submit
id~edit-submit
obj type: id
obj val: edit-submit
xpath~//*[@class=&apos;page-title ng-scope&apos;]/span
obj type: xpath
obj val: //*[@class=&apos;page-title ng-scope&apos;]/span
xpath~(//input[@id=&apos;searchBar&apos;])[2]
obj type: xpath
obj val: (//input[@id=&apos;searchBar&apos;])[2]
xpath~(//input[@id=&apos;searchBar&apos;])[2]
obj type: xpath
obj val: (//input[@id=&apos;searchBar&apos;])[2]
xpath~(//input[@id=&apos;searchBar&apos;])[2]
obj type: xpath
obj val: (//input[@id=&apos;searchBar&apos;])[2]
xpath~(//input[@id=&apos;searchBar&apos;])[2]
obj type: xpath
obj val: (//input[@id=&apos;searchBar&apos;])[2]
xpath~(//input[@id=&apos;searchBar&apos;])[2]
obj type: xpath
obj val: (//input[@id=&apos;searchBar&apos;])[2]
xpath~(//input[@id=&apos;searchBar&apos;])[2]
obj type: xpath
obj val: (//input[@id=&apos;searchBar&apos;])[2]
xpath~(//div[@class=&quot;searchLabels ng-binding&quot;])[1]
obj type: xpath
obj val: (//div[@class=&quot;searchLabels ng-binding&quot;])[1]
xpath~(//div[@class=&quot;searchLabels ng-binding&quot;])[1]
obj type: xpath
obj val: (//div[@class=&quot;searchLabels ng-binding&quot;])[1]
Project (1 project)
xpath~(//div[@class=&quot;searchLabels ng-binding&quot;])[1]
obj type: xpath
obj val: (//div[@class=&quot;searchLabels ng-binding&quot;])[1]
xpath~(//div[@class=&quot;searchLabels ng-binding&quot;])[1]
obj type: xpath
obj val: (//div[@class=&quot;searchLabels ng-binding&quot;])[1]
xpath~(//td[@class=&apos;cursor-pointer vertical_align_middle&apos;])[3]
obj type: xpath
obj val: (//td[@class=&apos;cursor-pointer vertical_align_middle&apos;])[3]
xpath~(//td[@class=&apos;cursor-pointer vertical_align_middle&apos;])[3]
obj type: xpath
obj val: (//td[@class=&apos;cursor-pointer vertical_align_middle&apos;])[3]
xpath~(//td[@class=&apos;cursor-pointer vertical_align_middle&apos;])[3]
obj type: xpath
obj val: (//td[@class=&apos;cursor-pointer vertical_align_middle&apos;])[3]
xpath~(//div[@class=&quot;searchLabels ng-binding&quot;])[1]
obj type: xpath
obj val: (//div[@class=&quot;searchLabels ng-binding&quot;])[1]
xpath~(//div[@class=&quot;searchLabels ng-binding&quot;])[1]
obj type: xpath
obj val: (//div[@class=&quot;searchLabels ng-binding&quot;])[1]

xpath~(//td[@class=&apos;cursor-pointer vertical_align_middle&apos;])[3]
obj type: xpath
obj val: (//td[@class=&apos;cursor-pointer vertical_align_middle&apos;])[3]
Element is not currently visible and so may not be interacted with
Command duration or timeout: 60.05 seconds
Build info: version: &apos;2.53.1&apos;, revision: &apos;a36b8b1cd5757287168e54b817830adce9b0158d&apos;, time: &apos;2016-06-30 19:26:09&apos;
System info: host: &apos;G10CHLT003&apos;, ip: &apos;10.124.67.67&apos;, os.name: &apos;Windows 7&apos;, os.arch: &apos;amd64&apos;, os.version: &apos;6.1&apos;, java.version: &apos;1.7.0_80&apos;
Session ID: b7681164-9346-4c7b-ad70-a212cb227257
Driver info: org.openqa.selenium.firefox.FirefoxDriver
Capabilities [{platform=WINDOWS, acceptSslCerts=true, javascriptEnabled=true, cssSelectorsEnabled=true, databaseEnabled=true, browserName=firefox, handlesAlerts=true, nativeEvents=false, webStorageEnabled=true, rotatable=false, locationContextEnabled=true, applicationCacheEnabled=true, takesScreenshot=true, version=46.0}]
</system-out>
  </testcase>
  <testcase time="114.538" classname="com.arc.testcases.MyBuildings.None.PaymentbyCCTest" name="paymentbyCC">
    <skipped/>
  </testcase>
  <testcase time="133.36" classname="com.arc.testcases.MyBuildings.None.VerifyPRFileDownloadTest" name="billingStatusVerification">
    <skipped/>
  </testcase>
  <testcase time="152.066" classname="com.arc.testcases.MyBuildings.None.EnergyMeterCreateTest" name="energyMeterCreate">
    <skipped/>
  </testcase>
  <testcase time="170.608" classname="com.arc.testcases.MyBuildings.None.WaterMeterCreateTest" name="waterMeterCreate">
    <skipped/>
  </testcase>
  <testcase time="189.045" classname="com.arc.testcases.MyBuildings.None.WasteMeterCreateTest" name="wasteMeterCreate">
    <skipped/>
  </testcase>
  <testcase time="216.164" classname="com.arc.testcases.MyBuildings.None.ProjectFieldVerificationTest" name="projectFieldVerification">
    <skipped/>
  </testcase>
  <testcase time="233.975" classname="com.arc.testcases.MyBuildings.None.EditProjectDetailsTest" name="editProjectDetails">
    <skipped/>
  </testcase>
  <testcase time="251.381" classname="com.arc.testcases.MyBuildings.None.ProjectDetailsVerificationTest" name="projectDetailsVerification">
    <skipped/>
  </testcase>
  <testcase time="269.286" classname="com.arc.testcases.MyBuildings.None.AddTeamMemberTest" name="addTeamMember">
    <skipped/>
  </testcase>
  <testcase time="288.871" classname="com.arc.testcases.MyBuildings.None.EditMemberRoleManagerTest" name="editMemberRoleManager">
    <skipped/>
  </testcase>
  <testcase time="310.775" classname="com.arc.testcases.MyBuildings.None.VerifyAgreementFileDownloadTest" name="verifyAgreementFileDownload">
    <skipped/>
  </testcase>
  <testcase time="330.867" classname="com.arc.testcases.MyBuildings.None.InstallAllAppsTest" name="installAllApps">
    <skipped/>
  </testcase>
  <testcase time="350.797" classname="com.arc.testcases.MyBuildings.None.UnistallAllAppsTest" name="uninstallAllApps">
    <skipped/>
  </testcase>
  <testcase time="369.745" classname="com.arc.testcases.MyBuildings.None.BillingDateVerificationTest" name="billingDateVerification">
    <skipped/>
  </testcase>
  <testcase time="391.435" classname="com.arc.testcases.MyBuildings.None.BillingRegistrationAmountVerificationTest" name="billingRegistrationAmountVerification">
    <skipped/>
  </testcase>
  <testcase time="412.835" classname="com.arc.testcases.MyBuildings.None.BillingStatusVerificationTest" name="billingStatusVerificationTest">
    <skipped/>
  </testcase>
  <testcase time="431.313" classname="com.arc.testcases.MyBuildings.None.WasteMeterEditReadingTest" name="wasteMeterEditReading">
    <skipped/>
  </testcase>
  <testcase time="452.199" classname="com.arc.testcases.MyBuildings.None.EnergyFileUploadTest" name="energyFileUpload">
    <skipped/>
  </testcase>
  <testcase time="471.955" classname="com.arc.testcases.MyBuildings.None.WaterFileUploadTest" name="waterFileUpload">
    <skipped/>
  </testcase>
  <testcase time="490.367" classname="com.arc.testcases.MyBuildings.None.WasteReadingDateOverlappingTest" name="wasteMeterEditReading">
    <skipped/>
  </testcase>
  <testcase time="508.621" classname="com.arc.testcases.MyBuildings.None.PerformanceScoreVerificationReviewTest" name="PerformanceScoreVerificationReview">
    <skipped/>
  </testcase>
  <testcase time="41.324" classname="com.arc.testcases.MyBuildings.Other.LoginCaseTest" name="loginCase"/>
  <testcase time="69.479" classname="com.arc.testcases.MyBuildings.Other.AddNewProjectTest" name="addNewProject"/>
  <testcase time="99.123" classname="com.arc.testcases.MyBuildings.Other.ClickSearchedProgramTest" name="clickSearchedProgram">
    <failure message="Element is not currently visible and so may not be interacted with
Command duration or timeout: 60.02 seconds
Build info: version: &apos;2.53.1&apos;, revision: &apos;a36b8b1cd5757287168e54b817830adce9b0158d&apos;, time: &apos;2016-06-30 19:26:09&apos;
System info: host: &apos;G10CHLT003&apos;, ip: &apos;10.124.67.67&apos;, os.name: &apos;Windows 7&apos;, os.arch: &apos;amd64&apos;, os.version: &apos;6.1&apos;, java.version: &apos;1.7.0_80&apos;
Session ID: 9fe5b210-3ada-4954-8afd-dcf0f35a16f2
Driver info: org.openqa.selenium.firefox.FirefoxDriver
Capabilities [{platform=WINDOWS, acceptSslCerts=true, javascriptEnabled=true, cssSelectorsEnabled=true, databaseEnabled=true, browserName=firefox, handlesAlerts=true, nativeEvents=false, webStorageEnabled=true, rotatable=false, locationContextEnabled=true, applicationCacheEnabled=true, takesScreenshot=true, version=46.0}]" type="java.lang.Error">java.lang.Error: Element is not currently visible and so may not be interacted with
Command duration or timeout: 60.02 seconds
Build info: version: &apos;2.53.1&apos;, revision: &apos;a36b8b1cd5757287168e54b817830adce9b0158d&apos;, time: &apos;2016-06-30 19:26:09&apos;
System info: host: &apos;G10CHLT003&apos;, ip: &apos;10.124.67.67&apos;, os.name: &apos;Windows 7&apos;, os.arch: &apos;amd64&apos;, os.version: &apos;6.1&apos;, java.version: &apos;1.7.0_80&apos;
Session ID: 9fe5b210-3ada-4954-8afd-dcf0f35a16f2
Driver info: org.openqa.selenium.firefox.FirefoxDriver
Capabilities [{platform=WINDOWS, acceptSslCerts=true, javascriptEnabled=true, cssSelectorsEnabled=true, databaseEnabled=true, browserName=firefox, handlesAlerts=true, nativeEvents=false, webStorageEnabled=true, rotatable=false, locationContextEnabled=true, applicationCacheEnabled=true, takesScreenshot=true, version=46.0}]
	at sun.reflect.GeneratedConstructorAccessor63.newInstance(Unknown Source)
	at sun.reflect.DelegatingConstructorAccessorImpl.newInstance(DelegatingConstructorAccessorImpl.java:45)
	at java.lang.reflect.Constructor.newInstance(Constructor.java:526)
	at org.openqa.selenium.remote.ErrorHandler.createThrowable(ErrorHandler.java:206)
	at org.openqa.selenium.remote.ErrorHandler.throwIfResponseFailed(ErrorHandler.java:158)
	at org.openqa.selenium.remote.RemoteWebDriver.execute(RemoteWebDriver.java:678)
	at org.openqa.selenium.remote.RemoteWebElement.execute(RemoteWebElement.java:327)
	at org.openqa.selenium.remote.RemoteWebElement.click(RemoteWebElement.java:85)
	at com.arc.driver.CommonMethod.click(CommonMethod.java:176)
	at com.arc.ReusableMethods.ReusableMethodsSearch.VerifySearchedProgram(ReusableMethodsSearch.java:49)
	at com.arc.testcases.MyBuildings.Other.ClickSearchedProgramTest.clickSearchedProgram(ClickSearchedProgramTest.java:27)
</failure>
    <system-out>clickSearchedProgram
id~load-menu
obj type: id
obj val: load-menu
id~load-menu
obj type: id
obj val: load-menu
id~load-menu
obj type: id
obj val: load-menu
id~edit-name
obj type: id
obj val: edit-name
id~edit-name
obj type: id
obj val: edit-name
id~edit-name
obj type: id
obj val: edit-name
id~edit-name
obj type: id
obj val: edit-name
id~edit-pass
obj type: id
obj val: edit-pass
id~edit-pass
obj type: id
obj val: edit-pass
id~edit-pass
obj type: id
obj val: edit-pass
id~edit-pass
obj type: id
obj val: edit-pass
id~edit-submit
obj type: id
obj val: edit-submit
id~edit-submit
obj type: id
obj val: edit-submit
id~edit-submit
obj type: id
obj val: edit-submit
xpath~//*[@class=&apos;page-title ng-scope&apos;]/span
obj type: xpath
obj val: //*[@class=&apos;page-title ng-scope&apos;]/span
xpath~(//input[@id=&apos;searchBar&apos;])[2]
obj type: xpath
obj val: (//input[@id=&apos;searchBar&apos;])[2]
xpath~(//input[@id=&apos;searchBar&apos;])[2]
obj type: xpath
obj val: (//input[@id=&apos;searchBar&apos;])[2]
xpath~(//input[@id=&apos;searchBar&apos;])[2]
obj type: xpath
obj val: (//input[@id=&apos;searchBar&apos;])[2]
xpath~(//input[@id=&apos;searchBar&apos;])[2]
obj type: xpath
obj val: (//input[@id=&apos;searchBar&apos;])[2]
xpath~(//input[@id=&apos;searchBar&apos;])[2]
obj type: xpath
obj val: (//input[@id=&apos;searchBar&apos;])[2]
xpath~(//input[@id=&apos;searchBar&apos;])[2]
obj type: xpath
obj val: (//input[@id=&apos;searchBar&apos;])[2]
xpath~(//div[@class=&quot;searchLabels ng-binding&quot;])[1]
obj type: xpath
obj val: (//div[@class=&quot;searchLabels ng-binding&quot;])[1]
xpath~(//div[@class=&quot;searchLabels ng-binding&quot;])[1]
obj type: xpath
obj val: (//div[@class=&quot;searchLabels ng-binding&quot;])[1]
Project (1 project)
xpath~(//div[@class=&quot;searchLabels ng-binding&quot;])[1]
obj type: xpath
obj val: (//div[@class=&quot;searchLabels ng-binding&quot;])[1]
xpath~(//div[@class=&quot;searchLabels ng-binding&quot;])[1]
obj type: xpath
obj val: (//div[@class=&quot;searchLabels ng-binding&quot;])[1]
xpath~(//td[@class=&apos;cursor-pointer vertical_align_middle&apos;])[3]
obj type: xpath
obj val: (//td[@class=&apos;cursor-pointer vertical_align_middle&apos;])[3]
xpath~(//td[@class=&apos;cursor-pointer vertical_align_middle&apos;])[3]
obj type: xpath
obj val: (//td[@class=&apos;cursor-pointer vertical_align_middle&apos;])[3]
xpath~(//td[@class=&apos;cursor-pointer vertical_align_middle&apos;])[3]
obj type: xpath
obj val: (//td[@class=&apos;cursor-pointer vertical_align_middle&apos;])[3]
xpath~(//div[@class=&quot;searchLabels ng-binding&quot;])[1]
obj type: xpath
obj val: (//div[@class=&quot;searchLabels ng-binding&quot;])[1]
xpath~(//div[@class=&quot;searchLabels ng-binding&quot;])[1]
obj type: xpath
obj val: (//div[@class=&quot;searchLabels ng-binding&quot;])[1]

xpath~(//td[@class=&apos;cursor-pointer vertical_align_middle&apos;])[3]
obj type: xpath
obj val: (//td[@class=&apos;cursor-pointer vertical_align_middle&apos;])[3]
Element is not currently visible and so may not be interacted with
Command duration or timeout: 60.02 seconds
Build info: version: &apos;2.53.1&apos;, revision: &apos;a36b8b1cd5757287168e54b817830adce9b0158d&apos;, time: &apos;2016-06-30 19:26:09&apos;
System info: host: &apos;G10CHLT003&apos;, ip: &apos;10.124.67.67&apos;, os.name: &apos;Windows 7&apos;, os.arch: &apos;amd64&apos;, os.version: &apos;6.1&apos;, java.version: &apos;1.7.0_80&apos;
Session ID: 9fe5b210-3ada-4954-8afd-dcf0f35a16f2
Driver info: org.openqa.selenium.firefox.FirefoxDriver
Capabilities [{platform=WINDOWS, acceptSslCerts=true, javascriptEnabled=true, cssSelectorsEnabled=true, databaseEnabled=true, browserName=firefox, handlesAlerts=true, nativeEvents=false, webStorageEnabled=true, rotatable=false, locationContextEnabled=true, applicationCacheEnabled=true, takesScreenshot=true, version=46.0}]
</system-out>
  </testcase>
  <testcase time="121.8" classname="com.arc.testcases.MyBuildings.Other.PaymentbyCCTest" name="paymentbyCC">
    <skipped/>
  </testcase>
  <testcase time="106.648" classname="com.arc.testcases.MyBuildings.Other.EnergyMeterCreateTest" name="energyMeterCreate">
    <failure message="Element is not currently visible and so may not be interacted with
Command duration or timeout: 60.06 seconds
Build info: version: &apos;2.53.1&apos;, revision: &apos;a36b8b1cd5757287168e54b817830adce9b0158d&apos;, time: &apos;2016-06-30 19:26:09&apos;
System info: host: &apos;G10CHLT003&apos;, ip: &apos;10.124.67.67&apos;, os.name: &apos;Windows 7&apos;, os.arch: &apos;amd64&apos;, os.version: &apos;6.1&apos;, java.version: &apos;1.7.0_80&apos;
Session ID: 8c8b183c-13d8-41cd-8cfa-1f4d5e901b40
Driver info: org.openqa.selenium.firefox.FirefoxDriver
Capabilities [{platform=WINDOWS, acceptSslCerts=true, javascriptEnabled=true, cssSelectorsEnabled=true, databaseEnabled=true, browserName=firefox, handlesAlerts=true, nativeEvents=false, webStorageEnabled=true, rotatable=false, locationContextEnabled=true, applicationCacheEnabled=true, takesScreenshot=true, version=46.0}]" type="java.lang.Error">java.lang.Error: Element is not currently visible and so may not be interacted with
Command duration or timeout: 60.06 seconds
Build info: version: &apos;2.53.1&apos;, revision: &apos;a36b8b1cd5757287168e54b817830adce9b0158d&apos;, time: &apos;2016-06-30 19:26:09&apos;
System info: host: &apos;G10CHLT003&apos;, ip: &apos;10.124.67.67&apos;, os.name: &apos;Windows 7&apos;, os.arch: &apos;amd64&apos;, os.version: &apos;6.1&apos;, java.version: &apos;1.7.0_80&apos;
Session ID: 8c8b183c-13d8-41cd-8cfa-1f4d5e901b40
Driver info: org.openqa.selenium.firefox.FirefoxDriver
Capabilities [{platform=WINDOWS, acceptSslCerts=true, javascriptEnabled=true, cssSelectorsEnabled=true, databaseEnabled=true, browserName=firefox, handlesAlerts=true, nativeEvents=false, webStorageEnabled=true, rotatable=false, locationContextEnabled=true, applicationCacheEnabled=true, takesScreenshot=true, version=46.0}]
	at sun.reflect.GeneratedConstructorAccessor63.newInstance(Unknown Source)
	at sun.reflect.DelegatingConstructorAccessorImpl.newInstance(DelegatingConstructorAccessorImpl.java:45)
	at java.lang.reflect.Constructor.newInstance(Constructor.java:526)
	at org.openqa.selenium.remote.ErrorHandler.createThrowable(ErrorHandler.java:206)
	at org.openqa.selenium.remote.ErrorHandler.throwIfResponseFailed(ErrorHandler.java:158)
	at org.openqa.selenium.remote.RemoteWebDriver.execute(RemoteWebDriver.java:678)
	at org.openqa.selenium.remote.RemoteWebElement.execute(RemoteWebElement.java:327)
	at org.openqa.selenium.remote.RemoteWebElement.click(RemoteWebElement.java:85)
	at com.arc.driver.CommonMethod.click(CommonMethod.java:176)
	at com.arc.ReusableMethods.ReusableMethodsSearch.VerifySearchedProgram(ReusableMethodsSearch.java:49)
	at com.arc.testcases.MyBuildings.Other.EnergyMeterCreateTest.energyMeterCreate(EnergyMeterCreateTest.java:31)
</failure>
    <system-out>energyMeterCreate
id~load-menu
obj type: id
obj val: load-menu
id~load-menu
obj type: id
obj val: load-menu
id~load-menu
obj type: id
obj val: load-menu
id~edit-name
obj type: id
obj val: edit-name
id~edit-name
obj type: id
obj val: edit-name
id~edit-name
obj type: id
obj val: edit-name
id~edit-name
obj type: id
obj val: edit-name
id~edit-pass
obj type: id
obj val: edit-pass
id~edit-pass
obj type: id
obj val: edit-pass
id~edit-pass
obj type: id
obj val: edit-pass
id~edit-pass
obj type: id
obj val: edit-pass
id~edit-submit
obj type: id
obj val: edit-submit
id~edit-submit
obj type: id
obj val: edit-submit
id~edit-submit
obj type: id
obj val: edit-submit
xpath~//*[@class=&apos;page-title ng-scope&apos;]/span
obj type: xpath
obj val: //*[@class=&apos;page-title ng-scope&apos;]/span
xpath~(//input[@id=&apos;searchBar&apos;])[2]
obj type: xpath
obj val: (//input[@id=&apos;searchBar&apos;])[2]
xpath~(//input[@id=&apos;searchBar&apos;])[2]
obj type: xpath
obj val: (//input[@id=&apos;searchBar&apos;])[2]
xpath~(//input[@id=&apos;searchBar&apos;])[2]
obj type: xpath
obj val: (//input[@id=&apos;searchBar&apos;])[2]
xpath~(//input[@id=&apos;searchBar&apos;])[2]
obj type: xpath
obj val: (//input[@id=&apos;searchBar&apos;])[2]
xpath~(//input[@id=&apos;searchBar&apos;])[2]
obj type: xpath
obj val: (//input[@id=&apos;searchBar&apos;])[2]
xpath~(//input[@id=&apos;searchBar&apos;])[2]
obj type: xpath
obj val: (//input[@id=&apos;searchBar&apos;])[2]
xpath~(//div[@class=&quot;searchLabels ng-binding&quot;])[1]
obj type: xpath
obj val: (//div[@class=&quot;searchLabels ng-binding&quot;])[1]
xpath~(//div[@class=&quot;searchLabels ng-binding&quot;])[1]
obj type: xpath
obj val: (//div[@class=&quot;searchLabels ng-binding&quot;])[1]
Project (1 project)
xpath~(//div[@class=&quot;searchLabels ng-binding&quot;])[1]
obj type: xpath
obj val: (//div[@class=&quot;searchLabels ng-binding&quot;])[1]
xpath~(//div[@class=&quot;searchLabels ng-binding&quot;])[1]
obj type: xpath
obj val: (//div[@class=&quot;searchLabels ng-binding&quot;])[1]
xpath~(//td[@class=&apos;cursor-pointer vertical_align_middle&apos;])[3]
obj type: xpath
obj val: (//td[@class=&apos;cursor-pointer vertical_align_middle&apos;])[3]
xpath~(//td[@class=&apos;cursor-pointer vertical_align_middle&apos;])[3]
obj type: xpath
obj val: (//td[@class=&apos;cursor-pointer vertical_align_middle&apos;])[3]
xpath~(//td[@class=&apos;cursor-pointer vertical_align_middle&apos;])[3]
obj type: xpath
obj val: (//td[@class=&apos;cursor-pointer vertical_align_middle&apos;])[3]
xpath~(//input[@id=&apos;searchBar&apos;])[2]
obj type: xpath
obj val: (//input[@id=&apos;searchBar&apos;])[2]
xpath~(//input[@id=&apos;searchBar&apos;])[2]
obj type: xpath
obj val: (//input[@id=&apos;searchBar&apos;])[2]
xpath~(//input[@id=&apos;searchBar&apos;])[2]
obj type: xpath
obj val: (//input[@id=&apos;searchBar&apos;])[2]
xpath~(//input[@id=&apos;searchBar&apos;])[2]
obj type: xpath
obj val: (//input[@id=&apos;searchBar&apos;])[2]
xpath~(//input[@id=&apos;searchBar&apos;])[2]
obj type: xpath
obj val: (//input[@id=&apos;searchBar&apos;])[2]
xpath~(//input[@id=&apos;searchBar&apos;])[2]
obj type: xpath
obj val: (//input[@id=&apos;searchBar&apos;])[2]
xpath~(//div[@class=&quot;searchLabels ng-binding&quot;])[1]
obj type: xpath
obj val: (//div[@class=&quot;searchLabels ng-binding&quot;])[1]
xpath~(//div[@class=&quot;searchLabels ng-binding&quot;])[1]
obj type: xpath
obj val: (//div[@class=&quot;searchLabels ng-binding&quot;])[1]
Project (1 project)
xpath~(//div[@class=&quot;searchLabels ng-binding&quot;])[1]
obj type: xpath
obj val: (//div[@class=&quot;searchLabels ng-binding&quot;])[1]
xpath~(//div[@class=&quot;searchLabels ng-binding&quot;])[1]
obj type: xpath
obj val: (//div[@class=&quot;searchLabels ng-binding&quot;])[1]
xpath~(//td[@class=&apos;cursor-pointer vertical_align_middle&apos;])[3]
obj type: xpath
obj val: (//td[@class=&apos;cursor-pointer vertical_align_middle&apos;])[3]
xpath~(//td[@class=&apos;cursor-pointer vertical_align_middle&apos;])[3]
obj type: xpath
obj val: (//td[@class=&apos;cursor-pointer vertical_align_middle&apos;])[3]
xpath~(//td[@class=&apos;cursor-pointer vertical_align_middle&apos;])[3]
obj type: xpath
obj val: (//td[@class=&apos;cursor-pointer vertical_align_middle&apos;])[3]
xpath~(//div[@class=&quot;searchLabels ng-binding&quot;])[1]
obj type: xpath
obj val: (//div[@class=&quot;searchLabels ng-binding&quot;])[1]
xpath~(//div[@class=&quot;searchLabels ng-binding&quot;])[1]
obj type: xpath
obj val: (//div[@class=&quot;searchLabels ng-binding&quot;])[1]

xpath~(//td[@class=&apos;cursor-pointer vertical_align_middle&apos;])[3]
obj type: xpath
obj val: (//td[@class=&apos;cursor-pointer vertical_align_middle&apos;])[3]
Element is not currently visible and so may not be interacted with
Command duration or timeout: 60.06 seconds
Build info: version: &apos;2.53.1&apos;, revision: &apos;a36b8b1cd5757287168e54b817830adce9b0158d&apos;, time: &apos;2016-06-30 19:26:09&apos;
System info: host: &apos;G10CHLT003&apos;, ip: &apos;10.124.67.67&apos;, os.name: &apos;Windows 7&apos;, os.arch: &apos;amd64&apos;, os.version: &apos;6.1&apos;, java.version: &apos;1.7.0_80&apos;
Session ID: 8c8b183c-13d8-41cd-8cfa-1f4d5e901b40
Driver info: org.openqa.selenium.firefox.FirefoxDriver
Capabilities [{platform=WINDOWS, acceptSslCerts=true, javascriptEnabled=true, cssSelectorsEnabled=true, databaseEnabled=true, browserName=firefox, handlesAlerts=true, nativeEvents=false, webStorageEnabled=true, rotatable=false, locationContextEnabled=true, applicationCacheEnabled=true, takesScreenshot=true, version=46.0}]
</system-out>
  </testcase>
  <testcase time="127.875" classname="com.arc.testcases.MyBuildings.Other.WaterMeterCreateTest" name="waterMeterCreate">
    <skipped/>
  </testcase>
  <testcase time="146.991" classname="com.arc.testcases.MyBuildings.Other.WasteMeterCreateTest" name="wasteMeterCreate">
    <skipped/>
  </testcase>
  <testcase time="167.34" classname="com.arc.testcases.MyBuildings.Other.EnergyFileUploadTest" name="energyFileUpload">
    <skipped/>
  </testcase>
  <testcase time="186.283" classname="com.arc.testcases.MyBuildings.Other.WaterFileUploadTest" name="waterFileUpload">
    <skipped/>
  </testcase>
  <testcase time="213.404" classname="com.arc.testcases.MyBuildings.Other.InternationalLanguagesSpecaialCharacterMeterCreateTest" name="energyMeterCreate">
    <skipped/>
  </testcase>
  <testcase time="234.03" classname="com.arc.testcases.MyBuildings.Other.ETotalAnalyticsTooltipTest" name="energyFileUpload">
    <skipped/>
  </testcase>
  <testcase time="257.235" classname="com.arc.testcases.MyBuildings.Other.ProjectFieldVerificationTest" name="projectFieldVerification">
    <skipped/>
  </testcase>
  <testcase time="275.699" classname="com.arc.testcases.MyBuildings.Other.ModifyOccOptHrsProjectDetailsTest" name="modifyProjectDetails">
    <skipped/>
  </testcase>
  <testcase time="297.09" classname="com.arc.testcases.MyBuildings.Other.ProjectDetailsVerificationTest" name="projectDetailsVerification">
    <skipped/>
  </testcase>
  <testcase time="318.567" classname="com.arc.testcases.MyBuildings.Other.AddTeamMemberTest" name="addTeamMember">
    <skipped/>
  </testcase>
  <testcase time="336.772" classname="com.arc.testcases.MyBuildings.Other.EditMemberRoleManagerTest" name="editMemberRoleManager">
    <skipped/>
  </testcase>
  <testcase time="356.485" classname="com.arc.testcases.MyBuildings.Other.VerifyPRFileDownloadTest" name="VerifyPRFileDownload">
    <skipped/>
  </testcase>
  <testcase time="377.699" classname="com.arc.testcases.MyBuildings.Other.VerifyAgreementFileDownloadTest" name="verifyAgreementFileDownload">
    <skipped/>
  </testcase>
  <testcase time="398.72" classname="com.arc.testcases.MyBuildings.Other.InstallAllAppsTest" name="installAllApps">
    <skipped/>
  </testcase>
  <testcase time="417.595" classname="com.arc.testcases.MyBuildings.Other.UnistallAllAppsTest" name="UnistallAllApps">
    <skipped/>
  </testcase>
  <testcase time="437.097" classname="com.arc.testcases.MyBuildings.Other.BillingDateVerificationTest" name="billingDateVerification">
    <skipped/>
  </testcase>
  <testcase time="456.143" classname="com.arc.testcases.MyBuildings.Other.BillingRegistrationAmountVerificationTest" name="billingRegistrationAmountVerification">
    <skipped/>
  </testcase>
  <testcase time="475.178" classname="com.arc.testcases.MyBuildings.Other.ETotalAnalyticsTest" name="energyTotalAnalytics">
    <skipped/>
  </testcase>
  <testcase time="493.29" classname="com.arc.testcases.MyBuildings.Other.CTotalAnalyticsTest" name="carbonTotal">
    <skipped/>
  </testcase>
  <testcase time="515.038" classname="com.arc.testcases.MyBuildings.Other.WTotalAnalyticsTest" name="verifyWDailiyMTCO2">
    <skipped/>
  </testcase>
  <testcase time="540.125" classname="com.arc.testcases.MyBuildings.Other.BillingStatusVerificationTest" name="billingStatusVerification">
    <skipped/>
  </testcase>
  <testcase time="559.276" classname="com.arc.testcases.MyBuildings.Other.PerformanceScoreVerificationReviewTest" name="performanceScoreVerification">
    <skipped/>
  </testcase>
  <testcase time="35.624" classname="com.arc.testcases.MyBuildings.LEEDfortransit.LoginCaseTest" name="loginCase"/>
  <testcase time="74.53" classname="com.arc.testcases.MyBuildings.LEEDfortransit.AbovegroundAddNewProjectTest" name="addNewProject"/>
  <testcase time="105.031" classname="com.arc.testcases.MyBuildings.LEEDfortransit.ClickSearchedProgramTest" name="clickSearchedProgram">
    <failure message="Element is not currently visible and so may not be interacted with
Command duration or timeout: 60.12 seconds
Build info: version: &apos;2.53.1&apos;, revision: &apos;a36b8b1cd5757287168e54b817830adce9b0158d&apos;, time: &apos;2016-06-30 19:26:09&apos;
System info: host: &apos;G10CHLT003&apos;, ip: &apos;10.124.67.67&apos;, os.name: &apos;Windows 7&apos;, os.arch: &apos;amd64&apos;, os.version: &apos;6.1&apos;, java.version: &apos;1.7.0_80&apos;
Session ID: 6cfcc7df-eeaa-444b-b633-3419aeeec82e
Driver info: org.openqa.selenium.firefox.FirefoxDriver
Capabilities [{platform=WINDOWS, acceptSslCerts=true, javascriptEnabled=true, cssSelectorsEnabled=true, databaseEnabled=true, browserName=firefox, handlesAlerts=true, nativeEvents=false, webStorageEnabled=true, rotatable=false, locationContextEnabled=true, applicationCacheEnabled=true, takesScreenshot=true, version=46.0}]" type="java.lang.Error">java.lang.Error: Element is not currently visible and so may not be interacted with
Command duration or timeout: 60.12 seconds
Build info: version: &apos;2.53.1&apos;, revision: &apos;a36b8b1cd5757287168e54b817830adce9b0158d&apos;, time: &apos;2016-06-30 19:26:09&apos;
System info: host: &apos;G10CHLT003&apos;, ip: &apos;10.124.67.67&apos;, os.name: &apos;Windows 7&apos;, os.arch: &apos;amd64&apos;, os.version: &apos;6.1&apos;, java.version: &apos;1.7.0_80&apos;
Session ID: 6cfcc7df-eeaa-444b-b633-3419aeeec82e
Driver info: org.openqa.selenium.firefox.FirefoxDriver
Capabilities [{platform=WINDOWS, acceptSslCerts=true, javascriptEnabled=true, cssSelectorsEnabled=true, databaseEnabled=true, browserName=firefox, handlesAlerts=true, nativeEvents=false, webStorageEnabled=true, rotatable=false, locationContextEnabled=true, applicationCacheEnabled=true, takesScreenshot=true, version=46.0}]
	at sun.reflect.GeneratedConstructorAccessor63.newInstance(Unknown Source)
	at sun.reflect.DelegatingConstructorAccessorImpl.newInstance(DelegatingConstructorAccessorImpl.java:45)
	at java.lang.reflect.Constructor.newInstance(Constructor.java:526)
	at org.openqa.selenium.remote.ErrorHandler.createThrowable(ErrorHandler.java:206)
	at org.openqa.selenium.remote.ErrorHandler.throwIfResponseFailed(ErrorHandler.java:158)
	at org.openqa.selenium.remote.RemoteWebDriver.execute(RemoteWebDriver.java:678)
	at org.openqa.selenium.remote.RemoteWebElement.execute(RemoteWebElement.java:327)
	at org.openqa.selenium.remote.RemoteWebElement.click(RemoteWebElement.java:85)
	at com.arc.driver.CommonMethod.click(CommonMethod.java:176)
	at com.arc.ReusableMethods.ReusableMethodsSearch.VerifySearchedProgram(ReusableMethodsSearch.java:49)
	at com.arc.testcases.MyBuildings.LEEDfortransit.ClickSearchedProgramTest.clickSearchedProgram(ClickSearchedProgramTest.java:31)
</failure>
    <system-out>clickSearchedProgram
id~load-menu
obj type: id
obj val: load-menu
id~load-menu
obj type: id
obj val: load-menu
id~load-menu
obj type: id
obj val: load-menu
id~edit-name
obj type: id
obj val: edit-name
id~edit-name
obj type: id
obj val: edit-name
id~edit-name
obj type: id
obj val: edit-name
id~edit-name
obj type: id
obj val: edit-name
id~edit-pass
obj type: id
obj val: edit-pass
id~edit-pass
obj type: id
obj val: edit-pass
id~edit-pass
obj type: id
obj val: edit-pass
id~edit-pass
obj type: id
obj val: edit-pass
id~edit-submit
obj type: id
obj val: edit-submit
id~edit-submit
obj type: id
obj val: edit-submit
id~edit-submit
obj type: id
obj val: edit-submit
xpath~//*[@class=&apos;page-title ng-scope&apos;]/span
obj type: xpath
obj val: //*[@class=&apos;page-title ng-scope&apos;]/span
xpath~(//input[@id=&apos;searchBar&apos;])[2]
obj type: xpath
obj val: (//input[@id=&apos;searchBar&apos;])[2]
xpath~(//input[@id=&apos;searchBar&apos;])[2]
obj type: xpath
obj val: (//input[@id=&apos;searchBar&apos;])[2]
xpath~(//input[@id=&apos;searchBar&apos;])[2]
obj type: xpath
obj val: (//input[@id=&apos;searchBar&apos;])[2]
xpath~(//input[@id=&apos;searchBar&apos;])[2]
obj type: xpath
obj val: (//input[@id=&apos;searchBar&apos;])[2]
xpath~(//input[@id=&apos;searchBar&apos;])[2]
obj type: xpath
obj val: (//input[@id=&apos;searchBar&apos;])[2]
xpath~(//input[@id=&apos;searchBar&apos;])[2]
obj type: xpath
obj val: (//input[@id=&apos;searchBar&apos;])[2]
xpath~(//div[@class=&quot;searchLabels ng-binding&quot;])[1]
obj type: xpath
obj val: (//div[@class=&quot;searchLabels ng-binding&quot;])[1]
xpath~(//div[@class=&quot;searchLabels ng-binding&quot;])[1]
obj type: xpath
obj val: (//div[@class=&quot;searchLabels ng-binding&quot;])[1]
Project (1 project)
xpath~(//div[@class=&quot;searchLabels ng-binding&quot;])[1]
obj type: xpath
obj val: (//div[@class=&quot;searchLabels ng-binding&quot;])[1]
xpath~(//div[@class=&quot;searchLabels ng-binding&quot;])[1]
obj type: xpath
obj val: (//div[@class=&quot;searchLabels ng-binding&quot;])[1]
xpath~(//td[@class=&apos;cursor-pointer vertical_align_middle&apos;])[3]
obj type: xpath
obj val: (//td[@class=&apos;cursor-pointer vertical_align_middle&apos;])[3]
xpath~(//td[@class=&apos;cursor-pointer vertical_align_middle&apos;])[3]
obj type: xpath
obj val: (//td[@class=&apos;cursor-pointer vertical_align_middle&apos;])[3]
xpath~(//td[@class=&apos;cursor-pointer vertical_align_middle&apos;])[3]
obj type: xpath
obj val: (//td[@class=&apos;cursor-pointer vertical_align_middle&apos;])[3]
xpath~(//div[@class=&quot;searchLabels ng-binding&quot;])[1]
obj type: xpath
obj val: (//div[@class=&quot;searchLabels ng-binding&quot;])[1]
xpath~(//div[@class=&quot;searchLabels ng-binding&quot;])[1]
obj type: xpath
obj val: (//div[@class=&quot;searchLabels ng-binding&quot;])[1]

xpath~(//td[@class=&apos;cursor-pointer vertical_align_middle&apos;])[3]
obj type: xpath
obj val: (//td[@class=&apos;cursor-pointer vertical_align_middle&apos;])[3]
Element is not currently visible and so may not be interacted with
Command duration or timeout: 60.12 seconds
Build info: version: &apos;2.53.1&apos;, revision: &apos;a36b8b1cd5757287168e54b817830adce9b0158d&apos;, time: &apos;2016-06-30 19:26:09&apos;
System info: host: &apos;G10CHLT003&apos;, ip: &apos;10.124.67.67&apos;, os.name: &apos;Windows 7&apos;, os.arch: &apos;amd64&apos;, os.version: &apos;6.1&apos;, java.version: &apos;1.7.0_80&apos;
Session ID: 6cfcc7df-eeaa-444b-b633-3419aeeec82e
Driver info: org.openqa.selenium.firefox.FirefoxDriver
Capabilities [{platform=WINDOWS, acceptSslCerts=true, javascriptEnabled=true, cssSelectorsEnabled=true, databaseEnabled=true, browserName=firefox, handlesAlerts=true, nativeEvents=false, webStorageEnabled=true, rotatable=false, locationContextEnabled=true, applicationCacheEnabled=true, takesScreenshot=true, version=46.0}]
</system-out>
  </testcase>
</testsuite>