<?xml version="1.0" encoding="UTF-8"?>
<!-- Generated by org.testng.reporters.JUnitReportReporter -->
<testsuite hostname="G10CHLT003" name="com.arc.testcases.MyBuildings.None.AddNewProjectTest" tests="1" failures="0" timestamp="6 Dec 2017 08:03:18 GMT" time="83.311" errors="0">
  <testcase name="addNewProject" time="83.311" classname="com.arc.testcases.MyBuildings.None.AddNewProjectTest"/>
</testsuite> <!-- com.arc.testcases.MyBuildings.None.AddNewProjectTest -->
