<?xml version="1.0" encoding="UTF-8"?>
<!-- Generated by org.testng.reporters.JUnitReportReporter -->
<testsuite hostname="G10CHLT003" name="com.arc.testcases.MyBuildings.LEED.LoginCaseTest" tests="1" failures="0" timestamp="6 Dec 2017 08:03:18 GMT" time="27.722" errors="0">
  <testcase name="loginCase" time="27.722" classname="com.arc.testcases.MyBuildings.LEED.LoginCaseTest"/>
</testsuite> <!-- com.arc.testcases.MyBuildings.LEED.LoginCaseTest -->
