<?xml version="1.0" encoding="UTF-8"?>
<!-- Generated by org.testng.reporters.JUnitReportReporter -->
<testsuite hostname="group10-PC" name="com.whc.testcases.VerifyOtherOptionSubcategoryTest" tests="1" failures="0" timestamp="20 Oct 2016 09:34:42 GMT" time="37.732" errors="0">
  <testcase name="verifyOtherOptionSubcategory" time="37.732" classname="com.whc.testcases.VerifyOtherOptionSubcategoryTest"/>
</testsuite> <!-- com.whc.testcases.VerifyOtherOptionSubcategoryTest -->
