<?xml version="1.0" encoding="UTF-8"?>
<!-- Generated by org.testng.reporters.JUnitReportReporter -->
<testsuite hostname="group10-PC" name="com.arc.testcases.cities.Manage.AddTeamMemberTest" tests="1" failures="0" timestamp="2 Feb 2017 07:22:14 GMT" time="38.003" errors="0">
  <testcase name="addTeamMemberTest" time="38.003" classname="com.arc.testcases.cities.Manage.AddTeamMemberTest"/>
</testsuite> <!-- com.arc.testcases.cities.Manage.AddTeamMemberTest -->
