<?xml version="1.0" encoding="UTF-8"?>
<!-- Generated by org.testng.reporters.JUnitReportReporter -->
<testsuite hostname="G10GNLT041" name="com.arc.testcases.MyBuildings.LEEDfortransit.AbovegroundAddNewProjectTest" tests="1" failures="0" timestamp="14 Nov 2017 06:07:57 GMT" time="70.498" errors="0">
  <testcase name="addNewProject" time="70.498" classname="com.arc.testcases.MyBuildings.LEEDfortransit.AbovegroundAddNewProjectTest"/>
</testsuite> <!-- com.arc.testcases.MyBuildings.LEEDfortransit.AbovegroundAddNewProjectTest -->
