<?xml version="1.0" encoding="UTF-8"?>
<!-- Generated by org.testng.reporters.JUnitReportReporter -->
<testsuite hostname="G10CHLT003" name="com.arc.testcases.MyBuildings.LEED.CTotalAnalyticsTest" tests="1" failures="0" timestamp="7 Dec 2017 06:11:58 GMT" time="77.873" errors="0">
  <testcase name="carbonTotal" time="77.873" classname="com.arc.testcases.MyBuildings.LEED.CTotalAnalyticsTest"/>
</testsuite> <!-- com.arc.testcases.MyBuildings.LEED.CTotalAnalyticsTest -->
