<?xml version="1.0" encoding="UTF-8"?>
<!-- Generated by org.testng.reporters.JUnitReportReporter -->
<testsuite hostname="G10GNLT049" name="com.arc.testcases.MyBuildings.Parksmart.AllManagementTotalPointTest" tests="1" failures="0" timestamp="24 Nov 2017 16:31:27 GMT" time="166.263" errors="0">
  <testcase name="managementTotalPointTest" time="166.263" classname="com.arc.testcases.MyBuildings.Parksmart.AllManagementTotalPointTest"/>
</testsuite> <!-- com.arc.testcases.MyBuildings.Parksmart.AllManagementTotalPointTest -->
