<?xml version="1.0" encoding="UTF-8"?>
<!-- Generated by org.testng.reporters.JUnitReportReporter -->
<testsuite hostname="group10-PC" name="com.arc.testcases.buildings.EditProjectDetailsTest" tests="1" failures="0" timestamp="8 Mar 2017 11:45:39 GMT" time="36.917" errors="0">
  <testcase name="editProjectDetailsTest" time="36.917" classname="com.arc.testcases.buildings.EditProjectDetailsTest"/>
</testsuite> <!-- com.arc.testcases.buildings.EditProjectDetailsTest -->
