<?xml version="1.0" encoding="UTF-8"?>
<!-- Generated by org.testng.reporters.JUnitReportReporter -->
<testsuite hostname="group10-PC" name="com.arc.testcases.Manage.InstallAllApps" tests="1" failures="0" timestamp="27 Jan 2017 05:14:55 GMT" time="32.475" errors="0">
  <testcase name="login" time="32.475" classname="com.arc.testcases.Manage.InstallAllApps"/>
</testsuite> <!-- com.arc.testcases.Manage.InstallAllApps -->
