<?xml version="1.0" encoding="UTF-8"?>
<!-- Generated by org.testng.reporters.JUnitReportReporter -->
<testsuite hostname="G10GNLT049" name="com.arc.testcases.MyBuildings.Other.WaterFileUploadTest" tests="1" failures="0" timestamp="20 Nov 2017 07:00:45 GMT" time="58.604" errors="0">
  <testcase name="waterFileUpload" time="58.604" classname="com.arc.testcases.MyBuildings.Other.WaterFileUploadTest"/>
</testsuite> <!-- com.arc.testcases.MyBuildings.Other.WaterFileUploadTest -->
