<?xml version="1.0" encoding="UTF-8"?>
<!-- Generated by org.testng.reporters.JUnitReportReporter -->
<testsuite hostname="group10-PC" name="com.arc.testcases.AddProject.PaymentbyCC" tests="1" failures="0" timestamp="23 Jan 2017 08:54:31 GMT" time="55.490" errors="0">
  <testcase name="login" time="55.490" classname="com.arc.testcases.AddProject.PaymentbyCC"/>
</testsuite> <!-- com.arc.testcases.AddProject.PaymentbyCC -->
