<?xml version="1.0" encoding="UTF-8"?>
<!-- Generated by org.testng.reporters.JUnitReportReporter -->
<testsuite hostname="G10GNLT049" name="com.arc.testcases.MyCities.Other.ProjectDetailsVerificationTest" tests="1" failures="0" timestamp="20 Nov 2017 10:49:39 GMT" time="36.532" errors="0">
  <testcase name="projectDetailsVerification" time="36.532" classname="com.arc.testcases.MyCities.Other.ProjectDetailsVerificationTest"/>
</testsuite> <!-- com.arc.testcases.MyCities.Other.ProjectDetailsVerificationTest -->
