<?xml version="1.0" encoding="UTF-8"?>
<!-- Generated by org.testng.reporters.JUnitReportReporter -->
<testsuite hostname="G10GNLT049" name="com.arc.testcases.MyBuildings.LEEDfortransit.CalculateWeightedOccupancyTest" tests="1" failures="0" timestamp="28 Nov 2017 04:31:17 GMT" time="71.647" errors="0">
  <testcase name="carbonTotal" time="71.647" classname="com.arc.testcases.MyBuildings.LEEDfortransit.CalculateWeightedOccupancyTest"/>
</testsuite> <!-- com.arc.testcases.MyBuildings.LEEDfortransit.CalculateWeightedOccupancyTest -->
