<?xml version="1.0" encoding="UTF-8"?>
<!-- Generated by org.testng.reporters.JUnitReportReporter -->
<testsuite hostname="G10GNLT049" name="com.arc.testcases.MyCommunities.LEEDforCommunities.BillingRegistrationAmountVerificationTest" tests="1" failures="0" timestamp="20 Nov 2017 11:38:44 GMT" time="41.023" errors="0">
  <testcase name="billingRegistrationAmountVerification" time="41.023" classname="com.arc.testcases.MyCommunities.LEEDforCommunities.BillingRegistrationAmountVerificationTest"/>
</testsuite> <!-- com.arc.testcases.MyCommunities.LEEDforCommunities.BillingRegistrationAmountVerificationTest -->
