<?xml version="1.0" encoding="UTF-8"?>
<!-- Generated by org.testng.reporters.JUnitReportReporter -->
<testsuite hostname="G10GNLT041" name="com.arc.testcases.MyBuildings.LEEDfortransit.ETotalAnalyticsTooltipTest" tests="1" failures="0" timestamp="14 Nov 2017 07:00:50 GMT" time="38.371" errors="0">
  <testcase name="energyFileUpload" time="38.371" classname="com.arc.testcases.MyBuildings.LEEDfortransit.ETotalAnalyticsTooltipTest"/>
</testsuite> <!-- com.arc.testcases.MyBuildings.LEEDfortransit.ETotalAnalyticsTooltipTest -->
