<?xml version="1.0" encoding="UTF-8"?>
<!-- Generated by org.testng.reporters.JUnitReportReporter -->
<testsuite hostname="group10-PC" name="com.whc.testcases.ProgramInfoReqfieldValidationTest" tests="1" failures="0" timestamp="20 Oct 2016 06:02:07 GMT" time="15.357" errors="0">
  <testcase name="Programinforeqfieldvalidation" time="15.357" classname="com.whc.testcases.ProgramInfoReqfieldValidationTest"/>
</testsuite> <!-- com.whc.testcases.ProgramInfoReqfieldValidationTest -->
