<?xml version="1.0" encoding="UTF-8"?>
<!-- Generated by org.testng.reporters.JUnitReportReporter -->
<testsuite hostname="G10GNLT049" name="com.arc.testcases.MyBuildings.Other.EditMemberRoleManagerTest" tests="1" failures="0" timestamp="20 Nov 2017 07:00:44 GMT" time="43.758" errors="0">
  <testcase name="editMemberRoleManager" time="43.758" classname="com.arc.testcases.MyBuildings.Other.EditMemberRoleManagerTest"/>
</testsuite> <!-- com.arc.testcases.MyBuildings.Other.EditMemberRoleManagerTest -->
