<?xml version="1.0" encoding="UTF-8"?>
<!-- Generated by org.testng.reporters.JUnitReportReporter -->
<testsuite hostname="group10-PC" name="com.arc.testcases.buildings.SearchProgramTest" tests="1" failures="0" timestamp="2 Mar 2017 05:06:33 GMT" time="17.204" errors="0">
  <testcase name="searchProgramTest" time="17.204" classname="com.arc.testcases.buildings.SearchProgramTest"/>
</testsuite> <!-- com.arc.testcases.buildings.SearchProgramTest -->
