<?xml version="1.0" encoding="UTF-8"?>
<!-- Generated by org.testng.reporters.JUnitReportReporter -->
<testsuite hostname="group10-PC" name="com.arc.testcases.buildings.DataInput.WaterMeterCreateTest" tests="1" failures="0" timestamp="2 Feb 2017 09:14:17 GMT" time="48.910" errors="0">
  <testcase name="waterMeterCreateTest" time="48.910" classname="com.arc.testcases.buildings.DataInput.WaterMeterCreateTest"/>
</testsuite> <!-- com.arc.testcases.buildings.DataInput.WaterMeterCreateTest -->
