<?xml version="1.0" encoding="UTF-8"?>
<!-- Generated by org.testng.reporters.JUnitReportReporter -->
<testsuite hostname="G10CHLT003" name="com.arc.testcases.MyCommunities.Other.EditMemberRoleManagerTest" tests="1" failures="0" timestamp="1 Dec 2017 13:35:41 GMT" time="78.421" errors="0">
  <testcase name="editMemberRoleManager" time="78.421" classname="com.arc.testcases.MyCommunities.Other.EditMemberRoleManagerTest"/>
</testsuite> <!-- com.arc.testcases.MyCommunities.Other.EditMemberRoleManagerTest -->
