<?xml version="1.0" encoding="UTF-8"?>
<!-- Generated by org.testng.reporters.JUnitReportReporter -->
<testsuite hostname="group10-PC" name="com.whc.testcases.MakingProjectNonActive" tests="1" failures="0" timestamp="14 Oct 2016 09:49:21 GMT" time="23.709" errors="0">
  <testcase name="addprogram" time="23.709" classname="com.whc.testcases.MakingProjectNonActive"/>
</testsuite> <!-- com.whc.testcases.MakingProjectNonActive -->
