<?xml version="1.0" encoding="UTF-8"?>
<!-- Generated by org.testng.reporters.JUnitReportReporter -->
<testsuite hostname="group10-PC" name="com.arc.testcases.Manage.BillingDateVerificationTest" tests="1" failures="0" timestamp="1 Feb 2017 05:12:20 GMT" time="27.625" errors="0">
  <testcase name="billingDateVerificationTest" time="27.625" classname="com.arc.testcases.Manage.BillingDateVerificationTest"/>
</testsuite> <!-- com.arc.testcases.Manage.BillingDateVerificationTest -->
