<?xml version="1.0" encoding="UTF-8"?>
<!-- Generated by org.testng.reporters.JUnitReportReporter -->
<testsuite hostname="group10-PC" name="com.arc.testcases.parking.LoginTestBlankValuesTest" tests="1" failures="0" timestamp="8 Mar 2017 10:27:35 GMT" time="6.086" errors="0">
  <testcase name="loginTestBlankValuesTest" time="6.086" classname="com.arc.testcases.parking.LoginTestBlankValuesTest"/>
</testsuite> <!-- com.arc.testcases.parking.LoginTestBlankValuesTest -->
