<?xml version="1.0" encoding="UTF-8"?>
<!-- Generated by org.testng.reporters.JUnitReportReporter -->
<testsuite hostname="G10GNLT049" name="com.arc.testcases.MyBuildings.Other.CTotalAnalyticsTest" tests="1" failures="0" timestamp="20 Nov 2017 07:00:45 GMT" time="38.814" errors="0">
  <testcase name="carbonTotal" time="38.814" classname="com.arc.testcases.MyBuildings.Other.CTotalAnalyticsTest"/>
</testsuite> <!-- com.arc.testcases.MyBuildings.Other.CTotalAnalyticsTest -->
