<?xml version="1.0" encoding="UTF-8"?>
<!-- Generated by org.testng.reporters.JUnitReportReporter -->
<testsuite hostname="group10-PC" name="com.whc.testcases.ClickingActiveProject" tests="1" failures="0" timestamp="18 Oct 2016 05:02:54 GMT" time="32.722" errors="0">
  <testcase name="addprogram" time="32.722" classname="com.whc.testcases.ClickingActiveProject"/>
</testsuite> <!-- com.whc.testcases.ClickingActiveProject -->
