<?xml version="1.0" encoding="UTF-8"?>
<!-- Generated by org.testng.reporters.JUnitReportReporter -->
<testsuite hostname="G10GNLT049" name="com.arc.testcases.MyCommunities.LEEDforCommunities.BillingDateVerificationTest" tests="1" failures="0" timestamp="20 Nov 2017 11:38:44 GMT" time="41.017" errors="0">
  <testcase name="billingDateVerification" time="41.017" classname="com.arc.testcases.MyCommunities.LEEDforCommunities.BillingDateVerificationTest"/>
</testsuite> <!-- com.arc.testcases.MyCommunities.LEEDforCommunities.BillingDateVerificationTest -->
