<?xml version="1.0" encoding="UTF-8"?>
<!-- Generated by org.testng.reporters.JUnitReportReporter -->
<testsuite hostname="G10GNLT049" name="com.arc.testcases.MyCommunities.None.AddNewProjectTest" tests="1" failures="0" timestamp="20 Nov 2017 13:30:54 GMT" time="54.707" errors="0">
  <testcase name="addNewProject" time="54.707" classname="com.arc.testcases.MyCommunities.None.AddNewProjectTest"/>
</testsuite> <!-- com.arc.testcases.MyCommunities.None.AddNewProjectTest -->
