<?xml version="1.0" encoding="UTF-8"?>
<!-- Generated by org.testng.reporters.JUnitReportReporter -->
<testsuite hostname="G10CHLT003" name="com.arc.testcases.buildings.AddNewProjectTest" tests="1" failures="0" timestamp="6 Apr 2017 11:36:34 GMT" time="48.521" errors="0">
  <testcase name="addNewProjectTest" time="48.521" classname="com.arc.testcases.buildings.AddNewProjectTest"/>
</testsuite> <!-- com.arc.testcases.buildings.AddNewProjectTest -->
