<?xml version="1.0" encoding="UTF-8"?>
<!-- Generated by org.testng.reporters.JUnitReportReporter -->
<testsuite hostname="G10CHLT003" name="com.arc.testcases.cities.LoginCaseTest" tests="1" failures="0" timestamp="6 Apr 2017 15:37:08 GMT" time="19.464" errors="0">
  <testcase name="loginCaseTest" time="19.464" classname="com.arc.testcases.cities.LoginCaseTest"/>
</testsuite> <!-- com.arc.testcases.cities.LoginCaseTest -->
