<?xml version="1.0" encoding="UTF-8"?>
<!-- Generated by org.testng.reporters.JUnitReportReporter -->
<testsuite hostname="G10GNLT049" name="com.arc.testcases.MyBuildings.Other.ModifyOccOptHrsProjectDetailsTest" tests="1" failures="0" timestamp="20 Nov 2017 07:00:44 GMT" time="47.344" errors="0">
  <testcase name="modifyProjectDetails" time="47.344" classname="com.arc.testcases.MyBuildings.Other.ModifyOccOptHrsProjectDetailsTest"/>
</testsuite> <!-- com.arc.testcases.MyBuildings.Other.ModifyOccOptHrsProjectDetailsTest -->
