<?xml version="1.0" encoding="UTF-8"?>
<!-- Generated by org.testng.reporters.JUnitReportReporter -->
<testsuite hostname="G10GNLT049" name="com.arc.testcases.MyBuildings.Parksmart.ProjectDetailsVerificationTest" tests="1" failures="0" timestamp="24 Nov 2017 16:31:27 GMT" time="40.628" errors="0">
  <testcase name="projectDetails" time="40.628" classname="com.arc.testcases.MyBuildings.Parksmart.ProjectDetailsVerificationTest"/>
</testsuite> <!-- com.arc.testcases.MyBuildings.Parksmart.ProjectDetailsVerificationTest -->
