<?xml version="1.0" encoding="UTF-8"?>
<!-- Generated by org.testng.reporters.JUnitReportReporter -->
<testsuite hostname="group10-PC" name="com.arc.testcases.buildings.AddProject.AddNewProjectTest" tests="1" failures="0" timestamp="14 Feb 2017 10:18:36 GMT" time="39.337" errors="0">
  <testcase name="addNewProjectTest" time="39.337" classname="com.arc.testcases.buildings.AddProject.AddNewProjectTest"/>
</testsuite> <!-- com.arc.testcases.buildings.AddProject.AddNewProjectTest -->
