<?xml version="1.0" encoding="UTF-8"?>
<!-- Generated by org.testng.reporters.JUnitReportReporter -->
<testsuite hostname="group10-PC" name="com.arc.testcases.cities.Manage.VerifyCertificationStatusTest" tests="1" failures="0" timestamp="2 Feb 2017 07:17:33 GMT" time="25.142" errors="0">
  <testcase name="verifyCertificationStatusTest" time="25.142" classname="com.arc.testcases.cities.Manage.VerifyCertificationStatusTest"/>
</testsuite> <!-- com.arc.testcases.cities.Manage.VerifyCertificationStatusTest -->
