<?xml version="1.0" encoding="UTF-8"?>
<!-- Generated by org.testng.reporters.JUnitReportReporter -->
<testsuite hostname="G10CHLT003" name="com.arc.testcases.MyBuildings.LEED.BaseScoreAttemptTest" tests="1" failures="0" timestamp="31 Oct 2017 05:32:56 GMT" time="297.734" errors="0">
  <testcase name="baseScoreAttemptTest" time="297.734" classname="com.arc.testcases.MyBuildings.LEED.BaseScoreAttemptTest"/>
</testsuite> <!-- com.arc.testcases.MyBuildings.LEED.BaseScoreAttemptTest -->
