<?xml version="1.0" encoding="UTF-8"?>
<!-- Generated by org.testng.reporters.JUnitReportReporter -->
<testsuite hostname="group10-PC" name="com.arc.testcases.cities.Manage.EditMemberRoleManagerTest" tests="1" failures="0" timestamp="2 Feb 2017 07:22:14 GMT" time="34.911" errors="0">
  <testcase name="editMemberRoleManagerTest" time="34.911" classname="com.arc.testcases.cities.Manage.EditMemberRoleManagerTest"/>
</testsuite> <!-- com.arc.testcases.cities.Manage.EditMemberRoleManagerTest -->
