<?xml version="1.0" encoding="UTF-8"?>
<!-- Generated by org.testng.reporters.JUnitReportReporter -->
<testsuite hostname="G10CHLT003" name="com.arc.testcases.MyBuildings.LEED.TotalAnalyticsTest" tests="1" failures="0" timestamp="25 Sep 2017 14:58:52 GMT" time="49.458" errors="0">
  <testcase name="energyFileUploadTest" time="49.458" classname="com.arc.testcases.MyBuildings.LEED.TotalAnalyticsTest"/>
</testsuite> <!-- com.arc.testcases.MyBuildings.LEED.TotalAnalyticsTest -->
