<?xml version="1.0" encoding="UTF-8"?>
<!-- Generated by org.testng.reporters.JUnitReportReporter -->
<testsuite hostname="G10CHLT003" name="com.arc.testcases.MyBuildings.Portfolios.ManageEnergyGoalTotalTest" tests="1" failures="0" timestamp="6 Dec 2017 09:51:52 GMT" time="56.073" errors="0">
  <testcase name="goalCarbon" time="56.073" classname="com.arc.testcases.MyBuildings.Portfolios.ManageEnergyGoalTotalTest"/>
</testsuite> <!-- com.arc.testcases.MyBuildings.Portfolios.ManageEnergyGoalTotalTest -->
