<?xml version="1.0" encoding="UTF-8"?>
<!-- Generated by org.testng.reporters.JUnitReportReporter -->
<testsuite hostname="G10CHLT003" name="com.arc.testcases.LandingPage.ArcLogoNavigationTest" tests="1" failures="0" timestamp="4 Sep 2017 14:34:15 GMT" time="11.746" errors="0">
  <testcase name="arcLogoNavigationTest" time="11.746" classname="com.arc.testcases.LandingPage.ArcLogoNavigationTest"/>
</testsuite> <!-- com.arc.testcases.LandingPage.ArcLogoNavigationTest -->
