<?xml version="1.0" encoding="UTF-8"?>
<!-- Generated by org.testng.reporters.JUnitReportReporter -->
<testsuite hostname="G10GNLT049" name="com.arc.testcases.MyBuildings.Other.InstallAllAppsTest" tests="1" failures="0" timestamp="20 Nov 2017 07:00:45 GMT" time="47.051" errors="0">
  <testcase name="installAllApps" time="47.051" classname="com.arc.testcases.MyBuildings.Other.InstallAllAppsTest"/>
</testsuite> <!-- com.arc.testcases.MyBuildings.Other.InstallAllAppsTest -->
