<?xml version="1.0" encoding="UTF-8"?>
<!-- Generated by org.testng.reporters.JUnitReportReporter -->
<testsuite hostname="G10CHLT003" name="com.arc.testcases.MyBuildings.Parksmart.VerifyPRFileDownloadTest" tests="1" failures="0" timestamp="10 Apr 2017 05:43:18 GMT" time="66.900" errors="0">
  <testcase name="billingStatusVerificationTest" time="66.900" classname="com.arc.testcases.MyBuildings.Parksmart.VerifyPRFileDownloadTest"/>
</testsuite> <!-- com.arc.testcases.MyBuildings.Parksmart.VerifyPRFileDownloadTest -->
