<?xml version="1.0" encoding="UTF-8"?>
<!-- Generated by org.testng.reporters.JUnitReportReporter -->
<testsuite hostname="G10CHLT003" name="com.arc.testcases.MyBuildings.LEEDfortransit.AddNewProjectINDTest" tests="1" failures="0" timestamp="9 Apr 2017 12:16:04 GMT" time="44.105" errors="0">
  <testcase name="addNewProjectTest" time="44.105" classname="com.arc.testcases.MyBuildings.LEEDfortransit.AddNewProjectINDTest"/>
</testsuite> <!-- com.arc.testcases.MyBuildings.LEEDfortransit.AddNewProjectINDTest -->
