<?xml version="1.0" encoding="UTF-8"?>
<!-- Generated by org.testng.reporters.JUnitReportReporter -->
<testsuite hostname="group10-PC" name="com.arc.testcases.Manage.VerifyCertificationStatus" tests="1" failures="0" timestamp="25 Jan 2017 05:35:19 GMT" time="33.147" errors="0">
  <testcase name="login" time="33.147" classname="com.arc.testcases.Manage.VerifyCertificationStatus"/>
</testsuite> <!-- com.arc.testcases.Manage.VerifyCertificationStatus -->
