<?xml version="1.0" encoding="UTF-8"?>
<!-- Generated by org.testng.reporters.JUnitReportReporter -->
<testsuite hostname="group10-PC" name="com.arc.testcases.cities.InstallAllAppsTest" tests="1" failures="0" timestamp="2 Mar 2017 08:57:19 GMT" time="32.336" errors="0">
  <testcase name="installAllAppsTest" time="32.336" classname="com.arc.testcases.cities.InstallAllAppsTest"/>
</testsuite> <!-- com.arc.testcases.cities.InstallAllAppsTest -->
