<?xml version="1.0" encoding="UTF-8"?>
<!-- Generated by org.testng.reporters.JUnitReportReporter -->
<testsuite hostname="group10-PC" name="com.arc.testcases.BaseScore.BaseScoreAttempt" tests="1" failures="0" timestamp="23 Jan 2017 09:43:24 GMT" time="167.112" errors="0">
  <testcase name="login" time="167.112" classname="com.arc.testcases.BaseScore.BaseScoreAttempt"/>
</testsuite> <!-- com.arc.testcases.BaseScore.BaseScoreAttempt -->
