<?xml version="1.0" encoding="UTF-8"?>
<!-- Generated by org.testng.reporters.JUnitReportReporter -->
<testsuite hostname="G10GNLT049" name="com.arc.testcases.MyCommunities.None.EnergyMeterCreateTest" tests="1" failures="0" timestamp="26 Nov 2017 11:15:33 GMT" time="116.094" errors="0">
  <testcase name="energyMeterCreate" time="116.094" classname="com.arc.testcases.MyCommunities.None.EnergyMeterCreateTest"/>
</testsuite> <!-- com.arc.testcases.MyCommunities.None.EnergyMeterCreateTest -->
