<?xml version="1.0" encoding="UTF-8"?>
<!-- Generated by org.testng.reporters.JUnitReportReporter -->
<testsuite hostname="G10CHLT003" name="com.arc.testcases.MyBuildings.LEED.EnergyUploadXLSTest" tests="1" failures="0" timestamp="7 Apr 2017 18:59:11 GMT" time="43.922" errors="0">
  <testcase name="energyFileUploadTest" time="43.922" classname="com.arc.testcases.MyBuildings.LEED.EnergyUploadXLSTest"/>
</testsuite> <!-- com.arc.testcases.MyBuildings.LEED.EnergyUploadXLSTest -->
