<?xml version="1.0" encoding="UTF-8"?>
<!-- Generated by org.testng.reporters.JUnitReportReporter -->
<testsuite hostname="group10-PC" name="com.whc.testcases.FillObjectiveActiveProject" tests="1" failures="0" timestamp="18 Oct 2016 09:24:53 GMT" time="44.565" errors="0">
  <testcase name="addprogram" time="44.565" classname="com.whc.testcases.FillObjectiveActiveProject"/>
</testsuite> <!-- com.whc.testcases.FillObjectiveActiveProject -->
