<?xml version="1.0" encoding="UTF-8"?>
<!-- Generated by org.testng.reporters.JUnitReportReporter -->
<testsuite hostname="G10CHLT003" name="com.arc.testcases.MyBuildings.LEED.WasteMeterEditReadingTest" tests="1" failures="0" timestamp="9 Apr 2017 08:02:08 GMT" time="34.834" errors="0">
  <testcase name="wasteMeterEditReadingTest" time="34.834" classname="com.arc.testcases.MyBuildings.LEED.WasteMeterEditReadingTest"/>
</testsuite> <!-- com.arc.testcases.MyBuildings.LEED.WasteMeterEditReadingTest -->
