<?xml version="1.0" encoding="UTF-8"?>
<!-- Generated by org.testng.reporters.JUnitReportReporter -->
<testsuite hostname="group10-PC" name="com.arc.testcases.transit.PublicSearch.ClickSearchedProgramTest" tests="1" failures="0" timestamp="13 Feb 2017 07:10:04 GMT" time="18.575" errors="0">
  <testcase name="clickSearchedProgramTest" time="18.575" classname="com.arc.testcases.transit.PublicSearch.ClickSearchedProgramTest"/>
</testsuite> <!-- com.arc.testcases.transit.PublicSearch.ClickSearchedProgramTest -->
