<?xml version="1.0" encoding="UTF-8"?>
<!-- Generated by org.testng.reporters.JUnitReportReporter -->
<testsuite hostname="G10GNLT049" name="com.arc.testcases.MyCommunities.LEEDforCommunities.SearchProgramTest" tests="1" failures="0" timestamp="20 Nov 2017 11:38:44 GMT" time="25.623" errors="0">
  <testcase name="searchProgram" time="25.623" classname="com.arc.testcases.MyCommunities.LEEDforCommunities.SearchProgramTest"/>
</testsuite> <!-- com.arc.testcases.MyCommunities.LEEDforCommunities.SearchProgramTest -->
