<?xml version="1.0" encoding="UTF-8"?>
<!-- Generated by org.testng.reporters.JUnitReportReporter -->
<testsuite hostname="G10GNLT041" name="com.arc.testcases.MyBuildings.LEEDfortransit.VerifyAgreementFileDownloadTest" tests="1" failures="0" timestamp="14 Nov 2017 07:00:50 GMT" time="42.310" errors="0">
  <testcase name="verifyAgreementFileDownload" time="42.310" classname="com.arc.testcases.MyBuildings.LEEDfortransit.VerifyAgreementFileDownloadTest"/>
</testsuite> <!-- com.arc.testcases.MyBuildings.LEEDfortransit.VerifyAgreementFileDownloadTest -->
