<?xml version="1.0" encoding="UTF-8"?>
<!-- Generated by org.testng.reporters.JUnitReportReporter -->
<testsuite hostname="group10-PC" name="com.arc.testcases.parking.AddNewProjectTest" tests="1" failures="0" timestamp="10 Mar 2017 07:43:28 GMT" time="37.831" errors="0">
  <testcase name="addNewProjectTest" time="37.831" classname="com.arc.testcases.parking.AddNewProjectTest"/>
</testsuite> <!-- com.arc.testcases.parking.AddNewProjectTest -->
