<?xml version="1.0" encoding="UTF-8"?>
<!-- Generated by org.testng.reporters.JUnitReportReporter -->
<testsuite hostname="G10CHLT003" name="com.arc.testcases.MyBuildings.MyPortfolios.CalculateWeightedOccupancyTest" tests="1" failures="0" timestamp="3 Dec 2017 13:09:00 GMT" time="52.648" errors="0">
  <testcase name="carbonTotal" time="52.648" classname="com.arc.testcases.MyBuildings.MyPortfolios.CalculateWeightedOccupancyTest"/>
</testsuite> <!-- com.arc.testcases.MyBuildings.MyPortfolios.CalculateWeightedOccupancyTest -->
