<?xml version="1.0" encoding="UTF-8"?>
<!-- Generated by org.testng.reporters.JUnitReportReporter -->
<testsuite hostname="G10CHLT003" name="com.arc.testcases.buildings.LoginCaseTest" tests="1" failures="0" timestamp="6 Apr 2017 08:18:40 GMT" time="41.199" errors="0">
  <testcase name="loginCaseTest" time="41.199" classname="com.arc.testcases.buildings.LoginCaseTest"/>
</testsuite> <!-- com.arc.testcases.buildings.LoginCaseTest -->
