<?xml version="1.0" encoding="UTF-8"?>
<!-- Generated by org.testng.reporters.JUnitReportReporter -->
<testsuite hostname="G10CHLT003" name="com.arc.testcases.MyBuildings.LEED.LoginTestBlankValuesTest" tests="1" failures="0" timestamp="6 Apr 2017 19:43:29 GMT" time="5.426" errors="0">
  <testcase name="loginTestBlankValuesTest" time="5.426" classname="com.arc.testcases.MyBuildings.LEED.LoginTestBlankValuesTest"/>
</testsuite> <!-- com.arc.testcases.MyBuildings.LEED.LoginTestBlankValuesTest -->
