<?xml version="1.0" encoding="UTF-8"?>
<!-- Generated by org.testng.reporters.JUnitReportReporter -->
<testsuite hostname="group10-PC" name="com.whc.testcases.FillOverviewActiveProject" tests="1" failures="0" timestamp="18 Oct 2016 09:24:53 GMT" time="56.463" errors="0">
  <testcase name="addprogram" time="56.463" classname="com.whc.testcases.FillOverviewActiveProject"/>
</testsuite> <!-- com.whc.testcases.FillOverviewActiveProject -->
