<?xml version="1.0" encoding="UTF-8"?>
<!-- Generated by org.testng.reporters.JUnitReportReporter -->
<testsuite hostname="group10-PC" name="com.arc.testcases.buildings.Prerequisites.PrerequisitesAttemptTest" tests="1" failures="0" timestamp="2 Feb 2017 08:54:21 GMT" time="120.530" errors="0">
  <testcase name="prerequisitesAttemptTest" time="120.530" classname="com.arc.testcases.buildings.Prerequisites.PrerequisitesAttemptTest"/>
</testsuite> <!-- com.arc.testcases.buildings.Prerequisites.PrerequisitesAttemptTest -->
