<?xml version="1.0" encoding="UTF-8"?>
<!-- Generated by org.testng.reporters.JUnitReportReporter -->
<testsuite hostname="G10GNLT049" name="com.arc.testcases.MyCities.None.ProjectFieldVerificationTest" tests="1" failures="0" timestamp="20 Nov 2017 10:09:18 GMT" time="39.469" errors="0">
  <testcase name="projectFieldVerification" time="39.469" classname="com.arc.testcases.MyCities.None.ProjectFieldVerificationTest"/>
</testsuite> <!-- com.arc.testcases.MyCities.None.ProjectFieldVerificationTest -->
