<?xml version="1.0" encoding="UTF-8"?>
<!-- Generated by org.testng.reporters.JUnitReportReporter -->
<testsuite hostname="G10CHLT003" name="com.arc.testcases.MyBuildings.LEED.PrerequisitesFileUploadTest" tests="1" failures="0" timestamp="27 Oct 2017 00:06:15 GMT" time="161.861" errors="0">
  <testcase name="prerequisitesAttemptTest" time="161.861" classname="com.arc.testcases.MyBuildings.LEED.PrerequisitesFileUploadTest"/>
</testsuite> <!-- com.arc.testcases.MyBuildings.LEED.PrerequisitesFileUploadTest -->
