<?xml version="1.0" encoding="UTF-8"?>
<!-- Generated by org.testng.reporters.JUnitReportReporter -->
<testsuite hostname="group10-PC" name="com.arc.testcases.cities.PreCertification.PrecertificationPayTest" tests="1" failures="0" timestamp="2 Feb 2017 06:46:47 GMT" time="46.362" errors="0">
  <testcase name="precertificationPayTest" time="46.362" classname="com.arc.testcases.cities.PreCertification.PrecertificationPayTest"/>
</testsuite> <!-- com.arc.testcases.cities.PreCertification.PrecertificationPayTest -->
