<?xml version="1.0" encoding="UTF-8"?>
<!-- Generated by org.testng.reporters.JUnitReportReporter -->
<testsuite hostname="group10-PC" name="com.arc.testcases.cities.Manage.BillingRegistrationAmountVerificationTest" tests="1" failures="0" timestamp="2 Feb 2017 07:17:33 GMT" time="26.250" errors="0">
  <testcase name="billingRegistrationAmountVerificationTest" time="26.250" classname="com.arc.testcases.cities.Manage.BillingRegistrationAmountVerificationTest"/>
</testsuite> <!-- com.arc.testcases.cities.Manage.BillingRegistrationAmountVerificationTest -->
