<?xml version="1.0" encoding="UTF-8"?>
<!-- Generated by org.testng.reporters.JUnitReportReporter -->
<testsuite hostname="G10GNLT049" name="com.arc.testcases.MyCommunities.None.ProjectFieldVerificationTest" tests="1" failures="0" timestamp="20 Nov 2017 13:30:54 GMT" time="38.693" errors="0">
  <testcase name="projectFieldVerification" time="38.693" classname="com.arc.testcases.MyCommunities.None.ProjectFieldVerificationTest"/>
</testsuite> <!-- com.arc.testcases.MyCommunities.None.ProjectFieldVerificationTest -->
