<?xml version="1.0" encoding="UTF-8"?>
<!-- Generated by org.testng.reporters.JUnitReportReporter -->
<testsuite hostname="G10GNLT049" name="com.arc.testcases.MyCities.Other.AdditionalDeatilsCreateMeterTest" tests="1" failures="0" timestamp="26 Nov 2017 09:19:26 GMT" time="91.656" errors="0">
  <testcase name="aditioanalFieldMeterCreate" time="91.656" classname="com.arc.testcases.MyCities.Other.AdditionalDeatilsCreateMeterTest"/>
</testsuite> <!-- com.arc.testcases.MyCities.Other.AdditionalDeatilsCreateMeterTest -->
