<?xml version="1.0" encoding="UTF-8"?>
<!-- Generated by org.testng.reporters.JUnitReportReporter -->
<testsuite hostname="G10GNLT049" name="com.arc.testcases.MyCommunities.Other.BillingRegistrationAmountVerificationTest" tests="1" failures="0" timestamp="20 Nov 2017 12:56:23 GMT" time="47.698" errors="0">
  <testcase name="billingRegistrationAmountVerification" time="47.698" classname="com.arc.testcases.MyCommunities.Other.BillingRegistrationAmountVerificationTest"/>
</testsuite> <!-- com.arc.testcases.MyCommunities.Other.BillingRegistrationAmountVerificationTest -->
