<?xml version="1.0" encoding="UTF-8"?>
<!-- Generated by org.testng.reporters.JUnitReportReporter -->
<testsuite hostname="group10-PC" name="com.arc.testcases.communities.Prerequisites.PrerequisitesAttemptTest" tests="1" failures="0" timestamp="8 Feb 2017 16:05:56 GMT" time="91.757" errors="0">
  <testcase name="prerequisitesAttemptTest" time="91.757" classname="com.arc.testcases.communities.Prerequisites.PrerequisitesAttemptTest"/>
</testsuite> <!-- com.arc.testcases.communities.Prerequisites.PrerequisitesAttemptTest -->
