<?xml version="1.0" encoding="UTF-8"?>
<!-- Generated by org.testng.reporters.JUnitReportReporter -->
<testsuite hostname="G10CHLT003" name="com.arc.testcases.MyBuildings.LEED.ETotalAnalyticsTest" tests="1" failures="0" timestamp="7 Dec 2017 06:11:58 GMT" time="75.944" errors="0">
  <testcase name="energyTotalAnalytics" time="75.944" classname="com.arc.testcases.MyBuildings.LEED.ETotalAnalyticsTest"/>
</testsuite> <!-- com.arc.testcases.MyBuildings.LEED.ETotalAnalyticsTest -->
