<?xml version="1.0" encoding="UTF-8"?>
<!-- Generated by org.testng.reporters.JUnitReportReporter -->
<testsuite hostname="G10CHLT003" name="com.arc.testcases.MyBuildings.LEED.TotalSocreBarTest" tests="1" failures="0" timestamp="17 Sep 2017 05:20:55 GMT" time="36.574" errors="0">
  <testcase name="energyFileUploadTest" time="36.574" classname="com.arc.testcases.MyBuildings.LEED.TotalSocreBarTest"/>
</testsuite> <!-- com.arc.testcases.MyBuildings.LEED.TotalSocreBarTest -->
