<?xml version="1.0" encoding="UTF-8"?>
<!-- Generated by org.testng.reporters.JUnitReportReporter -->
<testsuite hostname="group10-PC" name="com.arc.testcases.Manage.ProjectFieldVerification" tests="1" failures="0" timestamp="24 Jan 2017 06:10:39 GMT" time="31.960" errors="0">
  <testcase name="login" time="31.960" classname="com.arc.testcases.Manage.ProjectFieldVerification"/>
</testsuite> <!-- com.arc.testcases.Manage.ProjectFieldVerification -->
