<?xml version="1.0" encoding="UTF-8"?>
<!-- Generated by org.testng.reporters.JUnitReportReporter -->
<testsuite hostname="group10-PC" name="com.whc.testcases.AddProjectSpeciesTest" tests="1" failures="0" timestamp="24 Oct 2016 06:30:05 GMT" time="59.542" errors="0">
  <testcase name="addProjectSpecies" time="59.542" classname="com.whc.testcases.AddProjectSpeciesTest"/>
</testsuite> <!-- com.whc.testcases.AddProjectSpeciesTest -->
