<?xml version="1.0" encoding="UTF-8"?>
<!-- Generated by org.testng.reporters.JUnitReportReporter -->
<testsuite hostname="G10CHLT003" name="com.arc.testcases.MyBuildings.LEED.WaterFileUpload" tests="1" failures="0" timestamp="8 Apr 2017 06:12:30 GMT" time="53.991" errors="0">
  <testcase name="waterFileUploadTest" time="53.991" classname="com.arc.testcases.MyBuildings.LEED.WaterFileUpload"/>
</testsuite> <!-- com.arc.testcases.MyBuildings.LEED.WaterFileUpload -->
