<?xml version="1.0" encoding="UTF-8"?>
<!-- Generated by org.testng.reporters.JUnitReportReporter -->
<testsuite hostname="G10CHLT003" name="com.arc.testcases.buildings.MyBuildings.ClickSearchedProgramTest" tests="1" failures="0" timestamp="6 Apr 2017 10:49:09 GMT" time="17.751" errors="0">
  <testcase name="clickSearchedProgramTest" time="17.751" classname="com.arc.testcases.buildings.MyBuildings.ClickSearchedProgramTest"/>
</testsuite> <!-- com.arc.testcases.buildings.MyBuildings.ClickSearchedProgramTest -->
