<?xml version="1.0" encoding="UTF-8"?>
<!-- Generated by org.testng.reporters.JUnitReportReporter -->
<testsuite hostname="G10GNLT041" name="com.arc.testcases.MyBuildings.LEEDfortransit.WasteMeterCreateTest" tests="1" failures="0" timestamp="14 Nov 2017 06:46:12 GMT" time="53.154" errors="0">
  <testcase name="wasteMeterCreate" time="53.154" classname="com.arc.testcases.MyBuildings.LEEDfortransit.WasteMeterCreateTest"/>
</testsuite> <!-- com.arc.testcases.MyBuildings.LEEDfortransit.WasteMeterCreateTest -->
