<?xml version="1.0" encoding="UTF-8"?>
<!-- Generated by org.testng.reporters.JUnitReportReporter -->
<testsuite hostname="G10GNLT049" name="com.arc.testcases.MyBuildings.Other.ClickSearchedProgramTest" tests="1" failures="0" timestamp="20 Nov 2017 07:00:44 GMT" time="26.143" errors="0">
  <testcase name="clickSearchedProgram" time="26.143" classname="com.arc.testcases.MyBuildings.Other.ClickSearchedProgramTest"/>
</testsuite> <!-- com.arc.testcases.MyBuildings.Other.ClickSearchedProgramTest -->
