<?xml version="1.0" encoding="UTF-8"?>
<!-- Generated by org.testng.reporters.JUnitReportReporter -->
<testsuite hostname="G10GNLT049" name="com.arc.testcases.MyCities.LEEDforCities.SearchProgramTest" tests="1" failures="0" timestamp="20 Nov 2017 08:57:39 GMT" time="18.365" errors="0">
  <testcase name="searchProgram" time="18.365" classname="com.arc.testcases.MyCities.LEEDforCities.SearchProgramTest"/>
</testsuite> <!-- com.arc.testcases.MyCities.LEEDforCities.SearchProgramTest -->
