<?xml version="1.0" encoding="UTF-8"?>
<!-- Generated by org.testng.reporters.JUnitReportReporter -->
<testsuite hostname="G10GNLT049" name="com.arc.testcases.MyCities.LEEDforCities.EditProjectDetailsTest" tests="1" failures="0" timestamp="20 Nov 2017 07:52:50 GMT" time="41.816" errors="0">
  <testcase name="editProjectDetails" time="41.816" classname="com.arc.testcases.MyCities.LEEDforCities.EditProjectDetailsTest"/>
</testsuite> <!-- com.arc.testcases.MyCities.LEEDforCities.EditProjectDetailsTest -->
