<?xml version="1.0" encoding="UTF-8"?>
<!-- Generated by org.testng.reporters.JUnitReportReporter -->
<testsuite hostname="G10CHLT003" name="com.arc.testcases.MyBuildings.MyPortfolios.ETotalAnalyticsTest" tests="1" failures="0" timestamp="4 Dec 2017 04:53:14 GMT" time="49.261" errors="0">
  <testcase name="energyTotalAnalytics" time="49.261" classname="com.arc.testcases.MyBuildings.MyPortfolios.ETotalAnalyticsTest"/>
</testsuite> <!-- com.arc.testcases.MyBuildings.MyPortfolios.ETotalAnalyticsTest -->
