<?xml version="1.0" encoding="UTF-8"?>
<!-- Generated by org.testng.reporters.JUnitReportReporter -->
<testsuite hostname="group10-PC" name="com.arc.testcases.communities.Manage.VerifyCertificationStatusTest" tests="1" failures="0" timestamp="2 Feb 2017 08:37:52 GMT" time="75.299" errors="0">
  <testcase name="verifyCertificationStatusTest" time="75.299" classname="com.arc.testcases.communities.Manage.VerifyCertificationStatusTest"/>
</testsuite> <!-- com.arc.testcases.communities.Manage.VerifyCertificationStatusTest -->
