<?xml version="1.0" encoding="UTF-8"?>
<!-- Generated by org.testng.reporters.JUnitReportReporter -->
<testsuite hostname="group10-PC" name="com.arc.testcases.DataInput.WasteMeterCreate" tests="1" failures="0" timestamp="24 Jan 2017 04:51:54 GMT" time="43.258" errors="0">
  <testcase name="login" time="43.258" classname="com.arc.testcases.DataInput.WasteMeterCreate"/>
</testsuite> <!-- com.arc.testcases.DataInput.WasteMeterCreate -->
