<?xml version="1.0" encoding="UTF-8"?>
<!-- Generated by org.testng.reporters.JUnitReportReporter -->
<testsuite hostname="G10CHLT003" name="com.arc.testcases.MyBuildings.LEED.WasteFileUpload" tests="1" failures="0" timestamp="8 Apr 2017 06:17:03 GMT" time="54.738" errors="0">
  <testcase name="wasteFileUploadTest" time="54.738" classname="com.arc.testcases.MyBuildings.LEED.WasteFileUpload"/>
</testsuite> <!-- com.arc.testcases.MyBuildings.LEED.WasteFileUpload -->
