<?xml version="1.0" encoding="UTF-8"?>
<!-- Generated by org.testng.reporters.JUnitReportReporter -->
<testsuite hostname="group10-PC" name="com.whc.testcases.MakingProjectInactiveTest" tests="1" failures="0" timestamp="24 Oct 2016 06:30:05 GMT" time="40.836" errors="0">
  <testcase name="makingProjectInactive" time="40.836" classname="com.whc.testcases.MakingProjectInactiveTest"/>
</testsuite> <!-- com.whc.testcases.MakingProjectInactiveTest -->
