<?xml version="1.0" encoding="UTF-8"?>
<!-- Generated by org.testng.reporters.JUnitReportReporter -->
<testsuite hostname="group10-PC" name="com.arc.testcases.LoginCaseTest" tests="1" failures="0" timestamp="10 Jan 2017 11:14:37 GMT" time="22.492" errors="0">
  <testcase name="login" time="22.492" classname="com.arc.testcases.LoginCaseTest"/>
</testsuite> <!-- com.arc.testcases.LoginCaseTest -->
