<?xml version="1.0" encoding="UTF-8"?>
<!-- Generated by org.testng.reporters.JUnitReportReporter -->
<testsuite hostname="group10-PC" name="com.arc.testcases.transit.Prerequisites.VerifyRequirementsCompleteTest" tests="1" failures="0" timestamp="13 Feb 2017 07:10:03 GMT" time="37.815" errors="0">
  <testcase name="verifyRequirementsCompleteTest" time="37.815" classname="com.arc.testcases.transit.Prerequisites.VerifyRequirementsCompleteTest"/>
</testsuite> <!-- com.arc.testcases.transit.Prerequisites.VerifyRequirementsCompleteTest -->
