<?xml version="1.0" encoding="UTF-8"?>
<!-- Generated by org.testng.reporters.JUnitReportReporter -->
<testsuite hostname="group10-PC" name="com.arc.testcases.DataInput.WaterMeterCreate" tests="1" failures="0" timestamp="24 Jan 2017 04:34:50 GMT" time="42.646" errors="0">
  <testcase name="login" time="42.646" classname="com.arc.testcases.DataInput.WaterMeterCreate"/>
</testsuite> <!-- com.arc.testcases.DataInput.WaterMeterCreate -->
