<?xml version="1.0" encoding="UTF-8"?>
<!-- Generated by org.testng.reporters.JUnitReportReporter -->
<testsuite hostname="group10-PC" name="com.arc.testcases.Login.LoginTestBlankValuesTest" tests="1" failures="0" timestamp="31 Jan 2017 07:29:33 GMT" time="4.602" errors="0">
  <testcase name="loginTestBlankValuesTest" time="4.602" classname="com.arc.testcases.Login.LoginTestBlankValuesTest"/>
</testsuite> <!-- com.arc.testcases.Login.LoginTestBlankValuesTest -->
