<?xml version="1.0" encoding="UTF-8"?>
<!-- Generated by org.testng.reporters.JUnitReportReporter -->
<testsuite hostname="G10GNLT041" name="com.arc.testcases.MyBuildings.LEEDfortransit.InternationalLanguagesSpecaialCharacterMeterCreateTest" tests="1" failures="0" timestamp="14 Nov 2017 07:00:50 GMT" time="98.670" errors="0">
  <testcase name="energyMeterCreate" time="98.670" classname="com.arc.testcases.MyBuildings.LEEDfortransit.InternationalLanguagesSpecaialCharacterMeterCreateTest"/>
</testsuite> <!-- com.arc.testcases.MyBuildings.LEEDfortransit.InternationalLanguagesSpecaialCharacterMeterCreateTest -->
