<?xml version="1.0" encoding="UTF-8"?>
<!-- Generated by org.testng.reporters.JUnitReportReporter -->
<testsuite hostname="group10-PC" name="com.arc.testcases.cities.AddProject.PaymentbyCCTest" tests="1" failures="0" timestamp="2 Feb 2017 09:51:29 GMT" time="42.061" errors="0">
  <testcase name="paymentbyCCTest" time="42.061" classname="com.arc.testcases.cities.AddProject.PaymentbyCCTest"/>
</testsuite> <!-- com.arc.testcases.cities.AddProject.PaymentbyCCTest -->
