<?xml version="1.0" encoding="UTF-8"?>
<!-- Generated by org.testng.reporters.JUnitReportReporter -->
<testsuite hostname="G10GNLT041" name="com.arc.testcases.MyBuildings.LEEDfortransit.PrerequisitesPdfFileUploadTest" tests="1" failures="0" timestamp="14 Nov 2017 06:34:22 GMT" time="147.093" errors="0">
  <testcase name="prerequisitesAttempt" time="147.093" classname="com.arc.testcases.MyBuildings.LEEDfortransit.PrerequisitesPdfFileUploadTest"/>
</testsuite> <!-- com.arc.testcases.MyBuildings.LEEDfortransit.PrerequisitesPdfFileUploadTest -->
