<?xml version="1.0" encoding="UTF-8"?>
<!-- Generated by org.testng.reporters.JUnitReportReporter -->
<testsuite hostname="G10GNLT049" name="com.arc.testcases.MyBuildings.Parksmart.EditProjectDetailsTest" tests="1" failures="0" timestamp="24 Nov 2017 16:38:03 GMT" time="62.923" errors="0">
  <testcase name="projectDetails" time="62.923" classname="com.arc.testcases.MyBuildings.Parksmart.EditProjectDetailsTest"/>
</testsuite> <!-- com.arc.testcases.MyBuildings.Parksmart.EditProjectDetailsTest -->
