<?xml version="1.0" encoding="UTF-8"?>
<!-- Generated by org.testng.reporters.JUnitReportReporter -->
<testsuite hostname="G10CHLT003" name="com.arc.testcases.communities.LoginCaseTest" tests="1" failures="0" timestamp="6 Apr 2017 15:50:04 GMT" time="17.878" errors="0">
  <testcase name="loginCaseTest" time="17.878" classname="com.arc.testcases.communities.LoginCaseTest"/>
</testsuite> <!-- com.arc.testcases.communities.LoginCaseTest -->
