<?xml version="1.0" encoding="UTF-8"?>
<!-- Generated by org.testng.reporters.JUnitReportReporter -->
<testsuite hostname="G10GNLT049" name="com.arc.testcases.MyBuildings.Parksmart.VerifyAgreementFileDownloadTest" tests="1" failures="0" timestamp="24 Nov 2017 16:31:27 GMT" time="46.562" errors="0">
  <testcase name="verifyAgreementFileDownloadTest" time="46.562" classname="com.arc.testcases.MyBuildings.Parksmart.VerifyAgreementFileDownloadTest"/>
</testsuite> <!-- com.arc.testcases.MyBuildings.Parksmart.VerifyAgreementFileDownloadTest -->
