<?xml version="1.0" encoding="UTF-8"?>
<!-- Generated by org.testng.reporters.JUnitReportReporter -->
<testsuite hostname="group10-PC" name="com.arc.testcases.cities.PrecertificationPayTest" tests="1" failures="0" timestamp="2 Mar 2017 08:57:19 GMT" time="95.196" errors="0">
  <testcase name="precertificationPayTest" time="95.196" classname="com.arc.testcases.cities.PrecertificationPayTest"/>
</testsuite> <!-- com.arc.testcases.cities.PrecertificationPayTest -->
