<?xml version="1.0" encoding="UTF-8"?>
<!-- Generated by org.testng.reporters.JUnitReportReporter -->
<testsuite hostname="G10GNLT049" name="com.arc.testcases.MyCities.Other.ProjectFieldVerificationTest" tests="1" failures="0" timestamp="20 Nov 2017 10:49:39 GMT" time="37.594" errors="0">
  <testcase name="projectFieldVerification" time="37.594" classname="com.arc.testcases.MyCities.Other.ProjectFieldVerificationTest"/>
</testsuite> <!-- com.arc.testcases.MyCities.Other.ProjectFieldVerificationTest -->
