<?xml version="1.0" encoding="UTF-8"?>
<!-- Generated by org.testng.reporters.JUnitReportReporter -->
<testsuite hostname="G10CHLT003" name="com.arc.testcases.buildings.MyBuildings.AddNewProjectTest" tests="1" failures="0" timestamp="6 Apr 2017 11:18:23 GMT" time="41.525" errors="0">
  <testcase name="addNewProjectTest" time="41.525" classname="com.arc.testcases.buildings.MyBuildings.AddNewProjectTest"/>
</testsuite> <!-- com.arc.testcases.buildings.MyBuildings.AddNewProjectTest -->
