<?xml version="1.0" encoding="UTF-8"?>
<!-- Generated by org.testng.reporters.JUnitReportReporter -->
<testsuite hostname="G10GNLT041" name="com.arc.testcases.MyBuildings.LEEDfortransit.ClickSearchedProgramTest" tests="1" failures="0" timestamp="14 Nov 2017 05:38:37 GMT" time="20.805" errors="0">
  <testcase name="clickSearchedProgram" time="20.805" classname="com.arc.testcases.MyBuildings.LEEDfortransit.ClickSearchedProgramTest"/>
</testsuite> <!-- com.arc.testcases.MyBuildings.LEEDfortransit.ClickSearchedProgramTest -->
