<?xml version="1.0" encoding="UTF-8"?>
<!-- Generated by org.testng.reporters.JUnitReportReporter -->
<testsuite hostname="group10-PC" name="com.whc.testcases.ExistingUserAddContributorTest" tests="1" failures="0" timestamp="24 Oct 2016 10:46:39 GMT" time="36.641" errors="0">
  <testcase name="clicksaveprogram" time="36.641" classname="com.whc.testcases.ExistingUserAddContributorTest"/>
</testsuite> <!-- com.whc.testcases.ExistingUserAddContributorTest -->
