<?xml version="1.0" encoding="UTF-8"?>
<!-- Generated by org.testng.reporters.JUnitReportReporter -->
<testsuite hostname="group10-PC" name="com.arc.testcases.cities.PaymentbyCCTest" tests="1" failures="0" timestamp="2 Mar 2017 08:57:19 GMT" time="89.309" errors="0">
  <testcase name="paymentbyCCTest" time="89.309" classname="com.arc.testcases.cities.PaymentbyCCTest"/>
</testsuite> <!-- com.arc.testcases.cities.PaymentbyCCTest -->
