<?xml version="1.0" encoding="UTF-8"?>
<!-- Generated by org.testng.reporters.JUnitReportReporter -->
<testsuite hostname="G10GNLT049" name="com.arc.testcases.MyBuildings.Parksmart.LoginCaseTest" tests="1" failures="0" timestamp="24 Nov 2017 16:31:27 GMT" time="55.983" errors="0">
  <testcase name="loginCaseTest" time="55.983" classname="com.arc.testcases.MyBuildings.Parksmart.LoginCaseTest"/>
</testsuite> <!-- com.arc.testcases.MyBuildings.Parksmart.LoginCaseTest -->
