<?xml version="1.0" encoding="UTF-8"?>
<!-- Generated by org.testng.reporters.JUnitReportReporter -->
<testsuite hostname="G10CHLT003" name="com.arc.testcases.MyBuildings.Parksmart.PaymentbyCheckTest" tests="1" failures="0" timestamp="10 Apr 2017 09:05:25 GMT" time="64.419" errors="0">
  <testcase name="paymentbyCCTest" time="64.419" classname="com.arc.testcases.MyBuildings.Parksmart.PaymentbyCheckTest"/>
</testsuite> <!-- com.arc.testcases.MyBuildings.Parksmart.PaymentbyCheckTest -->
