<?xml version="1.0" encoding="UTF-8"?>
<!-- Generated by org.testng.reporters.JUnitReportReporter -->
<testsuite hostname="group10-PC" name="com.whc.testcases.AddUserOrgLevel" tests="1" failures="0" timestamp="26 Oct 2016 10:55:39 GMT" time="32.614" errors="0">
  <testcase name="existingUseraddProgram" time="32.614" classname="com.whc.testcases.AddUserOrgLevel"/>
</testsuite> <!-- com.whc.testcases.AddUserOrgLevel -->
