<?xml version="1.0" encoding="UTF-8"?>
<!-- Generated by org.testng.reporters.JUnitReportReporter -->
<testsuite hostname="G10GNLT049" name="com.arc.testcases.MyCommunities.Other.AddNewProjectTest" tests="1" failures="0" timestamp="20 Nov 2017 12:56:23 GMT" time="56.514" errors="0">
  <testcase name="addNewProject" time="56.514" classname="com.arc.testcases.MyCommunities.Other.AddNewProjectTest"/>
</testsuite> <!-- com.arc.testcases.MyCommunities.Other.AddNewProjectTest -->
