<?xml version="1.0" encoding="UTF-8"?>
<!-- Generated by org.testng.reporters.JUnitReportReporter -->
<testsuite hostname="G10GNLT049" name="com.arc.testcases.MyCities.LEEDforCities.PrerequisitesAttemptTest" tests="1" failures="0" timestamp="20 Nov 2017 09:19:24 GMT" time="98.401" errors="0">
  <testcase name="prerequisitesAttempt" time="98.401" classname="com.arc.testcases.MyCities.LEEDforCities.PrerequisitesAttemptTest"/>
</testsuite> <!-- com.arc.testcases.MyCities.LEEDforCities.PrerequisitesAttemptTest -->
