<?xml version="1.0" encoding="UTF-8"?>
<!-- Generated by org.testng.reporters.JUnitReportReporter -->
<testsuite hostname="G10GNLT041" name="com.arc.testcases.MyBuildings.LEEDfortransit.BillingStatusVerificationTest" tests="1" failures="0" timestamp="14 Nov 2017 07:13:05 GMT" time="33.312" errors="0">
  <testcase name="billingStatusVerification" time="33.312" classname="com.arc.testcases.MyBuildings.LEEDfortransit.BillingStatusVerificationTest"/>
</testsuite> <!-- com.arc.testcases.MyBuildings.LEEDfortransit.BillingStatusVerificationTest -->
