<?xml version="1.0" encoding="UTF-8"?>
<!-- Generated by org.testng.reporters.JUnitReportReporter -->
<testsuite hostname="G10GNLT049" name="com.arc.testcases.MyCities.LEEDforCities.WaterMeterCreateTest" tests="1" failures="0" timestamp="24 Nov 2017 17:21:20 GMT" time="105.329" errors="0">
  <testcase name="waterMeterCreate" time="105.329" classname="com.arc.testcases.MyCities.LEEDforCities.WaterMeterCreateTest"/>
</testsuite> <!-- com.arc.testcases.MyCities.LEEDforCities.WaterMeterCreateTest -->
