<?xml version="1.0" encoding="UTF-8"?>
<!-- Generated by org.testng.reporters.JUnitReportReporter -->
<testsuite hostname="G10CHLT003" name="com.arc.testcases.MyBuildings.LEED.InternationalLanguageMeterCreateTest" tests="1" failures="0" timestamp="31 Oct 2017 04:46:06 GMT" time="112.644" errors="0">
  <testcase name="energyMeterCreateTest" time="112.644" classname="com.arc.testcases.MyBuildings.LEED.InternationalLanguageMeterCreateTest"/>
</testsuite> <!-- com.arc.testcases.MyBuildings.LEED.InternationalLanguageMeterCreateTest -->
