<?xml version="1.0" encoding="UTF-8"?>
<!-- Generated by org.testng.reporters.JUnitReportReporter -->
<testsuite hostname="G10GNLT049" name="com.arc.testcases.MyCities.LEEDforCities.ClickSearchedProgramTest" tests="1" failures="0" timestamp="20 Nov 2017 08:57:39 GMT" time="22.834" errors="0">
  <testcase name="clickSearchedProgram" time="22.834" classname="com.arc.testcases.MyCities.LEEDforCities.ClickSearchedProgramTest"/>
</testsuite> <!-- com.arc.testcases.MyCities.LEEDforCities.ClickSearchedProgramTest -->
