<?xml version="1.0" encoding="UTF-8"?>
<!-- Generated by org.testng.reporters.JUnitReportReporter -->
<testsuite hostname="G10CHLT003" name="com.arc.testcases.LandingPage.LoginInvaildValuesTest" tests="1" failures="0" timestamp="4 Sep 2017 14:34:15 GMT" time="14.404" errors="0">
  <testcase name="loginInvaildValuesTest" time="14.404" classname="com.arc.testcases.LandingPage.LoginInvaildValuesTest"/>
</testsuite> <!-- com.arc.testcases.LandingPage.LoginInvaildValuesTest -->
