<?xml version="1.0" encoding="UTF-8"?>
<!-- Generated by org.testng.reporters.JUnitReportReporter -->
<testsuite hostname="G10GNLT049" name="com.arc.testcases.MyBuildings.Parksmart.BillingRegistrationAmountVerificationTest" tests="1" failures="0" timestamp="24 Nov 2017 16:31:27 GMT" time="37.517" errors="0">
  <testcase name="billingRegistrationAmountVerificationTest" time="37.517" classname="com.arc.testcases.MyBuildings.Parksmart.BillingRegistrationAmountVerificationTest"/>
</testsuite> <!-- com.arc.testcases.MyBuildings.Parksmart.BillingRegistrationAmountVerificationTest -->
