<?xml version="1.0" encoding="UTF-8"?>
<!-- Generated by org.testng.reporters.JUnitReportReporter -->
<testsuite hostname="G10GNLT049" name="com.arc.testcases.MyCommunities.None.EditMemberRoleManagerTest" tests="1" failures="0" timestamp="20 Nov 2017 13:30:54 GMT" time="50.800" errors="0">
  <testcase name="editMemberRoleManager" time="50.800" classname="com.arc.testcases.MyCommunities.None.EditMemberRoleManagerTest"/>
</testsuite> <!-- com.arc.testcases.MyCommunities.None.EditMemberRoleManagerTest -->
