<?xml version="1.0" encoding="UTF-8"?>
<!-- Generated by org.testng.reporters.JUnitReportReporter -->
<testsuite hostname="group10-PC" name="com.arc.testcases.transit.PublicSearch.SearchProgramTest" tests="1" failures="0" timestamp="13 Feb 2017 07:10:03 GMT" time="13.474" errors="0">
  <testcase name="searchProgramTest" time="13.474" classname="com.arc.testcases.transit.PublicSearch.SearchProgramTest"/>
</testsuite> <!-- com.arc.testcases.transit.PublicSearch.SearchProgramTest -->
