<?xml version="1.0" encoding="UTF-8"?>
<!-- Generated by org.testng.reporters.JUnitReportReporter -->
<testsuite hostname="group10-PC" name="com.whc.testcases.HabitatTypeVisibilityTest" tests="1" failures="0" timestamp="20 Oct 2016 06:02:07 GMT" time="40.354" errors="0">
  <testcase name="habitattypevisibility" time="40.354" classname="com.whc.testcases.HabitatTypeVisibilityTest"/>
</testsuite> <!-- com.whc.testcases.HabitatTypeVisibilityTest -->
