<?xml version="1.0" encoding="UTF-8"?>
<!-- Generated by org.testng.reporters.JUnitReportReporter -->
<testsuite hostname="G10GNLT049" name="com.arc.testcases.MyCommunities.Other.ProjectFieldVerificationTest" tests="1" failures="0" timestamp="20 Nov 2017 12:56:23 GMT" time="46.231" errors="0">
  <testcase name="projectFieldVerification" time="46.231" classname="com.arc.testcases.MyCommunities.Other.ProjectFieldVerificationTest"/>
</testsuite> <!-- com.arc.testcases.MyCommunities.Other.ProjectFieldVerificationTest -->
