<?xml version="1.0" encoding="UTF-8"?>
<!-- Generated by org.testng.reporters.JUnitReportReporter -->
<testsuite hostname="group10-PC" name="com.arc.testcases.buildings.DataInput.EnergyMeterCreateTest" tests="1" failures="0" timestamp="2 Feb 2017 09:10:54 GMT" time="50.508" errors="0">
  <testcase name="energyMeterCreateTest" time="50.508" classname="com.arc.testcases.buildings.DataInput.EnergyMeterCreateTest"/>
</testsuite> <!-- com.arc.testcases.buildings.DataInput.EnergyMeterCreateTest -->
