<?xml version="1.0" encoding="UTF-8"?>
<!-- Generated by org.testng.reporters.JUnitReportReporter -->
<testsuite hostname="group10-PC" name="com.whc.testcases.VerifySpeciesSubcategoryTest" tests="1" failures="0" timestamp="20 Oct 2016 09:34:42 GMT" time="39.200" errors="0">
  <testcase name="verifyProjectSpeciesSubcategory" time="39.200" classname="com.whc.testcases.VerifySpeciesSubcategoryTest"/>
</testsuite> <!-- com.whc.testcases.VerifySpeciesSubcategoryTest -->
