<?xml version="1.0" encoding="UTF-8"?>
<!-- Generated by org.testng.reporters.JUnitReportReporter -->
<testsuite hostname="G10CHLT003" name="com.arc.testcases.buildings.LoginTestBlankValuesTest" tests="1" failures="0" timestamp="6 Apr 2017 06:24:47 GMT" time="6.937" errors="0">
  <testcase name="loginTestBlankValuesTest" time="6.937" classname="com.arc.testcases.buildings.LoginTestBlankValuesTest"/>
</testsuite> <!-- com.arc.testcases.buildings.LoginTestBlankValuesTest -->
