<?xml version="1.0" encoding="UTF-8"?>
<!-- Generated by org.testng.reporters.JUnitReportReporter -->
<testsuite hostname="G10GNLT049" name="com.arc.testcases.MyBuildings.None.WaterFileUploadTest" tests="1" failures="0" timestamp="20 Nov 2017 05:48:19 GMT" time="179.242" errors="0">
  <testcase name="waterFileUpload" time="179.242" classname="com.arc.testcases.MyBuildings.None.WaterFileUploadTest"/>
</testsuite> <!-- com.arc.testcases.MyBuildings.None.WaterFileUploadTest -->
