<?xml version="1.0" encoding="UTF-8"?>
<!-- Generated by org.testng.reporters.JUnitReportReporter -->
<testsuite hostname="group10-PC" name="com.arc.testcases.cities.Prerequisites.VerifyRequirementsCompleteTest" tests="1" failures="0" timestamp="2 Feb 2017 06:42:21 GMT" time="36.713" errors="0">
  <testcase name="verifyRequirementsCompleteTest" time="36.713" classname="com.arc.testcases.cities.Prerequisites.VerifyRequirementsCompleteTest"/>
</testsuite> <!-- com.arc.testcases.cities.Prerequisites.VerifyRequirementsCompleteTest -->
