<?xml version="1.0" encoding="UTF-8"?>
<!-- Generated by org.testng.reporters.JUnitReportReporter -->
<testsuite hostname="G10CHLT003" name="com.arc.testcases.MyBuildings.LEED.SearchProgramTest" tests="1" failures="0" timestamp="7 Sep 2017 11:40:00 GMT" time="25.143" errors="0">
  <testcase name="searchProgramTest" time="25.143" classname="com.arc.testcases.MyBuildings.LEED.SearchProgramTest"/>
</testsuite> <!-- com.arc.testcases.MyBuildings.LEED.SearchProgramTest -->
