<?xml version="1.0" encoding="UTF-8"?>
<!-- Generated by org.testng.reporters.JUnitReportReporter -->
<testsuite hostname="group10-PC" name="com.whc.testcases.AddProgram" tests="1" failures="0" timestamp="10 Oct 2016 06:29:31 GMT" time="85.692" errors="0">
  <testcase name="addprogram" time="85.692" classname="com.whc.testcases.AddProgram"/>
</testsuite> <!-- com.whc.testcases.AddProgram -->
