<?xml version="1.0" encoding="UTF-8"?>
<!-- Generated by org.testng.reporters.JUnitReportReporter -->
<testsuite hostname="group10-PC" name="com.arc.testcases.buildings.Manage.BillingRegistrationAmountVerificationTest" tests="1" failures="0" timestamp="2 Feb 2017 09:26:35 GMT" time="24.551" errors="0">
  <testcase name="billingRegistrationAmountVerificationTest" time="24.551" classname="com.arc.testcases.buildings.Manage.BillingRegistrationAmountVerificationTest"/>
</testsuite> <!-- com.arc.testcases.buildings.Manage.BillingRegistrationAmountVerificationTest -->
