<?xml version="1.0" encoding="UTF-8"?>
<!-- Generated by org.testng.reporters.JUnitReportReporter -->
<testsuite hostname="group10-PC" name="com.arc.testcases.Manage.BillingRegistrationAmountVerification" tests="1" failures="0" timestamp="27 Jan 2017 06:35:56 GMT" time="30.222" errors="0">
  <testcase name="login" time="30.222" classname="com.arc.testcases.Manage.BillingRegistrationAmountVerification"/>
</testsuite> <!-- com.arc.testcases.Manage.BillingRegistrationAmountVerification -->
