<?xml version="1.0" encoding="UTF-8"?>
<!-- Generated by org.testng.reporters.JUnitReportReporter -->
<testsuite hostname="G10GNLT041" name="com.arc.testcases.MyBuildings.LEEDfortransit.WaterMeterCreateTest" tests="1" failures="0" timestamp="14 Nov 2017 06:49:08 GMT" time="72.348" errors="0">
  <testcase name="waterMeterCreate" time="72.348" classname="com.arc.testcases.MyBuildings.LEEDfortransit.WaterMeterCreateTest"/>
</testsuite> <!-- com.arc.testcases.MyBuildings.LEEDfortransit.WaterMeterCreateTest -->
