<?xml version="1.0" encoding="UTF-8"?>
<!-- Generated by org.testng.reporters.JUnitReportReporter -->
<testsuite hostname="G10GNLT049" name="com.arc.testcases.MyCities.LEEDforCities.WasteGenerationMeterCreateTest" tests="1" failures="0" timestamp="24 Nov 2017 17:21:20 GMT" time="81.010" errors="0">
  <testcase name="wasteMeterCreate" time="81.010" classname="com.arc.testcases.MyCities.LEEDforCities.WasteGenerationMeterCreateTest"/>
</testsuite> <!-- com.arc.testcases.MyCities.LEEDforCities.WasteGenerationMeterCreateTest -->
