<?xml version="1.0" encoding="UTF-8"?>
<!-- Generated by org.testng.reporters.JUnitReportReporter -->
<testsuite hostname="group10-PC" name="com.arc.testcases.transit.Manage.ProjectDetailsVerificationTest" tests="1" failures="0" timestamp="13 Feb 2017 07:10:04 GMT" time="43.427" errors="0">
  <testcase name="projectDetailsVerificationTest" time="43.427" classname="com.arc.testcases.transit.Manage.ProjectDetailsVerificationTest"/>
</testsuite> <!-- com.arc.testcases.transit.Manage.ProjectDetailsVerificationTest -->
