<?xml version="1.0" encoding="UTF-8"?>
<!-- Generated by org.testng.reporters.JUnitReportReporter -->
<testsuite hostname="G10GNLT049" name="com.arc.testcases.MyCities.Other.BillingStatusVerificationTest" tests="1" failures="0" timestamp="20 Nov 2017 10:49:39 GMT" time="36.662" errors="0">
  <testcase name="billingStatusVerification" time="36.662" classname="com.arc.testcases.MyCities.Other.BillingStatusVerificationTest"/>
</testsuite> <!-- com.arc.testcases.MyCities.Other.BillingStatusVerificationTest -->
