<?xml version="1.0" encoding="UTF-8"?>
<!-- Generated by org.testng.reporters.JUnitReportReporter -->
<testsuite hostname="group10-PC" name="com.arc.testcases.buildings.Manage.EditProjectDetailsTest" tests="1" failures="0" timestamp="2 Feb 2017 09:26:35 GMT" time="35.488" errors="0">
  <testcase name="editProjectDetailsTest" time="35.488" classname="com.arc.testcases.buildings.Manage.EditProjectDetailsTest"/>
</testsuite> <!-- com.arc.testcases.buildings.Manage.EditProjectDetailsTest -->
