<?xml version="1.0" encoding="UTF-8"?>
<!-- Generated by org.testng.reporters.JUnitReportReporter -->
<testsuite hostname="G10CHLT003" name="com.arc.testcases.MyBuildings.LEED.PrerequisitesFileUpload" tests="1" failures="0" timestamp="14 Sep 2017 11:57:05 GMT" time="159.935" errors="0">
  <testcase name="prerequisitesAttemptTest" time="159.935" classname="com.arc.testcases.MyBuildings.LEED.PrerequisitesFileUpload"/>
</testsuite> <!-- com.arc.testcases.MyBuildings.LEED.PrerequisitesFileUpload -->
