<?xml version="1.0" encoding="UTF-8"?>
<!-- Generated by org.testng.reporters.JUnitReportReporter -->
<testsuite hostname="G10GNLT041" name="com.arc.testcases.MyBuildings.LEEDfortransit.LoginCaseTest" tests="1" failures="0" timestamp="14 Nov 2017 05:38:37 GMT" time="35.862" errors="0">
  <testcase name="loginCase" time="35.862" classname="com.arc.testcases.MyBuildings.LEEDfortransit.LoginCaseTest"/>
</testsuite> <!-- com.arc.testcases.MyBuildings.LEEDfortransit.LoginCaseTest -->
