<?xml version="1.0" encoding="UTF-8"?>
<!-- Generated by org.testng.reporters.JUnitReportReporter -->
<testsuite hostname="G10GNLT049" name="com.arc.testcases.MyCommunities.None.ClickSearchedProgramTest" tests="1" failures="0" timestamp="20 Nov 2017 13:30:54 GMT" time="25.036" errors="0">
  <testcase name="clickSearchedProgram" time="25.036" classname="com.arc.testcases.MyCommunities.None.ClickSearchedProgramTest"/>
</testsuite> <!-- com.arc.testcases.MyCommunities.None.ClickSearchedProgramTest -->
