<?xml version="1.0" encoding="UTF-8"?>
<!-- Generated by org.testng.reporters.JUnitReportReporter -->
<testsuite hostname="G10CHLT003" name="com.arc.testcases.MyBuildings.Other.AddNewProjectTest" tests="1" failures="0" timestamp="6 Dec 2017 04:18:36 GMT" time="301.042" errors="0">
  <testcase name="addNewProject" time="301.042" classname="com.arc.testcases.MyBuildings.Other.AddNewProjectTest"/>
</testsuite> <!-- com.arc.testcases.MyBuildings.Other.AddNewProjectTest -->
