<?xml version="1.0" encoding="UTF-8"?>
<!-- Generated by org.testng.reporters.JUnitReportReporter -->
<testsuite hostname="G10GNLT049" name="com.arc.testcases.MyCities.None.BillingDateVerificationTest" tests="1" failures="0" timestamp="20 Nov 2017 10:09:18 GMT" time="38.292" errors="0">
  <testcase name="billingDateVerificationTest" time="38.292" classname="com.arc.testcases.MyCities.None.BillingDateVerificationTest"/>
</testsuite> <!-- com.arc.testcases.MyCities.None.BillingDateVerificationTest -->
