<?xml version="1.0" encoding="UTF-8"?>
<!-- Generated by org.testng.reporters.JUnitReportReporter -->
<testsuite hostname="G10GNLT049" name="com.arc.testcases.MyBuildings.Parksmart.SearchProgramTest" tests="1" failures="0" timestamp="24 Nov 2017 16:31:27 GMT" time="19.642" errors="0">
  <testcase name="searchProgramTest" time="19.642" classname="com.arc.testcases.MyBuildings.Parksmart.SearchProgramTest"/>
</testsuite> <!-- com.arc.testcases.MyBuildings.Parksmart.SearchProgramTest -->
