<?xml version="1.0" encoding="UTF-8"?>
<!-- Generated by org.testng.reporters.JUnitReportReporter -->
<testsuite hostname="group10-PC" name="com.arc.testcases.transit.Manage.BillingDateVerificationTest" tests="1" failures="0" timestamp="13 Feb 2017 07:10:04 GMT" time="26.829" errors="0">
  <testcase name="billingDateVerificationTest" time="26.829" classname="com.arc.testcases.transit.Manage.BillingDateVerificationTest"/>
</testsuite> <!-- com.arc.testcases.transit.Manage.BillingDateVerificationTest -->
