<?xml version="1.0" encoding="UTF-8"?>
<!-- Generated by org.testng.reporters.JUnitReportReporter -->
<testsuite hostname="G10CHLT003" name="com.arc.testcases.MyBuildings.LEED.VerifyRequirementsCompleteTest" tests="1" failures="0" timestamp="9 Apr 2017 08:02:08 GMT" time="35.740" errors="0">
  <testcase name="verifyRequirementsCompleteTest" time="35.740" classname="com.arc.testcases.MyBuildings.LEED.VerifyRequirementsCompleteTest"/>
</testsuite> <!-- com.arc.testcases.MyBuildings.LEED.VerifyRequirementsCompleteTest -->
