<?xml version="1.0" encoding="UTF-8"?>
<!-- Generated by org.testng.reporters.JUnitReportReporter -->
<testsuite hostname="G10GNLT049" name="com.arc.testcases.MyBuildings.Other.ProjectDetailsVerificationTest" tests="1" failures="0" timestamp="20 Nov 2017 07:00:44 GMT" time="36.658" errors="0">
  <testcase name="projectDetailsVerification" time="36.658" classname="com.arc.testcases.MyBuildings.Other.ProjectDetailsVerificationTest"/>
</testsuite> <!-- com.arc.testcases.MyBuildings.Other.ProjectDetailsVerificationTest -->
