<?xml version="1.0" encoding="UTF-8"?>
<!-- Generated by org.testng.reporters.JUnitReportReporter -->
<testsuite hostname="G10CHLT003" name="com.arc.testcases.MyBuildings.Other.SearchProgramTest" tests="1" failures="0" timestamp="9 Apr 2017 17:07:38 GMT" time="14.251" errors="0">
  <testcase name="searchProgramTest" time="14.251" classname="com.arc.testcases.MyBuildings.Other.SearchProgramTest"/>
</testsuite> <!-- com.arc.testcases.MyBuildings.Other.SearchProgramTest -->
