<?xml version="1.0" encoding="UTF-8"?>
<!-- Generated by org.testng.reporters.JUnitReportReporter -->
<testsuite hostname="G10CHLT003" name="com.arc.testcases.MyBuildings.LEED.LoginCaseTest" tests="1" failures="0" timestamp="5 Dec 2017 16:52:25 GMT" time="458.380" errors="0">
  <testcase name="loginCase" time="458.380" classname="com.arc.testcases.MyBuildings.LEED.LoginCaseTest"/>
</testsuite> <!-- com.arc.testcases.MyBuildings.LEED.LoginCaseTest -->
