<?xml version="1.0" encoding="UTF-8"?>
<!-- Generated by org.testng.reporters.JUnitReportReporter -->
<testsuite hostname="G10CHLT003" name="com.arc.testcases.LandingPage.CitiesLinkRedirectionTest" tests="1" failures="0" timestamp="4 Sep 2017 14:34:15 GMT" time="1.894" errors="0">
  <testcase name="citiesLinkRedirectionTest" time="1.894" classname="com.arc.testcases.LandingPage.CitiesLinkRedirectionTest"/>
</testsuite> <!-- com.arc.testcases.LandingPage.CitiesLinkRedirectionTest -->
