<?xml version="1.0" encoding="UTF-8"?>
<!-- Generated by org.testng.reporters.JUnitReportReporter -->
<testsuite hostname="G10CHLT003" name="com.arc.testcases.LandingPage.LoginTestBlankValuesTest" tests="1" failures="0" timestamp="4 Sep 2017 14:34:15 GMT" time="58.375" errors="0">
  <testcase name="loginTestBlankValuesTest" time="58.375" classname="com.arc.testcases.LandingPage.LoginTestBlankValuesTest"/>
</testsuite> <!-- com.arc.testcases.LandingPage.LoginTestBlankValuesTest -->
