<?xml version="1.0" encoding="UTF-8"?>
<!-- Generated by org.testng.reporters.JUnitReportReporter -->
<testsuite hostname="G10CHLT003" name="com.arc.testcases.MyBuildings.MyPortfolios.TotalCarbonConsumptionTest" tests="1" failures="0" timestamp="5 Dec 2017 10:58:43 GMT" time="46.010" errors="0">
  <testcase name="goalCarbon" time="46.010" classname="com.arc.testcases.MyBuildings.MyPortfolios.TotalCarbonConsumptionTest"/>
</testsuite> <!-- com.arc.testcases.MyBuildings.MyPortfolios.TotalCarbonConsumptionTest -->
