<?xml version="1.0" encoding="UTF-8"?>
<!-- Generated by org.testng.reporters.JUnitReportReporter -->
<testsuite hostname="group10-PC" name="com.arc.testcases.buildings.Manage.ProjectFieldVerificationTest" tests="1" failures="0" timestamp="2 Feb 2017 09:26:35 GMT" time="39.812" errors="0">
  <testcase name="projectFieldVerificationTest" time="39.812" classname="com.arc.testcases.buildings.Manage.ProjectFieldVerificationTest"/>
</testsuite> <!-- com.arc.testcases.buildings.Manage.ProjectFieldVerificationTest -->
