<?xml version="1.0" encoding="UTF-8"?>
<!-- Generated by org.testng.reporters.JUnitReportReporter -->
<testsuite hostname="G10GNLT049" name="com.arc.testcases.MyBuildings.Other.ProjectFieldVerificationTest" tests="1" failures="0" timestamp="20 Nov 2017 07:00:45 GMT" time="60.135" errors="0">
  <testcase name="projectFieldVerification" time="60.135" classname="com.arc.testcases.MyBuildings.Other.ProjectFieldVerificationTest"/>
</testsuite> <!-- com.arc.testcases.MyBuildings.Other.ProjectFieldVerificationTest -->
