<?xml version="1.0" encoding="UTF-8"?>
<!-- Generated by org.testng.reporters.JUnitReportReporter -->
<testsuite hostname="group10-PC" name="com.arc.testcases.transit.AddProject.AddNewProjectTest" tests="1" failures="0" timestamp="13 Feb 2017 07:10:03 GMT" time="30.367" errors="0">
  <testcase name="addNewProjectTest" time="30.367" classname="com.arc.testcases.transit.AddProject.AddNewProjectTest"/>
</testsuite> <!-- com.arc.testcases.transit.AddProject.AddNewProjectTest -->
