<?xml version="1.0" encoding="UTF-8"?>
<!-- Generated by org.testng.reporters.JUnitReportReporter -->
<testsuite hostname="G10GNLT049" name="com.arc.testcases.MyCities.LEEDforCities.LoginCaseTest" tests="1" failures="0" timestamp="20 Nov 2017 08:57:39 GMT" time="23.880" errors="0">
  <testcase name="loginCase" time="23.880" classname="com.arc.testcases.MyCities.LEEDforCities.LoginCaseTest"/>
</testsuite> <!-- com.arc.testcases.MyCities.LEEDforCities.LoginCaseTest -->
