<?xml version="1.0" encoding="UTF-8"?>
<!-- Generated by org.testng.reporters.JUnitReportReporter -->
<testsuite hostname="group10-PC" name="com.arc.testcases.cities.EditMemberRoleManagerTest" tests="1" failures="0" timestamp="2 Mar 2017 08:57:19 GMT" time="30.576" errors="0">
  <testcase name="editMemberRoleManagerTest" time="30.576" classname="com.arc.testcases.cities.EditMemberRoleManagerTest"/>
</testsuite> <!-- com.arc.testcases.cities.EditMemberRoleManagerTest -->
