<?xml version="1.0" encoding="UTF-8"?>
<!-- Generated by org.testng.reporters.JUnitReportReporter -->
<testsuite hostname="G10GNLT041" name="com.arc.testcases.MyBuildings.LEEDfortransit.EditMemberRoleManagerTest" tests="1" failures="0" timestamp="14 Nov 2017 07:00:50 GMT" time="49.786" errors="0">
  <testcase name="editMemberRoleManager" time="49.786" classname="com.arc.testcases.MyBuildings.LEEDfortransit.EditMemberRoleManagerTest"/>
</testsuite> <!-- com.arc.testcases.MyBuildings.LEEDfortransit.EditMemberRoleManagerTest -->
