<?xml version="1.0" encoding="UTF-8"?>
<!-- Generated by org.testng.reporters.JUnitReportReporter -->
<testsuite hostname="G10CHLT003" name="com.arc.testcases.MyBuildings.LEEDfortransit.CalculateWeightedOccupancyTest" tests="1" failures="0" timestamp="2 Dec 2017 04:12:35 GMT" time="224.142" errors="0">
  <testcase name="carbonTotal" time="224.142" classname="com.arc.testcases.MyBuildings.LEEDfortransit.CalculateWeightedOccupancyTest"/>
</testsuite> <!-- com.arc.testcases.MyBuildings.LEEDfortransit.CalculateWeightedOccupancyTest -->
