<?xml version="1.0" encoding="UTF-8"?>
<!-- Generated by org.testng.reporters.JUnitReportReporter -->
<testsuite hostname="G10GNLT049" name="com.arc.testcases.MyCities.None.LoginCaseTest" tests="1" failures="0" timestamp="20 Nov 2017 10:09:18 GMT" time="22.861" errors="0">
  <testcase name="loginCase" time="22.861" classname="com.arc.testcases.MyCities.None.LoginCaseTest"/>
</testsuite> <!-- com.arc.testcases.MyCities.None.LoginCaseTest -->
