<?xml version="1.0" encoding="UTF-8"?>
<!-- Generated by org.testng.reporters.JUnitReportReporter -->
<testsuite hostname="G10GNLT041" name="com.arc.testcases.MyBuildings.LEEDfortransit.BaseScoreAttemptTest" tests="1" failures="0" timestamp="14 Nov 2017 06:34:22 GMT" time="261.970" errors="0">
  <testcase name="baseScoreAttempt" time="261.970" classname="com.arc.testcases.MyBuildings.LEEDfortransit.BaseScoreAttemptTest"/>
</testsuite> <!-- com.arc.testcases.MyBuildings.LEEDfortransit.BaseScoreAttemptTest -->
