<?xml version="1.0" encoding="UTF-8"?>
<!-- Generated by org.testng.reporters.JUnitReportReporter -->
<testsuite hostname="group10-PC" name="com.arc.testcases.buildings.AddProject.PaymentbyCCTest" tests="1" failures="0" timestamp="2 Feb 2017 11:20:21 GMT" time="332.292" errors="0">
  <testcase name="paymentbyCCTest" time="332.292" classname="com.arc.testcases.buildings.AddProject.PaymentbyCCTest"/>
</testsuite> <!-- com.arc.testcases.buildings.AddProject.PaymentbyCCTest -->
