<?xml version="1.0" encoding="UTF-8"?>
<!-- Generated by org.testng.reporters.JUnitReportReporter -->
<testsuite hostname="group10-PC" name="com.whc.testcases.NonExistingUserValidationTest" tests="1" failures="0" timestamp="24 Oct 2016 10:46:39 GMT" time="33.501" errors="0">
  <testcase name="clicksaveprogram" time="33.501" classname="com.whc.testcases.NonExistingUserValidationTest"/>
</testsuite> <!-- com.whc.testcases.NonExistingUserValidationTest -->
