<?xml version="1.0" encoding="UTF-8"?>
<!-- Generated by org.testng.reporters.JUnitReportReporter -->
<testsuite hostname="group10-PC" name="com.arc.testcases.transit.AddProject.PaymentbyCCTest" tests="1" failures="0" timestamp="13 Feb 2017 07:10:04 GMT" time="58.923" errors="0">
  <testcase name="paymentbyCCTest" time="58.923" classname="com.arc.testcases.transit.AddProject.PaymentbyCCTest"/>
</testsuite> <!-- com.arc.testcases.transit.AddProject.PaymentbyCCTest -->
