<?xml version="1.0" encoding="UTF-8"?>
<!-- Generated by org.testng.reporters.JUnitReportReporter -->
<testsuite hostname="G10CHLT003" name="com.arc.testcases.buildings.MyBuildings.SearchProgramTest" tests="1" failures="0" timestamp="6 Apr 2017 10:43:42 GMT" time="19.312" errors="0">
  <testcase name="searchProgramTest" time="19.312" classname="com.arc.testcases.buildings.MyBuildings.SearchProgramTest"/>
</testsuite> <!-- com.arc.testcases.buildings.MyBuildings.SearchProgramTest -->
