<?xml version="1.0" encoding="UTF-8"?>
<!-- Generated by org.testng.reporters.JUnitReportReporter -->
<testsuite hostname="G10GNLT041" name="com.arc.testcases.MyBuildings.LEEDfortransit.UnderGroundAddNewProjectTest" tests="1" failures="0" timestamp="14 Nov 2017 07:30:56 GMT" time="55.574" errors="0">
  <testcase name="addNewProject" time="55.574" classname="com.arc.testcases.MyBuildings.LEEDfortransit.UnderGroundAddNewProjectTest"/>
</testsuite> <!-- com.arc.testcases.MyBuildings.LEEDfortransit.UnderGroundAddNewProjectTest -->
