<?xml version="1.0" encoding="UTF-8"?>
<!-- Generated by org.testng.reporters.JUnitReportReporter -->
<testsuite hostname="G10CHLT003" name="com.arc.testcases.MyBuildings.LEED.PrecertificationPayTest" tests="1" failures="0" timestamp="9 Apr 2017 08:02:07 GMT" time="54.414" errors="0">
  <testcase name="precertificationPayTest" time="54.414" classname="com.arc.testcases.MyBuildings.LEED.PrecertificationPayTest"/>
</testsuite> <!-- com.arc.testcases.MyBuildings.LEED.PrecertificationPayTest -->
