<?xml version="1.0" encoding="UTF-8"?>
<!-- Generated by org.testng.reporters.JUnitReportReporter -->
<testsuite hostname="G10CHLT003" name="com.arc.testcases.MyBuildings.LEED.LoginInvaildValuesTest" tests="1" failures="0" timestamp="6 Apr 2017 19:43:29 GMT" time="5.788" errors="0">
  <testcase name="loginInvaildValuesTest" time="5.788" classname="com.arc.testcases.MyBuildings.LEED.LoginInvaildValuesTest"/>
</testsuite> <!-- com.arc.testcases.MyBuildings.LEED.LoginInvaildValuesTest -->
