<?xml version="1.0" encoding="UTF-8"?>
<!-- Generated by org.testng.reporters.JUnitReportReporter -->
<testsuite hostname="group10-PC" name="com.whc.testcases.FillManagementActiveProject" tests="1" failures="0" timestamp="18 Oct 2016 09:24:53 GMT" time="54.154" errors="0">
  <testcase name="addprogram" time="54.154" classname="com.whc.testcases.FillManagementActiveProject"/>
</testsuite> <!-- com.whc.testcases.FillManagementActiveProject -->
