<?xml version="1.0" encoding="UTF-8"?>
<!-- Generated by org.testng.reporters.JUnitReportReporter -->
<testsuite hostname="G10GNLT049" name="com.arc.testcases.MyCities.None.SearchProgramTest" tests="1" failures="0" timestamp="20 Nov 2017 10:09:18 GMT" time="20.961" errors="0">
  <testcase name="searchProgram" time="20.961" classname="com.arc.testcases.MyCities.None.SearchProgramTest"/>
</testsuite> <!-- com.arc.testcases.MyCities.None.SearchProgramTest -->
