<?xml version="1.0" encoding="UTF-8"?>
<!-- Generated by org.testng.reporters.JUnitReportReporter -->
<testsuite hostname="G10GNLT049" name="com.arc.testcases.MyBuildings.Parksmart.BillingDateVerificationTest" tests="1" failures="0" timestamp="24 Nov 2017 16:31:27 GMT" time="38.455" errors="0">
  <testcase name="billingDateVerificationTest" time="38.455" classname="com.arc.testcases.MyBuildings.Parksmart.BillingDateVerificationTest"/>
</testsuite> <!-- com.arc.testcases.MyBuildings.Parksmart.BillingDateVerificationTest -->
