<?xml version="1.0" encoding="UTF-8"?>
<!-- Generated by org.testng.reporters.JUnitReportReporter -->
<testsuite hostname="group10-PC" name="com.whc.testcases.ProgramInfoFieldsVisibilityTest" tests="1" failures="0" timestamp="20 Oct 2016 06:02:07 GMT" time="12.584" errors="0">
  <testcase name="programinfofieldvisibility" time="12.584" classname="com.whc.testcases.ProgramInfoFieldsVisibilityTest"/>
</testsuite> <!-- com.whc.testcases.ProgramInfoFieldsVisibilityTest -->
