<?xml version="1.0" encoding="UTF-8"?>
<!-- Generated by org.testng.reporters.JUnitReportReporter -->
<testsuite hostname="G10CHLT003" name="com.arc.testcases.MyBuildings.Parksmart.VerifyUploadImageTest" tests="1" failures="0" timestamp="10 Apr 2017 18:19:12 GMT" time="36.242" errors="0">
  <testcase name="UploadImageTest" time="36.242" classname="com.arc.testcases.MyBuildings.Parksmart.VerifyUploadImageTest"/>
</testsuite> <!-- com.arc.testcases.MyBuildings.Parksmart.VerifyUploadImageTest -->
