<?xml version="1.0" encoding="UTF-8"?>
<!-- Generated by org.testng.reporters.JUnitReportReporter -->
<testsuite hostname="group10-PC" name="com.arc.testcases.AddProject.AddNewProject" tests="1" failures="0" timestamp="23 Jan 2017 08:54:31 GMT" time="37.053" errors="0">
  <testcase name="login" time="37.053" classname="com.arc.testcases.AddProject.AddNewProject"/>
</testsuite> <!-- com.arc.testcases.AddProject.AddNewProject -->
