<?xml version="1.0" encoding="UTF-8"?>
<!-- Generated by org.testng.reporters.JUnitReportReporter -->
<testsuite hostname="G10GNLT049" name="com.arc.testcases.MyCommunities.LEEDforCommunities.EnergyMeterCreateTest" tests="1" failures="0" timestamp="26 Nov 2017 11:15:33 GMT" time="166.009" errors="0">
  <testcase name="energyMeterCreate" time="166.009" classname="com.arc.testcases.MyCommunities.LEEDforCommunities.EnergyMeterCreateTest"/>
</testsuite> <!-- com.arc.testcases.MyCommunities.LEEDforCommunities.EnergyMeterCreateTest -->
