<?xml version="1.0" encoding="UTF-8"?>
<!-- Generated by org.testng.reporters.JUnitReportReporter -->
<testsuite hostname="group10-PC" name="com.whc.testcases.MakingProjectActivelyManagedTest" tests="1" failures="0" timestamp="24 Oct 2016 06:30:05 GMT" time="38.545" errors="0">
  <testcase name="makingProjectActivelyManaged" time="38.545" classname="com.whc.testcases.MakingProjectActivelyManagedTest"/>
</testsuite> <!-- com.whc.testcases.MakingProjectActivelyManagedTest -->
