<?xml version="1.0" encoding="UTF-8"?>
<!-- Generated by org.testng.reporters.JUnitReportReporter -->
<testsuite hostname="group10-PC" name="com.whc.testcases.AddProgramPayCCTest" tests="1" failures="0" timestamp="24 Oct 2016 10:46:39 GMT" time="82.071" errors="0">
  <testcase name="addprogrampaycc" time="82.071" classname="com.whc.testcases.AddProgramPayCCTest"/>
</testsuite> <!-- com.whc.testcases.AddProgramPayCCTest -->
