<?xml version="1.0" encoding="UTF-8"?>
<!-- Generated by org.testng.reporters.JUnitReportReporter -->
<testsuite hostname="group10-PC" name="com.whc.testcases.FillMonitoringActiveProject" tests="1" failures="0" timestamp="18 Oct 2016 09:24:53 GMT" time="55.340" errors="0">
  <testcase name="addprogram" time="55.340" classname="com.whc.testcases.FillMonitoringActiveProject"/>
</testsuite> <!-- com.whc.testcases.FillMonitoringActiveProject -->
