<?xml version="1.0" encoding="UTF-8"?>
<!-- Generated by org.testng.reporters.JUnitReportReporter -->
<testsuite hostname="group10-PC" name="com.arc.testcases.cities.Manage.InstallAllAppsTest" tests="1" failures="0" timestamp="2 Feb 2017 07:17:33 GMT" time="31.669" errors="0">
  <testcase name="installAllAppsTest" time="31.669" classname="com.arc.testcases.cities.Manage.InstallAllAppsTest"/>
</testsuite> <!-- com.arc.testcases.cities.Manage.InstallAllAppsTest -->
