<?xml version="1.0" encoding="UTF-8"?>
<!-- Generated by org.testng.reporters.JUnitReportReporter -->
<testsuite hostname="G10CHLT003" name="com.arc.testcases.MyBuildings.Other.AddNewProjectTest" tests="1" failures="0" timestamp="7 Dec 2017 03:02:45 GMT" time="107.446" errors="0">
  <testcase name="addNewProject" time="107.446" classname="com.arc.testcases.MyBuildings.Other.AddNewProjectTest"/>
</testsuite> <!-- com.arc.testcases.MyBuildings.Other.AddNewProjectTest -->
