<?xml version="1.0" encoding="UTF-8"?>
<!-- Generated by org.testng.reporters.JUnitReportReporter -->
<testsuite hostname="group10-PC" name="com.arc.testcases.parking.LoginCaseTest" tests="1" failures="0" timestamp="10 Mar 2017 07:25:30 GMT" time="33.788" errors="0">
  <testcase name="loginCaseTest" time="33.788" classname="com.arc.testcases.parking.LoginCaseTest"/>
</testsuite> <!-- com.arc.testcases.parking.LoginCaseTest -->
