<?xml version="1.0" encoding="UTF-8"?>
<!-- Generated by org.testng.reporters.JUnitReportReporter -->
<testsuite hostname="G10GNLT041" name="com.arc.testcases.MyBuildings.LEEDfortransit.CTotalAnalyticsTest" tests="1" failures="0" timestamp="14 Nov 2017 07:13:05 GMT" time="37.544" errors="0">
  <testcase name="carbonTotal" time="37.544" classname="com.arc.testcases.MyBuildings.LEEDfortransit.CTotalAnalyticsTest"/>
</testsuite> <!-- com.arc.testcases.MyBuildings.LEEDfortransit.CTotalAnalyticsTest -->
