<?xml version="1.0" encoding="UTF-8"?>
<!-- Generated by org.testng.reporters.JUnitReportReporter -->
<testsuite hostname="G10GNLT041" name="com.arc.testcases.MyBuildings.LEEDfortransit.AddTeamMemberTest" tests="1" failures="0" timestamp="14 Nov 2017 07:00:50 GMT" time="47.325" errors="0">
  <testcase name="addTeamMember" time="47.325" classname="com.arc.testcases.MyBuildings.LEEDfortransit.AddTeamMemberTest"/>
</testsuite> <!-- com.arc.testcases.MyBuildings.LEEDfortransit.AddTeamMemberTest -->
