<?xml version="1.0" encoding="UTF-8"?>
<!-- Generated by org.testng.reporters.JUnitReportReporter -->
<testsuite hostname="group10-PC" name="com.arc.testcases.Prerequisites.PrerequisitesAttempt" tests="1" failures="0" timestamp="23 Jan 2017 09:01:22 GMT" time="116.544" errors="0">
  <testcase name="login" time="116.544" classname="com.arc.testcases.Prerequisites.PrerequisitesAttempt"/>
</testsuite> <!-- com.arc.testcases.Prerequisites.PrerequisitesAttempt -->
