<?xml version="1.0" encoding="UTF-8"?>
<!-- Generated by org.testng.reporters.JUnitReportReporter -->
<testsuite hostname="G10GNLT049" name="com.arc.testcases.MyCities.LEEDforCities.ProjectFieldVerificationTest" tests="1" failures="0" timestamp="20 Nov 2017 07:52:51 GMT" time="34.470" errors="0">
  <testcase name="projectFieldVerification" time="34.470" classname="com.arc.testcases.MyCities.LEEDforCities.ProjectFieldVerificationTest"/>
</testsuite> <!-- com.arc.testcases.MyCities.LEEDforCities.ProjectFieldVerificationTest -->
