<?xml version="1.0" encoding="UTF-8"?>
<!-- Generated by org.testng.reporters.JUnitReportReporter -->
<testsuite hostname="G10GNLT041" name="com.arc.testcases.MyBuildings.LEEDfortransit.PrerequisitesAttemptTest" tests="1" failures="0" timestamp="14 Nov 2017 06:34:22 GMT" time="140.523" errors="0">
  <testcase name="prerequisitesAttempt" time="140.523" classname="com.arc.testcases.MyBuildings.LEEDfortransit.PrerequisitesAttemptTest"/>
</testsuite> <!-- com.arc.testcases.MyBuildings.LEEDfortransit.PrerequisitesAttemptTest -->
