<?xml version="1.0" encoding="UTF-8"?>
<!-- Generated by org.testng.reporters.JUnitReportReporter -->
<testsuite hostname="G10GNLT049" name="com.arc.testcases.MyBuildings.Parksmart.AllTechnologyandStructureDesignTest" tests="1" failures="0" timestamp="24 Nov 2017 16:31:27 GMT" time="193.426" errors="0">
  <testcase name="managementTotalPointTest" time="193.426" classname="com.arc.testcases.MyBuildings.Parksmart.AllTechnologyandStructureDesignTest"/>
</testsuite> <!-- com.arc.testcases.MyBuildings.Parksmart.AllTechnologyandStructureDesignTest -->
