<?xml version="1.0" encoding="UTF-8"?>
<!-- Generated by org.testng.reporters.JUnitReportReporter -->
<testsuite hostname="G10GNLT049" name="com.arc.testcases.MyBuildings.Parksmart.AllMeasuresFileUploadTest" tests="1" failures="0" timestamp="24 Nov 2017 16:31:27 GMT" time="766.878" errors="0">
  <testcase name="allMeasuresFileUploadTest" time="766.878" classname="com.arc.testcases.MyBuildings.Parksmart.AllMeasuresFileUploadTest"/>
</testsuite> <!-- com.arc.testcases.MyBuildings.Parksmart.AllMeasuresFileUploadTest -->
