<?xml version="1.0" encoding="UTF-8"?>
<!-- Generated by org.testng.reporters.JUnitReportReporter -->
<testsuite hostname="G10GNLT049" name="com.arc.testcases.MyBuildings.None.WaterMeterCreateTest" tests="1" failures="0" timestamp="20 Nov 2017 05:48:19 GMT" time="79.697" errors="0">
  <testcase name="waterMeterCreate" time="79.697" classname="com.arc.testcases.MyBuildings.None.WaterMeterCreateTest"/>
</testsuite> <!-- com.arc.testcases.MyBuildings.None.WaterMeterCreateTest -->
