<?xml version="1.0" encoding="UTF-8"?>
<!-- Generated by org.testng.reporters.JUnitReportReporter -->
<testsuite hostname="group10-PC" name="com.arc.testcases.Login.LoginInvaildValuesTest" tests="1" failures="0" timestamp="31 Jan 2017 07:29:33 GMT" time="35.550" errors="0">
  <testcase name="loginInvaildValuesTest" time="35.550" classname="com.arc.testcases.Login.LoginInvaildValuesTest"/>
</testsuite> <!-- com.arc.testcases.Login.LoginInvaildValuesTest -->
