<?xml version="1.0" encoding="UTF-8"?>
<!-- Generated by org.testng.reporters.JUnitReportReporter -->
<testsuite hostname="group10-PC" name="com.whc.testcases.MakingProjectActivelyManaged" tests="1" failures="0" timestamp="18 Oct 2016 09:24:53 GMT" time="26.832" errors="0">
  <testcase name="addprogram" time="26.832" classname="com.whc.testcases.MakingProjectActivelyManaged"/>
</testsuite> <!-- com.whc.testcases.MakingProjectActivelyManaged -->
