<?xml version="1.0" encoding="UTF-8"?>
<!-- Generated by org.testng.reporters.JUnitReportReporter -->
<testsuite hostname="G10CHLT003" name="com.arc.testcases.MyBuildings.Portfolios.ManageCarbonGoalTotalTest" tests="1" failures="0" timestamp="5 Dec 2017 19:22:25 GMT" time="54.891" errors="0">
  <testcase name="goalCarbon" time="54.891" classname="com.arc.testcases.MyBuildings.Portfolios.ManageCarbonGoalTotalTest"/>
</testsuite> <!-- com.arc.testcases.MyBuildings.Portfolios.ManageCarbonGoalTotalTest -->
