<?xml version="1.0" encoding="UTF-8"?>
<!-- Generated by org.testng.reporters.JUnitReportReporter -->
<testsuite hostname="group10-PC" name="com.arc.testcases.buildings.BaseScore.BaseScoreAttemptTest" tests="1" failures="0" timestamp="2 Feb 2017 08:54:21 GMT" time="166.920" errors="0">
  <testcase name="baseScoreAttemptTest" time="166.920" classname="com.arc.testcases.buildings.BaseScore.BaseScoreAttemptTest"/>
</testsuite> <!-- com.arc.testcases.buildings.BaseScore.BaseScoreAttemptTest -->
