<?xml version="1.0" encoding="UTF-8"?>
<!-- Generated by org.testng.reporters.JUnitReportReporter -->
<testsuite hostname="G10GNLT049" name="com.arc.testcases.MyCommunities.Other.EditProjectDetailsTest" tests="1" failures="0" timestamp="20 Nov 2017 12:56:23 GMT" time="52.247" errors="0">
  <testcase name="editProjectDetails" time="52.247" classname="com.arc.testcases.MyCommunities.Other.EditProjectDetailsTest"/>
</testsuite> <!-- com.arc.testcases.MyCommunities.Other.EditProjectDetailsTest -->
