<?xml version="1.0" encoding="UTF-8"?>
<!-- Generated by org.testng.reporters.JUnitReportReporter -->
<testsuite hostname="group10-PC" name="com.arc.testcases.communities.PreCertification.PrecertificationPayTest" tests="1" failures="0" timestamp="8 Feb 2017 16:05:56 GMT" time="72.430" errors="0">
  <testcase name="precertificationPayTest" time="72.430" classname="com.arc.testcases.communities.PreCertification.PrecertificationPayTest"/>
</testsuite> <!-- com.arc.testcases.communities.PreCertification.PrecertificationPayTest -->
