<?xml version="1.0" encoding="UTF-8"?>
<!-- Generated by org.testng.reporters.JUnitReportReporter -->
<testsuite hostname="group10-PC" name="com.whc.testcases.AddUserOrgLevelTest" tests="1" failures="0" timestamp="3 Nov 2016 11:48:09 GMT" time="40.584" errors="0">
  <testcase name="addUserOrgLevelTest" time="40.584" classname="com.whc.testcases.AddUserOrgLevelTest"/>
</testsuite> <!-- com.whc.testcases.AddUserOrgLevelTest -->
