<?xml version="1.0" encoding="UTF-8"?>
<!-- Generated by org.testng.reporters.JUnitReportReporter -->
<testsuite hostname="G10CHLT003" name="com.arc.testcases.MyBuildings.Other.EditProjectDetailsTest" tests="1" failures="0" timestamp="9 Apr 2017 17:07:38 GMT" time="39.430" errors="0">
  <testcase name="editProjectDetailsTest" time="39.430" classname="com.arc.testcases.MyBuildings.Other.EditProjectDetailsTest"/>
</testsuite> <!-- com.arc.testcases.MyBuildings.Other.EditProjectDetailsTest -->
