<?xml version="1.0" encoding="UTF-8"?>
<!-- Generated by org.testng.reporters.JUnitReportReporter -->
<testsuite hostname="group10-PC" name="com.whc.testcases.LoginCaseTest" tests="1" failures="0" timestamp="25 Oct 2016 10:45:15 GMT" time="15.933" errors="0">
  <testcase name="login" time="15.933" classname="com.whc.testcases.LoginCaseTest"/>
</testsuite> <!-- com.whc.testcases.LoginCaseTest -->
