<?xml version="1.0" encoding="UTF-8"?>
<!-- Generated by org.testng.reporters.JUnitReportReporter -->
<testsuite hostname="G10GNLT049" name="com.arc.testcases.MyCities.None.VerifyAgreementFileDownloadTest" tests="1" failures="0" timestamp="20 Nov 2017 10:09:18 GMT" time="48.564" errors="0">
  <testcase name="verifyAgreementFileDownload" time="48.564" classname="com.arc.testcases.MyCities.None.VerifyAgreementFileDownloadTest"/>
</testsuite> <!-- com.arc.testcases.MyCities.None.VerifyAgreementFileDownloadTest -->
