<?xml version="1.0" encoding="UTF-8"?>
<!-- Generated by org.testng.reporters.JUnitReportReporter -->
<testsuite hostname="G10GNLT049" name="com.arc.testcases.MyCities.None.EditProjectDetailsTest" tests="1" failures="0" timestamp="20 Nov 2017 10:09:18 GMT" time="45.206" errors="0">
  <testcase name="editProjectDetails" time="45.206" classname="com.arc.testcases.MyCities.None.EditProjectDetailsTest"/>
</testsuite> <!-- com.arc.testcases.MyCities.None.EditProjectDetailsTest -->
