<?xml version="1.0" encoding="UTF-8"?>
<!-- Generated by org.testng.reporters.JUnitReportReporter -->
<testsuite hostname="G10GNLT041" name="com.arc.testcases.MyBuildings.LEEDfortransit.PreCertReviewTest" tests="1" failures="0" timestamp="14 Nov 2017 07:30:56 GMT" time="80.046" errors="0">
  <testcase name="PreCertReview" time="80.046" classname="com.arc.testcases.MyBuildings.LEEDfortransit.PreCertReviewTest"/>
</testsuite> <!-- com.arc.testcases.MyBuildings.LEEDfortransit.PreCertReviewTest -->
