<?xml version="1.0" encoding="UTF-8"?>
<!-- Generated by org.testng.reporters.JUnitReportReporter -->
<testsuite hostname="G10CHLT003" name="com.arc.testcases.MyBuildings.None.AddNewProjectTest" tests="1" failures="0" timestamp="6 Dec 2017 04:18:36 GMT" time="69.836" errors="0">
  <testcase name="addNewProject" time="69.836" classname="com.arc.testcases.MyBuildings.None.AddNewProjectTest"/>
</testsuite> <!-- com.arc.testcases.MyBuildings.None.AddNewProjectTest -->
