<?xml version="1.0" encoding="UTF-8"?>
<!-- Generated by org.testng.reporters.JUnitReportReporter -->
<testsuite hostname="G10GNLT049" name="com.arc.testcases.MyCommunities.Other.EditMemberRoleManagerTest" tests="1" failures="0" timestamp="20 Nov 2017 12:56:23 GMT" time="57.806" errors="0">
  <testcase name="editMemberRoleManager" time="57.806" classname="com.arc.testcases.MyCommunities.Other.EditMemberRoleManagerTest"/>
</testsuite> <!-- com.arc.testcases.MyCommunities.Other.EditMemberRoleManagerTest -->
