<?xml version="1.0" encoding="UTF-8"?>
<!-- Generated by org.testng.reporters.JUnitReportReporter -->
<testsuite hostname="group10-PC" name="com.arc.testcases.buildings.DataInput.WasteMeterEditReadingTest" tests="1" failures="0" timestamp="16 Feb 2017 05:04:14 GMT" time="43.857" errors="0">
  <testcase name="wasteMeterEditReadingTest" time="43.857" classname="com.arc.testcases.buildings.DataInput.WasteMeterEditReadingTest"/>
</testsuite> <!-- com.arc.testcases.buildings.DataInput.WasteMeterEditReadingTest -->
