<?xml version="1.0" encoding="UTF-8"?>
<!-- Generated by org.testng.reporters.JUnitReportReporter -->
<testsuite hostname="group10-PC" name="com.arc.testcases.cities.ClickSearchedProgramTest" tests="1" failures="0" timestamp="2 Mar 2017 08:57:19 GMT" time="18.592" errors="0">
  <testcase name="clickSearchedProgramTest" time="18.592" classname="com.arc.testcases.cities.ClickSearchedProgramTest"/>
</testsuite> <!-- com.arc.testcases.cities.ClickSearchedProgramTest -->
