<?xml version="1.0" encoding="UTF-8"?>
<!-- Generated by org.testng.reporters.JUnitReportReporter -->
<testsuite hostname="G10CHLT003" name="com.arc.testcases.buildings.MyBuildings.PaymentbyCCTest" tests="1" failures="0" timestamp="6 Apr 2017 11:44:00 GMT" time="144.054" errors="0">
  <testcase name="paymentbyCCTest" time="144.054" classname="com.arc.testcases.buildings.MyBuildings.PaymentbyCCTest"/>
</testsuite> <!-- com.arc.testcases.buildings.MyBuildings.PaymentbyCCTest -->
