<?xml version="1.0" encoding="UTF-8"?>
<!-- Generated by org.testng.reporters.JUnitReportReporter -->
<testsuite hostname="G10CHLT003" name="com.arc.testcases.MyBuildings.Parksmart.AddNewProjectTest" tests="1" failures="0" timestamp="7 Dec 2017 02:55:34 GMT" time="90.523" errors="0">
  <testcase name="addNewProjectTest" time="90.523" classname="com.arc.testcases.MyBuildings.Parksmart.AddNewProjectTest"/>
</testsuite> <!-- com.arc.testcases.MyBuildings.Parksmart.AddNewProjectTest -->
