<?xml version="1.0" encoding="UTF-8"?>
<!-- Generated by org.testng.reporters.JUnitReportReporter -->
<testsuite hostname="G10GNLT049" name="com.arc.testcases.MyCities.None.WasteGenerationMeterCreateTest" tests="1" failures="0" timestamp="26 Nov 2017 09:19:26 GMT" time="100.094" errors="0">
  <testcase name="wasteMeterCreate" time="100.094" classname="com.arc.testcases.MyCities.None.WasteGenerationMeterCreateTest"/>
</testsuite> <!-- com.arc.testcases.MyCities.None.WasteGenerationMeterCreateTest -->
