<?xml version="1.0" encoding="UTF-8"?>
<!-- Generated by org.testng.reporters.JUnitReportReporter -->
<testsuite hostname="G10CHLT003" name="com.arc.testcases.communities.AddNewProjectTest" tests="1" failures="0" timestamp="6 Apr 2017 16:10:05 GMT" time="33.519" errors="0">
  <testcase name="addNewProjectTest" time="33.519" classname="com.arc.testcases.communities.AddNewProjectTest"/>
</testsuite> <!-- com.arc.testcases.communities.AddNewProjectTest -->
