<?xml version="1.0" encoding="UTF-8"?>
<!-- Generated by org.testng.reporters.JUnitReportReporter -->
<testsuite hostname="G10GNLT049" name="com.arc.testcases.MyCommunities.Other.AddTeamMemberTest" tests="1" failures="0" timestamp="20 Nov 2017 12:56:23 GMT" time="48.182" errors="0">
  <testcase name="addTeamMember" time="48.182" classname="com.arc.testcases.MyCommunities.Other.AddTeamMemberTest"/>
</testsuite> <!-- com.arc.testcases.MyCommunities.Other.AddTeamMemberTest -->
