<?xml version="1.0" encoding="UTF-8"?>
<!-- Generated by org.testng.reporters.JUnitReportReporter -->
<testsuite hostname="G10CHLT003" name="com.arc.testcases.MyBuildings.LEED.ReviewPageTest" tests="1" failures="0" timestamp="27 Oct 2017 01:12:13 GMT" time="95.145" errors="0">
  <testcase name="waterFileUploadTest" time="95.145" classname="com.arc.testcases.MyBuildings.LEED.ReviewPageTest"/>
</testsuite> <!-- com.arc.testcases.MyBuildings.LEED.ReviewPageTest -->
