<?xml version="1.0" encoding="UTF-8"?>
<!-- Generated by org.testng.reporters.JUnitReportReporter -->
<testsuite hostname="G10CHLT003" name="com.arc.testcases.cities.AddNewProjectTest" tests="1" failures="0" timestamp="6 Apr 2017 16:06:02 GMT" time="35.355" errors="0">
  <testcase name="addNewProjectTest" time="35.355" classname="com.arc.testcases.cities.AddNewProjectTest"/>
</testsuite> <!-- com.arc.testcases.cities.AddNewProjectTest -->
