<?xml version="1.0" encoding="UTF-8"?>
<!-- Generated by org.testng.reporters.JUnitReportReporter -->
<testsuite hostname="G10GNLT049" name="com.arc.testcases.MyBuildings.Parksmart.ProjectDetailsDisplayTest" tests="1" failures="0" timestamp="24 Nov 2017 16:56:20 GMT" time="42.063" errors="0">
  <testcase name="projectDetails" time="42.063" classname="com.arc.testcases.MyBuildings.Parksmart.ProjectDetailsDisplayTest"/>
</testsuite> <!-- com.arc.testcases.MyBuildings.Parksmart.ProjectDetailsDisplayTest -->
