<?xml version="1.0" encoding="UTF-8"?>
<!-- Generated by org.testng.reporters.JUnitReportReporter -->
<testsuite hostname="G10GNLT049" name="com.arc.testcases.MyBuildings.Other.VerifyAgreementFileDownloadTest" tests="1" failures="0" timestamp="20 Nov 2017 07:00:45 GMT" time="45.494" errors="0">
  <testcase name="verifyAgreementFileDownload" time="45.494" classname="com.arc.testcases.MyBuildings.Other.VerifyAgreementFileDownloadTest"/>
</testsuite> <!-- com.arc.testcases.MyBuildings.Other.VerifyAgreementFileDownloadTest -->
