<?xml version="1.0" encoding="UTF-8"?>
<!-- Generated by org.testng.reporters.JUnitReportReporter -->
<testsuite hostname="G10GNLT049" name="com.arc.testcases.MyCities.None.VerifyCertificationStatusTest" tests="1" failures="0" timestamp="20 Nov 2017 10:09:18 GMT" time="41.927" errors="0">
  <testcase name="verifyCertificationStatus" time="41.927" classname="com.arc.testcases.MyCities.None.VerifyCertificationStatusTest"/>
</testsuite> <!-- com.arc.testcases.MyCities.None.VerifyCertificationStatusTest -->
