<?xml version="1.0" encoding="UTF-8"?>
<!-- Generated by org.testng.reporters.JUnitReportReporter -->
<testsuite hostname="G10GNLT049" name="com.arc.testcases.MyBuildings.Parksmart.ParkingImageUploadTest" tests="1" failures="0" timestamp="24 Nov 2017 16:31:27 GMT" time="56.609" errors="0">
  <testcase name="projectDetails" time="56.609" classname="com.arc.testcases.MyBuildings.Parksmart.ParkingImageUploadTest"/>
</testsuite> <!-- com.arc.testcases.MyBuildings.Parksmart.ParkingImageUploadTest -->
