<?xml version="1.0" encoding="UTF-8"?>
<!-- Generated by org.testng.reporters.JUnitReportReporter -->
<testsuite hostname="group10-PC" name="com.arc.testcases.transit.AddNewProjectTest" tests="1" failures="0" timestamp="7 Mar 2017 06:21:20 GMT" time="34.459" errors="0">
  <testcase name="addNewProjectTest" time="34.459" classname="com.arc.testcases.transit.AddNewProjectTest"/>
</testsuite> <!-- com.arc.testcases.transit.AddNewProjectTest -->
