<?xml version="1.0" encoding="UTF-8"?>
<!-- Generated by org.testng.reporters.JUnitReportReporter -->
<testsuite hostname="group10-PC" name="com.arc.testcases.buildings.PreCertification.PrecertificationPayTest" tests="1" failures="0" timestamp="2 Feb 2017 08:54:21 GMT" time="52.094" errors="0">
  <testcase name="precertificationPayTest" time="52.094" classname="com.arc.testcases.buildings.PreCertification.PrecertificationPayTest"/>
</testsuite> <!-- com.arc.testcases.buildings.PreCertification.PrecertificationPayTest -->
