<?xml version="1.0" encoding="UTF-8"?>
<!-- Generated by org.testng.reporters.JUnitReportReporter -->
<testsuite hostname="G10GNLT049" name="com.arc.testcases.MyBuildings.Other.BillingDateVerificationTest" tests="1" failures="0" timestamp="20 Nov 2017 07:00:44 GMT" time="34.228" errors="0">
  <testcase name="billingDateVerification" time="34.228" classname="com.arc.testcases.MyBuildings.Other.BillingDateVerificationTest"/>
</testsuite> <!-- com.arc.testcases.MyBuildings.Other.BillingDateVerificationTest -->
