<?xml version="1.0" encoding="UTF-8"?>
<!-- Generated by org.testng.reporters.JUnitReportReporter -->
<testsuite hostname="G10GNLT049" name="com.arc.testcases.MyCities.LEEDforCities.ProjectDetailsVerificationTest" tests="1" failures="0" timestamp="20 Nov 2017 09:25:50 GMT" time="40.512" errors="0">
  <testcase name="projectDetailsVerification" time="40.512" classname="com.arc.testcases.MyCities.LEEDforCities.ProjectDetailsVerificationTest"/>
</testsuite> <!-- com.arc.testcases.MyCities.LEEDforCities.ProjectDetailsVerificationTest -->
