<?xml version="1.0" encoding="UTF-8"?>
<!-- Generated by org.testng.reporters.JUnitReportReporter -->
<testsuite hostname="group10-PC" name="com.arc.testcases.communities.Manage.InstallAllAppsTest" tests="1" failures="0" timestamp="3 Feb 2017 04:40:04 GMT" time="31.985" errors="0">
  <testcase name="installAllAppsTest" time="31.985" classname="com.arc.testcases.communities.Manage.InstallAllAppsTest"/>
</testsuite> <!-- com.arc.testcases.communities.Manage.InstallAllAppsTest -->
