<?xml version="1.0" encoding="UTF-8"?>
<!-- Generated by org.testng.reporters.JUnitReportReporter -->
<testsuite hostname="group10-PC" name="com.arc.testcases.Manage.ProjectDetailsVerification" tests="1" failures="0" timestamp="24 Jan 2017 06:54:42 GMT" time="31.900" errors="0">
  <testcase name="login" time="31.900" classname="com.arc.testcases.Manage.ProjectDetailsVerification"/>
</testsuite> <!-- com.arc.testcases.Manage.ProjectDetailsVerification -->
