<?xml version="1.0" encoding="UTF-8"?>
<!-- Generated by org.testng.reporters.JUnitReportReporter -->
<testsuite hostname="group10-PC" name="com.arc.testcases.cities.AddProject.AddNewProjectTest" tests="1" failures="0" timestamp="2 Feb 2017 09:51:29 GMT" time="37.826" errors="0">
  <testcase name="addNewProjectTest" time="37.826" classname="com.arc.testcases.cities.AddProject.AddNewProjectTest"/>
</testsuite> <!-- com.arc.testcases.cities.AddProject.AddNewProjectTest -->
