<?xml version="1.0" encoding="UTF-8"?>
<!-- Generated by org.testng.reporters.JUnitReportReporter -->
<testsuite hostname="G10CHLT003" name="com.arc.testcases.buildings.LoginInvaildValuesTest" tests="1" failures="0" timestamp="6 Apr 2017 06:20:18 GMT" time="7.604" errors="0">
  <testcase name="loginInvaildValuesTest" time="7.604" classname="com.arc.testcases.buildings.LoginInvaildValuesTest"/>
</testsuite> <!-- com.arc.testcases.buildings.LoginInvaildValuesTest -->
