<?xml version="1.0" encoding="UTF-8"?>
<!-- Generated by org.testng.reporters.JUnitReportReporter -->
<testsuite hostname="G10GNLT041" name="com.arc.testcases.MyBuildings.LEEDfortransit.WaterFileUploadTest" tests="1" failures="0" timestamp="14 Nov 2017 06:46:12 GMT" time="89.952" errors="0">
  <testcase name="waterFileUpload" time="89.952" classname="com.arc.testcases.MyBuildings.LEEDfortransit.WaterFileUploadTest"/>
</testsuite> <!-- com.arc.testcases.MyBuildings.LEEDfortransit.WaterFileUploadTest -->
