<?xml version="1.0" encoding="UTF-8"?>
<!-- Generated by org.testng.reporters.JUnitReportReporter -->
<testsuite hostname="group10-PC" name="com.whc.testcases.ValidatePaymentStatusList" tests="1" failures="0" timestamp="18 Oct 2016 09:52:46 GMT" time="13.939" errors="0">
  <testcase name="addprogram" time="13.939" classname="com.whc.testcases.ValidatePaymentStatusList"/>
</testsuite> <!-- com.whc.testcases.ValidatePaymentStatusList -->
