<?xml version="1.0" encoding="UTF-8"?>
<!-- Generated by org.testng.reporters.JUnitReportReporter -->
<testsuite hostname="group10-PC" name="com.arc.testcases.transit.Manage.AddTeamMemberTest" tests="1" failures="0" timestamp="13 Feb 2017 07:10:04 GMT" time="29.418" errors="0">
  <testcase name="addTeamMemberTest" time="29.418" classname="com.arc.testcases.transit.Manage.AddTeamMemberTest"/>
</testsuite> <!-- com.arc.testcases.transit.Manage.AddTeamMemberTest -->
