<?xml version="1.0" encoding="UTF-8"?>
<!-- Generated by org.testng.reporters.JUnitReportReporter -->
<testsuite hostname="group10-PC" name="com.arc.testcases.parking.ProjectFieldVerificationTest" tests="1" failures="0" timestamp="8 Mar 2017 10:27:35 GMT" time="24.427" errors="0">
  <testcase name="projectFieldVerificationTest" time="24.427" classname="com.arc.testcases.parking.ProjectFieldVerificationTest"/>
</testsuite> <!-- com.arc.testcases.parking.ProjectFieldVerificationTest -->
