<?xml version="1.0" encoding="UTF-8"?>
<!-- Generated by org.testng.reporters.JUnitReportReporter -->
<testsuite hostname="group10-PC" name="com.arc.testcases.parking.BillingStatusVerificationTest" tests="1" failures="0" timestamp="8 Mar 2017 10:27:35 GMT" time="24.042" errors="0">
  <testcase name="billingStatusVerificationTest" time="24.042" classname="com.arc.testcases.parking.BillingStatusVerificationTest"/>
</testsuite> <!-- com.arc.testcases.parking.BillingStatusVerificationTest -->
