<?xml version="1.0" encoding="UTF-8"?>
<!-- Generated by org.testng.reporters.JUnitReportReporter -->
<testsuite hostname="group10-PC" name="com.arc.testcases.cities.SearchProgramTest" tests="1" failures="0" timestamp="2 Mar 2017 08:57:19 GMT" time="13.175" errors="0">
  <testcase name="searchProgramTest" time="13.175" classname="com.arc.testcases.cities.SearchProgramTest"/>
</testsuite> <!-- com.arc.testcases.cities.SearchProgramTest -->
