<?xml version="1.0" encoding="UTF-8"?>
<!-- Generated by org.testng.reporters.JUnitReportReporter -->
<testsuite hostname="group10-PC" name="com.arc.testcases.communities.Manage.BillingStatusVerificationTest" tests="1" failures="0" timestamp="2 Feb 2017 08:37:52 GMT" time="25.801" errors="0">
  <testcase name="billingStatusVerificationTest" time="25.801" classname="com.arc.testcases.communities.Manage.BillingStatusVerificationTest"/>
</testsuite> <!-- com.arc.testcases.communities.Manage.BillingStatusVerificationTest -->
