<?xml version="1.0" encoding="UTF-8"?>
<!-- Generated by org.testng.reporters.JUnitReportReporter -->
<testsuite hostname="G10GNLT049" name="com.arc.testcases.MyBuildings.Other.EnergyFileUploadTest" tests="1" failures="0" timestamp="20 Nov 2017 07:00:44 GMT" time="70.938" errors="0">
  <testcase name="energyFileUpload" time="70.938" classname="com.arc.testcases.MyBuildings.Other.EnergyFileUploadTest"/>
</testsuite> <!-- com.arc.testcases.MyBuildings.Other.EnergyFileUploadTest -->
