<?xml version="1.0" encoding="UTF-8"?>
<!-- Generated by org.testng.reporters.JUnitReportReporter -->
<testsuite hostname="G10CHLT003" name="com.arc.testcases.MyBuildings.Parksmart.AddNewProjectINDTest" tests="1" failures="0" timestamp="10 Apr 2017 09:05:25 GMT" time="80.416" errors="0">
  <testcase name="addNewProjectTest" time="80.416" classname="com.arc.testcases.MyBuildings.Parksmart.AddNewProjectINDTest"/>
</testsuite> <!-- com.arc.testcases.MyBuildings.Parksmart.AddNewProjectINDTest -->
