<?xml version="1.0" encoding="UTF-8"?>
<!-- Generated by org.testng.reporters.JUnitReportReporter -->
<testsuite hostname="group10-PC" name="com.arc.testcases.cities.LoginInvaildValuesTest" tests="1" failures="0" timestamp="2 Mar 2017 08:57:19 GMT" time="4.721" errors="0">
  <testcase name="loginInvaildValuesTest" time="4.721" classname="com.arc.testcases.cities.LoginInvaildValuesTest"/>
</testsuite> <!-- com.arc.testcases.cities.LoginInvaildValuesTest -->
