<?xml version="1.0" encoding="UTF-8"?>
<!-- Generated by org.testng.reporters.JUnitReportReporter -->
<testsuite hostname="group10-PC" name="com.arc.testcases.cities.Manage.BillingStatusVerificationTest" tests="1" failures="0" timestamp="2 Feb 2017 07:17:33 GMT" time="29.087" errors="0">
  <testcase name="billingStatusVerificationTest" time="29.087" classname="com.arc.testcases.cities.Manage.BillingStatusVerificationTest"/>
</testsuite> <!-- com.arc.testcases.cities.Manage.BillingStatusVerificationTest -->
