<?xml version="1.0" encoding="UTF-8"?>
<!-- Generated by org.testng.reporters.JUnitReportReporter -->
<testsuite hostname="group10-PC" name="com.arc.testcases.cities.Manage.BillingDateVerificationTest" tests="1" failures="0" timestamp="2 Feb 2017 07:17:33 GMT" time="27.994" errors="0">
  <testcase name="billingDateVerificationTest" time="27.994" classname="com.arc.testcases.cities.Manage.BillingDateVerificationTest"/>
</testsuite> <!-- com.arc.testcases.cities.Manage.BillingDateVerificationTest -->
