<?xml version="1.0" encoding="UTF-8"?>
<!-- Generated by org.testng.reporters.JUnitReportReporter -->
<testsuite hostname="G10CHLT003" name="com.arc.testcases.MyBuildings.LEED.WasteFillReadingTest" tests="1" failures="0" timestamp="8 Apr 2017 13:42:54 GMT" time="48.138" errors="0">
  <testcase name="wasteMeterCreateTest" time="48.138" classname="com.arc.testcases.MyBuildings.LEED.WasteFillReadingTest"/>
</testsuite> <!-- com.arc.testcases.MyBuildings.LEED.WasteFillReadingTest -->
