<?xml version="1.0" encoding="UTF-8"?>
<!-- Generated by org.testng.reporters.JUnitReportReporter -->
<testsuite hostname="G10CHLT003" name="com.arc.testcases.MyBuildings.Parksmart.ProjectFieldVerificationTest" tests="1" failures="0" timestamp="10 Apr 2017 10:38:25 GMT" time="70.300" errors="0">
  <testcase name="projectFieldVerificationTest" time="70.300" classname="com.arc.testcases.MyBuildings.Parksmart.ProjectFieldVerificationTest"/>
</testsuite> <!-- com.arc.testcases.MyBuildings.Parksmart.ProjectFieldVerificationTest -->
