<?xml version="1.0" encoding="UTF-8"?>
<!-- Generated by org.testng.reporters.JUnitReportReporter -->
<testsuite hostname="G10GNLT049" name="com.arc.testcases.MyBuildings.None.PerformanceScoreVerificationReviewTest" tests="1" failures="0" timestamp="20 Nov 2017 05:48:19 GMT" time="72.480" errors="0">
  <testcase name="PerformanceScoreVerificationReview" time="72.480" classname="com.arc.testcases.MyBuildings.None.PerformanceScoreVerificationReviewTest"/>
</testsuite> <!-- com.arc.testcases.MyBuildings.None.PerformanceScoreVerificationReviewTest -->
