<?xml version="1.0" encoding="UTF-8"?>
<!-- Generated by org.testng.reporters.JUnitReportReporter -->
<testsuite hostname="G10GNLT049" name="com.arc.testcases.MyCities.Other.WaterMeterCreateTest" tests="1" failures="0" timestamp="26 Nov 2017 09:19:26 GMT" time="171.051" errors="0">
  <testcase name="waterMeterCreate" time="171.051" classname="com.arc.testcases.MyCities.Other.WaterMeterCreateTest"/>
</testsuite> <!-- com.arc.testcases.MyCities.Other.WaterMeterCreateTest -->
