<?xml version="1.0" encoding="UTF-8"?>
<!-- Generated by org.testng.reporters.JUnitReportReporter -->
<testsuite hostname="G10GNLT049" name="com.arc.testcases.MyBuildings.Parksmart.BillingStatusVerificationTest" tests="1" failures="0" timestamp="24 Nov 2017 16:31:27 GMT" time="42.449" errors="0">
  <testcase name="billingStatusVerificationTest" time="42.449" classname="com.arc.testcases.MyBuildings.Parksmart.BillingStatusVerificationTest"/>
</testsuite> <!-- com.arc.testcases.MyBuildings.Parksmart.BillingStatusVerificationTest -->
