<?xml version="1.0" encoding="UTF-8"?>
<!-- Generated by org.testng.reporters.JUnitReportReporter -->
<testsuite hostname="group10-PC" name="com.whc.testcases.EnterPromocodeProceedTest" tests="1" failures="0" timestamp="20 Oct 2016 06:02:07 GMT" time="9.726" errors="0">
  <testcase name="enterpromocodeproceed" time="9.726" classname="com.whc.testcases.EnterPromocodeProceedTest"/>
</testsuite> <!-- com.whc.testcases.EnterPromocodeProceedTest -->
